[0.317s] Invoking command in '/home/atul/arduinobot_ws/build/arduinobot_utils': CMAKE_PREFIX_PATH=/home/atul/arduinobot_ws/install/arduinobot_msgs:/home/atul/arduinobot_ws/install/arduinobot_utils:/home/atul/arduinobot_ws/install/arduinobot_moveit:/home/atul/arduinobot_ws/install/arduinobot_description:/home/atul/arduinobot_ws/install/arduinobot_controller:/home/atul/arduinobot_ws/install/arduinobot_py_examples:/opt/ros/humble WSLENV=ELECTRON_RUN_AS_NODE/w: /usr/bin/cmake --build /home/atul/arduinobot_ws/build/arduinobot_utils -- -j12 -l12
[0.335s] -- Found ament_cmake: 1.3.9 (/opt/ros/humble/share/ament_cmake/cmake)
[0.453s] -- Found rclpy: 3.3.13 (/opt/ros/humble/share/rclpy/cmake)
[0.454s] -- Found arduinobot_msgs: 0.0.0 (/home/atul/arduinobot_ws/install/arduinobot_msgs/share/arduinobot_msgs/cmake)
[0.708s] -- Found rosidl_generator_c: 3.1.5 (/opt/ros/humble/share/rosidl_generator_c/cmake)
[0.710s] -- Found rosidl_adapter: 3.1.5 (/opt/ros/humble/share/rosidl_adapter/cmake)
[0.715s] -- Found rosidl_generator_cpp: 3.1.5 (/opt/ros/humble/share/rosidl_generator_cpp/cmake)
[0.725s] -- Using all available rosidl_typesupport_c: rosidl_typesupport_fastrtps_c;rosidl_typesupport_introspection_c
[0.738s] -- Using all available rosidl_typesupport_cpp: rosidl_typesupport_fastrtps_cpp;rosidl_typesupport_introspection_cpp
[0.951s] -- Found ament_lint_auto: 0.12.11 (/opt/ros/humble/share/ament_lint_auto/cmake)
[1.012s] -- Added test 'flake8' to check Python code syntax and style conventions
[1.012s] -- Added test 'lint_cmake' to check CMake code style
[1.013s] -- Added test 'pep257' to check Python code against some of the docstring style conventions in PEP 257
[1.013s] -- Added test 'xmllint' to check XML markup files
[1.015s] -- Configuring done
[1.022s] -- Generating done
[1.023s] -- Build files have been written to: /home/atul/arduinobot_ws/build/arduinobot_utils
[1.055s] Built target ament_cmake_python_copy_arduinobot_utils
[1.281s] running egg_info
[1.281s] writing arduinobot_utils.egg-info/PKG-INFO
[1.282s] writing dependency_links to arduinobot_utils.egg-info/dependency_links.txt
[1.282s] writing top-level names to arduinobot_utils.egg-info/top_level.txt
[1.285s] reading manifest file 'arduinobot_utils.egg-info/SOURCES.txt'
[1.286s] writing manifest file 'arduinobot_utils.egg-info/SOURCES.txt'
[1.316s] Built target ament_cmake_python_build_arduinobot_utils_egg
[1.327s] Invoked command in '/home/atul/arduinobot_ws/build/arduinobot_utils' returned '0': CMAKE_PREFIX_PATH=/home/atul/arduinobot_ws/install/arduinobot_msgs:/home/atul/arduinobot_ws/install/arduinobot_utils:/home/atul/arduinobot_ws/install/arduinobot_moveit:/home/atul/arduinobot_ws/install/arduinobot_description:/home/atul/arduinobot_ws/install/arduinobot_controller:/home/atul/arduinobot_ws/install/arduinobot_py_examples:/opt/ros/humble WSLENV=ELECTRON_RUN_AS_NODE/w: /usr/bin/cmake --build /home/atul/arduinobot_ws/build/arduinobot_utils -- -j12 -l12
[1.348s] Invoking command in '/home/atul/arduinobot_ws/build/arduinobot_utils': CMAKE_PREFIX_PATH=/home/atul/arduinobot_ws/install/arduinobot_msgs:/home/atul/arduinobot_ws/install/arduinobot_utils:/home/atul/arduinobot_ws/install/arduinobot_moveit:/home/atul/arduinobot_ws/install/arduinobot_description:/home/atul/arduinobot_ws/install/arduinobot_controller:/home/atul/arduinobot_ws/install/arduinobot_py_examples:/opt/ros/humble WSLENV=ELECTRON_RUN_AS_NODE/w: /usr/bin/cmake --install /home/atul/arduinobot_ws/build/arduinobot_utils
[1.354s] -- Install configuration: ""
[1.354s] -- Up-to-date: /home/atul/arduinobot_ws/install/arduinobot_utils/share/arduinobot_utils/environment/pythonpath.sh
[1.354s] -- Installing: /home/atul/arduinobot_ws/install/arduinobot_utils/share/arduinobot_utils/environment/pythonpath.dsv
[1.355s] -- Up-to-date: /home/atul/arduinobot_ws/install/arduinobot_utils/local/lib/python3.10/dist-packages/arduinobot_utils-0.0.0-py3.10.egg-info
[1.355s] -- Installing: /home/atul/arduinobot_ws/install/arduinobot_utils/local/lib/python3.10/dist-packages/arduinobot_utils-0.0.0-py3.10.egg-info/top_level.txt
[1.355s] -- Installing: /home/atul/arduinobot_ws/install/arduinobot_utils/local/lib/python3.10/dist-packages/arduinobot_utils-0.0.0-py3.10.egg-info/SOURCES.txt
[1.355s] -- Installing: /home/atul/arduinobot_ws/install/arduinobot_utils/local/lib/python3.10/dist-packages/arduinobot_utils-0.0.0-py3.10.egg-info/dependency_links.txt
[1.355s] -- Installing: /home/atul/arduinobot_ws/install/arduinobot_utils/local/lib/python3.10/dist-packages/arduinobot_utils-0.0.0-py3.10.egg-info/PKG-INFO
[1.355s] -- Up-to-date: /home/atul/arduinobot_ws/install/arduinobot_utils/local/lib/python3.10/dist-packages/arduinobot_utils
[1.355s] -- Up-to-date: /home/atul/arduinobot_ws/install/arduinobot_utils/local/lib/python3.10/dist-packages/arduinobot_utils/__init__.py
[1.355s] -- Up-to-date: /home/atul/arduinobot_ws/install/arduinobot_utils/local/lib/python3.10/dist-packages/arduinobot_utils/angle_conversion.py
[1.389s] Listing '/home/atul/arduinobot_ws/install/arduinobot_utils/local/lib/python3.10/dist-packages/arduinobot_utils'...
[1.393s] -- Up-to-date: /home/atul/arduinobot_ws/install/arduinobot_utils/lib/arduinobot_utils/angle_conversion.py
[1.393s] -- Up-to-date: /home/atul/arduinobot_ws/install/arduinobot_utils/share/ament_index/resource_index/package_run_dependencies/arduinobot_utils
[1.393s] -- Up-to-date: /home/atul/arduinobot_ws/install/arduinobot_utils/share/ament_index/resource_index/parent_prefix_path/arduinobot_utils
[1.393s] -- Up-to-date: /home/atul/arduinobot_ws/install/arduinobot_utils/share/arduinobot_utils/environment/ament_prefix_path.sh
[1.394s] -- Installing: /home/atul/arduinobot_ws/install/arduinobot_utils/share/arduinobot_utils/environment/ament_prefix_path.dsv
[1.394s] -- Up-to-date: /home/atul/arduinobot_ws/install/arduinobot_utils/share/arduinobot_utils/environment/path.sh
[1.394s] -- Installing: /home/atul/arduinobot_ws/install/arduinobot_utils/share/arduinobot_utils/environment/path.dsv
[1.394s] -- Up-to-date: /home/atul/arduinobot_ws/install/arduinobot_utils/share/arduinobot_utils/local_setup.bash
[1.394s] -- Up-to-date: /home/atul/arduinobot_ws/install/arduinobot_utils/share/arduinobot_utils/local_setup.sh
[1.394s] -- Up-to-date: /home/atul/arduinobot_ws/install/arduinobot_utils/share/arduinobot_utils/local_setup.zsh
[1.394s] -- Installing: /home/atul/arduinobot_ws/install/arduinobot_utils/share/arduinobot_utils/local_setup.dsv
[1.394s] -- Installing: /home/atul/arduinobot_ws/install/arduinobot_utils/share/arduinobot_utils/package.dsv
[1.395s] -- Up-to-date: /home/atul/arduinobot_ws/install/arduinobot_utils/share/ament_index/resource_index/packages/arduinobot_utils
[1.395s] -- Up-to-date: /home/atul/arduinobot_ws/install/arduinobot_utils/share/arduinobot_utils/cmake/arduinobot_utilsConfig.cmake
[1.395s] -- Up-to-date: /home/atul/arduinobot_ws/install/arduinobot_utils/share/arduinobot_utils/cmake/arduinobot_utilsConfig-version.cmake
[1.395s] -- Up-to-date: /home/atul/arduinobot_ws/install/arduinobot_utils/share/arduinobot_utils/package.xml
[1.397s] Invoked command in '/home/atul/arduinobot_ws/build/arduinobot_utils' returned '0': CMAKE_PREFIX_PATH=/home/atul/arduinobot_ws/install/arduinobot_msgs:/home/atul/arduinobot_ws/install/arduinobot_utils:/home/atul/arduinobot_ws/install/arduinobot_moveit:/home/atul/arduinobot_ws/install/arduinobot_description:/home/atul/arduinobot_ws/install/arduinobot_controller:/home/atul/arduinobot_ws/install/arduinobot_py_examples:/opt/ros/humble WSLENV=ELECTRON_RUN_AS_NODE/w: /usr/bin/cmake --install /home/atul/arduinobot_ws/build/arduinobot_utils
