[0.076s] Invoking command in '/home/atul/arduinobot_ws/build/arduinobot_moveit': CMAKE_PREFIX_PATH=${CMAKE_PREFIX_PATH}:/home/atul/arduinobot_ws/install/arduinobot_py_examples:/opt/ros/humble WSLENV=ELECTRON_RUN_AS_NODE/w: /usr/bin/cmake --build /home/atul/arduinobot_ws/build/arduinobot_moveit -- -j12 -l12
[0.119s] -- Found ament_cmake: 1.3.9 (/opt/ros/humble/share/ament_cmake/cmake)
[0.581s] -- Found ament_lint_auto: 0.12.11 (/opt/ros/humble/share/ament_lint_auto/cmake)
[0.783s] -- Added test 'flake8' to check Python code syntax and style conventions
[0.784s] -- Added test 'lint_cmake' to check CMake code style
[0.785s] -- Added test 'pep257' to check Python code against some of the docstring style conventions in PEP 257
[0.788s] -- Added test 'xmllint' to check XML markup files
[0.791s] -- Configuring done
[0.798s] -- Generating done
[0.801s] -- Build files have been written to: /home/atul/arduinobot_ws/build/arduinobot_moveit
[0.839s] Invoked command in '/home/atul/arduinobot_ws/build/arduinobot_moveit' returned '0': CMAKE_PREFIX_PATH=${CMAKE_PREFIX_PATH}:/home/atul/arduinobot_ws/install/arduinobot_py_examples:/opt/ros/humble WSLENV=ELECTRON_RUN_AS_NODE/w: /usr/bin/cmake --build /home/atul/arduinobot_ws/build/arduinobot_moveit -- -j12 -l12
[0.885s] Invoking command in '/home/atul/arduinobot_ws/build/arduinobot_moveit': CMAKE_PREFIX_PATH=${CMAKE_PREFIX_PATH}:/home/atul/arduinobot_ws/install/arduinobot_py_examples:/opt/ros/humble WSLENV=ELECTRON_RUN_AS_NODE/w: /usr/bin/cmake --install /home/atul/arduinobot_ws/build/arduinobot_moveit
[0.899s] -- Install configuration: ""
[0.900s] -- Up-to-date: /home/atul/arduinobot_ws/install/arduinobot_moveit/share/arduinobot_moveit/launch
[0.901s] -- Up-to-date: /home/atul/arduinobot_ws/install/arduinobot_moveit/share/arduinobot_moveit/launch/moveit.launch.py
[0.901s] -- Up-to-date: /home/atul/arduinobot_ws/install/arduinobot_moveit/share/arduinobot_moveit/config
[0.902s] -- Up-to-date: /home/atul/arduinobot_ws/install/arduinobot_moveit/share/arduinobot_moveit/config/pilz_cartesian_limits.yaml
[0.902s] -- Up-to-date: /home/atul/arduinobot_ws/install/arduinobot_moveit/share/arduinobot_moveit/config/initial_positions.yaml
[0.902s] -- Installing: /home/atul/arduinobot_ws/install/arduinobot_moveit/share/arduinobot_moveit/config/kinematics.yaml
[0.903s] -- Up-to-date: /home/atul/arduinobot_ws/install/arduinobot_moveit/share/arduinobot_moveit/config/joint_limits.yaml
[0.903s] -- Up-to-date: /home/atul/arduinobot_ws/install/arduinobot_moveit/share/arduinobot_moveit/config/arduinobot.srdf
[0.903s] -- Up-to-date: /home/atul/arduinobot_ws/install/arduinobot_moveit/share/arduinobot_moveit/config/moveit_controllers.yaml
[0.904s] -- Installing: /home/atul/arduinobot_ws/install/arduinobot_moveit/share/ament_index/resource_index/package_run_dependencies/arduinobot_moveit
[0.904s] -- Installing: /home/atul/arduinobot_ws/install/arduinobot_moveit/share/ament_index/resource_index/parent_prefix_path/arduinobot_moveit
[0.904s] -- Up-to-date: /home/atul/arduinobot_ws/install/arduinobot_moveit/share/arduinobot_moveit/environment/ament_prefix_path.sh
[0.905s] -- Installing: /home/atul/arduinobot_ws/install/arduinobot_moveit/share/arduinobot_moveit/environment/ament_prefix_path.dsv
[0.905s] -- Up-to-date: /home/atul/arduinobot_ws/install/arduinobot_moveit/share/arduinobot_moveit/environment/path.sh
[0.905s] -- Installing: /home/atul/arduinobot_ws/install/arduinobot_moveit/share/arduinobot_moveit/environment/path.dsv
[0.905s] -- Up-to-date: /home/atul/arduinobot_ws/install/arduinobot_moveit/share/arduinobot_moveit/local_setup.bash
[0.905s] -- Up-to-date: /home/atul/arduinobot_ws/install/arduinobot_moveit/share/arduinobot_moveit/local_setup.sh
[0.905s] -- Up-to-date: /home/atul/arduinobot_ws/install/arduinobot_moveit/share/arduinobot_moveit/local_setup.zsh
[0.905s] -- Installing: /home/atul/arduinobot_ws/install/arduinobot_moveit/share/arduinobot_moveit/local_setup.dsv
[0.905s] -- Installing: /home/atul/arduinobot_ws/install/arduinobot_moveit/share/arduinobot_moveit/package.dsv
[0.905s] -- Up-to-date: /home/atul/arduinobot_ws/install/arduinobot_moveit/share/ament_index/resource_index/packages/arduinobot_moveit
[0.905s] -- Up-to-date: /home/atul/arduinobot_ws/install/arduinobot_moveit/share/arduinobot_moveit/cmake/arduinobot_moveitConfig.cmake
[0.906s] -- Up-to-date: /home/atul/arduinobot_ws/install/arduinobot_moveit/share/arduinobot_moveit/cmake/arduinobot_moveitConfig-version.cmake
[0.907s] -- Installing: /home/atul/arduinobot_ws/install/arduinobot_moveit/share/arduinobot_moveit/package.xml
[0.912s] Invoked command in '/home/atul/arduinobot_ws/build/arduinobot_moveit' returned '0': CMAKE_PREFIX_PATH=${CMAKE_PREFIX_PATH}:/home/atul/arduinobot_ws/install/arduinobot_py_examples:/opt/ros/humble WSLENV=ELECTRON_RUN_AS_NODE/w: /usr/bin/cmake --install /home/atul/arduinobot_ws/build/arduinobot_moveit
