-- Install configuration: ""
-- Up-to-date: /home/atul/arduinobot_ws/install/arduinobot_description/share/arduinobot_description/urdf
-- Up-to-date: /home/atul/arduinobot_ws/install/arduinobot_description/share/arduinobot_description/urdf/arduinobot.urdf.xacro
-- Up-to-date: /home/atul/arduinobot_ws/install/arduinobot_description/share/arduinobot_description/meshes
-- Up-to-date: /home/atul/arduinobot_ws/install/arduinobot_description/share/arduinobot_description/meshes/link.STL
-- Up-to-date: /home/atul/arduinobot_ws/install/arduinobot_description/share/arduinobot_description/meshes/round_plate.STL
-- Up-to-date: /home/atul/arduinobot_ws/install/arduinobot_description/share/arduinobot_description/meshes/basement.STL
-- Up-to-date: /home/atul/arduinobot_ws/install/arduinobot_description/share/arduinobot_description/meshes/plate.STL
-- Up-to-date: /home/atul/arduinobot_ws/install/arduinobot_description/share/arduinobot_description/meshes/forward_drive_arm.STL
-- Up-to-date: /home/atul/arduinobot_ws/install/arduinobot_description/share/arduinobot_description/meshes/triangular_link.STL
-- Up-to-date: /home/atul/arduinobot_ws/install/arduinobot_description/share/arduinobot_description/meshes/claw_support.STL
-- Up-to-date: /home/atul/arduinobot_ws/install/arduinobot_description/share/arduinobot_description/meshes/base_plate.STL
-- Up-to-date: /home/atul/arduinobot_ws/install/arduinobot_description/share/arduinobot_description/meshes/vertical_drive_arm.STL
-- Up-to-date: /home/atul/arduinobot_ws/install/arduinobot_description/share/arduinobot_description/meshes/horizontal_arm.STL
-- Up-to-date: /home/atul/arduinobot_ws/install/arduinobot_description/share/arduinobot_description/meshes/right_finger.STL
-- Up-to-date: /home/atul/arduinobot_ws/install/arduinobot_description/share/arduinobot_description/meshes/left_finger.STL
-- Up-to-date: /home/atul/arduinobot_ws/install/arduinobot_description/share/arduinobot_description/meshes/servo_plate.STL
-- Up-to-date: /home/atul/arduinobot_ws/install/arduinobot_description/share/arduinobot_description/launch
-- Up-to-date: /home/atul/arduinobot_ws/install/arduinobot_description/share/arduinobot_description/launch/gazebo.launch.py
-- Up-to-date: /home/atul/arduinobot_ws/install/arduinobot_description/share/arduinobot_description/launch/display.launch.py
-- Up-to-date: /home/atul/arduinobot_ws/install/arduinobot_description/share/arduinobot_description/rviz
-- Up-to-date: /home/atul/arduinobot_ws/install/arduinobot_description/share/arduinobot_description/rviz/display.rviz
-- Up-to-date: /home/atul/arduinobot_ws/install/arduinobot_description/share/arduinobot_description/models
-- Up-to-date: /home/atul/arduinobot_ws/install/arduinobot_description/share/arduinobot_description/models/models
-- Up-to-date: /home/atul/arduinobot_ws/install/arduinobot_description/share/arduinobot_description/models/models/ground_plane
-- Up-to-date: /home/atul/arduinobot_ws/install/arduinobot_description/share/arduinobot_description/models/models/ground_plane/model.sdf
-- Up-to-date: /home/atul/arduinobot_ws/install/arduinobot_description/share/arduinobot_description/models/models/ground_plane/model-1_2.sdf
-- Up-to-date: /home/atul/arduinobot_ws/install/arduinobot_description/share/arduinobot_description/models/models/ground_plane/model.config
-- Up-to-date: /home/atul/arduinobot_ws/install/arduinobot_description/share/arduinobot_description/models/models/ground_plane/model-1_3.sdf
-- Up-to-date: /home/atul/arduinobot_ws/install/arduinobot_description/share/arduinobot_description/models/models/ground_plane/model-1_4.sdf
-- Up-to-date: /home/atul/arduinobot_ws/install/arduinobot_description/share/arduinobot_description/models/models/sun
-- Up-to-date: /home/atul/arduinobot_ws/install/arduinobot_description/share/arduinobot_description/models/models/sun/model.sdf
-- Up-to-date: /home/atul/arduinobot_ws/install/arduinobot_description/share/arduinobot_description/models/models/sun/model-1_2.sdf
-- Up-to-date: /home/atul/arduinobot_ws/install/arduinobot_description/share/arduinobot_description/models/models/sun/model.config
-- Up-to-date: /home/atul/arduinobot_ws/install/arduinobot_description/share/arduinobot_description/models/models/sun/model-1_3.sdf
-- Up-to-date: /home/atul/arduinobot_ws/install/arduinobot_description/share/arduinobot_description/models/models/sun/model-1_4.sdf
-- Up-to-date: /home/atul/arduinobot_ws/install/arduinobot_description/share/ament_index/resource_index/package_run_dependencies/arduinobot_description
-- Up-to-date: /home/atul/arduinobot_ws/install/arduinobot_description/share/ament_index/resource_index/parent_prefix_path/arduinobot_description
-- Up-to-date: /home/atul/arduinobot_ws/install/arduinobot_description/share/arduinobot_description/environment/ament_prefix_path.sh
-- Up-to-date: /home/atul/arduinobot_ws/install/arduinobot_description/share/arduinobot_description/environment/ament_prefix_path.dsv
-- Up-to-date: /home/atul/arduinobot_ws/install/arduinobot_description/share/arduinobot_description/environment/path.sh
-- Up-to-date: /home/atul/arduinobot_ws/install/arduinobot_description/share/arduinobot_description/environment/path.dsv
-- Up-to-date: /home/atul/arduinobot_ws/install/arduinobot_description/share/arduinobot_description/local_setup.bash
-- Up-to-date: /home/atul/arduinobot_ws/install/arduinobot_description/share/arduinobot_description/local_setup.sh
-- Up-to-date: /home/atul/arduinobot_ws/install/arduinobot_description/share/arduinobot_description/local_setup.zsh
-- Up-to-date: /home/atul/arduinobot_ws/install/arduinobot_description/share/arduinobot_description/local_setup.dsv
-- Installing: /home/atul/arduinobot_ws/install/arduinobot_description/share/arduinobot_description/package.dsv
-- Up-to-date: /home/atul/arduinobot_ws/install/arduinobot_description/share/ament_index/resource_index/packages/arduinobot_description
-- Up-to-date: /home/atul/arduinobot_ws/install/arduinobot_description/share/arduinobot_description/cmake/arduinobot_descriptionConfig.cmake
-- Up-to-date: /home/atul/arduinobot_ws/install/arduinobot_description/share/arduinobot_description/cmake/arduinobot_descriptionConfig-version.cmake
-- Up-to-date: /home/atul/arduinobot_ws/install/arduinobot_description/share/arduinobot_description/package.xml
