[0.640s] DEBUG:colcon:Command line arguments: ['/usr/bin/colcon', 'build']
[0.641s] DEBUG:colcon:Parsed command line arguments: Namespace(log_base=None, log_level=None, verb_name='build', build_base='build', install_base='install', merge_install=False, symlink_install=False, test_result_base=None, continue_on_error=False, executor='parallel', parallel_workers=12, event_handlers=None, ignore_user_meta=False, metas=['./colcon.meta'], base_paths=['.'], packages_ignore=None, packages_ignore_regex=None, paths=None, packages_up_to=None, packages_up_to_regex=None, packages_above=None, packages_above_and_dependencies=None, packages_above_depth=None, packages_select_by_dep=None, packages_skip_by_dep=None, packages_skip_up_to=None, packages_select_build_failed=False, packages_skip_build_finished=False, packages_select_test_failures=False, packages_skip_test_passed=False, packages_select=None, packages_skip=None, packages_select_regex=None, packages_skip_regex=None, packages_start=None, packages_end=None, allow_overriding=[], cmake_args=None, cmake_target=None, cmake_target_skip_unavailable=False, cmake_clean_cache=False, cmake_clean_first=False, cmake_force_configure=False, ament_cmake_args=None, catkin_cmake_args=None, catkin_skip_building_tests=False, mixin_files=None, mixin=None, verb_parser=<colcon_mixin.mixin.mixin_argument.MixinArgumentDecorator object at 0x7fe98127a110>, verb_extension=<colcon_core.verb.build.BuildVerb object at 0x7fe981279a80>, main=<bound method BuildVerb.main of <colcon_core.verb.build.BuildVerb object at 0x7fe981279a80>>, mixin_verb=('build',))
[1.520s] Level 1:colcon.colcon_core.package_discovery:discover_packages(colcon_meta) check parameters
[1.520s] Level 1:colcon.colcon_core.package_discovery:discover_packages(recursive) check parameters
[1.520s] Level 1:colcon.colcon_core.package_discovery:discover_packages(ignore) check parameters
[1.520s] Level 1:colcon.colcon_core.package_discovery:discover_packages(path) check parameters
[1.520s] Level 1:colcon.colcon_core.package_discovery:discover_packages(colcon_meta) discover
[1.521s] Level 1:colcon.colcon_core.package_discovery:discover_packages(recursive) discover
[1.521s] INFO:colcon.colcon_core.package_discovery:Crawling recursively for packages in '/home/atul/arduinobot_ws'
[1.521s] Level 1:colcon.colcon_core.package_identification:_identify(.) by extensions ['ignore', 'ignore_ament_install']
[1.521s] Level 1:colcon.colcon_core.package_identification:_identify(.) by extension 'ignore'
[1.521s] Level 1:colcon.colcon_core.package_identification:_identify(.) by extension 'ignore_ament_install'
[1.521s] Level 1:colcon.colcon_core.package_identification:_identify(.) by extensions ['colcon_pkg']
[1.521s] Level 1:colcon.colcon_core.package_identification:_identify(.) by extension 'colcon_pkg'
[1.521s] Level 1:colcon.colcon_core.package_identification:_identify(.) by extensions ['colcon_meta']
[1.521s] Level 1:colcon.colcon_core.package_identification:_identify(.) by extension 'colcon_meta'
[1.522s] Level 1:colcon.colcon_core.package_identification:_identify(.) by extensions ['ros']
[1.522s] Level 1:colcon.colcon_core.package_identification:_identify(.) by extension 'ros'
[1.562s] Level 1:colcon.colcon_core.package_identification:_identify(.) by extensions ['cmake', 'python']
[1.562s] Level 1:colcon.colcon_core.package_identification:_identify(.) by extension 'cmake'
[1.562s] Level 1:colcon.colcon_core.package_identification:_identify(.) by extension 'python'
[1.562s] Level 1:colcon.colcon_core.package_identification:_identify(.) by extensions ['python_setup_py']
[1.562s] Level 1:colcon.colcon_core.package_identification:_identify(.) by extension 'python_setup_py'
[1.563s] Level 1:colcon.colcon_core.package_identification:_identify(build) by extensions ['ignore', 'ignore_ament_install']
[1.563s] Level 1:colcon.colcon_core.package_identification:_identify(build) by extension 'ignore'
[1.563s] Level 1:colcon.colcon_core.package_identification:_identify(build) ignored
[1.563s] Level 1:colcon.colcon_core.package_identification:_identify(install) by extensions ['ignore', 'ignore_ament_install']
[1.563s] Level 1:colcon.colcon_core.package_identification:_identify(install) by extension 'ignore'
[1.563s] Level 1:colcon.colcon_core.package_identification:_identify(install) ignored
[1.563s] Level 1:colcon.colcon_core.package_identification:_identify(log) by extensions ['ignore', 'ignore_ament_install']
[1.563s] Level 1:colcon.colcon_core.package_identification:_identify(log) by extension 'ignore'
[1.564s] Level 1:colcon.colcon_core.package_identification:_identify(log) ignored
[1.564s] Level 1:colcon.colcon_core.package_identification:_identify(src) by extensions ['ignore', 'ignore_ament_install']
[1.564s] Level 1:colcon.colcon_core.package_identification:_identify(src) by extension 'ignore'
[1.564s] Level 1:colcon.colcon_core.package_identification:_identify(src) by extension 'ignore_ament_install'
[1.564s] Level 1:colcon.colcon_core.package_identification:_identify(src) by extensions ['colcon_pkg']
[1.564s] Level 1:colcon.colcon_core.package_identification:_identify(src) by extension 'colcon_pkg'
[1.564s] Level 1:colcon.colcon_core.package_identification:_identify(src) by extensions ['colcon_meta']
[1.564s] Level 1:colcon.colcon_core.package_identification:_identify(src) by extension 'colcon_meta'
[1.564s] Level 1:colcon.colcon_core.package_identification:_identify(src) by extensions ['ros']
[1.564s] Level 1:colcon.colcon_core.package_identification:_identify(src) by extension 'ros'
[1.564s] Level 1:colcon.colcon_core.package_identification:_identify(src) by extensions ['cmake', 'python']
[1.564s] Level 1:colcon.colcon_core.package_identification:_identify(src) by extension 'cmake'
[1.564s] Level 1:colcon.colcon_core.package_identification:_identify(src) by extension 'python'
[1.564s] Level 1:colcon.colcon_core.package_identification:_identify(src) by extensions ['python_setup_py']
[1.564s] Level 1:colcon.colcon_core.package_identification:_identify(src) by extension 'python_setup_py'
[1.564s] Level 1:colcon.colcon_core.package_identification:_identify(src/arduinobot_controller) by extensions ['ignore', 'ignore_ament_install']
[1.565s] Level 1:colcon.colcon_core.package_identification:_identify(src/arduinobot_controller) by extension 'ignore'
[1.565s] Level 1:colcon.colcon_core.package_identification:_identify(src/arduinobot_controller) by extension 'ignore_ament_install'
[1.565s] Level 1:colcon.colcon_core.package_identification:_identify(src/arduinobot_controller) by extensions ['colcon_pkg']
[1.565s] Level 1:colcon.colcon_core.package_identification:_identify(src/arduinobot_controller) by extension 'colcon_pkg'
[1.565s] Level 1:colcon.colcon_core.package_identification:_identify(src/arduinobot_controller) by extensions ['colcon_meta']
[1.565s] Level 1:colcon.colcon_core.package_identification:_identify(src/arduinobot_controller) by extension 'colcon_meta'
[1.565s] Level 1:colcon.colcon_core.package_identification:_identify(src/arduinobot_controller) by extensions ['ros']
[1.565s] Level 1:colcon.colcon_core.package_identification:_identify(src/arduinobot_controller) by extension 'ros'
[1.572s] DEBUG:colcon.colcon_core.package_identification:Package 'src/arduinobot_controller' with type 'ros.ament_cmake' and name 'arduinobot_controller'
[1.573s] Level 1:colcon.colcon_core.package_identification:_identify(src/arduinobot_description) by extensions ['ignore', 'ignore_ament_install']
[1.573s] Level 1:colcon.colcon_core.package_identification:_identify(src/arduinobot_description) by extension 'ignore'
[1.573s] Level 1:colcon.colcon_core.package_identification:_identify(src/arduinobot_description) by extension 'ignore_ament_install'
[1.573s] Level 1:colcon.colcon_core.package_identification:_identify(src/arduinobot_description) by extensions ['colcon_pkg']
[1.573s] Level 1:colcon.colcon_core.package_identification:_identify(src/arduinobot_description) by extension 'colcon_pkg'
[1.573s] Level 1:colcon.colcon_core.package_identification:_identify(src/arduinobot_description) by extensions ['colcon_meta']
[1.573s] Level 1:colcon.colcon_core.package_identification:_identify(src/arduinobot_description) by extension 'colcon_meta'
[1.573s] Level 1:colcon.colcon_core.package_identification:_identify(src/arduinobot_description) by extensions ['ros']
[1.573s] Level 1:colcon.colcon_core.package_identification:_identify(src/arduinobot_description) by extension 'ros'
[1.575s] DEBUG:colcon.colcon_core.package_identification:Package 'src/arduinobot_description' with type 'ros.ament_cmake' and name 'arduinobot_description'
[1.575s] Level 1:colcon.colcon_core.package_identification:_identify(src/arduinobot_py_examples) by extensions ['ignore', 'ignore_ament_install']
[1.575s] Level 1:colcon.colcon_core.package_identification:_identify(src/arduinobot_py_examples) by extension 'ignore'
[1.575s] Level 1:colcon.colcon_core.package_identification:_identify(src/arduinobot_py_examples) by extension 'ignore_ament_install'
[1.575s] Level 1:colcon.colcon_core.package_identification:_identify(src/arduinobot_py_examples) by extensions ['colcon_pkg']
[1.575s] Level 1:colcon.colcon_core.package_identification:_identify(src/arduinobot_py_examples) by extension 'colcon_pkg'
[1.575s] Level 1:colcon.colcon_core.package_identification:_identify(src/arduinobot_py_examples) by extensions ['colcon_meta']
[1.575s] Level 1:colcon.colcon_core.package_identification:_identify(src/arduinobot_py_examples) by extension 'colcon_meta'
[1.575s] Level 1:colcon.colcon_core.package_identification:_identify(src/arduinobot_py_examples) by extensions ['ros']
[1.575s] Level 1:colcon.colcon_core.package_identification:_identify(src/arduinobot_py_examples) by extension 'ros'
[1.577s] DEBUG:colcon.colcon_core.package_identification:Package 'src/arduinobot_py_examples' with type 'ros.ament_python' and name 'arduinobot_py_examples'
[1.577s] Level 1:colcon.colcon_core.package_discovery:discover_packages(recursive) using defaults
[1.577s] Level 1:colcon.colcon_core.package_discovery:discover_packages(ignore) discover
[1.577s] Level 1:colcon.colcon_core.package_discovery:discover_packages(ignore) using defaults
[1.577s] Level 1:colcon.colcon_core.package_discovery:discover_packages(path) discover
[1.577s] Level 1:colcon.colcon_core.package_discovery:discover_packages(path) using defaults
[1.740s] Level 1:colcon.colcon_core.package_discovery:discover_packages(prefix_path) check parameters
[1.740s] Level 1:colcon.colcon_core.package_discovery:discover_packages(prefix_path) discover
[1.758s] DEBUG:colcon.colcon_installed_package_information.package_discovery:Found 3 installed packages in /home/atul/arduinobot_ws/install
[1.766s] DEBUG:colcon.colcon_installed_package_information.package_discovery:Found 354 installed packages in /opt/ros/humble
[1.769s] Level 1:colcon.colcon_core.package_discovery:discover_packages(prefix_path) using defaults
[2.244s] Level 5:colcon.colcon_core.verb:set package 'arduinobot_controller' build argument 'cmake_args' from command line to 'None'
[2.244s] Level 5:colcon.colcon_core.verb:set package 'arduinobot_controller' build argument 'cmake_target' from command line to 'None'
[2.244s] Level 5:colcon.colcon_core.verb:set package 'arduinobot_controller' build argument 'cmake_target_skip_unavailable' from command line to 'False'
[2.244s] Level 5:colcon.colcon_core.verb:set package 'arduinobot_controller' build argument 'cmake_clean_cache' from command line to 'False'
[2.244s] Level 5:colcon.colcon_core.verb:set package 'arduinobot_controller' build argument 'cmake_clean_first' from command line to 'False'
[2.244s] Level 5:colcon.colcon_core.verb:set package 'arduinobot_controller' build argument 'cmake_force_configure' from command line to 'False'
[2.244s] Level 5:colcon.colcon_core.verb:set package 'arduinobot_controller' build argument 'ament_cmake_args' from command line to 'None'
[2.244s] Level 5:colcon.colcon_core.verb:set package 'arduinobot_controller' build argument 'catkin_cmake_args' from command line to 'None'
[2.244s] Level 5:colcon.colcon_core.verb:set package 'arduinobot_controller' build argument 'catkin_skip_building_tests' from command line to 'False'
[2.244s] DEBUG:colcon.colcon_core.verb:Building package 'arduinobot_controller' with the following arguments: {'ament_cmake_args': None, 'build_base': '/home/atul/arduinobot_ws/build/arduinobot_controller', 'catkin_cmake_args': None, 'catkin_skip_building_tests': False, 'cmake_args': None, 'cmake_clean_cache': False, 'cmake_clean_first': False, 'cmake_force_configure': False, 'cmake_target': None, 'cmake_target_skip_unavailable': False, 'install_base': '/home/atul/arduinobot_ws/install/arduinobot_controller', 'merge_install': False, 'path': '/home/atul/arduinobot_ws/src/arduinobot_controller', 'symlink_install': False, 'test_result_base': None}
[2.246s] Level 5:colcon.colcon_core.verb:set package 'arduinobot_description' build argument 'cmake_args' from command line to 'None'
[2.246s] Level 5:colcon.colcon_core.verb:set package 'arduinobot_description' build argument 'cmake_target' from command line to 'None'
[2.246s] Level 5:colcon.colcon_core.verb:set package 'arduinobot_description' build argument 'cmake_target_skip_unavailable' from command line to 'False'
[2.246s] Level 5:colcon.colcon_core.verb:set package 'arduinobot_description' build argument 'cmake_clean_cache' from command line to 'False'
[2.246s] Level 5:colcon.colcon_core.verb:set package 'arduinobot_description' build argument 'cmake_clean_first' from command line to 'False'
[2.246s] Level 5:colcon.colcon_core.verb:set package 'arduinobot_description' build argument 'cmake_force_configure' from command line to 'False'
[2.246s] Level 5:colcon.colcon_core.verb:set package 'arduinobot_description' build argument 'ament_cmake_args' from command line to 'None'
[2.246s] Level 5:colcon.colcon_core.verb:set package 'arduinobot_description' build argument 'catkin_cmake_args' from command line to 'None'
[2.247s] Level 5:colcon.colcon_core.verb:set package 'arduinobot_description' build argument 'catkin_skip_building_tests' from command line to 'False'
[2.247s] DEBUG:colcon.colcon_core.verb:Building package 'arduinobot_description' with the following arguments: {'ament_cmake_args': None, 'build_base': '/home/atul/arduinobot_ws/build/arduinobot_description', 'catkin_cmake_args': None, 'catkin_skip_building_tests': False, 'cmake_args': None, 'cmake_clean_cache': False, 'cmake_clean_first': False, 'cmake_force_configure': False, 'cmake_target': None, 'cmake_target_skip_unavailable': False, 'install_base': '/home/atul/arduinobot_ws/install/arduinobot_description', 'merge_install': False, 'path': '/home/atul/arduinobot_ws/src/arduinobot_description', 'symlink_install': False, 'test_result_base': None}
[2.247s] Level 5:colcon.colcon_core.verb:set package 'arduinobot_py_examples' build argument 'cmake_args' from command line to 'None'
[2.247s] Level 5:colcon.colcon_core.verb:set package 'arduinobot_py_examples' build argument 'cmake_target' from command line to 'None'
[2.247s] Level 5:colcon.colcon_core.verb:set package 'arduinobot_py_examples' build argument 'cmake_target_skip_unavailable' from command line to 'False'
[2.248s] Level 5:colcon.colcon_core.verb:set package 'arduinobot_py_examples' build argument 'cmake_clean_cache' from command line to 'False'
[2.248s] Level 5:colcon.colcon_core.verb:set package 'arduinobot_py_examples' build argument 'cmake_clean_first' from command line to 'False'
[2.248s] Level 5:colcon.colcon_core.verb:set package 'arduinobot_py_examples' build argument 'cmake_force_configure' from command line to 'False'
[2.248s] Level 5:colcon.colcon_core.verb:set package 'arduinobot_py_examples' build argument 'ament_cmake_args' from command line to 'None'
[2.248s] Level 5:colcon.colcon_core.verb:set package 'arduinobot_py_examples' build argument 'catkin_cmake_args' from command line to 'None'
[2.248s] Level 5:colcon.colcon_core.verb:set package 'arduinobot_py_examples' build argument 'catkin_skip_building_tests' from command line to 'False'
[2.249s] DEBUG:colcon.colcon_core.verb:Building package 'arduinobot_py_examples' with the following arguments: {'ament_cmake_args': None, 'build_base': '/home/atul/arduinobot_ws/build/arduinobot_py_examples', 'catkin_cmake_args': None, 'catkin_skip_building_tests': False, 'cmake_args': None, 'cmake_clean_cache': False, 'cmake_clean_first': False, 'cmake_force_configure': False, 'cmake_target': None, 'cmake_target_skip_unavailable': False, 'install_base': '/home/atul/arduinobot_ws/install/arduinobot_py_examples', 'merge_install': False, 'path': '/home/atul/arduinobot_ws/src/arduinobot_py_examples', 'symlink_install': False, 'test_result_base': None}
[2.250s] INFO:colcon.colcon_core.executor:Executing jobs using 'parallel' executor
[2.253s] DEBUG:colcon.colcon_parallel_executor.executor.parallel:run_until_complete
[2.253s] INFO:colcon.colcon_ros.task.ament_cmake.build:Building ROS package in '/home/atul/arduinobot_ws/src/arduinobot_controller' with build type 'ament_cmake'
[2.254s] INFO:colcon.colcon_cmake.task.cmake.build:Building CMake package in '/home/atul/arduinobot_ws/src/arduinobot_controller'
[2.268s] INFO:colcon.colcon_core.plugin_system:Skipping extension 'colcon_core.shell.bat': Not used on non-Windows systems
[2.269s] INFO:colcon.colcon_core.shell:Skip shell extension 'powershell' for command environment: Not usable outside of PowerShell
[2.269s] DEBUG:colcon.colcon_core.shell:Skip shell extension 'dsv' for command environment
[2.280s] INFO:colcon.colcon_ros.task.ament_cmake.build:Building ROS package in '/home/atul/arduinobot_ws/src/arduinobot_description' with build type 'ament_cmake'
[2.281s] INFO:colcon.colcon_cmake.task.cmake.build:Building CMake package in '/home/atul/arduinobot_ws/src/arduinobot_description'
[2.281s] INFO:colcon.colcon_core.shell:Skip shell extension 'powershell' for command environment: Not usable outside of PowerShell
[2.282s] DEBUG:colcon.colcon_core.shell:Skip shell extension 'dsv' for command environment
[2.295s] INFO:colcon.colcon_ros.task.ament_python.build:Building ROS package in '/home/atul/arduinobot_ws/src/arduinobot_py_examples' with build type 'ament_python'
[2.296s] Level 1:colcon.colcon_core.shell:create_environment_hook('arduinobot_py_examples', 'ament_prefix_path')
[2.297s] INFO:colcon.colcon_core.shell:Creating environment hook '/home/atul/arduinobot_ws/install/arduinobot_py_examples/share/arduinobot_py_examples/hook/ament_prefix_path.ps1'
[2.301s] INFO:colcon.colcon_core.shell:Creating environment descriptor '/home/atul/arduinobot_ws/install/arduinobot_py_examples/share/arduinobot_py_examples/hook/ament_prefix_path.dsv'
[2.303s] INFO:colcon.colcon_core.shell:Creating environment hook '/home/atul/arduinobot_ws/install/arduinobot_py_examples/share/arduinobot_py_examples/hook/ament_prefix_path.sh'
[2.305s] INFO:colcon.colcon_core.shell:Skip shell extension 'powershell' for command environment: Not usable outside of PowerShell
[2.305s] DEBUG:colcon.colcon_core.shell:Skip shell extension 'dsv' for command environment
[2.339s] DEBUG:colcon.colcon_core.event_handler.log_command:Invoking command in '/home/atul/arduinobot_ws/build/arduinobot_controller': CMAKE_PREFIX_PATH=${CMAKE_PREFIX_PATH}:/home/atul/arduinobot_ws/install/arduinobot_py_examples:/opt/ros/humble /usr/bin/cmake --build /home/atul/arduinobot_ws/build/arduinobot_controller -- -j12 -l12
[2.353s] DEBUG:colcon.colcon_core.event_handler.log_command:Invoking command in '/home/atul/arduinobot_ws/build/arduinobot_description': CMAKE_PREFIX_PATH=${CMAKE_PREFIX_PATH}:/home/atul/arduinobot_ws/install/arduinobot_py_examples:/opt/ros/humble /usr/bin/cmake --build /home/atul/arduinobot_ws/build/arduinobot_description -- -j12 -l12
[2.992s] INFO:colcon.colcon_core.task.python.build:Building Python package in '/home/atul/arduinobot_ws/src/arduinobot_py_examples'
[2.993s] INFO:colcon.colcon_core.shell:Skip shell extension 'powershell' for command environment: Not usable outside of PowerShell
[2.993s] DEBUG:colcon.colcon_core.shell:Skip shell extension 'dsv' for command environment
[3.015s] DEBUG:colcon.colcon_core.event_handler.log_command:Invoked command in '/home/atul/arduinobot_ws/build/arduinobot_description' returned '0': CMAKE_PREFIX_PATH=${CMAKE_PREFIX_PATH}:/home/atul/arduinobot_ws/install/arduinobot_py_examples:/opt/ros/humble /usr/bin/cmake --build /home/atul/arduinobot_ws/build/arduinobot_description -- -j12 -l12
[3.080s] DEBUG:colcon.colcon_core.event_handler.log_command:Invoking command in '/home/atul/arduinobot_ws/build/arduinobot_description': CMAKE_PREFIX_PATH=${CMAKE_PREFIX_PATH}:/home/atul/arduinobot_ws/install/arduinobot_py_examples:/opt/ros/humble /usr/bin/cmake --install /home/atul/arduinobot_ws/build/arduinobot_description
[3.110s] Level 1:colcon.colcon_core.environment:create_environment_scripts_only(arduinobot_description)
[3.116s] DEBUG:colcon.colcon_core.event_handler.log_command:Invoked command in '/home/atul/arduinobot_ws/build/arduinobot_description' returned '0': CMAKE_PREFIX_PATH=${CMAKE_PREFIX_PATH}:/home/atul/arduinobot_ws/install/arduinobot_py_examples:/opt/ros/humble /usr/bin/cmake --install /home/atul/arduinobot_ws/build/arduinobot_description
[3.134s] Level 1:colcon.colcon_core.environment:checking '/home/atul/arduinobot_ws/install/arduinobot_description' for CMake module files
[3.138s] Level 1:colcon.colcon_core.environment:checking '/home/atul/arduinobot_ws/install/arduinobot_description' for CMake config files
[3.138s] Level 1:colcon.colcon_core.shell:create_environment_hook('arduinobot_description', 'cmake_prefix_path')
[3.139s] INFO:colcon.colcon_core.shell:Creating environment hook '/home/atul/arduinobot_ws/install/arduinobot_description/share/arduinobot_description/hook/cmake_prefix_path.ps1'
[3.140s] INFO:colcon.colcon_core.shell:Creating environment descriptor '/home/atul/arduinobot_ws/install/arduinobot_description/share/arduinobot_description/hook/cmake_prefix_path.dsv'
[3.141s] INFO:colcon.colcon_core.shell:Creating environment hook '/home/atul/arduinobot_ws/install/arduinobot_description/share/arduinobot_description/hook/cmake_prefix_path.sh'
[3.147s] Level 1:colcon.colcon_core.environment:checking '/home/atul/arduinobot_ws/install/arduinobot_description/bin'
[3.147s] Level 1:colcon.colcon_core.environment:checking '/home/atul/arduinobot_ws/install/arduinobot_description/lib/pkgconfig/arduinobot_description.pc'
[3.147s] Level 1:colcon.colcon_core.environment:checking '/home/atul/arduinobot_ws/install/arduinobot_description/lib/python3.10/site-packages'
[3.148s] Level 1:colcon.colcon_core.environment:checking '/home/atul/arduinobot_ws/install/arduinobot_description/bin'
[3.148s] INFO:colcon.colcon_core.shell:Creating package script '/home/atul/arduinobot_ws/install/arduinobot_description/share/arduinobot_description/package.ps1'
[3.151s] INFO:colcon.colcon_core.shell:Creating package descriptor '/home/atul/arduinobot_ws/install/arduinobot_description/share/arduinobot_description/package.dsv'
[3.154s] INFO:colcon.colcon_core.shell:Creating package script '/home/atul/arduinobot_ws/install/arduinobot_description/share/arduinobot_description/package.sh'
[3.156s] INFO:colcon.colcon_core.shell:Creating package script '/home/atul/arduinobot_ws/install/arduinobot_description/share/arduinobot_description/package.bash'
[3.159s] INFO:colcon.colcon_core.shell:Creating package script '/home/atul/arduinobot_ws/install/arduinobot_description/share/arduinobot_description/package.zsh'
[3.163s] Level 1:colcon.colcon_core.environment:create_file_with_runtime_dependencies(/home/atul/arduinobot_ws/install/arduinobot_description/share/colcon-core/packages/arduinobot_description)
[3.212s] Level 1:colcon.colcon_core.environment:create_environment_scripts_only(arduinobot_description)
[3.213s] Level 1:colcon.colcon_core.environment:checking '/home/atul/arduinobot_ws/install/arduinobot_description' for CMake module files
[3.214s] Level 1:colcon.colcon_core.environment:checking '/home/atul/arduinobot_ws/install/arduinobot_description' for CMake config files
[3.215s] Level 1:colcon.colcon_core.shell:create_environment_hook('arduinobot_description', 'cmake_prefix_path')
[3.216s] INFO:colcon.colcon_core.shell:Creating environment hook '/home/atul/arduinobot_ws/install/arduinobot_description/share/arduinobot_description/hook/cmake_prefix_path.ps1'
[3.217s] INFO:colcon.colcon_core.shell:Creating environment descriptor '/home/atul/arduinobot_ws/install/arduinobot_description/share/arduinobot_description/hook/cmake_prefix_path.dsv'
[3.218s] INFO:colcon.colcon_core.shell:Creating environment hook '/home/atul/arduinobot_ws/install/arduinobot_description/share/arduinobot_description/hook/cmake_prefix_path.sh'
[3.219s] Level 1:colcon.colcon_core.environment:checking '/home/atul/arduinobot_ws/install/arduinobot_description/bin'
[3.219s] Level 1:colcon.colcon_core.environment:checking '/home/atul/arduinobot_ws/install/arduinobot_description/lib/pkgconfig/arduinobot_description.pc'
[3.220s] Level 1:colcon.colcon_core.environment:checking '/home/atul/arduinobot_ws/install/arduinobot_description/lib/python3.10/site-packages'
[3.220s] Level 1:colcon.colcon_core.environment:checking '/home/atul/arduinobot_ws/install/arduinobot_description/bin'
[3.221s] INFO:colcon.colcon_core.shell:Creating package script '/home/atul/arduinobot_ws/install/arduinobot_description/share/arduinobot_description/package.ps1'
[3.223s] INFO:colcon.colcon_core.shell:Creating package descriptor '/home/atul/arduinobot_ws/install/arduinobot_description/share/arduinobot_description/package.dsv'
[3.224s] INFO:colcon.colcon_core.shell:Creating package script '/home/atul/arduinobot_ws/install/arduinobot_description/share/arduinobot_description/package.sh'
[3.225s] INFO:colcon.colcon_core.shell:Creating package script '/home/atul/arduinobot_ws/install/arduinobot_description/share/arduinobot_description/package.bash'
[3.227s] INFO:colcon.colcon_core.shell:Creating package script '/home/atul/arduinobot_ws/install/arduinobot_description/share/arduinobot_description/package.zsh'
[3.228s] Level 1:colcon.colcon_core.environment:create_file_with_runtime_dependencies(/home/atul/arduinobot_ws/install/arduinobot_description/share/colcon-core/packages/arduinobot_description)
[3.238s] DEBUG:colcon.colcon_core.event_handler.log_command:Invoked command in '/home/atul/arduinobot_ws/build/arduinobot_controller' returned '0': CMAKE_PREFIX_PATH=${CMAKE_PREFIX_PATH}:/home/atul/arduinobot_ws/install/arduinobot_py_examples:/opt/ros/humble /usr/bin/cmake --build /home/atul/arduinobot_ws/build/arduinobot_controller -- -j12 -l12
[3.268s] DEBUG:colcon.colcon_core.event_handler.log_command:Invoking command in '/home/atul/arduinobot_ws/build/arduinobot_controller': CMAKE_PREFIX_PATH=${CMAKE_PREFIX_PATH}:/home/atul/arduinobot_ws/install/arduinobot_py_examples:/opt/ros/humble /usr/bin/cmake --install /home/atul/arduinobot_ws/build/arduinobot_controller
[3.299s] Level 1:colcon.colcon_core.environment:create_environment_scripts_only(arduinobot_controller)
[3.300s] Level 1:colcon.colcon_core.environment:checking '/home/atul/arduinobot_ws/install/arduinobot_controller' for CMake module files
[3.302s] DEBUG:colcon.colcon_core.event_handler.log_command:Invoked command in '/home/atul/arduinobot_ws/build/arduinobot_controller' returned '0': CMAKE_PREFIX_PATH=${CMAKE_PREFIX_PATH}:/home/atul/arduinobot_ws/install/arduinobot_py_examples:/opt/ros/humble /usr/bin/cmake --install /home/atul/arduinobot_ws/build/arduinobot_controller
[3.303s] Level 1:colcon.colcon_core.environment:checking '/home/atul/arduinobot_ws/install/arduinobot_controller' for CMake config files
[3.304s] Level 1:colcon.colcon_core.shell:create_environment_hook('arduinobot_controller', 'cmake_prefix_path')
[3.305s] INFO:colcon.colcon_core.shell:Creating environment hook '/home/atul/arduinobot_ws/install/arduinobot_controller/share/arduinobot_controller/hook/cmake_prefix_path.ps1'
[3.306s] INFO:colcon.colcon_core.shell:Creating environment descriptor '/home/atul/arduinobot_ws/install/arduinobot_controller/share/arduinobot_controller/hook/cmake_prefix_path.dsv'
[3.307s] INFO:colcon.colcon_core.shell:Creating environment hook '/home/atul/arduinobot_ws/install/arduinobot_controller/share/arduinobot_controller/hook/cmake_prefix_path.sh'
[3.309s] Level 1:colcon.colcon_core.environment:checking '/home/atul/arduinobot_ws/install/arduinobot_controller/bin'
[3.309s] Level 1:colcon.colcon_core.environment:checking '/home/atul/arduinobot_ws/install/arduinobot_controller/lib/pkgconfig/arduinobot_controller.pc'
[3.309s] Level 1:colcon.colcon_core.environment:checking '/home/atul/arduinobot_ws/install/arduinobot_controller/lib/python3.10/site-packages'
[3.310s] Level 1:colcon.colcon_core.environment:checking '/home/atul/arduinobot_ws/install/arduinobot_controller/bin'
[3.312s] INFO:colcon.colcon_core.shell:Creating package script '/home/atul/arduinobot_ws/install/arduinobot_controller/share/arduinobot_controller/package.ps1'
[3.314s] INFO:colcon.colcon_core.shell:Creating package descriptor '/home/atul/arduinobot_ws/install/arduinobot_controller/share/arduinobot_controller/package.dsv'
[3.316s] INFO:colcon.colcon_core.shell:Creating package script '/home/atul/arduinobot_ws/install/arduinobot_controller/share/arduinobot_controller/package.sh'
[3.318s] INFO:colcon.colcon_core.shell:Creating package script '/home/atul/arduinobot_ws/install/arduinobot_controller/share/arduinobot_controller/package.bash'
[3.319s] INFO:colcon.colcon_core.shell:Creating package script '/home/atul/arduinobot_ws/install/arduinobot_controller/share/arduinobot_controller/package.zsh'
[3.320s] Level 1:colcon.colcon_core.environment:create_file_with_runtime_dependencies(/home/atul/arduinobot_ws/install/arduinobot_controller/share/colcon-core/packages/arduinobot_controller)
[3.357s] Level 1:colcon.colcon_core.environment:create_environment_scripts_only(arduinobot_controller)
[3.358s] Level 1:colcon.colcon_core.environment:checking '/home/atul/arduinobot_ws/install/arduinobot_controller' for CMake module files
[3.358s] Level 1:colcon.colcon_core.environment:checking '/home/atul/arduinobot_ws/install/arduinobot_controller' for CMake config files
[3.358s] Level 1:colcon.colcon_core.shell:create_environment_hook('arduinobot_controller', 'cmake_prefix_path')
[3.359s] INFO:colcon.colcon_core.shell:Creating environment hook '/home/atul/arduinobot_ws/install/arduinobot_controller/share/arduinobot_controller/hook/cmake_prefix_path.ps1'
[3.359s] INFO:colcon.colcon_core.shell:Creating environment descriptor '/home/atul/arduinobot_ws/install/arduinobot_controller/share/arduinobot_controller/hook/cmake_prefix_path.dsv'
[3.360s] INFO:colcon.colcon_core.shell:Creating environment hook '/home/atul/arduinobot_ws/install/arduinobot_controller/share/arduinobot_controller/hook/cmake_prefix_path.sh'
[3.361s] Level 1:colcon.colcon_core.environment:checking '/home/atul/arduinobot_ws/install/arduinobot_controller/bin'
[3.361s] Level 1:colcon.colcon_core.environment:checking '/home/atul/arduinobot_ws/install/arduinobot_controller/lib/pkgconfig/arduinobot_controller.pc'
[3.362s] Level 1:colcon.colcon_core.environment:checking '/home/atul/arduinobot_ws/install/arduinobot_controller/lib/python3.10/site-packages'
[3.362s] Level 1:colcon.colcon_core.environment:checking '/home/atul/arduinobot_ws/install/arduinobot_controller/bin'
[3.363s] INFO:colcon.colcon_core.shell:Creating package script '/home/atul/arduinobot_ws/install/arduinobot_controller/share/arduinobot_controller/package.ps1'
[3.365s] INFO:colcon.colcon_core.shell:Creating package descriptor '/home/atul/arduinobot_ws/install/arduinobot_controller/share/arduinobot_controller/package.dsv'
[3.366s] INFO:colcon.colcon_core.shell:Creating package script '/home/atul/arduinobot_ws/install/arduinobot_controller/share/arduinobot_controller/package.sh'
[3.367s] INFO:colcon.colcon_core.shell:Creating package script '/home/atul/arduinobot_ws/install/arduinobot_controller/share/arduinobot_controller/package.bash'
[3.368s] INFO:colcon.colcon_core.shell:Creating package script '/home/atul/arduinobot_ws/install/arduinobot_controller/share/arduinobot_controller/package.zsh'
[3.369s] Level 1:colcon.colcon_core.environment:create_file_with_runtime_dependencies(/home/atul/arduinobot_ws/install/arduinobot_controller/share/colcon-core/packages/arduinobot_controller)
[4.027s] DEBUG:colcon.colcon_core.event_handler.log_command:Invoking command in '/home/atul/arduinobot_ws/src/arduinobot_py_examples': PYTHONPATH=/home/atul/arduinobot_ws/build/arduinobot_py_examples/prefix_override:/home/atul/arduinobot_ws/install/arduinobot_py_examples/lib/python3.10/site-packages:${PYTHONPATH} /usr/bin/python3 -W ignore:setup.py install is deprecated setup.py egg_info --egg-base ../../build/arduinobot_py_examples build --build-base /home/atul/arduinobot_ws/build/arduinobot_py_examples/build install --record /home/atul/arduinobot_ws/build/arduinobot_py_examples/install.log --single-version-externally-managed install_data
[4.502s] Level 1:colcon.colcon_core.environment:checking '/home/atul/arduinobot_ws/install/arduinobot_py_examples' for CMake module files
[4.503s] DEBUG:colcon.colcon_core.event_handler.log_command:Invoked command in '/home/atul/arduinobot_ws/src/arduinobot_py_examples' returned '0': PYTHONPATH=/home/atul/arduinobot_ws/build/arduinobot_py_examples/prefix_override:/home/atul/arduinobot_ws/install/arduinobot_py_examples/lib/python3.10/site-packages:${PYTHONPATH} /usr/bin/python3 -W ignore:setup.py install is deprecated setup.py egg_info --egg-base ../../build/arduinobot_py_examples build --build-base /home/atul/arduinobot_ws/build/arduinobot_py_examples/build install --record /home/atul/arduinobot_ws/build/arduinobot_py_examples/install.log --single-version-externally-managed install_data
[4.503s] Level 1:colcon.colcon_core.environment:checking '/home/atul/arduinobot_ws/install/arduinobot_py_examples' for CMake config files
[4.504s] Level 1:colcon.colcon_core.environment:checking '/home/atul/arduinobot_ws/install/arduinobot_py_examples/lib'
[4.505s] Level 1:colcon.colcon_core.environment:checking '/home/atul/arduinobot_ws/install/arduinobot_py_examples/bin'
[4.505s] Level 1:colcon.colcon_core.environment:checking '/home/atul/arduinobot_ws/install/arduinobot_py_examples/lib/pkgconfig/arduinobot_py_examples.pc'
[4.505s] Level 1:colcon.colcon_core.environment:checking '/home/atul/arduinobot_ws/install/arduinobot_py_examples/lib/python3.10/site-packages'
[4.505s] Level 1:colcon.colcon_core.shell:create_environment_hook('arduinobot_py_examples', 'pythonpath')
[4.506s] INFO:colcon.colcon_core.shell:Creating environment hook '/home/atul/arduinobot_ws/install/arduinobot_py_examples/share/arduinobot_py_examples/hook/pythonpath.ps1'
[4.506s] INFO:colcon.colcon_core.shell:Creating environment descriptor '/home/atul/arduinobot_ws/install/arduinobot_py_examples/share/arduinobot_py_examples/hook/pythonpath.dsv'
[4.507s] INFO:colcon.colcon_core.shell:Creating environment hook '/home/atul/arduinobot_ws/install/arduinobot_py_examples/share/arduinobot_py_examples/hook/pythonpath.sh'
[4.507s] Level 1:colcon.colcon_core.environment:checking '/home/atul/arduinobot_ws/install/arduinobot_py_examples/bin'
[4.508s] Level 1:colcon.colcon_core.environment:create_environment_scripts_only(arduinobot_py_examples)
[4.508s] INFO:colcon.colcon_core.shell:Creating package script '/home/atul/arduinobot_ws/install/arduinobot_py_examples/share/arduinobot_py_examples/package.ps1'
[4.509s] INFO:colcon.colcon_core.shell:Creating package descriptor '/home/atul/arduinobot_ws/install/arduinobot_py_examples/share/arduinobot_py_examples/package.dsv'
[4.509s] INFO:colcon.colcon_core.shell:Creating package script '/home/atul/arduinobot_ws/install/arduinobot_py_examples/share/arduinobot_py_examples/package.sh'
[4.509s] INFO:colcon.colcon_core.shell:Creating package script '/home/atul/arduinobot_ws/install/arduinobot_py_examples/share/arduinobot_py_examples/package.bash'
[4.510s] INFO:colcon.colcon_core.shell:Creating package script '/home/atul/arduinobot_ws/install/arduinobot_py_examples/share/arduinobot_py_examples/package.zsh'
[4.510s] Level 1:colcon.colcon_core.environment:create_file_with_runtime_dependencies(/home/atul/arduinobot_ws/install/arduinobot_py_examples/share/colcon-core/packages/arduinobot_py_examples)
[4.510s] DEBUG:colcon.colcon_parallel_executor.executor.parallel:closing loop
[4.512s] DEBUG:colcon.colcon_parallel_executor.executor.parallel:loop closed
[4.512s] DEBUG:colcon.colcon_parallel_executor.executor.parallel:run_until_complete finished with '0'
[4.513s] DEBUG:colcon.colcon_core.event_reactor:joining thread
[4.624s] INFO:colcon.colcon_core.plugin_system:Skipping extension 'colcon_notification.desktop_notification.notify_send': Could not find 'notify-send'
[4.625s] INFO:colcon.colcon_core.plugin_system:Skipping extension 'colcon_notification.desktop_notification.terminal_notifier': Not used on non-Darwin systems
[4.625s] INFO:colcon.colcon_core.plugin_system:Skipping extension 'colcon_notification.desktop_notification.win32': Not used on non-Windows systems
[4.625s] INFO:colcon.colcon_notification.desktop_notification:Sending desktop notification using 'notify2'
[4.626s] DEBUG:colcon.colcon_notification.desktop_notification.notify2:Failed to initialize notify2: org.freedesktop.DBus.Error.FileNotFound: Failed to connect to socket /run/user/1000/bus: No such file or directory
[4.626s] DEBUG:colcon.colcon_core.event_reactor:joined thread
[4.627s] INFO:colcon.colcon_core.shell:Creating prefix script '/home/atul/arduinobot_ws/install/local_setup.ps1'
[4.629s] INFO:colcon.colcon_core.shell:Creating prefix util module '/home/atul/arduinobot_ws/install/_local_setup_util_ps1.py'
[4.631s] INFO:colcon.colcon_core.shell:Creating prefix chain script '/home/atul/arduinobot_ws/install/setup.ps1'
[4.633s] INFO:colcon.colcon_core.shell:Creating prefix script '/home/atul/arduinobot_ws/install/local_setup.sh'
[4.635s] INFO:colcon.colcon_core.shell:Creating prefix util module '/home/atul/arduinobot_ws/install/_local_setup_util_sh.py'
[4.636s] INFO:colcon.colcon_core.shell:Creating prefix chain script '/home/atul/arduinobot_ws/install/setup.sh'
[4.638s] INFO:colcon.colcon_core.shell:Creating prefix script '/home/atul/arduinobot_ws/install/local_setup.bash'
[4.640s] INFO:colcon.colcon_core.shell:Creating prefix chain script '/home/atul/arduinobot_ws/install/setup.bash'
[4.643s] INFO:colcon.colcon_core.shell:Creating prefix script '/home/atul/arduinobot_ws/install/local_setup.zsh'
[4.645s] INFO:colcon.colcon_core.shell:Creating prefix chain script '/home/atul/arduinobot_ws/install/setup.zsh'
