[0.118s] Invoking command in '/home/atul/arduinobot_ws/build/arduinobot_messages': CMAKE_PREFIX_PATH=${CMAKE_PREFIX_PATH}:/home/atul/arduinobot_ws/install/arduinobot_py_examples:/opt/ros/humble WSLENV=ELECTRON_RUN_AS_NODE/w: /usr/bin/cmake --build /home/atul/arduinobot_ws/build/arduinobot_messages -- -j12 -l12
[0.242s] [  3%] Built target arduinobot_messages__cpp
[0.259s] [ 12%] Built target arduinobot_messages__rosidl_generator_c
[0.269s] [ 12%] Built target ament_cmake_python_copy_arduinobot_messages
[0.291s] [ 22%] Built target arduinobot_messages__rosidl_typesupport_cpp
[0.305s] [ 32%] Built target arduinobot_messages__rosidl_typesupport_fastrtps_cpp
[0.319s] [ 48%] Built target arduinobot_messages__rosidl_typesupport_introspection_cpp
[0.322s] [ 51%] Built target arduinobot_messages__rosidl_typesupport_introspection_c
[0.326s] [ 67%] Built target arduinobot_messages__rosidl_typesupport_fastrtps_c
[0.327s] [ 70%] Built target arduinobot_messages__rosidl_typesupport_c
[0.354s] [ 70%] Built target arduinobot_messages
[0.383s] [ 74%] Built target arduinobot_messages__py
[0.423s] [ 80%] Built target arduinobot_messages__rosidl_generator_py
[0.470s] [ 87%] Built target arduinobot_messages__rosidl_typesupport_c__pyext
[0.470s] [ 93%] Built target arduinobot_messages__rosidl_typesupport_introspection_c__pyext
[0.471s] [100%] Built target arduinobot_messages__rosidl_typesupport_fastrtps_c__pyext
[0.724s] running egg_info
[0.725s] writing arduinobot_messages.egg-info/PKG-INFO
[0.726s] writing dependency_links to arduinobot_messages.egg-info/dependency_links.txt
[0.727s] writing top-level names to arduinobot_messages.egg-info/top_level.txt
[0.734s] reading manifest file 'arduinobot_messages.egg-info/SOURCES.txt'
[0.740s] writing manifest file 'arduinobot_messages.egg-info/SOURCES.txt'
[0.783s] [100%] Built target ament_cmake_python_build_arduinobot_messages_egg
[0.801s] Invoked command in '/home/atul/arduinobot_ws/build/arduinobot_messages' returned '0': CMAKE_PREFIX_PATH=${CMAKE_PREFIX_PATH}:/home/atul/arduinobot_ws/install/arduinobot_py_examples:/opt/ros/humble WSLENV=ELECTRON_RUN_AS_NODE/w: /usr/bin/cmake --build /home/atul/arduinobot_ws/build/arduinobot_messages -- -j12 -l12
[0.902s] Invoking command in '/home/atul/arduinobot_ws/build/arduinobot_messages': CMAKE_PREFIX_PATH=${CMAKE_PREFIX_PATH}:/home/atul/arduinobot_ws/install/arduinobot_py_examples:/opt/ros/humble WSLENV=ELECTRON_RUN_AS_NODE/w: /usr/bin/cmake --install /home/atul/arduinobot_ws/build/arduinobot_messages
[0.912s] -- Install configuration: ""
[0.913s] -- Up-to-date: /home/atul/arduinobot_ws/install/arduinobot_messages/share/ament_index/resource_index/rosidl_interfaces/arduinobot_messages
[0.913s] -- Up-to-date: /home/atul/arduinobot_ws/install/arduinobot_messages/include/arduinobot_messages/arduinobot_messages
[0.913s] -- Up-to-date: /home/atul/arduinobot_ws/install/arduinobot_messages/include/arduinobot_messages/arduinobot_messages/msg
[0.914s] -- Up-to-date: /home/atul/arduinobot_ws/install/arduinobot_messages/include/arduinobot_messages/arduinobot_messages/msg/rosidl_generator_c__visibility_control.h
[0.914s] -- Up-to-date: /home/atul/arduinobot_ws/install/arduinobot_messages/include/arduinobot_messages/arduinobot_messages/srv
[0.914s] -- Up-to-date: /home/atul/arduinobot_ws/install/arduinobot_messages/include/arduinobot_messages/arduinobot_messages/srv/detail
[0.914s] -- Up-to-date: /home/atul/arduinobot_ws/install/arduinobot_messages/include/arduinobot_messages/arduinobot_messages/srv/detail/add_two_ints__struct.h
[0.914s] -- Up-to-date: /home/atul/arduinobot_ws/install/arduinobot_messages/include/arduinobot_messages/arduinobot_messages/srv/detail/add_two_ints__functions.h
[0.914s] -- Up-to-date: /home/atul/arduinobot_ws/install/arduinobot_messages/include/arduinobot_messages/arduinobot_messages/srv/detail/add_two_ints__functions.c
[0.914s] -- Up-to-date: /home/atul/arduinobot_ws/install/arduinobot_messages/include/arduinobot_messages/arduinobot_messages/srv/detail/add_two_ints__type_support.h
[0.914s] -- Up-to-date: /home/atul/arduinobot_ws/install/arduinobot_messages/include/arduinobot_messages/arduinobot_messages/srv/add_two_ints.h
[0.914s] -- Up-to-date: /home/atul/arduinobot_ws/install/arduinobot_messages/share/arduinobot_messages/environment/library_path.sh
[0.915s] -- Up-to-date: /home/atul/arduinobot_ws/install/arduinobot_messages/share/arduinobot_messages/environment/library_path.dsv
[0.915s] -- Up-to-date: /home/atul/arduinobot_ws/install/arduinobot_messages/lib/libarduinobot_messages__rosidl_generator_c.so
[0.915s] -- Up-to-date: /home/atul/arduinobot_ws/install/arduinobot_messages/include/arduinobot_messages/arduinobot_messages
[0.916s] -- Up-to-date: /home/atul/arduinobot_ws/install/arduinobot_messages/include/arduinobot_messages/arduinobot_messages/msg
[0.917s] -- Up-to-date: /home/atul/arduinobot_ws/install/arduinobot_messages/include/arduinobot_messages/arduinobot_messages/msg/rosidl_typesupport_fastrtps_c__visibility_control.h
[0.917s] -- Up-to-date: /home/atul/arduinobot_ws/install/arduinobot_messages/include/arduinobot_messages/arduinobot_messages/srv
[0.917s] -- Up-to-date: /home/atul/arduinobot_ws/install/arduinobot_messages/include/arduinobot_messages/arduinobot_messages/srv/detail
[0.917s] -- Up-to-date: /home/atul/arduinobot_ws/install/arduinobot_messages/include/arduinobot_messages/arduinobot_messages/srv/detail/add_two_ints__rosidl_typesupport_fastrtps_c.h
[0.919s] -- Up-to-date: /home/atul/arduinobot_ws/install/arduinobot_messages/lib/libarduinobot_messages__rosidl_typesupport_fastrtps_c.so
[0.920s] -- Up-to-date: /home/atul/arduinobot_ws/install/arduinobot_messages/include/arduinobot_messages/arduinobot_messages
[0.920s] -- Up-to-date: /home/atul/arduinobot_ws/install/arduinobot_messages/include/arduinobot_messages/arduinobot_messages/srv
[0.921s] -- Up-to-date: /home/atul/arduinobot_ws/install/arduinobot_messages/include/arduinobot_messages/arduinobot_messages/srv/detail
[0.921s] -- Up-to-date: /home/atul/arduinobot_ws/install/arduinobot_messages/include/arduinobot_messages/arduinobot_messages/srv/detail/add_two_ints__traits.hpp
[0.921s] -- Up-to-date: /home/atul/arduinobot_ws/install/arduinobot_messages/include/arduinobot_messages/arduinobot_messages/srv/detail/add_two_ints__builder.hpp
[0.921s] -- Up-to-date: /home/atul/arduinobot_ws/install/arduinobot_messages/include/arduinobot_messages/arduinobot_messages/srv/detail/add_two_ints__struct.hpp
[0.921s] -- Up-to-date: /home/atul/arduinobot_ws/install/arduinobot_messages/include/arduinobot_messages/arduinobot_messages/srv/add_two_ints.hpp
[0.922s] -- Up-to-date: /home/atul/arduinobot_ws/install/arduinobot_messages/include/arduinobot_messages/arduinobot_messages
[0.922s] -- Up-to-date: /home/atul/arduinobot_ws/install/arduinobot_messages/include/arduinobot_messages/arduinobot_messages/msg
[0.922s] -- Up-to-date: /home/atul/arduinobot_ws/install/arduinobot_messages/include/arduinobot_messages/arduinobot_messages/msg/rosidl_typesupport_fastrtps_cpp__visibility_control.h
[0.922s] -- Up-to-date: /home/atul/arduinobot_ws/install/arduinobot_messages/include/arduinobot_messages/arduinobot_messages/srv
[0.922s] -- Up-to-date: /home/atul/arduinobot_ws/install/arduinobot_messages/include/arduinobot_messages/arduinobot_messages/srv/detail
[0.922s] -- Up-to-date: /home/atul/arduinobot_ws/install/arduinobot_messages/include/arduinobot_messages/arduinobot_messages/srv/detail/add_two_ints__rosidl_typesupport_fastrtps_cpp.hpp
[0.922s] -- Up-to-date: /home/atul/arduinobot_ws/install/arduinobot_messages/include/arduinobot_messages/arduinobot_messages/srv/detail/dds_fastrtps
[0.922s] -- Up-to-date: /home/atul/arduinobot_ws/install/arduinobot_messages/lib/libarduinobot_messages__rosidl_typesupport_fastrtps_cpp.so
[0.922s] -- Up-to-date: /home/atul/arduinobot_ws/install/arduinobot_messages/include/arduinobot_messages/arduinobot_messages
[0.923s] -- Up-to-date: /home/atul/arduinobot_ws/install/arduinobot_messages/include/arduinobot_messages/arduinobot_messages/msg
[0.923s] -- Up-to-date: /home/atul/arduinobot_ws/install/arduinobot_messages/include/arduinobot_messages/arduinobot_messages/msg/rosidl_typesupport_introspection_c__visibility_control.h
[0.923s] -- Up-to-date: /home/atul/arduinobot_ws/install/arduinobot_messages/include/arduinobot_messages/arduinobot_messages/srv
[0.923s] -- Up-to-date: /home/atul/arduinobot_ws/install/arduinobot_messages/include/arduinobot_messages/arduinobot_messages/srv/detail
[0.923s] -- Up-to-date: /home/atul/arduinobot_ws/install/arduinobot_messages/include/arduinobot_messages/arduinobot_messages/srv/detail/add_two_ints__rosidl_typesupport_introspection_c.h
[0.923s] -- Up-to-date: /home/atul/arduinobot_ws/install/arduinobot_messages/include/arduinobot_messages/arduinobot_messages/srv/detail/add_two_ints__type_support.c
[0.926s] -- Up-to-date: /home/atul/arduinobot_ws/install/arduinobot_messages/lib/libarduinobot_messages__rosidl_typesupport_introspection_c.so
[0.939s] -- Up-to-date: /home/atul/arduinobot_ws/install/arduinobot_messages/lib/libarduinobot_messages__rosidl_typesupport_c.so
[0.940s] -- Up-to-date: /home/atul/arduinobot_ws/install/arduinobot_messages/include/arduinobot_messages/arduinobot_messages
[0.940s] -- Up-to-date: /home/atul/arduinobot_ws/install/arduinobot_messages/include/arduinobot_messages/arduinobot_messages/srv
[0.940s] -- Up-to-date: /home/atul/arduinobot_ws/install/arduinobot_messages/include/arduinobot_messages/arduinobot_messages/srv/detail
[0.940s] -- Up-to-date: /home/atul/arduinobot_ws/install/arduinobot_messages/include/arduinobot_messages/arduinobot_messages/srv/detail/add_two_ints__type_support.cpp
[0.941s] -- Up-to-date: /home/atul/arduinobot_ws/install/arduinobot_messages/include/arduinobot_messages/arduinobot_messages/srv/detail/add_two_ints__rosidl_typesupport_introspection_cpp.hpp
[0.941s] -- Up-to-date: /home/atul/arduinobot_ws/install/arduinobot_messages/lib/libarduinobot_messages__rosidl_typesupport_introspection_cpp.so
[0.941s] -- Up-to-date: /home/atul/arduinobot_ws/install/arduinobot_messages/lib/libarduinobot_messages__rosidl_typesupport_cpp.so
[0.942s] -- Up-to-date: /home/atul/arduinobot_ws/install/arduinobot_messages/share/arduinobot_messages/environment/pythonpath.sh
[0.942s] -- Up-to-date: /home/atul/arduinobot_ws/install/arduinobot_messages/share/arduinobot_messages/environment/pythonpath.dsv
[0.942s] -- Up-to-date: /home/atul/arduinobot_ws/install/arduinobot_messages/local/lib/python3.10/dist-packages/arduinobot_messages-0.0.0-py3.10.egg-info
[0.942s] -- Installing: /home/atul/arduinobot_ws/install/arduinobot_messages/local/lib/python3.10/dist-packages/arduinobot_messages-0.0.0-py3.10.egg-info/top_level.txt
[0.942s] -- Installing: /home/atul/arduinobot_ws/install/arduinobot_messages/local/lib/python3.10/dist-packages/arduinobot_messages-0.0.0-py3.10.egg-info/SOURCES.txt
[0.944s] -- Installing: /home/atul/arduinobot_ws/install/arduinobot_messages/local/lib/python3.10/dist-packages/arduinobot_messages-0.0.0-py3.10.egg-info/dependency_links.txt
[0.944s] -- Installing: /home/atul/arduinobot_ws/install/arduinobot_messages/local/lib/python3.10/dist-packages/arduinobot_messages-0.0.0-py3.10.egg-info/PKG-INFO
[0.944s] -- Up-to-date: /home/atul/arduinobot_ws/install/arduinobot_messages/local/lib/python3.10/dist-packages/arduinobot_messages
[0.945s] -- Up-to-date: /home/atul/arduinobot_ws/install/arduinobot_messages/local/lib/python3.10/dist-packages/arduinobot_messages/arduinobot_messages_s__rosidl_typesupport_fastrtps_c.cpython-310-x86_64-linux-gnu.so
[0.945s] -- Up-to-date: /home/atul/arduinobot_ws/install/arduinobot_messages/local/lib/python3.10/dist-packages/arduinobot_messages/arduinobot_messages_s__rosidl_typesupport_c.cpython-310-x86_64-linux-gnu.so
[0.946s] -- Up-to-date: /home/atul/arduinobot_ws/install/arduinobot_messages/local/lib/python3.10/dist-packages/arduinobot_messages/libarduinobot_messages__rosidl_generator_py.so
[0.946s] -- Up-to-date: /home/atul/arduinobot_ws/install/arduinobot_messages/local/lib/python3.10/dist-packages/arduinobot_messages/_arduinobot_messages_s.ep.rosidl_typesupport_introspection_c.c
[0.946s] -- Up-to-date: /home/atul/arduinobot_ws/install/arduinobot_messages/local/lib/python3.10/dist-packages/arduinobot_messages/arduinobot_messages_s__rosidl_typesupport_introspection_c.cpython-310-x86_64-linux-gnu.so
[0.947s] -- Up-to-date: /home/atul/arduinobot_ws/install/arduinobot_messages/local/lib/python3.10/dist-packages/arduinobot_messages/__init__.py
[0.947s] -- Up-to-date: /home/atul/arduinobot_ws/install/arduinobot_messages/local/lib/python3.10/dist-packages/arduinobot_messages/srv
[0.947s] -- Up-to-date: /home/atul/arduinobot_ws/install/arduinobot_messages/local/lib/python3.10/dist-packages/arduinobot_messages/srv/__init__.py
[0.948s] -- Up-to-date: /home/atul/arduinobot_ws/install/arduinobot_messages/local/lib/python3.10/dist-packages/arduinobot_messages/srv/_add_two_ints.py
[0.948s] -- Up-to-date: /home/atul/arduinobot_ws/install/arduinobot_messages/local/lib/python3.10/dist-packages/arduinobot_messages/srv/_add_two_ints_s.c
[0.948s] -- Up-to-date: /home/atul/arduinobot_ws/install/arduinobot_messages/local/lib/python3.10/dist-packages/arduinobot_messages/_arduinobot_messages_s.ep.rosidl_typesupport_c.c
[0.949s] -- Up-to-date: /home/atul/arduinobot_ws/install/arduinobot_messages/local/lib/python3.10/dist-packages/arduinobot_messages/_arduinobot_messages_s.ep.rosidl_typesupport_fastrtps_c.c
[0.998s] Listing '/home/atul/arduinobot_ws/install/arduinobot_messages/local/lib/python3.10/dist-packages/arduinobot_messages'...
[0.998s] Listing '/home/atul/arduinobot_ws/install/arduinobot_messages/local/lib/python3.10/dist-packages/arduinobot_messages/srv'...
[1.006s] -- Up-to-date: /home/atul/arduinobot_ws/install/arduinobot_messages/local/lib/python3.10/dist-packages/arduinobot_messages/arduinobot_messages_s__rosidl_typesupport_fastrtps_c.cpython-310-x86_64-linux-gnu.so
[1.008s] -- Up-to-date: /home/atul/arduinobot_ws/install/arduinobot_messages/local/lib/python3.10/dist-packages/arduinobot_messages/arduinobot_messages_s__rosidl_typesupport_introspection_c.cpython-310-x86_64-linux-gnu.so
[1.009s] -- Up-to-date: /home/atul/arduinobot_ws/install/arduinobot_messages/local/lib/python3.10/dist-packages/arduinobot_messages/arduinobot_messages_s__rosidl_typesupport_c.cpython-310-x86_64-linux-gnu.so
[1.013s] -- Up-to-date: /home/atul/arduinobot_ws/install/arduinobot_messages/lib/libarduinobot_messages__rosidl_generator_py.so
[1.015s] -- Up-to-date: /home/atul/arduinobot_ws/install/arduinobot_messages/share/arduinobot_messages/srv/AddTwoInts.idl
[1.015s] -- Up-to-date: /home/atul/arduinobot_ws/install/arduinobot_messages/share/arduinobot_messages/srv/AddTwoInts.srv
[1.015s] -- Up-to-date: /home/atul/arduinobot_ws/install/arduinobot_messages/share/arduinobot_messages/srv/AddTwoInts_Request.msg
[1.015s] -- Up-to-date: /home/atul/arduinobot_ws/install/arduinobot_messages/share/arduinobot_messages/srv/AddTwoInts_Response.msg
[1.016s] -- Up-to-date: /home/atul/arduinobot_ws/install/arduinobot_messages/share/ament_index/resource_index/package_run_dependencies/arduinobot_messages
[1.017s] -- Up-to-date: /home/atul/arduinobot_ws/install/arduinobot_messages/share/ament_index/resource_index/parent_prefix_path/arduinobot_messages
[1.017s] -- Up-to-date: /home/atul/arduinobot_ws/install/arduinobot_messages/share/arduinobot_messages/environment/ament_prefix_path.sh
[1.017s] -- Up-to-date: /home/atul/arduinobot_ws/install/arduinobot_messages/share/arduinobot_messages/environment/ament_prefix_path.dsv
[1.018s] -- Up-to-date: /home/atul/arduinobot_ws/install/arduinobot_messages/share/arduinobot_messages/environment/path.sh
[1.018s] -- Up-to-date: /home/atul/arduinobot_ws/install/arduinobot_messages/share/arduinobot_messages/environment/path.dsv
[1.019s] -- Up-to-date: /home/atul/arduinobot_ws/install/arduinobot_messages/share/arduinobot_messages/local_setup.bash
[1.019s] -- Up-to-date: /home/atul/arduinobot_ws/install/arduinobot_messages/share/arduinobot_messages/local_setup.sh
[1.019s] -- Up-to-date: /home/atul/arduinobot_ws/install/arduinobot_messages/share/arduinobot_messages/local_setup.zsh
[1.019s] -- Up-to-date: /home/atul/arduinobot_ws/install/arduinobot_messages/share/arduinobot_messages/local_setup.dsv
[1.020s] -- Installing: /home/atul/arduinobot_ws/install/arduinobot_messages/share/arduinobot_messages/package.dsv
[1.020s] -- Up-to-date: /home/atul/arduinobot_ws/install/arduinobot_messages/share/ament_index/resource_index/packages/arduinobot_messages
[1.020s] -- Up-to-date: /home/atul/arduinobot_ws/install/arduinobot_messages/share/arduinobot_messages/cmake/export_arduinobot_messages__rosidl_generator_cExport.cmake
[1.021s] -- Up-to-date: /home/atul/arduinobot_ws/install/arduinobot_messages/share/arduinobot_messages/cmake/export_arduinobot_messages__rosidl_generator_cExport-noconfig.cmake
[1.021s] -- Up-to-date: /home/atul/arduinobot_ws/install/arduinobot_messages/share/arduinobot_messages/cmake/export_arduinobot_messages__rosidl_typesupport_fastrtps_cExport.cmake
[1.022s] -- Up-to-date: /home/atul/arduinobot_ws/install/arduinobot_messages/share/arduinobot_messages/cmake/export_arduinobot_messages__rosidl_typesupport_fastrtps_cExport-noconfig.cmake
[1.025s] -- Up-to-date: /home/atul/arduinobot_ws/install/arduinobot_messages/share/arduinobot_messages/cmake/export_arduinobot_messages__rosidl_generator_cppExport.cmake
[1.025s] -- Up-to-date: /home/atul/arduinobot_ws/install/arduinobot_messages/share/arduinobot_messages/cmake/export_arduinobot_messages__rosidl_typesupport_fastrtps_cppExport.cmake
[1.025s] -- Up-to-date: /home/atul/arduinobot_ws/install/arduinobot_messages/share/arduinobot_messages/cmake/export_arduinobot_messages__rosidl_typesupport_fastrtps_cppExport-noconfig.cmake
[1.026s] -- Up-to-date: /home/atul/arduinobot_ws/install/arduinobot_messages/share/arduinobot_messages/cmake/arduinobot_messages__rosidl_typesupport_introspection_cExport.cmake
[1.026s] -- Up-to-date: /home/atul/arduinobot_ws/install/arduinobot_messages/share/arduinobot_messages/cmake/arduinobot_messages__rosidl_typesupport_introspection_cExport-noconfig.cmake
[1.026s] -- Up-to-date: /home/atul/arduinobot_ws/install/arduinobot_messages/share/arduinobot_messages/cmake/arduinobot_messages__rosidl_typesupport_cExport.cmake
[1.027s] -- Up-to-date: /home/atul/arduinobot_ws/install/arduinobot_messages/share/arduinobot_messages/cmake/arduinobot_messages__rosidl_typesupport_cExport-noconfig.cmake
[1.027s] -- Up-to-date: /home/atul/arduinobot_ws/install/arduinobot_messages/share/arduinobot_messages/cmake/arduinobot_messages__rosidl_typesupport_introspection_cppExport.cmake
[1.027s] -- Up-to-date: /home/atul/arduinobot_ws/install/arduinobot_messages/share/arduinobot_messages/cmake/arduinobot_messages__rosidl_typesupport_introspection_cppExport-noconfig.cmake
[1.029s] -- Up-to-date: /home/atul/arduinobot_ws/install/arduinobot_messages/share/arduinobot_messages/cmake/arduinobot_messages__rosidl_typesupport_cppExport.cmake
[1.029s] -- Up-to-date: /home/atul/arduinobot_ws/install/arduinobot_messages/share/arduinobot_messages/cmake/arduinobot_messages__rosidl_typesupport_cppExport-noconfig.cmake
[1.030s] -- Up-to-date: /home/atul/arduinobot_ws/install/arduinobot_messages/share/arduinobot_messages/cmake/export_arduinobot_messages__rosidl_generator_pyExport.cmake
[1.030s] -- Up-to-date: /home/atul/arduinobot_ws/install/arduinobot_messages/share/arduinobot_messages/cmake/export_arduinobot_messages__rosidl_generator_pyExport-noconfig.cmake
[1.030s] -- Up-to-date: /home/atul/arduinobot_ws/install/arduinobot_messages/share/arduinobot_messages/cmake/rosidl_cmake-extras.cmake
[1.030s] -- Up-to-date: /home/atul/arduinobot_ws/install/arduinobot_messages/share/arduinobot_messages/cmake/ament_cmake_export_include_directories-extras.cmake
[1.030s] -- Up-to-date: /home/atul/arduinobot_ws/install/arduinobot_messages/share/arduinobot_messages/cmake/ament_cmake_export_libraries-extras.cmake
[1.031s] -- Up-to-date: /home/atul/arduinobot_ws/install/arduinobot_messages/share/arduinobot_messages/cmake/ament_cmake_export_targets-extras.cmake
[1.031s] -- Up-to-date: /home/atul/arduinobot_ws/install/arduinobot_messages/share/arduinobot_messages/cmake/rosidl_cmake_export_typesupport_targets-extras.cmake
[1.032s] -- Up-to-date: /home/atul/arduinobot_ws/install/arduinobot_messages/share/arduinobot_messages/cmake/ament_cmake_export_dependencies-extras.cmake
[1.032s] -- Up-to-date: /home/atul/arduinobot_ws/install/arduinobot_messages/share/arduinobot_messages/cmake/rosidl_cmake_export_typesupport_libraries-extras.cmake
[1.032s] -- Up-to-date: /home/atul/arduinobot_ws/install/arduinobot_messages/share/arduinobot_messages/cmake/arduinobot_messagesConfig.cmake
[1.032s] -- Up-to-date: /home/atul/arduinobot_ws/install/arduinobot_messages/share/arduinobot_messages/cmake/arduinobot_messagesConfig-version.cmake
[1.032s] -- Up-to-date: /home/atul/arduinobot_ws/install/arduinobot_messages/share/arduinobot_messages/package.xml
[1.036s] Invoked command in '/home/atul/arduinobot_ws/build/arduinobot_messages' returned '0': CMAKE_PREFIX_PATH=${CMAKE_PREFIX_PATH}:/home/atul/arduinobot_ws/install/arduinobot_py_examples:/opt/ros/humble WSLENV=ELECTRON_RUN_AS_NODE/w: /usr/bin/cmake --install /home/atul/arduinobot_ws/build/arduinobot_messages
