[0.052s] Invoking command in '/home/atul/arduinobot_ws/build/arduinobot_messages': CMAKE_PREFIX_PATH=${CMAKE_PREFIX_PATH}:/home/atul/arduinobot_ws/install/arduinobot_py_examples:/opt/ros/humble WSLENV=ELECTRON_RUN_AS_NODE/w: /usr/bin/cmake --build /home/atul/arduinobot_ws/build/arduinobot_messages -- -j12 -l12
[0.114s] -- Found ament_cmake: 1.3.9 (/opt/ros/humble/share/ament_cmake/cmake)
[0.362s] -- Found ament_lint_auto: 0.12.11 (/opt/ros/humble/share/ament_lint_auto/cmake)
[0.364s] -- Found std_msgs: 4.2.3 (/opt/ros/humble/share/std_msgs/cmake)
[0.709s] -- Found rosidl_generator_c: 3.1.5 (/opt/ros/humble/share/rosidl_generator_c/cmake)
[0.716s] -- Found rosidl_adapter: 3.1.5 (/opt/ros/humble/share/rosidl_adapter/cmake)
[0.732s] -- Found rosidl_generator_cpp: 3.1.5 (/opt/ros/humble/share/rosidl_generator_cpp/cmake)
[0.759s] -- Using all available rosidl_typesupport_c: rosidl_typesupport_fastrtps_c;rosidl_typesupport_introspection_c
[0.793s] -- Using all available rosidl_typesupport_cpp: rosidl_typesupport_fastrtps_cpp;rosidl_typesupport_introspection_cpp
[0.912s] -- Found rosidl_default_generators: 1.2.0 (/opt/ros/humble/share/rosidl_default_generators/cmake)
[1.296s] -- Found ament_cmake_ros: 0.10.0 (/opt/ros/humble/share/ament_cmake_ros/cmake)
[1.746s] -- Using all available rosidl_typesupport_c: rosidl_typesupport_fastrtps_c;rosidl_typesupport_introspection_c
[1.919s] -- Using all available rosidl_typesupport_cpp: rosidl_typesupport_fastrtps_cpp;rosidl_typesupport_introspection_cpp
[2.289s] -- Found PythonInterp: /usr/bin/python3 (found suitable version "3.10.12", minimum required is "3.6") 
[2.294s] -- Found python_cmake_module: 0.10.0 (/opt/ros/humble/share/python_cmake_module/cmake)
[4.029s] -- Found PythonLibs: /usr/lib/x86_64-linux-gnu/libpython3.10.so (found suitable version "3.10.12", minimum required is "3.5") 
[4.029s] -- Using PYTHON_EXECUTABLE: /usr/bin/python3
[4.029s] -- Using PYTHON_INCLUDE_DIRS: /usr/include/python3.10
[4.029s] -- Using PYTHON_LIBRARIES: /usr/lib/x86_64-linux-gnu/libpython3.10.so
[4.058s] -- Found PythonExtra: .so  
[4.316s] -- Added test 'lint_cmake' to check CMake code style
[4.320s] -- Added test 'xmllint' to check XML markup files
[4.346s] -- Configuring done
[4.401s] -- Generating done
[4.408s] -- Build files have been written to: /home/atul/arduinobot_ws/build/arduinobot_messages
[4.439s] [  3%] [34m[1mGenerating C code for ROS interfaces[0m
[4.450s] [  6%] [34m[1mGenerating C++ code for ROS interfaces[0m
[4.459s] [  6%] Built target ament_cmake_python_copy_arduinobot_messages
[4.854s] running egg_info
[4.855s] creating arduinobot_messages.egg-info
[4.857s] writing arduinobot_messages.egg-info/PKG-INFO
[4.857s] writing dependency_links to arduinobot_messages.egg-info/dependency_links.txt
[4.858s] writing top-level names to arduinobot_messages.egg-info/top_level.txt
[4.858s] writing manifest file 'arduinobot_messages.egg-info/SOURCES.txt'
[4.862s] reading manifest file 'arduinobot_messages.egg-info/SOURCES.txt'
[4.863s] writing manifest file 'arduinobot_messages.egg-info/SOURCES.txt'
[4.905s] [  6%] Built target ament_cmake_python_build_arduinobot_messages_egg
[4.918s] [  9%] [32mBuilding C object CMakeFiles/arduinobot_messages__rosidl_generator_c.dir/rosidl_generator_c/arduinobot_messages/srv/detail/add_two_ints__functions.c.o[0m
[4.946s] [  9%] Built target arduinobot_messages__cpp
[4.959s] [ 12%] [34m[1mGenerating C++ type support dispatch for ROS interfaces[0m
[4.960s] [ 16%] [34m[1mGenerating C++ introspection for ROS interfaces[0m
[4.961s] [ 19%] [34m[1mGenerating C++ type support for eProsima Fast-RTPS[0m
[5.166s] [ 22%] [32m[1mLinking C shared library libarduinobot_messages__rosidl_generator_c.so[0m
[5.298s] [ 25%] [32mBuilding CXX object CMakeFiles/arduinobot_messages__rosidl_typesupport_cpp.dir/rosidl_typesupport_cpp/arduinobot_messages/srv/add_two_ints__type_support.cpp.o[0m
[5.323s] [ 29%] [32mBuilding CXX object CMakeFiles/arduinobot_messages__rosidl_typesupport_introspection_cpp.dir/rosidl_typesupport_introspection_cpp/arduinobot_messages/srv/detail/add_two_ints__type_support.cpp.o[0m
[5.351s] [ 32%] [32mBuilding CXX object CMakeFiles/arduinobot_messages__rosidl_typesupport_fastrtps_cpp.dir/rosidl_typesupport_fastrtps_cpp/arduinobot_messages/srv/detail/dds_fastrtps/add_two_ints__type_support.cpp.o[0m
[5.394s] [ 32%] Built target arduinobot_messages__rosidl_generator_c
[5.405s] [ 35%] [34m[1mGenerating C introspection for ROS interfaces[0m
[5.407s] [ 38%] [34m[1mGenerating C type support dispatch for ROS interfaces[0m
[5.407s] [ 41%] [34m[1mGenerating C type support for eProsima Fast-RTPS[0m
[5.960s] [ 45%] [32mBuilding C object CMakeFiles/arduinobot_messages__rosidl_typesupport_introspection_c.dir/rosidl_typesupport_introspection_c/arduinobot_messages/srv/detail/add_two_ints__type_support.c.o[0m
[5.969s] [ 48%] [32mBuilding CXX object CMakeFiles/arduinobot_messages__rosidl_typesupport_c.dir/rosidl_typesupport_c/arduinobot_messages/srv/add_two_ints__type_support.cpp.o[0m
[5.995s] [ 51%] [32m[1mLinking CXX shared library libarduinobot_messages__rosidl_typesupport_cpp.so[0m
[6.018s] [ 54%] [32mBuilding CXX object CMakeFiles/arduinobot_messages__rosidl_typesupport_fastrtps_c.dir/rosidl_typesupport_fastrtps_c/arduinobot_messages/srv/detail/add_two_ints__type_support_c.cpp.o[0m
[6.021s] [ 58%] [32m[1mLinking C shared library libarduinobot_messages__rosidl_typesupport_introspection_c.so[0m
[6.027s] [ 61%] [32m[1mLinking CXX shared library libarduinobot_messages__rosidl_typesupport_c.so[0m
[6.159s] [ 64%] [32m[1mLinking CXX shared library libarduinobot_messages__rosidl_typesupport_introspection_cpp.so[0m
[6.164s] [ 64%] Built target arduinobot_messages__rosidl_typesupport_introspection_c
[6.182s] [ 64%] Built target arduinobot_messages__rosidl_typesupport_cpp
[6.183s] [ 64%] Built target arduinobot_messages__rosidl_typesupport_c
[6.188s] [ 67%] [32m[1mLinking CXX shared library libarduinobot_messages__rosidl_typesupport_fastrtps_cpp.so[0m
[6.345s] [ 67%] Built target arduinobot_messages__rosidl_typesupport_introspection_cpp
[6.422s] [ 67%] Built target arduinobot_messages__rosidl_typesupport_fastrtps_cpp
[6.456s] [ 70%] [32m[1mLinking CXX shared library libarduinobot_messages__rosidl_typesupport_fastrtps_c.so[0m
[6.791s] [ 70%] Built target arduinobot_messages__rosidl_typesupport_fastrtps_c
[6.813s] [ 70%] Built target arduinobot_messages
[6.836s] [ 74%] [34m[1mGenerating Python code for ROS interfaces[0m
[7.326s] [ 74%] Built target arduinobot_messages__py
[7.349s] [ 77%] [32mBuilding C object CMakeFiles/arduinobot_messages__rosidl_generator_py.dir/rosidl_generator_py/arduinobot_messages/srv/_add_two_ints_s.c.o[0m
[7.560s] [ 80%] [32m[1mLinking C shared library rosidl_generator_py/arduinobot_messages/libarduinobot_messages__rosidl_generator_py.so[0m
[7.876s] [ 80%] Built target arduinobot_messages__rosidl_generator_py
[7.903s] [ 83%] [32mBuilding C object CMakeFiles/arduinobot_messages__rosidl_typesupport_c__pyext.dir/rosidl_generator_py/arduinobot_messages/_arduinobot_messages_s.ep.rosidl_typesupport_c.c.o[0m
[7.904s] [ 87%] [32mBuilding C object CMakeFiles/arduinobot_messages__rosidl_typesupport_introspection_c__pyext.dir/rosidl_generator_py/arduinobot_messages/_arduinobot_messages_s.ep.rosidl_typesupport_introspection_c.c.o[0m
[7.906s] [ 90%] [32mBuilding C object CMakeFiles/arduinobot_messages__rosidl_typesupport_fastrtps_c__pyext.dir/rosidl_generator_py/arduinobot_messages/_arduinobot_messages_s.ep.rosidl_typesupport_fastrtps_c.c.o[0m
[8.037s] [ 93%] [32m[1mLinking C shared library rosidl_generator_py/arduinobot_messages/arduinobot_messages_s__rosidl_typesupport_c.cpython-310-x86_64-linux-gnu.so[0m
[8.048s] [ 96%] [32m[1mLinking C shared library rosidl_generator_py/arduinobot_messages/arduinobot_messages_s__rosidl_typesupport_fastrtps_c.cpython-310-x86_64-linux-gnu.so[0m
[8.048s] [100%] [32m[1mLinking C shared library rosidl_generator_py/arduinobot_messages/arduinobot_messages_s__rosidl_typesupport_introspection_c.cpython-310-x86_64-linux-gnu.so[0m
[8.200s] [100%] Built target arduinobot_messages__rosidl_typesupport_c__pyext
[8.201s] [100%] Built target arduinobot_messages__rosidl_typesupport_introspection_c__pyext
[8.203s] [100%] Built target arduinobot_messages__rosidl_typesupport_fastrtps_c__pyext
[8.219s] Invoked command in '/home/atul/arduinobot_ws/build/arduinobot_messages' returned '0': CMAKE_PREFIX_PATH=${CMAKE_PREFIX_PATH}:/home/atul/arduinobot_ws/install/arduinobot_py_examples:/opt/ros/humble WSLENV=ELECTRON_RUN_AS_NODE/w: /usr/bin/cmake --build /home/atul/arduinobot_ws/build/arduinobot_messages -- -j12 -l12
[8.298s] Invoking command in '/home/atul/arduinobot_ws/build/arduinobot_messages': CMAKE_PREFIX_PATH=${CMAKE_PREFIX_PATH}:/home/atul/arduinobot_ws/install/arduinobot_py_examples:/opt/ros/humble WSLENV=ELECTRON_RUN_AS_NODE/w: /usr/bin/cmake --install /home/atul/arduinobot_ws/build/arduinobot_messages
[8.306s] -- Install configuration: ""
[8.306s] -- Installing: /home/atul/arduinobot_ws/install/arduinobot_messages/share/ament_index/resource_index/rosidl_interfaces/arduinobot_messages
[8.307s] -- Installing: /home/atul/arduinobot_ws/install/arduinobot_messages/include/arduinobot_messages/arduinobot_messages
[8.307s] -- Installing: /home/atul/arduinobot_ws/install/arduinobot_messages/include/arduinobot_messages/arduinobot_messages/msg
[8.307s] -- Installing: /home/atul/arduinobot_ws/install/arduinobot_messages/include/arduinobot_messages/arduinobot_messages/msg/rosidl_generator_c__visibility_control.h
[8.308s] -- Installing: /home/atul/arduinobot_ws/install/arduinobot_messages/include/arduinobot_messages/arduinobot_messages/srv
[8.308s] -- Installing: /home/atul/arduinobot_ws/install/arduinobot_messages/include/arduinobot_messages/arduinobot_messages/srv/detail
[8.309s] -- Installing: /home/atul/arduinobot_ws/install/arduinobot_messages/include/arduinobot_messages/arduinobot_messages/srv/detail/add_two_ints__struct.h
[8.309s] -- Installing: /home/atul/arduinobot_ws/install/arduinobot_messages/include/arduinobot_messages/arduinobot_messages/srv/detail/add_two_ints__functions.h
[8.309s] -- Installing: /home/atul/arduinobot_ws/install/arduinobot_messages/include/arduinobot_messages/arduinobot_messages/srv/detail/add_two_ints__functions.c
[8.310s] -- Installing: /home/atul/arduinobot_ws/install/arduinobot_messages/include/arduinobot_messages/arduinobot_messages/srv/detail/add_two_ints__type_support.h
[8.310s] -- Installing: /home/atul/arduinobot_ws/install/arduinobot_messages/include/arduinobot_messages/arduinobot_messages/srv/add_two_ints.h
[8.310s] -- Installing: /home/atul/arduinobot_ws/install/arduinobot_messages/share/arduinobot_messages/environment/library_path.sh
[8.310s] -- Installing: /home/atul/arduinobot_ws/install/arduinobot_messages/share/arduinobot_messages/environment/library_path.dsv
[8.310s] -- Installing: /home/atul/arduinobot_ws/install/arduinobot_messages/lib/libarduinobot_messages__rosidl_generator_c.so
[8.311s] -- Set runtime path of "/home/atul/arduinobot_ws/install/arduinobot_messages/lib/libarduinobot_messages__rosidl_generator_c.so" to ""
[8.311s] -- Up-to-date: /home/atul/arduinobot_ws/install/arduinobot_messages/include/arduinobot_messages/arduinobot_messages
[8.311s] -- Up-to-date: /home/atul/arduinobot_ws/install/arduinobot_messages/include/arduinobot_messages/arduinobot_messages/msg
[8.312s] -- Installing: /home/atul/arduinobot_ws/install/arduinobot_messages/include/arduinobot_messages/arduinobot_messages/msg/rosidl_typesupport_fastrtps_c__visibility_control.h
[8.313s] -- Up-to-date: /home/atul/arduinobot_ws/install/arduinobot_messages/include/arduinobot_messages/arduinobot_messages/srv
[8.313s] -- Up-to-date: /home/atul/arduinobot_ws/install/arduinobot_messages/include/arduinobot_messages/arduinobot_messages/srv/detail
[8.313s] -- Installing: /home/atul/arduinobot_ws/install/arduinobot_messages/include/arduinobot_messages/arduinobot_messages/srv/detail/add_two_ints__rosidl_typesupport_fastrtps_c.h
[8.313s] -- Installing: /home/atul/arduinobot_ws/install/arduinobot_messages/lib/libarduinobot_messages__rosidl_typesupport_fastrtps_c.so
[8.313s] -- Set runtime path of "/home/atul/arduinobot_ws/install/arduinobot_messages/lib/libarduinobot_messages__rosidl_typesupport_fastrtps_c.so" to ""
[8.314s] -- Up-to-date: /home/atul/arduinobot_ws/install/arduinobot_messages/include/arduinobot_messages/arduinobot_messages
[8.314s] -- Up-to-date: /home/atul/arduinobot_ws/install/arduinobot_messages/include/arduinobot_messages/arduinobot_messages/srv
[8.314s] -- Up-to-date: /home/atul/arduinobot_ws/install/arduinobot_messages/include/arduinobot_messages/arduinobot_messages/srv/detail
[8.314s] -- Installing: /home/atul/arduinobot_ws/install/arduinobot_messages/include/arduinobot_messages/arduinobot_messages/srv/detail/add_two_ints__traits.hpp
[8.314s] -- Installing: /home/atul/arduinobot_ws/install/arduinobot_messages/include/arduinobot_messages/arduinobot_messages/srv/detail/add_two_ints__builder.hpp
[8.314s] -- Installing: /home/atul/arduinobot_ws/install/arduinobot_messages/include/arduinobot_messages/arduinobot_messages/srv/detail/add_two_ints__struct.hpp
[8.315s] -- Installing: /home/atul/arduinobot_ws/install/arduinobot_messages/include/arduinobot_messages/arduinobot_messages/srv/add_two_ints.hpp
[8.315s] -- Up-to-date: /home/atul/arduinobot_ws/install/arduinobot_messages/include/arduinobot_messages/arduinobot_messages
[8.315s] -- Up-to-date: /home/atul/arduinobot_ws/install/arduinobot_messages/include/arduinobot_messages/arduinobot_messages/msg
[8.315s] -- Installing: /home/atul/arduinobot_ws/install/arduinobot_messages/include/arduinobot_messages/arduinobot_messages/msg/rosidl_typesupport_fastrtps_cpp__visibility_control.h
[8.315s] -- Up-to-date: /home/atul/arduinobot_ws/install/arduinobot_messages/include/arduinobot_messages/arduinobot_messages/srv
[8.316s] -- Up-to-date: /home/atul/arduinobot_ws/install/arduinobot_messages/include/arduinobot_messages/arduinobot_messages/srv/detail
[8.316s] -- Installing: /home/atul/arduinobot_ws/install/arduinobot_messages/include/arduinobot_messages/arduinobot_messages/srv/detail/add_two_ints__rosidl_typesupport_fastrtps_cpp.hpp
[8.316s] -- Installing: /home/atul/arduinobot_ws/install/arduinobot_messages/include/arduinobot_messages/arduinobot_messages/srv/detail/dds_fastrtps
[8.316s] -- Installing: /home/atul/arduinobot_ws/install/arduinobot_messages/lib/libarduinobot_messages__rosidl_typesupport_fastrtps_cpp.so
[8.316s] -- Set runtime path of "/home/atul/arduinobot_ws/install/arduinobot_messages/lib/libarduinobot_messages__rosidl_typesupport_fastrtps_cpp.so" to ""
[8.316s] -- Up-to-date: /home/atul/arduinobot_ws/install/arduinobot_messages/include/arduinobot_messages/arduinobot_messages
[8.316s] -- Up-to-date: /home/atul/arduinobot_ws/install/arduinobot_messages/include/arduinobot_messages/arduinobot_messages/msg
[8.316s] -- Installing: /home/atul/arduinobot_ws/install/arduinobot_messages/include/arduinobot_messages/arduinobot_messages/msg/rosidl_typesupport_introspection_c__visibility_control.h
[8.316s] -- Up-to-date: /home/atul/arduinobot_ws/install/arduinobot_messages/include/arduinobot_messages/arduinobot_messages/srv
[8.317s] -- Up-to-date: /home/atul/arduinobot_ws/install/arduinobot_messages/include/arduinobot_messages/arduinobot_messages/srv/detail
[8.317s] -- Installing: /home/atul/arduinobot_ws/install/arduinobot_messages/include/arduinobot_messages/arduinobot_messages/srv/detail/add_two_ints__rosidl_typesupport_introspection_c.h
[8.317s] -- Installing: /home/atul/arduinobot_ws/install/arduinobot_messages/include/arduinobot_messages/arduinobot_messages/srv/detail/add_two_ints__type_support.c
[8.317s] -- Installing: /home/atul/arduinobot_ws/install/arduinobot_messages/lib/libarduinobot_messages__rosidl_typesupport_introspection_c.so
[8.318s] -- Set runtime path of "/home/atul/arduinobot_ws/install/arduinobot_messages/lib/libarduinobot_messages__rosidl_typesupport_introspection_c.so" to ""
[8.318s] -- Installing: /home/atul/arduinobot_ws/install/arduinobot_messages/lib/libarduinobot_messages__rosidl_typesupport_c.so
[8.318s] -- Set runtime path of "/home/atul/arduinobot_ws/install/arduinobot_messages/lib/libarduinobot_messages__rosidl_typesupport_c.so" to ""
[8.319s] -- Up-to-date: /home/atul/arduinobot_ws/install/arduinobot_messages/include/arduinobot_messages/arduinobot_messages
[8.319s] -- Up-to-date: /home/atul/arduinobot_ws/install/arduinobot_messages/include/arduinobot_messages/arduinobot_messages/srv
[8.319s] -- Up-to-date: /home/atul/arduinobot_ws/install/arduinobot_messages/include/arduinobot_messages/arduinobot_messages/srv/detail
[8.320s] -- Installing: /home/atul/arduinobot_ws/install/arduinobot_messages/include/arduinobot_messages/arduinobot_messages/srv/detail/add_two_ints__type_support.cpp
[8.320s] -- Installing: /home/atul/arduinobot_ws/install/arduinobot_messages/include/arduinobot_messages/arduinobot_messages/srv/detail/add_two_ints__rosidl_typesupport_introspection_cpp.hpp
[8.320s] -- Installing: /home/atul/arduinobot_ws/install/arduinobot_messages/lib/libarduinobot_messages__rosidl_typesupport_introspection_cpp.so
[8.320s] -- Set runtime path of "/home/atul/arduinobot_ws/install/arduinobot_messages/lib/libarduinobot_messages__rosidl_typesupport_introspection_cpp.so" to ""
[8.320s] -- Installing: /home/atul/arduinobot_ws/install/arduinobot_messages/lib/libarduinobot_messages__rosidl_typesupport_cpp.so
[8.320s] -- Set runtime path of "/home/atul/arduinobot_ws/install/arduinobot_messages/lib/libarduinobot_messages__rosidl_typesupport_cpp.so" to ""
[8.320s] -- Installing: /home/atul/arduinobot_ws/install/arduinobot_messages/share/arduinobot_messages/environment/pythonpath.sh
[8.320s] -- Installing: /home/atul/arduinobot_ws/install/arduinobot_messages/share/arduinobot_messages/environment/pythonpath.dsv
[8.320s] -- Installing: /home/atul/arduinobot_ws/install/arduinobot_messages/local/lib/python3.10/dist-packages/arduinobot_messages-0.0.0-py3.10.egg-info
[8.320s] -- Installing: /home/atul/arduinobot_ws/install/arduinobot_messages/local/lib/python3.10/dist-packages/arduinobot_messages-0.0.0-py3.10.egg-info/top_level.txt
[8.320s] -- Installing: /home/atul/arduinobot_ws/install/arduinobot_messages/local/lib/python3.10/dist-packages/arduinobot_messages-0.0.0-py3.10.egg-info/SOURCES.txt
[8.320s] -- Installing: /home/atul/arduinobot_ws/install/arduinobot_messages/local/lib/python3.10/dist-packages/arduinobot_messages-0.0.0-py3.10.egg-info/dependency_links.txt
[8.321s] -- Installing: /home/atul/arduinobot_ws/install/arduinobot_messages/local/lib/python3.10/dist-packages/arduinobot_messages-0.0.0-py3.10.egg-info/PKG-INFO
[8.321s] -- Installing: /home/atul/arduinobot_ws/install/arduinobot_messages/local/lib/python3.10/dist-packages/arduinobot_messages
[8.321s] -- Installing: /home/atul/arduinobot_ws/install/arduinobot_messages/local/lib/python3.10/dist-packages/arduinobot_messages/arduinobot_messages_s__rosidl_typesupport_fastrtps_c.cpython-310-x86_64-linux-gnu.so
[8.321s] -- Installing: /home/atul/arduinobot_ws/install/arduinobot_messages/local/lib/python3.10/dist-packages/arduinobot_messages/arduinobot_messages_s__rosidl_typesupport_c.cpython-310-x86_64-linux-gnu.so
[8.321s] -- Installing: /home/atul/arduinobot_ws/install/arduinobot_messages/local/lib/python3.10/dist-packages/arduinobot_messages/libarduinobot_messages__rosidl_generator_py.so
[8.321s] -- Installing: /home/atul/arduinobot_ws/install/arduinobot_messages/local/lib/python3.10/dist-packages/arduinobot_messages/_arduinobot_messages_s.ep.rosidl_typesupport_introspection_c.c
[8.321s] -- Installing: /home/atul/arduinobot_ws/install/arduinobot_messages/local/lib/python3.10/dist-packages/arduinobot_messages/arduinobot_messages_s__rosidl_typesupport_introspection_c.cpython-310-x86_64-linux-gnu.so
[8.321s] -- Installing: /home/atul/arduinobot_ws/install/arduinobot_messages/local/lib/python3.10/dist-packages/arduinobot_messages/__init__.py
[8.321s] -- Installing: /home/atul/arduinobot_ws/install/arduinobot_messages/local/lib/python3.10/dist-packages/arduinobot_messages/srv
[8.321s] -- Installing: /home/atul/arduinobot_ws/install/arduinobot_messages/local/lib/python3.10/dist-packages/arduinobot_messages/srv/__init__.py
[8.321s] -- Installing: /home/atul/arduinobot_ws/install/arduinobot_messages/local/lib/python3.10/dist-packages/arduinobot_messages/srv/_add_two_ints.py
[8.321s] -- Installing: /home/atul/arduinobot_ws/install/arduinobot_messages/local/lib/python3.10/dist-packages/arduinobot_messages/srv/_add_two_ints_s.c
[8.321s] -- Installing: /home/atul/arduinobot_ws/install/arduinobot_messages/local/lib/python3.10/dist-packages/arduinobot_messages/_arduinobot_messages_s.ep.rosidl_typesupport_c.c
[8.321s] -- Installing: /home/atul/arduinobot_ws/install/arduinobot_messages/local/lib/python3.10/dist-packages/arduinobot_messages/_arduinobot_messages_s.ep.rosidl_typesupport_fastrtps_c.c
[8.364s] Listing '/home/atul/arduinobot_ws/install/arduinobot_messages/local/lib/python3.10/dist-packages/arduinobot_messages'...
[8.364s] Compiling '/home/atul/arduinobot_ws/install/arduinobot_messages/local/lib/python3.10/dist-packages/arduinobot_messages/__init__.py'...
[8.364s] Listing '/home/atul/arduinobot_ws/install/arduinobot_messages/local/lib/python3.10/dist-packages/arduinobot_messages/srv'...
[8.365s] Compiling '/home/atul/arduinobot_ws/install/arduinobot_messages/local/lib/python3.10/dist-packages/arduinobot_messages/srv/__init__.py'...
[8.365s] Compiling '/home/atul/arduinobot_ws/install/arduinobot_messages/local/lib/python3.10/dist-packages/arduinobot_messages/srv/_add_two_ints.py'...
[8.370s] -- Installing: /home/atul/arduinobot_ws/install/arduinobot_messages/local/lib/python3.10/dist-packages/arduinobot_messages/arduinobot_messages_s__rosidl_typesupport_fastrtps_c.cpython-310-x86_64-linux-gnu.so
[8.371s] -- Set runtime path of "/home/atul/arduinobot_ws/install/arduinobot_messages/local/lib/python3.10/dist-packages/arduinobot_messages/arduinobot_messages_s__rosidl_typesupport_fastrtps_c.cpython-310-x86_64-linux-gnu.so" to ""
[8.371s] -- Installing: /home/atul/arduinobot_ws/install/arduinobot_messages/local/lib/python3.10/dist-packages/arduinobot_messages/arduinobot_messages_s__rosidl_typesupport_introspection_c.cpython-310-x86_64-linux-gnu.so
[8.372s] -- Set runtime path of "/home/atul/arduinobot_ws/install/arduinobot_messages/local/lib/python3.10/dist-packages/arduinobot_messages/arduinobot_messages_s__rosidl_typesupport_introspection_c.cpython-310-x86_64-linux-gnu.so" to ""
[8.372s] -- Installing: /home/atul/arduinobot_ws/install/arduinobot_messages/local/lib/python3.10/dist-packages/arduinobot_messages/arduinobot_messages_s__rosidl_typesupport_c.cpython-310-x86_64-linux-gnu.so
[8.372s] -- Set runtime path of "/home/atul/arduinobot_ws/install/arduinobot_messages/local/lib/python3.10/dist-packages/arduinobot_messages/arduinobot_messages_s__rosidl_typesupport_c.cpython-310-x86_64-linux-gnu.so" to ""
[8.372s] -- Installing: /home/atul/arduinobot_ws/install/arduinobot_messages/lib/libarduinobot_messages__rosidl_generator_py.so
[8.373s] -- Set runtime path of "/home/atul/arduinobot_ws/install/arduinobot_messages/lib/libarduinobot_messages__rosidl_generator_py.so" to ""
[8.373s] -- Installing: /home/atul/arduinobot_ws/install/arduinobot_messages/share/arduinobot_messages/srv/AddTwoInts.idl
[8.373s] -- Installing: /home/atul/arduinobot_ws/install/arduinobot_messages/share/arduinobot_messages/srv/AddTwoInts.srv
[8.374s] -- Installing: /home/atul/arduinobot_ws/install/arduinobot_messages/share/arduinobot_messages/srv/AddTwoInts_Request.msg
[8.374s] -- Installing: /home/atul/arduinobot_ws/install/arduinobot_messages/share/arduinobot_messages/srv/AddTwoInts_Response.msg
[8.374s] -- Installing: /home/atul/arduinobot_ws/install/arduinobot_messages/share/ament_index/resource_index/package_run_dependencies/arduinobot_messages
[8.374s] -- Up-to-date: /home/atul/arduinobot_ws/install/arduinobot_messages/share/ament_index/resource_index/parent_prefix_path/arduinobot_messages
[8.374s] -- Up-to-date: /home/atul/arduinobot_ws/install/arduinobot_messages/share/arduinobot_messages/environment/ament_prefix_path.sh
[8.374s] -- Installing: /home/atul/arduinobot_ws/install/arduinobot_messages/share/arduinobot_messages/environment/ament_prefix_path.dsv
[8.374s] -- Up-to-date: /home/atul/arduinobot_ws/install/arduinobot_messages/share/arduinobot_messages/environment/path.sh
[8.374s] -- Installing: /home/atul/arduinobot_ws/install/arduinobot_messages/share/arduinobot_messages/environment/path.dsv
[8.375s] -- Up-to-date: /home/atul/arduinobot_ws/install/arduinobot_messages/share/arduinobot_messages/local_setup.bash
[8.375s] -- Installing: /home/atul/arduinobot_ws/install/arduinobot_messages/share/arduinobot_messages/local_setup.sh
[8.375s] -- Up-to-date: /home/atul/arduinobot_ws/install/arduinobot_messages/share/arduinobot_messages/local_setup.zsh
[8.375s] -- Installing: /home/atul/arduinobot_ws/install/arduinobot_messages/share/arduinobot_messages/local_setup.dsv
[8.375s] -- Installing: /home/atul/arduinobot_ws/install/arduinobot_messages/share/arduinobot_messages/package.dsv
[8.376s] -- Up-to-date: /home/atul/arduinobot_ws/install/arduinobot_messages/share/ament_index/resource_index/packages/arduinobot_messages
[8.376s] -- Installing: /home/atul/arduinobot_ws/install/arduinobot_messages/share/arduinobot_messages/cmake/export_arduinobot_messages__rosidl_generator_cExport.cmake
[8.376s] -- Installing: /home/atul/arduinobot_ws/install/arduinobot_messages/share/arduinobot_messages/cmake/export_arduinobot_messages__rosidl_generator_cExport-noconfig.cmake
[8.376s] -- Installing: /home/atul/arduinobot_ws/install/arduinobot_messages/share/arduinobot_messages/cmake/export_arduinobot_messages__rosidl_typesupport_fastrtps_cExport.cmake
[8.377s] -- Installing: /home/atul/arduinobot_ws/install/arduinobot_messages/share/arduinobot_messages/cmake/export_arduinobot_messages__rosidl_typesupport_fastrtps_cExport-noconfig.cmake
[8.377s] -- Installing: /home/atul/arduinobot_ws/install/arduinobot_messages/share/arduinobot_messages/cmake/export_arduinobot_messages__rosidl_generator_cppExport.cmake
[8.377s] -- Installing: /home/atul/arduinobot_ws/install/arduinobot_messages/share/arduinobot_messages/cmake/export_arduinobot_messages__rosidl_typesupport_fastrtps_cppExport.cmake
[8.378s] -- Installing: /home/atul/arduinobot_ws/install/arduinobot_messages/share/arduinobot_messages/cmake/export_arduinobot_messages__rosidl_typesupport_fastrtps_cppExport-noconfig.cmake
[8.378s] -- Installing: /home/atul/arduinobot_ws/install/arduinobot_messages/share/arduinobot_messages/cmake/arduinobot_messages__rosidl_typesupport_introspection_cExport.cmake
[8.379s] -- Installing: /home/atul/arduinobot_ws/install/arduinobot_messages/share/arduinobot_messages/cmake/arduinobot_messages__rosidl_typesupport_introspection_cExport-noconfig.cmake
[8.379s] -- Installing: /home/atul/arduinobot_ws/install/arduinobot_messages/share/arduinobot_messages/cmake/arduinobot_messages__rosidl_typesupport_cExport.cmake
[8.379s] -- Installing: /home/atul/arduinobot_ws/install/arduinobot_messages/share/arduinobot_messages/cmake/arduinobot_messages__rosidl_typesupport_cExport-noconfig.cmake
[8.379s] -- Installing: /home/atul/arduinobot_ws/install/arduinobot_messages/share/arduinobot_messages/cmake/arduinobot_messages__rosidl_typesupport_introspection_cppExport.cmake
[8.379s] -- Installing: /home/atul/arduinobot_ws/install/arduinobot_messages/share/arduinobot_messages/cmake/arduinobot_messages__rosidl_typesupport_introspection_cppExport-noconfig.cmake
[8.379s] -- Installing: /home/atul/arduinobot_ws/install/arduinobot_messages/share/arduinobot_messages/cmake/arduinobot_messages__rosidl_typesupport_cppExport.cmake
[8.380s] -- Installing: /home/atul/arduinobot_ws/install/arduinobot_messages/share/arduinobot_messages/cmake/arduinobot_messages__rosidl_typesupport_cppExport-noconfig.cmake
[8.380s] -- Installing: /home/atul/arduinobot_ws/install/arduinobot_messages/share/arduinobot_messages/cmake/export_arduinobot_messages__rosidl_generator_pyExport.cmake
[8.380s] -- Installing: /home/atul/arduinobot_ws/install/arduinobot_messages/share/arduinobot_messages/cmake/export_arduinobot_messages__rosidl_generator_pyExport-noconfig.cmake
[8.381s] -- Installing: /home/atul/arduinobot_ws/install/arduinobot_messages/share/arduinobot_messages/cmake/rosidl_cmake-extras.cmake
[8.381s] -- Installing: /home/atul/arduinobot_ws/install/arduinobot_messages/share/arduinobot_messages/cmake/ament_cmake_export_include_directories-extras.cmake
[8.381s] -- Installing: /home/atul/arduinobot_ws/install/arduinobot_messages/share/arduinobot_messages/cmake/ament_cmake_export_libraries-extras.cmake
[8.381s] -- Installing: /home/atul/arduinobot_ws/install/arduinobot_messages/share/arduinobot_messages/cmake/ament_cmake_export_targets-extras.cmake
[8.381s] -- Installing: /home/atul/arduinobot_ws/install/arduinobot_messages/share/arduinobot_messages/cmake/rosidl_cmake_export_typesupport_targets-extras.cmake
[8.381s] -- Installing: /home/atul/arduinobot_ws/install/arduinobot_messages/share/arduinobot_messages/cmake/ament_cmake_export_dependencies-extras.cmake
[8.381s] -- Installing: /home/atul/arduinobot_ws/install/arduinobot_messages/share/arduinobot_messages/cmake/rosidl_cmake_export_typesupport_libraries-extras.cmake
[8.381s] -- Installing: /home/atul/arduinobot_ws/install/arduinobot_messages/share/arduinobot_messages/cmake/arduinobot_messagesConfig.cmake
[8.381s] -- Up-to-date: /home/atul/arduinobot_ws/install/arduinobot_messages/share/arduinobot_messages/cmake/arduinobot_messagesConfig-version.cmake
[8.382s] -- Installing: /home/atul/arduinobot_ws/install/arduinobot_messages/share/arduinobot_messages/package.xml
[8.384s] Invoked command in '/home/atul/arduinobot_ws/build/arduinobot_messages' returned '0': CMAKE_PREFIX_PATH=${CMAKE_PREFIX_PATH}:/home/atul/arduinobot_ws/install/arduinobot_py_examples:/opt/ros/humble WSLENV=ELECTRON_RUN_AS_NODE/w: /usr/bin/cmake --install /home/atul/arduinobot_ws/build/arduinobot_messages
