[0.051s] Invoking command in '/home/atul/arduinobot_ws/build/arduinobot_messages': CMAKE_PREFIX_PATH=${CMAKE_PREFIX_PATH}:/home/atul/arduinobot_ws/install/arduinobot_py_examples:/opt/ros/humble WSLENV=ELECTRON_RUN_AS_NODE/w: /usr/bin/cmake --build /home/atul/arduinobot_ws/build/arduinobot_messages -- -j12 -l12
[0.076s] -- Found ament_cmake: 1.3.9 (/opt/ros/humble/share/ament_cmake/cmake)
[0.324s] -- Found ament_lint_auto: 0.12.11 (/opt/ros/humble/share/ament_lint_auto/cmake)
[0.326s] -- Found std_msgs: 4.2.3 (/opt/ros/humble/share/std_msgs/cmake)
[0.519s] -- Found rosidl_generator_c: 3.1.5 (/opt/ros/humble/share/rosidl_generator_c/cmake)
[0.524s] -- Found rosidl_adapter: 3.1.5 (/opt/ros/humble/share/rosidl_adapter/cmake)
[0.535s] -- Found rosidl_generator_cpp: 3.1.5 (/opt/ros/humble/share/rosidl_generator_cpp/cmake)
[0.564s] -- Using all available rosidl_typesupport_c: rosidl_typesupport_fastrtps_c;rosidl_typesupport_introspection_c
[0.591s] -- Using all available rosidl_typesupport_cpp: rosidl_typesupport_fastrtps_cpp;rosidl_typesupport_introspection_cpp
[0.699s] -- Found rosidl_default_generators: 1.2.0 (/opt/ros/humble/share/rosidl_default_generators/cmake)
[1.053s] -- Found ament_cmake_ros: 0.10.0 (/opt/ros/humble/share/ament_cmake_ros/cmake)
[1.479s] -- Using all available rosidl_typesupport_c: rosidl_typesupport_fastrtps_c;rosidl_typesupport_introspection_c
[1.664s] -- Using all available rosidl_typesupport_cpp: rosidl_typesupport_fastrtps_cpp;rosidl_typesupport_introspection_cpp
[1.697s] -- Found python_cmake_module: 0.10.0 (/opt/ros/humble/share/python_cmake_module/cmake)
[1.754s] -- Using PYTHON_EXECUTABLE: /usr/bin/python3
[1.754s] -- Using PYTHON_INCLUDE_DIRS: /usr/include/python3.10
[1.754s] -- Using PYTHON_LIBRARIES: /usr/lib/x86_64-linux-gnu/libpython3.10.so
[1.786s] -- Added test 'lint_cmake' to check CMake code style
[1.788s] -- Added test 'xmllint' to check XML markup files
[1.794s] -- Configuring done
[1.841s] -- Generating done
[1.846s] -- Build files have been written to: /home/atul/arduinobot_ws/build/arduinobot_messages
[1.880s] [35m[1mConsolidate compiler generated dependencies of target arduinobot_messages__rosidl_generator_c[0m
[1.896s] [  9%] Built target arduinobot_messages__rosidl_generator_c
[1.898s] [ 12%] Built target arduinobot_messages__cpp
[1.914s] [ 12%] Built target ament_cmake_python_copy_arduinobot_messages
[1.914s] [35m[1mConsolidate compiler generated dependencies of target arduinobot_messages__rosidl_typesupport_fastrtps_cpp[0m
[1.915s] [35m[1mConsolidate compiler generated dependencies of target arduinobot_messages__rosidl_typesupport_introspection_cpp[0m
[1.916s] [35m[1mConsolidate compiler generated dependencies of target arduinobot_messages__rosidl_typesupport_fastrtps_c[0m
[1.917s] [35m[1mConsolidate compiler generated dependencies of target arduinobot_messages__rosidl_typesupport_cpp[0m
[1.919s] [35m[1mConsolidate compiler generated dependencies of target arduinobot_messages__rosidl_typesupport_introspection_c[0m
[1.920s] [35m[1mConsolidate compiler generated dependencies of target arduinobot_messages__rosidl_typesupport_c[0m
[1.940s] [ 22%] Built target arduinobot_messages__rosidl_typesupport_fastrtps_cpp
[1.942s] [ 32%] Built target arduinobot_messages__rosidl_typesupport_cpp
[1.943s] [ 41%] Built target arduinobot_messages__rosidl_typesupport_c
[1.946s] [ 51%] Built target arduinobot_messages__rosidl_typesupport_introspection_c
[1.949s] [ 61%] Built target arduinobot_messages__rosidl_typesupport_fastrtps_c
[1.957s] [ 70%] Built target arduinobot_messages__rosidl_typesupport_introspection_cpp
[2.018s] [ 70%] Built target arduinobot_messages
[2.060s] [ 74%] Built target arduinobot_messages__py
[2.075s] [35m[1mConsolidate compiler generated dependencies of target arduinobot_messages__rosidl_generator_py[0m
[2.096s] [ 80%] Built target arduinobot_messages__rosidl_generator_py
[2.117s] [35m[1mConsolidate compiler generated dependencies of target arduinobot_messages__rosidl_typesupport_c__pyext[0m
[2.119s] [35m[1mConsolidate compiler generated dependencies of target arduinobot_messages__rosidl_typesupport_introspection_c__pyext[0m
[2.119s] [35m[1mConsolidate compiler generated dependencies of target arduinobot_messages__rosidl_typesupport_fastrtps_c__pyext[0m
[2.140s] [ 93%] Built target arduinobot_messages__rosidl_typesupport_fastrtps_c__pyext
[2.140s] [ 93%] Built target arduinobot_messages__rosidl_typesupport_c__pyext
[2.144s] [100%] Built target arduinobot_messages__rosidl_typesupport_introspection_c__pyext
[2.415s] running egg_info
[2.417s] writing arduinobot_messages.egg-info/PKG-INFO
[2.418s] writing dependency_links to arduinobot_messages.egg-info/dependency_links.txt
[2.419s] writing top-level names to arduinobot_messages.egg-info/top_level.txt
[2.421s] reading manifest file 'arduinobot_messages.egg-info/SOURCES.txt'
[2.422s] writing manifest file 'arduinobot_messages.egg-info/SOURCES.txt'
[2.468s] [100%] Built target ament_cmake_python_build_arduinobot_messages_egg
[2.483s] Invoked command in '/home/atul/arduinobot_ws/build/arduinobot_messages' returned '0': CMAKE_PREFIX_PATH=${CMAKE_PREFIX_PATH}:/home/atul/arduinobot_ws/install/arduinobot_py_examples:/opt/ros/humble WSLENV=ELECTRON_RUN_AS_NODE/w: /usr/bin/cmake --build /home/atul/arduinobot_ws/build/arduinobot_messages -- -j12 -l12
[2.586s] Invoking command in '/home/atul/arduinobot_ws/build/arduinobot_messages': CMAKE_PREFIX_PATH=${CMAKE_PREFIX_PATH}:/home/atul/arduinobot_ws/install/arduinobot_py_examples:/opt/ros/humble WSLENV=ELECTRON_RUN_AS_NODE/w: /usr/bin/cmake --install /home/atul/arduinobot_ws/build/arduinobot_messages
[2.595s] -- Install configuration: ""
[2.596s] -- Up-to-date: /home/atul/arduinobot_ws/install/arduinobot_messages/share/ament_index/resource_index/rosidl_interfaces/arduinobot_messages
[2.596s] -- Up-to-date: /home/atul/arduinobot_ws/install/arduinobot_messages/include/arduinobot_messages/arduinobot_messages
[2.597s] -- Up-to-date: /home/atul/arduinobot_ws/install/arduinobot_messages/include/arduinobot_messages/arduinobot_messages/msg
[2.597s] -- Up-to-date: /home/atul/arduinobot_ws/install/arduinobot_messages/include/arduinobot_messages/arduinobot_messages/msg/rosidl_generator_c__visibility_control.h
[2.598s] -- Up-to-date: /home/atul/arduinobot_ws/install/arduinobot_messages/include/arduinobot_messages/arduinobot_messages/srv
[2.598s] -- Up-to-date: /home/atul/arduinobot_ws/install/arduinobot_messages/include/arduinobot_messages/arduinobot_messages/srv/detail
[2.598s] -- Up-to-date: /home/atul/arduinobot_ws/install/arduinobot_messages/include/arduinobot_messages/arduinobot_messages/srv/detail/add_two_ints__struct.h
[2.599s] -- Up-to-date: /home/atul/arduinobot_ws/install/arduinobot_messages/include/arduinobot_messages/arduinobot_messages/srv/detail/add_two_ints__functions.h
[2.599s] -- Up-to-date: /home/atul/arduinobot_ws/install/arduinobot_messages/include/arduinobot_messages/arduinobot_messages/srv/detail/add_two_ints__functions.c
[2.599s] -- Up-to-date: /home/atul/arduinobot_ws/install/arduinobot_messages/include/arduinobot_messages/arduinobot_messages/srv/detail/add_two_ints__type_support.h
[2.599s] -- Up-to-date: /home/atul/arduinobot_ws/install/arduinobot_messages/include/arduinobot_messages/arduinobot_messages/srv/add_two_ints.h
[2.600s] -- Up-to-date: /home/atul/arduinobot_ws/install/arduinobot_messages/share/arduinobot_messages/environment/library_path.sh
[2.600s] -- Installing: /home/atul/arduinobot_ws/install/arduinobot_messages/share/arduinobot_messages/environment/library_path.dsv
[2.600s] -- Up-to-date: /home/atul/arduinobot_ws/install/arduinobot_messages/lib/libarduinobot_messages__rosidl_generator_c.so
[2.600s] -- Up-to-date: /home/atul/arduinobot_ws/install/arduinobot_messages/include/arduinobot_messages/arduinobot_messages
[2.601s] -- Up-to-date: /home/atul/arduinobot_ws/install/arduinobot_messages/include/arduinobot_messages/arduinobot_messages/msg
[2.601s] -- Up-to-date: /home/atul/arduinobot_ws/install/arduinobot_messages/include/arduinobot_messages/arduinobot_messages/msg/rosidl_typesupport_fastrtps_c__visibility_control.h
[2.601s] -- Up-to-date: /home/atul/arduinobot_ws/install/arduinobot_messages/include/arduinobot_messages/arduinobot_messages/srv
[2.602s] -- Up-to-date: /home/atul/arduinobot_ws/install/arduinobot_messages/include/arduinobot_messages/arduinobot_messages/srv/detail
[2.602s] -- Up-to-date: /home/atul/arduinobot_ws/install/arduinobot_messages/include/arduinobot_messages/arduinobot_messages/srv/detail/add_two_ints__rosidl_typesupport_fastrtps_c.h
[2.602s] -- Up-to-date: /home/atul/arduinobot_ws/install/arduinobot_messages/lib/libarduinobot_messages__rosidl_typesupport_fastrtps_c.so
[2.603s] -- Up-to-date: /home/atul/arduinobot_ws/install/arduinobot_messages/include/arduinobot_messages/arduinobot_messages
[2.603s] -- Up-to-date: /home/atul/arduinobot_ws/install/arduinobot_messages/include/arduinobot_messages/arduinobot_messages/srv
[2.604s] -- Up-to-date: /home/atul/arduinobot_ws/install/arduinobot_messages/include/arduinobot_messages/arduinobot_messages/srv/detail
[2.605s] -- Up-to-date: /home/atul/arduinobot_ws/install/arduinobot_messages/include/arduinobot_messages/arduinobot_messages/srv/detail/add_two_ints__traits.hpp
[2.605s] -- Up-to-date: /home/atul/arduinobot_ws/install/arduinobot_messages/include/arduinobot_messages/arduinobot_messages/srv/detail/add_two_ints__builder.hpp
[2.605s] -- Up-to-date: /home/atul/arduinobot_ws/install/arduinobot_messages/include/arduinobot_messages/arduinobot_messages/srv/detail/add_two_ints__struct.hpp
[2.606s] -- Up-to-date: /home/atul/arduinobot_ws/install/arduinobot_messages/include/arduinobot_messages/arduinobot_messages/srv/add_two_ints.hpp
[2.607s] -- Up-to-date: /home/atul/arduinobot_ws/install/arduinobot_messages/include/arduinobot_messages/arduinobot_messages
[2.607s] -- Up-to-date: /home/atul/arduinobot_ws/install/arduinobot_messages/include/arduinobot_messages/arduinobot_messages/msg
[2.607s] -- Up-to-date: /home/atul/arduinobot_ws/install/arduinobot_messages/include/arduinobot_messages/arduinobot_messages/msg/rosidl_typesupport_fastrtps_cpp__visibility_control.h
[2.607s] -- Up-to-date: /home/atul/arduinobot_ws/install/arduinobot_messages/include/arduinobot_messages/arduinobot_messages/srv
[2.607s] -- Up-to-date: /home/atul/arduinobot_ws/install/arduinobot_messages/include/arduinobot_messages/arduinobot_messages/srv/detail
[2.607s] -- Up-to-date: /home/atul/arduinobot_ws/install/arduinobot_messages/include/arduinobot_messages/arduinobot_messages/srv/detail/add_two_ints__rosidl_typesupport_fastrtps_cpp.hpp
[2.607s] -- Up-to-date: /home/atul/arduinobot_ws/install/arduinobot_messages/include/arduinobot_messages/arduinobot_messages/srv/detail/dds_fastrtps
[2.607s] -- Up-to-date: /home/atul/arduinobot_ws/install/arduinobot_messages/lib/libarduinobot_messages__rosidl_typesupport_fastrtps_cpp.so
[2.607s] -- Up-to-date: /home/atul/arduinobot_ws/install/arduinobot_messages/include/arduinobot_messages/arduinobot_messages
[2.607s] -- Up-to-date: /home/atul/arduinobot_ws/install/arduinobot_messages/include/arduinobot_messages/arduinobot_messages/msg
[2.608s] -- Up-to-date: /home/atul/arduinobot_ws/install/arduinobot_messages/include/arduinobot_messages/arduinobot_messages/msg/rosidl_typesupport_introspection_c__visibility_control.h
[2.608s] -- Up-to-date: /home/atul/arduinobot_ws/install/arduinobot_messages/include/arduinobot_messages/arduinobot_messages/srv
[2.608s] -- Up-to-date: /home/atul/arduinobot_ws/install/arduinobot_messages/include/arduinobot_messages/arduinobot_messages/srv/detail
[2.608s] -- Up-to-date: /home/atul/arduinobot_ws/install/arduinobot_messages/include/arduinobot_messages/arduinobot_messages/srv/detail/add_two_ints__rosidl_typesupport_introspection_c.h
[2.608s] -- Up-to-date: /home/atul/arduinobot_ws/install/arduinobot_messages/include/arduinobot_messages/arduinobot_messages/srv/detail/add_two_ints__type_support.c
[2.608s] -- Up-to-date: /home/atul/arduinobot_ws/install/arduinobot_messages/lib/libarduinobot_messages__rosidl_typesupport_introspection_c.so
[2.608s] -- Up-to-date: /home/atul/arduinobot_ws/install/arduinobot_messages/lib/libarduinobot_messages__rosidl_typesupport_c.so
[2.608s] -- Up-to-date: /home/atul/arduinobot_ws/install/arduinobot_messages/include/arduinobot_messages/arduinobot_messages
[2.608s] -- Up-to-date: /home/atul/arduinobot_ws/install/arduinobot_messages/include/arduinobot_messages/arduinobot_messages/srv
[2.608s] -- Up-to-date: /home/atul/arduinobot_ws/install/arduinobot_messages/include/arduinobot_messages/arduinobot_messages/srv/detail
[2.608s] -- Up-to-date: /home/atul/arduinobot_ws/install/arduinobot_messages/include/arduinobot_messages/arduinobot_messages/srv/detail/add_two_ints__type_support.cpp
[2.608s] -- Up-to-date: /home/atul/arduinobot_ws/install/arduinobot_messages/include/arduinobot_messages/arduinobot_messages/srv/detail/add_two_ints__rosidl_typesupport_introspection_cpp.hpp
[2.608s] -- Up-to-date: /home/atul/arduinobot_ws/install/arduinobot_messages/lib/libarduinobot_messages__rosidl_typesupport_introspection_cpp.so
[2.608s] -- Up-to-date: /home/atul/arduinobot_ws/install/arduinobot_messages/lib/libarduinobot_messages__rosidl_typesupport_cpp.so
[2.608s] -- Up-to-date: /home/atul/arduinobot_ws/install/arduinobot_messages/share/arduinobot_messages/environment/pythonpath.sh
[2.609s] -- Installing: /home/atul/arduinobot_ws/install/arduinobot_messages/share/arduinobot_messages/environment/pythonpath.dsv
[2.609s] -- Up-to-date: /home/atul/arduinobot_ws/install/arduinobot_messages/local/lib/python3.10/dist-packages/arduinobot_messages-0.0.0-py3.10.egg-info
[2.609s] -- Installing: /home/atul/arduinobot_ws/install/arduinobot_messages/local/lib/python3.10/dist-packages/arduinobot_messages-0.0.0-py3.10.egg-info/top_level.txt
[2.609s] -- Installing: /home/atul/arduinobot_ws/install/arduinobot_messages/local/lib/python3.10/dist-packages/arduinobot_messages-0.0.0-py3.10.egg-info/SOURCES.txt
[2.609s] -- Installing: /home/atul/arduinobot_ws/install/arduinobot_messages/local/lib/python3.10/dist-packages/arduinobot_messages-0.0.0-py3.10.egg-info/dependency_links.txt
[2.610s] -- Installing: /home/atul/arduinobot_ws/install/arduinobot_messages/local/lib/python3.10/dist-packages/arduinobot_messages-0.0.0-py3.10.egg-info/PKG-INFO
[2.611s] -- Up-to-date: /home/atul/arduinobot_ws/install/arduinobot_messages/local/lib/python3.10/dist-packages/arduinobot_messages
[2.611s] -- Up-to-date: /home/atul/arduinobot_ws/install/arduinobot_messages/local/lib/python3.10/dist-packages/arduinobot_messages/arduinobot_messages_s__rosidl_typesupport_fastrtps_c.cpython-310-x86_64-linux-gnu.so
[2.611s] -- Up-to-date: /home/atul/arduinobot_ws/install/arduinobot_messages/local/lib/python3.10/dist-packages/arduinobot_messages/arduinobot_messages_s__rosidl_typesupport_c.cpython-310-x86_64-linux-gnu.so
[2.611s] -- Up-to-date: /home/atul/arduinobot_ws/install/arduinobot_messages/local/lib/python3.10/dist-packages/arduinobot_messages/libarduinobot_messages__rosidl_generator_py.so
[2.612s] -- Up-to-date: /home/atul/arduinobot_ws/install/arduinobot_messages/local/lib/python3.10/dist-packages/arduinobot_messages/_arduinobot_messages_s.ep.rosidl_typesupport_introspection_c.c
[2.612s] -- Up-to-date: /home/atul/arduinobot_ws/install/arduinobot_messages/local/lib/python3.10/dist-packages/arduinobot_messages/arduinobot_messages_s__rosidl_typesupport_introspection_c.cpython-310-x86_64-linux-gnu.so
[2.612s] -- Installing: /home/atul/arduinobot_ws/install/arduinobot_messages/local/lib/python3.10/dist-packages/arduinobot_messages/__init__.py
[2.612s] -- Up-to-date: /home/atul/arduinobot_ws/install/arduinobot_messages/local/lib/python3.10/dist-packages/arduinobot_messages/srv
[2.612s] -- Up-to-date: /home/atul/arduinobot_ws/install/arduinobot_messages/local/lib/python3.10/dist-packages/arduinobot_messages/srv/__init__.py
[2.612s] -- Up-to-date: /home/atul/arduinobot_ws/install/arduinobot_messages/local/lib/python3.10/dist-packages/arduinobot_messages/srv/_add_two_ints.py
[2.612s] -- Up-to-date: /home/atul/arduinobot_ws/install/arduinobot_messages/local/lib/python3.10/dist-packages/arduinobot_messages/srv/_add_two_ints_s.c
[2.612s] -- Up-to-date: /home/atul/arduinobot_ws/install/arduinobot_messages/local/lib/python3.10/dist-packages/arduinobot_messages/_arduinobot_messages_s.ep.rosidl_typesupport_c.c
[2.612s] -- Up-to-date: /home/atul/arduinobot_ws/install/arduinobot_messages/local/lib/python3.10/dist-packages/arduinobot_messages/_arduinobot_messages_s.ep.rosidl_typesupport_fastrtps_c.c
[2.662s] Listing '/home/atul/arduinobot_ws/install/arduinobot_messages/local/lib/python3.10/dist-packages/arduinobot_messages'...
[2.662s] Compiling '/home/atul/arduinobot_ws/install/arduinobot_messages/local/lib/python3.10/dist-packages/arduinobot_messages/__init__.py'...
[2.663s] Listing '/home/atul/arduinobot_ws/install/arduinobot_messages/local/lib/python3.10/dist-packages/arduinobot_messages/srv'...
[2.671s] -- Up-to-date: /home/atul/arduinobot_ws/install/arduinobot_messages/local/lib/python3.10/dist-packages/arduinobot_messages/arduinobot_messages_s__rosidl_typesupport_fastrtps_c.cpython-310-x86_64-linux-gnu.so
[2.672s] -- Up-to-date: /home/atul/arduinobot_ws/install/arduinobot_messages/local/lib/python3.10/dist-packages/arduinobot_messages/arduinobot_messages_s__rosidl_typesupport_introspection_c.cpython-310-x86_64-linux-gnu.so
[2.672s] -- Up-to-date: /home/atul/arduinobot_ws/install/arduinobot_messages/local/lib/python3.10/dist-packages/arduinobot_messages/arduinobot_messages_s__rosidl_typesupport_c.cpython-310-x86_64-linux-gnu.so
[2.672s] -- Up-to-date: /home/atul/arduinobot_ws/install/arduinobot_messages/lib/libarduinobot_messages__rosidl_generator_py.so
[2.673s] -- Up-to-date: /home/atul/arduinobot_ws/install/arduinobot_messages/share/arduinobot_messages/srv/AddTwoInts.idl
[2.674s] -- Up-to-date: /home/atul/arduinobot_ws/install/arduinobot_messages/share/arduinobot_messages/srv/AddTwoInts.srv
[2.674s] -- Up-to-date: /home/atul/arduinobot_ws/install/arduinobot_messages/share/arduinobot_messages/srv/AddTwoInts_Request.msg
[2.674s] -- Up-to-date: /home/atul/arduinobot_ws/install/arduinobot_messages/share/arduinobot_messages/srv/AddTwoInts_Response.msg
[2.675s] -- Up-to-date: /home/atul/arduinobot_ws/install/arduinobot_messages/share/ament_index/resource_index/package_run_dependencies/arduinobot_messages
[2.675s] -- Up-to-date: /home/atul/arduinobot_ws/install/arduinobot_messages/share/ament_index/resource_index/parent_prefix_path/arduinobot_messages
[2.675s] -- Up-to-date: /home/atul/arduinobot_ws/install/arduinobot_messages/share/arduinobot_messages/environment/ament_prefix_path.sh
[2.676s] -- Installing: /home/atul/arduinobot_ws/install/arduinobot_messages/share/arduinobot_messages/environment/ament_prefix_path.dsv
[2.676s] -- Up-to-date: /home/atul/arduinobot_ws/install/arduinobot_messages/share/arduinobot_messages/environment/path.sh
[2.676s] -- Installing: /home/atul/arduinobot_ws/install/arduinobot_messages/share/arduinobot_messages/environment/path.dsv
[2.676s] -- Up-to-date: /home/atul/arduinobot_ws/install/arduinobot_messages/share/arduinobot_messages/local_setup.bash
[2.677s] -- Up-to-date: /home/atul/arduinobot_ws/install/arduinobot_messages/share/arduinobot_messages/local_setup.sh
[2.677s] -- Up-to-date: /home/atul/arduinobot_ws/install/arduinobot_messages/share/arduinobot_messages/local_setup.zsh
[2.677s] -- Installing: /home/atul/arduinobot_ws/install/arduinobot_messages/share/arduinobot_messages/local_setup.dsv
[2.678s] -- Installing: /home/atul/arduinobot_ws/install/arduinobot_messages/share/arduinobot_messages/package.dsv
[2.678s] -- Up-to-date: /home/atul/arduinobot_ws/install/arduinobot_messages/share/ament_index/resource_index/packages/arduinobot_messages
[2.678s] -- Up-to-date: /home/atul/arduinobot_ws/install/arduinobot_messages/share/arduinobot_messages/cmake/export_arduinobot_messages__rosidl_generator_cExport.cmake
[2.679s] -- Up-to-date: /home/atul/arduinobot_ws/install/arduinobot_messages/share/arduinobot_messages/cmake/export_arduinobot_messages__rosidl_generator_cExport-noconfig.cmake
[2.679s] -- Up-to-date: /home/atul/arduinobot_ws/install/arduinobot_messages/share/arduinobot_messages/cmake/export_arduinobot_messages__rosidl_typesupport_fastrtps_cExport.cmake
[2.680s] -- Up-to-date: /home/atul/arduinobot_ws/install/arduinobot_messages/share/arduinobot_messages/cmake/export_arduinobot_messages__rosidl_typesupport_fastrtps_cExport-noconfig.cmake
[2.680s] -- Up-to-date: /home/atul/arduinobot_ws/install/arduinobot_messages/share/arduinobot_messages/cmake/export_arduinobot_messages__rosidl_generator_cppExport.cmake
[2.680s] -- Up-to-date: /home/atul/arduinobot_ws/install/arduinobot_messages/share/arduinobot_messages/cmake/export_arduinobot_messages__rosidl_typesupport_fastrtps_cppExport.cmake
[2.680s] -- Up-to-date: /home/atul/arduinobot_ws/install/arduinobot_messages/share/arduinobot_messages/cmake/export_arduinobot_messages__rosidl_typesupport_fastrtps_cppExport-noconfig.cmake
[2.680s] -- Up-to-date: /home/atul/arduinobot_ws/install/arduinobot_messages/share/arduinobot_messages/cmake/arduinobot_messages__rosidl_typesupport_introspection_cExport.cmake
[2.680s] -- Up-to-date: /home/atul/arduinobot_ws/install/arduinobot_messages/share/arduinobot_messages/cmake/arduinobot_messages__rosidl_typesupport_introspection_cExport-noconfig.cmake
[2.681s] -- Up-to-date: /home/atul/arduinobot_ws/install/arduinobot_messages/share/arduinobot_messages/cmake/arduinobot_messages__rosidl_typesupport_cExport.cmake
[2.681s] -- Up-to-date: /home/atul/arduinobot_ws/install/arduinobot_messages/share/arduinobot_messages/cmake/arduinobot_messages__rosidl_typesupport_cExport-noconfig.cmake
[2.681s] -- Up-to-date: /home/atul/arduinobot_ws/install/arduinobot_messages/share/arduinobot_messages/cmake/arduinobot_messages__rosidl_typesupport_introspection_cppExport.cmake
[2.681s] -- Up-to-date: /home/atul/arduinobot_ws/install/arduinobot_messages/share/arduinobot_messages/cmake/arduinobot_messages__rosidl_typesupport_introspection_cppExport-noconfig.cmake
[2.681s] -- Up-to-date: /home/atul/arduinobot_ws/install/arduinobot_messages/share/arduinobot_messages/cmake/arduinobot_messages__rosidl_typesupport_cppExport.cmake
[2.681s] -- Up-to-date: /home/atul/arduinobot_ws/install/arduinobot_messages/share/arduinobot_messages/cmake/arduinobot_messages__rosidl_typesupport_cppExport-noconfig.cmake
[2.681s] -- Up-to-date: /home/atul/arduinobot_ws/install/arduinobot_messages/share/arduinobot_messages/cmake/export_arduinobot_messages__rosidl_generator_pyExport.cmake
[2.681s] -- Up-to-date: /home/atul/arduinobot_ws/install/arduinobot_messages/share/arduinobot_messages/cmake/export_arduinobot_messages__rosidl_generator_pyExport-noconfig.cmake
[2.681s] -- Up-to-date: /home/atul/arduinobot_ws/install/arduinobot_messages/share/arduinobot_messages/cmake/rosidl_cmake-extras.cmake
[2.681s] -- Up-to-date: /home/atul/arduinobot_ws/install/arduinobot_messages/share/arduinobot_messages/cmake/ament_cmake_export_include_directories-extras.cmake
[2.681s] -- Up-to-date: /home/atul/arduinobot_ws/install/arduinobot_messages/share/arduinobot_messages/cmake/ament_cmake_export_libraries-extras.cmake
[2.681s] -- Up-to-date: /home/atul/arduinobot_ws/install/arduinobot_messages/share/arduinobot_messages/cmake/ament_cmake_export_targets-extras.cmake
[2.682s] -- Up-to-date: /home/atul/arduinobot_ws/install/arduinobot_messages/share/arduinobot_messages/cmake/rosidl_cmake_export_typesupport_targets-extras.cmake
[2.682s] -- Up-to-date: /home/atul/arduinobot_ws/install/arduinobot_messages/share/arduinobot_messages/cmake/ament_cmake_export_dependencies-extras.cmake
[2.682s] -- Up-to-date: /home/atul/arduinobot_ws/install/arduinobot_messages/share/arduinobot_messages/cmake/rosidl_cmake_export_typesupport_libraries-extras.cmake
[2.682s] -- Up-to-date: /home/atul/arduinobot_ws/install/arduinobot_messages/share/arduinobot_messages/cmake/arduinobot_messagesConfig.cmake
[2.682s] -- Up-to-date: /home/atul/arduinobot_ws/install/arduinobot_messages/share/arduinobot_messages/cmake/arduinobot_messagesConfig-version.cmake
[2.682s] -- Installing: /home/atul/arduinobot_ws/install/arduinobot_messages/share/arduinobot_messages/package.xml
[2.686s] Invoked command in '/home/atul/arduinobot_ws/build/arduinobot_messages' returned '0': CMAKE_PREFIX_PATH=${CMAKE_PREFIX_PATH}:/home/atul/arduinobot_ws/install/arduinobot_py_examples:/opt/ros/humble WSLENV=ELECTRON_RUN_AS_NODE/w: /usr/bin/cmake --install /home/atul/arduinobot_ws/build/arduinobot_messages
