[0.541s] DEBUG:colcon:Command line arguments: ['/usr/bin/colcon', 'build']
[0.541s] DEBUG:colcon:Parsed command line arguments: Namespace(log_base=None, log_level=None, verb_name='build', build_base='build', install_base='install', merge_install=False, symlink_install=False, test_result_base=None, continue_on_error=False, executor='parallel', parallel_workers=12, event_handlers=None, ignore_user_meta=False, metas=['./colcon.meta'], base_paths=['.'], packages_ignore=None, packages_ignore_regex=None, paths=None, packages_up_to=None, packages_up_to_regex=None, packages_above=None, packages_above_and_dependencies=None, packages_above_depth=None, packages_select_by_dep=None, packages_skip_by_dep=None, packages_skip_up_to=None, packages_select_build_failed=False, packages_skip_build_finished=False, packages_select_test_failures=False, packages_skip_test_passed=False, packages_select=None, packages_skip=None, packages_select_regex=None, packages_skip_regex=None, packages_start=None, packages_end=None, allow_overriding=[], cmake_args=None, cmake_target=None, cmake_target_skip_unavailable=False, cmake_clean_cache=False, cmake_clean_first=False, cmake_force_configure=False, ament_cmake_args=None, catkin_cmake_args=None, catkin_skip_building_tests=False, mixin_files=None, mixin=None, verb_parser=<colcon_mixin.mixin.mixin_argument.MixinArgumentDecorator object at 0x7f8a7d324e80>, verb_extension=<colcon_core.verb.build.BuildVerb object at 0x7f8a7d3247f0>, main=<bound method BuildVerb.main of <colcon_core.verb.build.BuildVerb object at 0x7f8a7d3247f0>>, mixin_verb=('build',))
[0.954s] Level 1:colcon.colcon_core.package_discovery:discover_packages(colcon_meta) check parameters
[0.955s] Level 1:colcon.colcon_core.package_discovery:discover_packages(recursive) check parameters
[0.955s] Level 1:colcon.colcon_core.package_discovery:discover_packages(ignore) check parameters
[0.955s] Level 1:colcon.colcon_core.package_discovery:discover_packages(path) check parameters
[0.955s] Level 1:colcon.colcon_core.package_discovery:discover_packages(colcon_meta) discover
[0.955s] Level 1:colcon.colcon_core.package_discovery:discover_packages(recursive) discover
[0.955s] INFO:colcon.colcon_core.package_discovery:Crawling recursively for packages in '/home/atul/arduinobot_ws'
[0.955s] Level 1:colcon.colcon_core.package_identification:_identify(.) by extensions ['ignore', 'ignore_ament_install']
[0.955s] Level 1:colcon.colcon_core.package_identification:_identify(.) by extension 'ignore'
[0.955s] Level 1:colcon.colcon_core.package_identification:_identify(.) by extension 'ignore_ament_install'
[0.955s] Level 1:colcon.colcon_core.package_identification:_identify(.) by extensions ['colcon_pkg']
[0.955s] Level 1:colcon.colcon_core.package_identification:_identify(.) by extension 'colcon_pkg'
[0.955s] Level 1:colcon.colcon_core.package_identification:_identify(.) by extensions ['colcon_meta']
[0.955s] Level 1:colcon.colcon_core.package_identification:_identify(.) by extension 'colcon_meta'
[0.955s] Level 1:colcon.colcon_core.package_identification:_identify(.) by extensions ['ros']
[0.955s] Level 1:colcon.colcon_core.package_identification:_identify(.) by extension 'ros'
[0.979s] Level 1:colcon.colcon_core.package_identification:_identify(.) by extensions ['cmake', 'python']
[0.980s] Level 1:colcon.colcon_core.package_identification:_identify(.) by extension 'cmake'
[0.980s] Level 1:colcon.colcon_core.package_identification:_identify(.) by extension 'python'
[0.980s] Level 1:colcon.colcon_core.package_identification:_identify(.) by extensions ['python_setup_py']
[0.980s] Level 1:colcon.colcon_core.package_identification:_identify(.) by extension 'python_setup_py'
[0.980s] Level 1:colcon.colcon_core.package_identification:_identify(build) by extensions ['ignore', 'ignore_ament_install']
[0.980s] Level 1:colcon.colcon_core.package_identification:_identify(build) by extension 'ignore'
[0.980s] Level 1:colcon.colcon_core.package_identification:_identify(build) ignored
[0.981s] Level 1:colcon.colcon_core.package_identification:_identify(install) by extensions ['ignore', 'ignore_ament_install']
[0.981s] Level 1:colcon.colcon_core.package_identification:_identify(install) by extension 'ignore'
[0.981s] Level 1:colcon.colcon_core.package_identification:_identify(install) ignored
[0.982s] Level 1:colcon.colcon_core.package_identification:_identify(log) by extensions ['ignore', 'ignore_ament_install']
[0.982s] Level 1:colcon.colcon_core.package_identification:_identify(log) by extension 'ignore'
[0.982s] Level 1:colcon.colcon_core.package_identification:_identify(log) ignored
[0.982s] Level 1:colcon.colcon_core.package_identification:_identify(src) by extensions ['ignore', 'ignore_ament_install']
[0.983s] Level 1:colcon.colcon_core.package_identification:_identify(src) by extension 'ignore'
[0.983s] Level 1:colcon.colcon_core.package_identification:_identify(src) by extension 'ignore_ament_install'
[0.983s] Level 1:colcon.colcon_core.package_identification:_identify(src) by extensions ['colcon_pkg']
[0.983s] Level 1:colcon.colcon_core.package_identification:_identify(src) by extension 'colcon_pkg'
[0.983s] Level 1:colcon.colcon_core.package_identification:_identify(src) by extensions ['colcon_meta']
[0.983s] Level 1:colcon.colcon_core.package_identification:_identify(src) by extension 'colcon_meta'
[0.983s] Level 1:colcon.colcon_core.package_identification:_identify(src) by extensions ['ros']
[0.983s] Level 1:colcon.colcon_core.package_identification:_identify(src) by extension 'ros'
[0.983s] Level 1:colcon.colcon_core.package_identification:_identify(src) by extensions ['cmake', 'python']
[0.983s] Level 1:colcon.colcon_core.package_identification:_identify(src) by extension 'cmake'
[0.983s] Level 1:colcon.colcon_core.package_identification:_identify(src) by extension 'python'
[0.983s] Level 1:colcon.colcon_core.package_identification:_identify(src) by extensions ['python_setup_py']
[0.984s] Level 1:colcon.colcon_core.package_identification:_identify(src) by extension 'python_setup_py'
[0.984s] Level 1:colcon.colcon_core.package_identification:_identify(src/arduinobot_description) by extensions ['ignore', 'ignore_ament_install']
[0.984s] Level 1:colcon.colcon_core.package_identification:_identify(src/arduinobot_description) by extension 'ignore'
[0.984s] Level 1:colcon.colcon_core.package_identification:_identify(src/arduinobot_description) by extension 'ignore_ament_install'
[0.984s] Level 1:colcon.colcon_core.package_identification:_identify(src/arduinobot_description) by extensions ['colcon_pkg']
[0.984s] Level 1:colcon.colcon_core.package_identification:_identify(src/arduinobot_description) by extension 'colcon_pkg'
[0.984s] Level 1:colcon.colcon_core.package_identification:_identify(src/arduinobot_description) by extensions ['colcon_meta']
[0.984s] Level 1:colcon.colcon_core.package_identification:_identify(src/arduinobot_description) by extension 'colcon_meta'
[0.984s] Level 1:colcon.colcon_core.package_identification:_identify(src/arduinobot_description) by extensions ['ros']
[0.984s] Level 1:colcon.colcon_core.package_identification:_identify(src/arduinobot_description) by extension 'ros'
[0.992s] DEBUG:colcon.colcon_core.package_identification:Package 'src/arduinobot_description' with type 'ros.ament_cmake' and name 'arduinobot_description'
[0.993s] Level 1:colcon.colcon_core.package_identification:_identify(src/arduinobot_py_examples) by extensions ['ignore', 'ignore_ament_install']
[0.993s] Level 1:colcon.colcon_core.package_identification:_identify(src/arduinobot_py_examples) by extension 'ignore'
[0.993s] Level 1:colcon.colcon_core.package_identification:_identify(src/arduinobot_py_examples) by extension 'ignore_ament_install'
[0.993s] Level 1:colcon.colcon_core.package_identification:_identify(src/arduinobot_py_examples) by extensions ['colcon_pkg']
[0.993s] Level 1:colcon.colcon_core.package_identification:_identify(src/arduinobot_py_examples) by extension 'colcon_pkg'
[0.993s] Level 1:colcon.colcon_core.package_identification:_identify(src/arduinobot_py_examples) by extensions ['colcon_meta']
[0.993s] Level 1:colcon.colcon_core.package_identification:_identify(src/arduinobot_py_examples) by extension 'colcon_meta'
[0.993s] Level 1:colcon.colcon_core.package_identification:_identify(src/arduinobot_py_examples) by extensions ['ros']
[0.993s] Level 1:colcon.colcon_core.package_identification:_identify(src/arduinobot_py_examples) by extension 'ros'
[0.995s] DEBUG:colcon.colcon_core.package_identification:Package 'src/arduinobot_py_examples' with type 'ros.ament_python' and name 'arduinobot_py_examples'
[0.995s] Level 1:colcon.colcon_core.package_discovery:discover_packages(recursive) using defaults
[0.995s] Level 1:colcon.colcon_core.package_discovery:discover_packages(ignore) discover
[0.995s] Level 1:colcon.colcon_core.package_discovery:discover_packages(ignore) using defaults
[0.995s] Level 1:colcon.colcon_core.package_discovery:discover_packages(path) discover
[0.995s] Level 1:colcon.colcon_core.package_discovery:discover_packages(path) using defaults
[1.053s] Level 1:colcon.colcon_core.package_discovery:discover_packages(prefix_path) check parameters
[1.053s] Level 1:colcon.colcon_core.package_discovery:discover_packages(prefix_path) discover
[1.058s] Level 1:colcon.colcon_core.package_discovery:discover_packages(prefix_path) using defaults
[1.063s] Level 5:colcon.colcon_core.verb:set package 'arduinobot_description' build argument 'cmake_args' from command line to 'None'
[1.063s] Level 5:colcon.colcon_core.verb:set package 'arduinobot_description' build argument 'cmake_target' from command line to 'None'
[1.063s] Level 5:colcon.colcon_core.verb:set package 'arduinobot_description' build argument 'cmake_target_skip_unavailable' from command line to 'False'
[1.063s] Level 5:colcon.colcon_core.verb:set package 'arduinobot_description' build argument 'cmake_clean_cache' from command line to 'False'
[1.063s] Level 5:colcon.colcon_core.verb:set package 'arduinobot_description' build argument 'cmake_clean_first' from command line to 'False'
[1.063s] Level 5:colcon.colcon_core.verb:set package 'arduinobot_description' build argument 'cmake_force_configure' from command line to 'False'
[1.063s] Level 5:colcon.colcon_core.verb:set package 'arduinobot_description' build argument 'ament_cmake_args' from command line to 'None'
[1.063s] Level 5:colcon.colcon_core.verb:set package 'arduinobot_description' build argument 'catkin_cmake_args' from command line to 'None'
[1.063s] Level 5:colcon.colcon_core.verb:set package 'arduinobot_description' build argument 'catkin_skip_building_tests' from command line to 'False'
[1.063s] DEBUG:colcon.colcon_core.verb:Building package 'arduinobot_description' with the following arguments: {'ament_cmake_args': None, 'build_base': '/home/atul/arduinobot_ws/build/arduinobot_description', 'catkin_cmake_args': None, 'catkin_skip_building_tests': False, 'cmake_args': None, 'cmake_clean_cache': False, 'cmake_clean_first': False, 'cmake_force_configure': False, 'cmake_target': None, 'cmake_target_skip_unavailable': False, 'install_base': '/home/atul/arduinobot_ws/install/arduinobot_description', 'merge_install': False, 'path': '/home/atul/arduinobot_ws/src/arduinobot_description', 'symlink_install': False, 'test_result_base': None}
[1.064s] Level 5:colcon.colcon_core.verb:set package 'arduinobot_py_examples' build argument 'cmake_args' from command line to 'None'
[1.064s] Level 5:colcon.colcon_core.verb:set package 'arduinobot_py_examples' build argument 'cmake_target' from command line to 'None'
[1.064s] Level 5:colcon.colcon_core.verb:set package 'arduinobot_py_examples' build argument 'cmake_target_skip_unavailable' from command line to 'False'
[1.064s] Level 5:colcon.colcon_core.verb:set package 'arduinobot_py_examples' build argument 'cmake_clean_cache' from command line to 'False'
[1.064s] Level 5:colcon.colcon_core.verb:set package 'arduinobot_py_examples' build argument 'cmake_clean_first' from command line to 'False'
[1.064s] Level 5:colcon.colcon_core.verb:set package 'arduinobot_py_examples' build argument 'cmake_force_configure' from command line to 'False'
[1.064s] Level 5:colcon.colcon_core.verb:set package 'arduinobot_py_examples' build argument 'ament_cmake_args' from command line to 'None'
[1.065s] Level 5:colcon.colcon_core.verb:set package 'arduinobot_py_examples' build argument 'catkin_cmake_args' from command line to 'None'
[1.065s] Level 5:colcon.colcon_core.verb:set package 'arduinobot_py_examples' build argument 'catkin_skip_building_tests' from command line to 'False'
[1.065s] DEBUG:colcon.colcon_core.verb:Building package 'arduinobot_py_examples' with the following arguments: {'ament_cmake_args': None, 'build_base': '/home/atul/arduinobot_ws/build/arduinobot_py_examples', 'catkin_cmake_args': None, 'catkin_skip_building_tests': False, 'cmake_args': None, 'cmake_clean_cache': False, 'cmake_clean_first': False, 'cmake_force_configure': False, 'cmake_target': None, 'cmake_target_skip_unavailable': False, 'install_base': '/home/atul/arduinobot_ws/install/arduinobot_py_examples', 'merge_install': False, 'path': '/home/atul/arduinobot_ws/src/arduinobot_py_examples', 'symlink_install': False, 'test_result_base': None}
[1.065s] INFO:colcon.colcon_core.executor:Executing jobs using 'parallel' executor
[1.067s] DEBUG:colcon.colcon_parallel_executor.executor.parallel:run_until_complete
[1.067s] INFO:colcon.colcon_ros.task.ament_cmake.build:Building ROS package in '/home/atul/arduinobot_ws/src/arduinobot_description' with build type 'ament_cmake'
[1.068s] INFO:colcon.colcon_cmake.task.cmake.build:Building CMake package in '/home/atul/arduinobot_ws/src/arduinobot_description'
[1.077s] INFO:colcon.colcon_core.plugin_system:Skipping extension 'colcon_core.shell.bat': Not used on non-Windows systems
[1.078s] INFO:colcon.colcon_core.shell:Skip shell extension 'powershell' for command environment: Not usable outside of PowerShell
[1.078s] DEBUG:colcon.colcon_core.shell:Skip shell extension 'dsv' for command environment
[1.083s] INFO:colcon.colcon_ros.task.ament_python.build:Building ROS package in '/home/atul/arduinobot_ws/src/arduinobot_py_examples' with build type 'ament_python'
[1.083s] Level 1:colcon.colcon_core.shell:create_environment_hook('arduinobot_py_examples', 'ament_prefix_path')
[1.083s] INFO:colcon.colcon_core.shell:Creating environment hook '/home/atul/arduinobot_ws/install/arduinobot_py_examples/share/arduinobot_py_examples/hook/ament_prefix_path.ps1'
[1.087s] INFO:colcon.colcon_core.shell:Creating environment descriptor '/home/atul/arduinobot_ws/install/arduinobot_py_examples/share/arduinobot_py_examples/hook/ament_prefix_path.dsv'
[1.089s] INFO:colcon.colcon_core.shell:Creating environment hook '/home/atul/arduinobot_ws/install/arduinobot_py_examples/share/arduinobot_py_examples/hook/ament_prefix_path.sh'
[1.091s] INFO:colcon.colcon_core.shell:Skip shell extension 'powershell' for command environment: Not usable outside of PowerShell
[1.091s] DEBUG:colcon.colcon_core.shell:Skip shell extension 'dsv' for command environment
[1.117s] DEBUG:colcon.colcon_core.event_handler.log_command:Invoking command in '/home/atul/arduinobot_ws/build/arduinobot_description': /usr/bin/cmake --build /home/atul/arduinobot_ws/build/arduinobot_description -- -j12 -l12
[1.381s] INFO:colcon.colcon_core.task.python.build:Building Python package in '/home/atul/arduinobot_ws/src/arduinobot_py_examples'
[1.381s] INFO:colcon.colcon_core.shell:Skip shell extension 'powershell' for command environment: Not usable outside of PowerShell
[1.382s] DEBUG:colcon.colcon_core.shell:Skip shell extension 'dsv' for command environment
[1.390s] DEBUG:colcon.colcon_core.event_handler.log_command:Invoked command in '/home/atul/arduinobot_ws/build/arduinobot_description' returned '0': /usr/bin/cmake --build /home/atul/arduinobot_ws/build/arduinobot_description -- -j12 -l12
[1.431s] DEBUG:colcon.colcon_core.event_handler.log_command:Invoking command in '/home/atul/arduinobot_ws/build/arduinobot_description': /usr/bin/cmake --install /home/atul/arduinobot_ws/build/arduinobot_description
[1.454s] Level 1:colcon.colcon_core.environment:create_environment_scripts_only(arduinobot_description)
[1.455s] DEBUG:colcon.colcon_core.event_handler.log_command:Invoked command in '/home/atul/arduinobot_ws/build/arduinobot_description' returned '0': /usr/bin/cmake --install /home/atul/arduinobot_ws/build/arduinobot_description
[1.464s] Level 1:colcon.colcon_core.environment:checking '/home/atul/arduinobot_ws/install/arduinobot_description' for CMake module files
[1.465s] Level 1:colcon.colcon_core.environment:checking '/home/atul/arduinobot_ws/install/arduinobot_description' for CMake config files
[1.466s] Level 1:colcon.colcon_core.shell:create_environment_hook('arduinobot_description', 'cmake_prefix_path')
[1.466s] INFO:colcon.colcon_core.shell:Creating environment hook '/home/atul/arduinobot_ws/install/arduinobot_description/share/arduinobot_description/hook/cmake_prefix_path.ps1'
[1.468s] INFO:colcon.colcon_core.shell:Creating environment descriptor '/home/atul/arduinobot_ws/install/arduinobot_description/share/arduinobot_description/hook/cmake_prefix_path.dsv'
[1.469s] INFO:colcon.colcon_core.shell:Creating environment hook '/home/atul/arduinobot_ws/install/arduinobot_description/share/arduinobot_description/hook/cmake_prefix_path.sh'
[1.470s] Level 1:colcon.colcon_core.environment:checking '/home/atul/arduinobot_ws/install/arduinobot_description/bin'
[1.470s] Level 1:colcon.colcon_core.environment:checking '/home/atul/arduinobot_ws/install/arduinobot_description/lib/pkgconfig/arduinobot_description.pc'
[1.471s] Level 1:colcon.colcon_core.environment:checking '/home/atul/arduinobot_ws/install/arduinobot_description/lib/python3.10/site-packages'
[1.471s] Level 1:colcon.colcon_core.environment:checking '/home/atul/arduinobot_ws/install/arduinobot_description/bin'
[1.471s] INFO:colcon.colcon_core.shell:Creating package script '/home/atul/arduinobot_ws/install/arduinobot_description/share/arduinobot_description/package.ps1'
[1.472s] INFO:colcon.colcon_core.shell:Creating package descriptor '/home/atul/arduinobot_ws/install/arduinobot_description/share/arduinobot_description/package.dsv'
[1.474s] INFO:colcon.colcon_core.shell:Creating package script '/home/atul/arduinobot_ws/install/arduinobot_description/share/arduinobot_description/package.sh'
[1.476s] INFO:colcon.colcon_core.shell:Creating package script '/home/atul/arduinobot_ws/install/arduinobot_description/share/arduinobot_description/package.bash'
[1.477s] INFO:colcon.colcon_core.shell:Creating package script '/home/atul/arduinobot_ws/install/arduinobot_description/share/arduinobot_description/package.zsh'
[1.479s] Level 1:colcon.colcon_core.environment:create_file_with_runtime_dependencies(/home/atul/arduinobot_ws/install/arduinobot_description/share/colcon-core/packages/arduinobot_description)
[1.508s] Level 1:colcon.colcon_core.environment:create_environment_scripts_only(arduinobot_description)
[1.509s] Level 1:colcon.colcon_core.environment:checking '/home/atul/arduinobot_ws/install/arduinobot_description' for CMake module files
[1.510s] Level 1:colcon.colcon_core.environment:checking '/home/atul/arduinobot_ws/install/arduinobot_description' for CMake config files
[1.510s] Level 1:colcon.colcon_core.shell:create_environment_hook('arduinobot_description', 'cmake_prefix_path')
[1.511s] INFO:colcon.colcon_core.shell:Creating environment hook '/home/atul/arduinobot_ws/install/arduinobot_description/share/arduinobot_description/hook/cmake_prefix_path.ps1'
[1.512s] INFO:colcon.colcon_core.shell:Creating environment descriptor '/home/atul/arduinobot_ws/install/arduinobot_description/share/arduinobot_description/hook/cmake_prefix_path.dsv'
[1.512s] INFO:colcon.colcon_core.shell:Creating environment hook '/home/atul/arduinobot_ws/install/arduinobot_description/share/arduinobot_description/hook/cmake_prefix_path.sh'
[1.513s] Level 1:colcon.colcon_core.environment:checking '/home/atul/arduinobot_ws/install/arduinobot_description/bin'
[1.513s] Level 1:colcon.colcon_core.environment:checking '/home/atul/arduinobot_ws/install/arduinobot_description/lib/pkgconfig/arduinobot_description.pc'
[1.514s] Level 1:colcon.colcon_core.environment:checking '/home/atul/arduinobot_ws/install/arduinobot_description/lib/python3.10/site-packages'
[1.514s] Level 1:colcon.colcon_core.environment:checking '/home/atul/arduinobot_ws/install/arduinobot_description/bin'
[1.514s] INFO:colcon.colcon_core.shell:Creating package script '/home/atul/arduinobot_ws/install/arduinobot_description/share/arduinobot_description/package.ps1'
[1.515s] INFO:colcon.colcon_core.shell:Creating package descriptor '/home/atul/arduinobot_ws/install/arduinobot_description/share/arduinobot_description/package.dsv'
[1.516s] INFO:colcon.colcon_core.shell:Creating package script '/home/atul/arduinobot_ws/install/arduinobot_description/share/arduinobot_description/package.sh'
[1.517s] INFO:colcon.colcon_core.shell:Creating package script '/home/atul/arduinobot_ws/install/arduinobot_description/share/arduinobot_description/package.bash'
[1.517s] INFO:colcon.colcon_core.shell:Creating package script '/home/atul/arduinobot_ws/install/arduinobot_description/share/arduinobot_description/package.zsh'
[1.518s] Level 1:colcon.colcon_core.environment:create_file_with_runtime_dependencies(/home/atul/arduinobot_ws/install/arduinobot_description/share/colcon-core/packages/arduinobot_description)
[2.154s] DEBUG:colcon.colcon_core.event_handler.log_command:Invoking command in '/home/atul/arduinobot_ws/src/arduinobot_py_examples': PYTHONPATH=/home/atul/arduinobot_ws/build/arduinobot_py_examples/prefix_override:/home/atul/arduinobot_ws/install/arduinobot_py_examples/lib/python3.10/site-packages: /usr/bin/python3 -W ignore:setup.py install is deprecated setup.py egg_info --egg-base ../../build/arduinobot_py_examples build --build-base /home/atul/arduinobot_ws/build/arduinobot_py_examples/build install --record /home/atul/arduinobot_ws/build/arduinobot_py_examples/install.log --single-version-externally-managed install_data
[2.492s] Level 1:colcon.colcon_core.environment:checking '/home/atul/arduinobot_ws/install/arduinobot_py_examples' for CMake module files
[2.494s] DEBUG:colcon.colcon_core.event_handler.log_command:Invoked command in '/home/atul/arduinobot_ws/src/arduinobot_py_examples' returned '0': PYTHONPATH=/home/atul/arduinobot_ws/build/arduinobot_py_examples/prefix_override:/home/atul/arduinobot_ws/install/arduinobot_py_examples/lib/python3.10/site-packages: /usr/bin/python3 -W ignore:setup.py install is deprecated setup.py egg_info --egg-base ../../build/arduinobot_py_examples build --build-base /home/atul/arduinobot_ws/build/arduinobot_py_examples/build install --record /home/atul/arduinobot_ws/build/arduinobot_py_examples/install.log --single-version-externally-managed install_data
[2.495s] Level 1:colcon.colcon_core.environment:checking '/home/atul/arduinobot_ws/install/arduinobot_py_examples' for CMake config files
[2.496s] Level 1:colcon.colcon_core.environment:checking '/home/atul/arduinobot_ws/install/arduinobot_py_examples/lib'
[2.497s] Level 1:colcon.colcon_core.environment:checking '/home/atul/arduinobot_ws/install/arduinobot_py_examples/bin'
[2.497s] Level 1:colcon.colcon_core.environment:checking '/home/atul/arduinobot_ws/install/arduinobot_py_examples/lib/pkgconfig/arduinobot_py_examples.pc'
[2.497s] Level 1:colcon.colcon_core.environment:checking '/home/atul/arduinobot_ws/install/arduinobot_py_examples/lib/python3.10/site-packages'
[2.497s] Level 1:colcon.colcon_core.shell:create_environment_hook('arduinobot_py_examples', 'pythonpath')
[2.498s] INFO:colcon.colcon_core.shell:Creating environment hook '/home/atul/arduinobot_ws/install/arduinobot_py_examples/share/arduinobot_py_examples/hook/pythonpath.ps1'
[2.498s] INFO:colcon.colcon_core.shell:Creating environment descriptor '/home/atul/arduinobot_ws/install/arduinobot_py_examples/share/arduinobot_py_examples/hook/pythonpath.dsv'
[2.499s] INFO:colcon.colcon_core.shell:Creating environment hook '/home/atul/arduinobot_ws/install/arduinobot_py_examples/share/arduinobot_py_examples/hook/pythonpath.sh'
[2.499s] Level 1:colcon.colcon_core.environment:checking '/home/atul/arduinobot_ws/install/arduinobot_py_examples/bin'
[2.499s] Level 1:colcon.colcon_core.environment:create_environment_scripts_only(arduinobot_py_examples)
[2.500s] INFO:colcon.colcon_core.shell:Creating package script '/home/atul/arduinobot_ws/install/arduinobot_py_examples/share/arduinobot_py_examples/package.ps1'
[2.501s] INFO:colcon.colcon_core.shell:Creating package descriptor '/home/atul/arduinobot_ws/install/arduinobot_py_examples/share/arduinobot_py_examples/package.dsv'
[2.502s] INFO:colcon.colcon_core.shell:Creating package script '/home/atul/arduinobot_ws/install/arduinobot_py_examples/share/arduinobot_py_examples/package.sh'
[2.502s] INFO:colcon.colcon_core.shell:Creating package script '/home/atul/arduinobot_ws/install/arduinobot_py_examples/share/arduinobot_py_examples/package.bash'
[2.503s] INFO:colcon.colcon_core.shell:Creating package script '/home/atul/arduinobot_ws/install/arduinobot_py_examples/share/arduinobot_py_examples/package.zsh'
[2.503s] Level 1:colcon.colcon_core.environment:create_file_with_runtime_dependencies(/home/atul/arduinobot_ws/install/arduinobot_py_examples/share/colcon-core/packages/arduinobot_py_examples)
[2.503s] DEBUG:colcon.colcon_parallel_executor.executor.parallel:closing loop
[2.504s] DEBUG:colcon.colcon_parallel_executor.executor.parallel:loop closed
[2.504s] DEBUG:colcon.colcon_parallel_executor.executor.parallel:run_until_complete finished with '0'
[2.504s] DEBUG:colcon.colcon_core.event_reactor:joining thread
[2.610s] INFO:colcon.colcon_core.plugin_system:Skipping extension 'colcon_notification.desktop_notification.notify_send': Could not find 'notify-send'
[2.610s] INFO:colcon.colcon_core.plugin_system:Skipping extension 'colcon_notification.desktop_notification.terminal_notifier': Not used on non-Darwin systems
[2.610s] INFO:colcon.colcon_core.plugin_system:Skipping extension 'colcon_notification.desktop_notification.win32': Not used on non-Windows systems
[2.610s] INFO:colcon.colcon_notification.desktop_notification:Sending desktop notification using 'notify2'
[2.613s] DEBUG:colcon.colcon_notification.desktop_notification.notify2:Failed to initialize notify2: org.freedesktop.DBus.Error.FileNotFound: Failed to connect to socket /run/user/1000/bus: No such file or directory
[2.614s] DEBUG:colcon.colcon_core.event_reactor:joined thread
[2.614s] INFO:colcon.colcon_core.shell:Creating prefix script '/home/atul/arduinobot_ws/install/local_setup.ps1'
[2.617s] INFO:colcon.colcon_core.shell:Creating prefix util module '/home/atul/arduinobot_ws/install/_local_setup_util_ps1.py'
[2.620s] INFO:colcon.colcon_core.shell:Creating prefix chain script '/home/atul/arduinobot_ws/install/setup.ps1'
[2.621s] INFO:colcon.colcon_core.shell:Creating prefix script '/home/atul/arduinobot_ws/install/local_setup.sh'
[2.623s] INFO:colcon.colcon_core.shell:Creating prefix util module '/home/atul/arduinobot_ws/install/_local_setup_util_sh.py'
[2.623s] INFO:colcon.colcon_core.shell:Creating prefix chain script '/home/atul/arduinobot_ws/install/setup.sh'
[2.625s] INFO:colcon.colcon_core.shell:Creating prefix script '/home/atul/arduinobot_ws/install/local_setup.bash'
[2.627s] INFO:colcon.colcon_core.shell:Creating prefix chain script '/home/atul/arduinobot_ws/install/setup.bash'
[2.629s] INFO:colcon.colcon_core.shell:Creating prefix script '/home/atul/arduinobot_ws/install/local_setup.zsh'
[2.630s] INFO:colcon.colcon_core.shell:Creating prefix chain script '/home/atul/arduinobot_ws/install/setup.zsh'
