[0.496s] DEBUG:colcon:Command line arguments: ['/usr/bin/colcon', 'build']
[0.496s] DEBUG:colcon:Parsed command line arguments: Namespace(log_base=None, log_level=None, verb_name='build', build_base='build', install_base='install', merge_install=False, symlink_install=False, test_result_base=None, continue_on_error=False, executor='parallel', parallel_workers=12, event_handlers=None, ignore_user_meta=False, metas=['./colcon.meta'], base_paths=['.'], packages_ignore=None, packages_ignore_regex=None, paths=None, packages_up_to=None, packages_up_to_regex=None, packages_above=None, packages_above_and_dependencies=None, packages_above_depth=None, packages_select_by_dep=None, packages_skip_by_dep=None, packages_skip_up_to=None, packages_select_build_failed=False, packages_skip_build_finished=False, packages_select_test_failures=False, packages_skip_test_passed=False, packages_select=None, packages_skip=None, packages_select_regex=None, packages_skip_regex=None, packages_start=None, packages_end=None, allow_overriding=[], cmake_args=None, cmake_target=None, cmake_target_skip_unavailable=False, cmake_clean_cache=False, cmake_clean_first=False, cmake_force_configure=False, ament_cmake_args=None, catkin_cmake_args=None, catkin_skip_building_tests=False, mixin_files=None, mixin=None, verb_parser=<colcon_mixin.mixin.mixin_argument.MixinArgumentDecorator object at 0x7fdf418c2380>, verb_extension=<colcon_core.verb.build.BuildVerb object at 0x7fdf418c1cf0>, main=<bound method BuildVerb.main of <colcon_core.verb.build.BuildVerb object at 0x7fdf418c1cf0>>, mixin_verb=('build',))
[1.026s] Level 1:colcon.colcon_core.package_discovery:discover_packages(colcon_meta) check parameters
[1.026s] Level 1:colcon.colcon_core.package_discovery:discover_packages(recursive) check parameters
[1.026s] Level 1:colcon.colcon_core.package_discovery:discover_packages(ignore) check parameters
[1.026s] Level 1:colcon.colcon_core.package_discovery:discover_packages(path) check parameters
[1.026s] Level 1:colcon.colcon_core.package_discovery:discover_packages(colcon_meta) discover
[1.026s] Level 1:colcon.colcon_core.package_discovery:discover_packages(recursive) discover
[1.026s] INFO:colcon.colcon_core.package_discovery:Crawling recursively for packages in '/home/atul/arduinobot_ws'
[1.027s] Level 1:colcon.colcon_core.package_identification:_identify(.) by extensions ['ignore', 'ignore_ament_install']
[1.027s] Level 1:colcon.colcon_core.package_identification:_identify(.) by extension 'ignore'
[1.027s] Level 1:colcon.colcon_core.package_identification:_identify(.) by extension 'ignore_ament_install'
[1.027s] Level 1:colcon.colcon_core.package_identification:_identify(.) by extensions ['colcon_pkg']
[1.027s] Level 1:colcon.colcon_core.package_identification:_identify(.) by extension 'colcon_pkg'
[1.027s] Level 1:colcon.colcon_core.package_identification:_identify(.) by extensions ['colcon_meta']
[1.027s] Level 1:colcon.colcon_core.package_identification:_identify(.) by extension 'colcon_meta'
[1.027s] Level 1:colcon.colcon_core.package_identification:_identify(.) by extensions ['ros']
[1.027s] Level 1:colcon.colcon_core.package_identification:_identify(.) by extension 'ros'
[1.053s] Level 1:colcon.colcon_core.package_identification:_identify(.) by extensions ['cmake', 'python']
[1.053s] Level 1:colcon.colcon_core.package_identification:_identify(.) by extension 'cmake'
[1.053s] Level 1:colcon.colcon_core.package_identification:_identify(.) by extension 'python'
[1.053s] Level 1:colcon.colcon_core.package_identification:_identify(.) by extensions ['python_setup_py']
[1.053s] Level 1:colcon.colcon_core.package_identification:_identify(.) by extension 'python_setup_py'
[1.054s] Level 1:colcon.colcon_core.package_identification:_identify(build) by extensions ['ignore', 'ignore_ament_install']
[1.054s] Level 1:colcon.colcon_core.package_identification:_identify(build) by extension 'ignore'
[1.054s] Level 1:colcon.colcon_core.package_identification:_identify(build) ignored
[1.054s] Level 1:colcon.colcon_core.package_identification:_identify(install) by extensions ['ignore', 'ignore_ament_install']
[1.054s] Level 1:colcon.colcon_core.package_identification:_identify(install) by extension 'ignore'
[1.054s] Level 1:colcon.colcon_core.package_identification:_identify(install) ignored
[1.054s] Level 1:colcon.colcon_core.package_identification:_identify(log) by extensions ['ignore', 'ignore_ament_install']
[1.054s] Level 1:colcon.colcon_core.package_identification:_identify(log) by extension 'ignore'
[1.055s] Level 1:colcon.colcon_core.package_identification:_identify(log) ignored
[1.055s] Level 1:colcon.colcon_core.package_identification:_identify(src) by extensions ['ignore', 'ignore_ament_install']
[1.055s] Level 1:colcon.colcon_core.package_identification:_identify(src) by extension 'ignore'
[1.055s] Level 1:colcon.colcon_core.package_identification:_identify(src) by extension 'ignore_ament_install'
[1.055s] Level 1:colcon.colcon_core.package_identification:_identify(src) by extensions ['colcon_pkg']
[1.055s] Level 1:colcon.colcon_core.package_identification:_identify(src) by extension 'colcon_pkg'
[1.055s] Level 1:colcon.colcon_core.package_identification:_identify(src) by extensions ['colcon_meta']
[1.055s] Level 1:colcon.colcon_core.package_identification:_identify(src) by extension 'colcon_meta'
[1.055s] Level 1:colcon.colcon_core.package_identification:_identify(src) by extensions ['ros']
[1.055s] Level 1:colcon.colcon_core.package_identification:_identify(src) by extension 'ros'
[1.055s] Level 1:colcon.colcon_core.package_identification:_identify(src) by extensions ['cmake', 'python']
[1.055s] Level 1:colcon.colcon_core.package_identification:_identify(src) by extension 'cmake'
[1.055s] Level 1:colcon.colcon_core.package_identification:_identify(src) by extension 'python'
[1.055s] Level 1:colcon.colcon_core.package_identification:_identify(src) by extensions ['python_setup_py']
[1.055s] Level 1:colcon.colcon_core.package_identification:_identify(src) by extension 'python_setup_py'
[1.055s] Level 1:colcon.colcon_core.package_identification:_identify(src/arduinobot_controller) by extensions ['ignore', 'ignore_ament_install']
[1.056s] Level 1:colcon.colcon_core.package_identification:_identify(src/arduinobot_controller) by extension 'ignore'
[1.056s] Level 1:colcon.colcon_core.package_identification:_identify(src/arduinobot_controller) by extension 'ignore_ament_install'
[1.056s] Level 1:colcon.colcon_core.package_identification:_identify(src/arduinobot_controller) by extensions ['colcon_pkg']
[1.056s] Level 1:colcon.colcon_core.package_identification:_identify(src/arduinobot_controller) by extension 'colcon_pkg'
[1.056s] Level 1:colcon.colcon_core.package_identification:_identify(src/arduinobot_controller) by extensions ['colcon_meta']
[1.056s] Level 1:colcon.colcon_core.package_identification:_identify(src/arduinobot_controller) by extension 'colcon_meta'
[1.056s] Level 1:colcon.colcon_core.package_identification:_identify(src/arduinobot_controller) by extensions ['ros']
[1.056s] Level 1:colcon.colcon_core.package_identification:_identify(src/arduinobot_controller) by extension 'ros'
[1.063s] DEBUG:colcon.colcon_core.package_identification:Package 'src/arduinobot_controller' with type 'ros.ament_cmake' and name 'arduinobot_controller'
[1.063s] Level 1:colcon.colcon_core.package_identification:_identify(src/arduinobot_description) by extensions ['ignore', 'ignore_ament_install']
[1.063s] Level 1:colcon.colcon_core.package_identification:_identify(src/arduinobot_description) by extension 'ignore'
[1.063s] Level 1:colcon.colcon_core.package_identification:_identify(src/arduinobot_description) by extension 'ignore_ament_install'
[1.063s] Level 1:colcon.colcon_core.package_identification:_identify(src/arduinobot_description) by extensions ['colcon_pkg']
[1.063s] Level 1:colcon.colcon_core.package_identification:_identify(src/arduinobot_description) by extension 'colcon_pkg'
[1.063s] Level 1:colcon.colcon_core.package_identification:_identify(src/arduinobot_description) by extensions ['colcon_meta']
[1.063s] Level 1:colcon.colcon_core.package_identification:_identify(src/arduinobot_description) by extension 'colcon_meta'
[1.063s] Level 1:colcon.colcon_core.package_identification:_identify(src/arduinobot_description) by extensions ['ros']
[1.063s] Level 1:colcon.colcon_core.package_identification:_identify(src/arduinobot_description) by extension 'ros'
[1.065s] DEBUG:colcon.colcon_core.package_identification:Package 'src/arduinobot_description' with type 'ros.ament_cmake' and name 'arduinobot_description'
[1.065s] Level 1:colcon.colcon_core.package_identification:_identify(src/arduinobot_messages) by extensions ['ignore', 'ignore_ament_install']
[1.065s] Level 1:colcon.colcon_core.package_identification:_identify(src/arduinobot_messages) by extension 'ignore'
[1.065s] Level 1:colcon.colcon_core.package_identification:_identify(src/arduinobot_messages) by extension 'ignore_ament_install'
[1.065s] Level 1:colcon.colcon_core.package_identification:_identify(src/arduinobot_messages) by extensions ['colcon_pkg']
[1.065s] Level 1:colcon.colcon_core.package_identification:_identify(src/arduinobot_messages) by extension 'colcon_pkg'
[1.065s] Level 1:colcon.colcon_core.package_identification:_identify(src/arduinobot_messages) by extensions ['colcon_meta']
[1.065s] Level 1:colcon.colcon_core.package_identification:_identify(src/arduinobot_messages) by extension 'colcon_meta'
[1.065s] Level 1:colcon.colcon_core.package_identification:_identify(src/arduinobot_messages) by extensions ['ros']
[1.065s] Level 1:colcon.colcon_core.package_identification:_identify(src/arduinobot_messages) by extension 'ros'
[1.067s] DEBUG:colcon.colcon_core.package_identification:Package 'src/arduinobot_messages' with type 'ros.ament_cmake' and name 'arduinobot_messages'
[1.067s] Level 1:colcon.colcon_core.package_identification:_identify(src/arduinobot_py_examples) by extensions ['ignore', 'ignore_ament_install']
[1.068s] Level 1:colcon.colcon_core.package_identification:_identify(src/arduinobot_py_examples) by extension 'ignore'
[1.068s] Level 1:colcon.colcon_core.package_identification:_identify(src/arduinobot_py_examples) by extension 'ignore_ament_install'
[1.068s] Level 1:colcon.colcon_core.package_identification:_identify(src/arduinobot_py_examples) by extensions ['colcon_pkg']
[1.068s] Level 1:colcon.colcon_core.package_identification:_identify(src/arduinobot_py_examples) by extension 'colcon_pkg'
[1.068s] Level 1:colcon.colcon_core.package_identification:_identify(src/arduinobot_py_examples) by extensions ['colcon_meta']
[1.068s] Level 1:colcon.colcon_core.package_identification:_identify(src/arduinobot_py_examples) by extension 'colcon_meta'
[1.068s] Level 1:colcon.colcon_core.package_identification:_identify(src/arduinobot_py_examples) by extensions ['ros']
[1.068s] Level 1:colcon.colcon_core.package_identification:_identify(src/arduinobot_py_examples) by extension 'ros'
[1.071s] DEBUG:colcon.colcon_core.package_identification:Package 'src/arduinobot_py_examples' with type 'ros.ament_python' and name 'arduinobot_py_examples'
[1.071s] Level 1:colcon.colcon_core.package_discovery:discover_packages(recursive) using defaults
[1.072s] Level 1:colcon.colcon_core.package_discovery:discover_packages(ignore) discover
[1.072s] Level 1:colcon.colcon_core.package_discovery:discover_packages(ignore) using defaults
[1.072s] Level 1:colcon.colcon_core.package_discovery:discover_packages(path) discover
[1.072s] Level 1:colcon.colcon_core.package_discovery:discover_packages(path) using defaults
[1.161s] Level 1:colcon.colcon_core.package_discovery:discover_packages(prefix_path) check parameters
[1.161s] Level 1:colcon.colcon_core.package_discovery:discover_packages(prefix_path) discover
[1.169s] DEBUG:colcon.colcon_installed_package_information.package_discovery:Found 4 installed packages in /home/atul/arduinobot_ws/install
[1.173s] DEBUG:colcon.colcon_installed_package_information.package_discovery:Found 354 installed packages in /opt/ros/humble
[1.176s] Level 1:colcon.colcon_core.package_discovery:discover_packages(prefix_path) using defaults
[1.370s] Level 5:colcon.colcon_core.verb:set package 'arduinobot_controller' build argument 'cmake_args' from command line to 'None'
[1.371s] Level 5:colcon.colcon_core.verb:set package 'arduinobot_controller' build argument 'cmake_target' from command line to 'None'
[1.371s] Level 5:colcon.colcon_core.verb:set package 'arduinobot_controller' build argument 'cmake_target_skip_unavailable' from command line to 'False'
[1.371s] Level 5:colcon.colcon_core.verb:set package 'arduinobot_controller' build argument 'cmake_clean_cache' from command line to 'False'
[1.371s] Level 5:colcon.colcon_core.verb:set package 'arduinobot_controller' build argument 'cmake_clean_first' from command line to 'False'
[1.371s] Level 5:colcon.colcon_core.verb:set package 'arduinobot_controller' build argument 'cmake_force_configure' from command line to 'False'
[1.371s] Level 5:colcon.colcon_core.verb:set package 'arduinobot_controller' build argument 'ament_cmake_args' from command line to 'None'
[1.371s] Level 5:colcon.colcon_core.verb:set package 'arduinobot_controller' build argument 'catkin_cmake_args' from command line to 'None'
[1.371s] Level 5:colcon.colcon_core.verb:set package 'arduinobot_controller' build argument 'catkin_skip_building_tests' from command line to 'False'
[1.371s] DEBUG:colcon.colcon_core.verb:Building package 'arduinobot_controller' with the following arguments: {'ament_cmake_args': None, 'build_base': '/home/atul/arduinobot_ws/build/arduinobot_controller', 'catkin_cmake_args': None, 'catkin_skip_building_tests': False, 'cmake_args': None, 'cmake_clean_cache': False, 'cmake_clean_first': False, 'cmake_force_configure': False, 'cmake_target': None, 'cmake_target_skip_unavailable': False, 'install_base': '/home/atul/arduinobot_ws/install/arduinobot_controller', 'merge_install': False, 'path': '/home/atul/arduinobot_ws/src/arduinobot_controller', 'symlink_install': False, 'test_result_base': None}
[1.371s] Level 5:colcon.colcon_core.verb:set package 'arduinobot_description' build argument 'cmake_args' from command line to 'None'
[1.372s] Level 5:colcon.colcon_core.verb:set package 'arduinobot_description' build argument 'cmake_target' from command line to 'None'
[1.372s] Level 5:colcon.colcon_core.verb:set package 'arduinobot_description' build argument 'cmake_target_skip_unavailable' from command line to 'False'
[1.372s] Level 5:colcon.colcon_core.verb:set package 'arduinobot_description' build argument 'cmake_clean_cache' from command line to 'False'
[1.372s] Level 5:colcon.colcon_core.verb:set package 'arduinobot_description' build argument 'cmake_clean_first' from command line to 'False'
[1.372s] Level 5:colcon.colcon_core.verb:set package 'arduinobot_description' build argument 'cmake_force_configure' from command line to 'False'
[1.372s] Level 5:colcon.colcon_core.verb:set package 'arduinobot_description' build argument 'ament_cmake_args' from command line to 'None'
[1.372s] Level 5:colcon.colcon_core.verb:set package 'arduinobot_description' build argument 'catkin_cmake_args' from command line to 'None'
[1.372s] Level 5:colcon.colcon_core.verb:set package 'arduinobot_description' build argument 'catkin_skip_building_tests' from command line to 'False'
[1.372s] DEBUG:colcon.colcon_core.verb:Building package 'arduinobot_description' with the following arguments: {'ament_cmake_args': None, 'build_base': '/home/atul/arduinobot_ws/build/arduinobot_description', 'catkin_cmake_args': None, 'catkin_skip_building_tests': False, 'cmake_args': None, 'cmake_clean_cache': False, 'cmake_clean_first': False, 'cmake_force_configure': False, 'cmake_target': None, 'cmake_target_skip_unavailable': False, 'install_base': '/home/atul/arduinobot_ws/install/arduinobot_description', 'merge_install': False, 'path': '/home/atul/arduinobot_ws/src/arduinobot_description', 'symlink_install': False, 'test_result_base': None}
[1.372s] Level 5:colcon.colcon_core.verb:set package 'arduinobot_messages' build argument 'cmake_args' from command line to 'None'
[1.372s] Level 5:colcon.colcon_core.verb:set package 'arduinobot_messages' build argument 'cmake_target' from command line to 'None'
[1.372s] Level 5:colcon.colcon_core.verb:set package 'arduinobot_messages' build argument 'cmake_target_skip_unavailable' from command line to 'False'
[1.372s] Level 5:colcon.colcon_core.verb:set package 'arduinobot_messages' build argument 'cmake_clean_cache' from command line to 'False'
[1.372s] Level 5:colcon.colcon_core.verb:set package 'arduinobot_messages' build argument 'cmake_clean_first' from command line to 'False'
[1.372s] Level 5:colcon.colcon_core.verb:set package 'arduinobot_messages' build argument 'cmake_force_configure' from command line to 'False'
[1.372s] Level 5:colcon.colcon_core.verb:set package 'arduinobot_messages' build argument 'ament_cmake_args' from command line to 'None'
[1.372s] Level 5:colcon.colcon_core.verb:set package 'arduinobot_messages' build argument 'catkin_cmake_args' from command line to 'None'
[1.372s] Level 5:colcon.colcon_core.verb:set package 'arduinobot_messages' build argument 'catkin_skip_building_tests' from command line to 'False'
[1.373s] DEBUG:colcon.colcon_core.verb:Building package 'arduinobot_messages' with the following arguments: {'ament_cmake_args': None, 'build_base': '/home/atul/arduinobot_ws/build/arduinobot_messages', 'catkin_cmake_args': None, 'catkin_skip_building_tests': False, 'cmake_args': None, 'cmake_clean_cache': False, 'cmake_clean_first': False, 'cmake_force_configure': False, 'cmake_target': None, 'cmake_target_skip_unavailable': False, 'install_base': '/home/atul/arduinobot_ws/install/arduinobot_messages', 'merge_install': False, 'path': '/home/atul/arduinobot_ws/src/arduinobot_messages', 'symlink_install': False, 'test_result_base': None}
[1.373s] Level 5:colcon.colcon_core.verb:set package 'arduinobot_py_examples' build argument 'cmake_args' from command line to 'None'
[1.373s] Level 5:colcon.colcon_core.verb:set package 'arduinobot_py_examples' build argument 'cmake_target' from command line to 'None'
[1.373s] Level 5:colcon.colcon_core.verb:set package 'arduinobot_py_examples' build argument 'cmake_target_skip_unavailable' from command line to 'False'
[1.373s] Level 5:colcon.colcon_core.verb:set package 'arduinobot_py_examples' build argument 'cmake_clean_cache' from command line to 'False'
[1.373s] Level 5:colcon.colcon_core.verb:set package 'arduinobot_py_examples' build argument 'cmake_clean_first' from command line to 'False'
[1.373s] Level 5:colcon.colcon_core.verb:set package 'arduinobot_py_examples' build argument 'cmake_force_configure' from command line to 'False'
[1.373s] Level 5:colcon.colcon_core.verb:set package 'arduinobot_py_examples' build argument 'ament_cmake_args' from command line to 'None'
[1.373s] Level 5:colcon.colcon_core.verb:set package 'arduinobot_py_examples' build argument 'catkin_cmake_args' from command line to 'None'
[1.373s] Level 5:colcon.colcon_core.verb:set package 'arduinobot_py_examples' build argument 'catkin_skip_building_tests' from command line to 'False'
[1.373s] DEBUG:colcon.colcon_core.verb:Building package 'arduinobot_py_examples' with the following arguments: {'ament_cmake_args': None, 'build_base': '/home/atul/arduinobot_ws/build/arduinobot_py_examples', 'catkin_cmake_args': None, 'catkin_skip_building_tests': False, 'cmake_args': None, 'cmake_clean_cache': False, 'cmake_clean_first': False, 'cmake_force_configure': False, 'cmake_target': None, 'cmake_target_skip_unavailable': False, 'install_base': '/home/atul/arduinobot_ws/install/arduinobot_py_examples', 'merge_install': False, 'path': '/home/atul/arduinobot_ws/src/arduinobot_py_examples', 'symlink_install': False, 'test_result_base': None}
[1.373s] INFO:colcon.colcon_core.executor:Executing jobs using 'parallel' executor
[1.375s] DEBUG:colcon.colcon_parallel_executor.executor.parallel:run_until_complete
[1.375s] INFO:colcon.colcon_ros.task.ament_cmake.build:Building ROS package in '/home/atul/arduinobot_ws/src/arduinobot_controller' with build type 'ament_cmake'
[1.375s] INFO:colcon.colcon_cmake.task.cmake.build:Building CMake package in '/home/atul/arduinobot_ws/src/arduinobot_controller'
[1.383s] INFO:colcon.colcon_core.plugin_system:Skipping extension 'colcon_core.shell.bat': Not used on non-Windows systems
[1.383s] INFO:colcon.colcon_core.shell:Skip shell extension 'powershell' for command environment: Not usable outside of PowerShell
[1.384s] DEBUG:colcon.colcon_core.shell:Skip shell extension 'dsv' for command environment
[1.390s] INFO:colcon.colcon_ros.task.ament_cmake.build:Building ROS package in '/home/atul/arduinobot_ws/src/arduinobot_description' with build type 'ament_cmake'
[1.391s] INFO:colcon.colcon_cmake.task.cmake.build:Building CMake package in '/home/atul/arduinobot_ws/src/arduinobot_description'
[1.392s] INFO:colcon.colcon_core.shell:Skip shell extension 'powershell' for command environment: Not usable outside of PowerShell
[1.392s] DEBUG:colcon.colcon_core.shell:Skip shell extension 'dsv' for command environment
[1.399s] INFO:colcon.colcon_ros.task.ament_cmake.build:Building ROS package in '/home/atul/arduinobot_ws/src/arduinobot_messages' with build type 'ament_cmake'
[1.400s] INFO:colcon.colcon_cmake.task.cmake.build:Building CMake package in '/home/atul/arduinobot_ws/src/arduinobot_messages'
[1.401s] INFO:colcon.colcon_core.shell:Skip shell extension 'powershell' for command environment: Not usable outside of PowerShell
[1.401s] DEBUG:colcon.colcon_core.shell:Skip shell extension 'dsv' for command environment
[1.408s] INFO:colcon.colcon_ros.task.ament_python.build:Building ROS package in '/home/atul/arduinobot_ws/src/arduinobot_py_examples' with build type 'ament_python'
[1.409s] Level 1:colcon.colcon_core.shell:create_environment_hook('arduinobot_py_examples', 'ament_prefix_path')
[1.412s] INFO:colcon.colcon_core.shell:Creating environment hook '/home/atul/arduinobot_ws/install/arduinobot_py_examples/share/arduinobot_py_examples/hook/ament_prefix_path.ps1'
[1.426s] INFO:colcon.colcon_core.shell:Creating environment descriptor '/home/atul/arduinobot_ws/install/arduinobot_py_examples/share/arduinobot_py_examples/hook/ament_prefix_path.dsv'
[1.427s] INFO:colcon.colcon_core.shell:Creating environment hook '/home/atul/arduinobot_ws/install/arduinobot_py_examples/share/arduinobot_py_examples/hook/ament_prefix_path.sh'
[1.429s] INFO:colcon.colcon_core.shell:Skip shell extension 'powershell' for command environment: Not usable outside of PowerShell
[1.429s] DEBUG:colcon.colcon_core.shell:Skip shell extension 'dsv' for command environment
[1.483s] DEBUG:colcon.colcon_core.event_handler.log_command:Invoking command in '/home/atul/arduinobot_ws/build/arduinobot_controller': CMAKE_PREFIX_PATH=${CMAKE_PREFIX_PATH}:/home/atul/arduinobot_ws/install/arduinobot_py_examples:/opt/ros/humble WSLENV=ELECTRON_RUN_AS_NODE/w: /usr/bin/cmake --build /home/atul/arduinobot_ws/build/arduinobot_controller -- -j12 -l12
[1.489s] DEBUG:colcon.colcon_core.event_handler.log_command:Invoking command in '/home/atul/arduinobot_ws/build/arduinobot_description': CMAKE_PREFIX_PATH=${CMAKE_PREFIX_PATH}:/home/atul/arduinobot_ws/install/arduinobot_py_examples:/opt/ros/humble WSLENV=ELECTRON_RUN_AS_NODE/w: /usr/bin/cmake --build /home/atul/arduinobot_ws/build/arduinobot_description -- -j12 -l12
[1.500s] DEBUG:colcon.colcon_core.event_handler.log_command:Invoking command in '/home/atul/arduinobot_ws/build/arduinobot_messages': CMAKE_PREFIX_PATH=${CMAKE_PREFIX_PATH}:/home/atul/arduinobot_ws/install/arduinobot_py_examples:/opt/ros/humble WSLENV=ELECTRON_RUN_AS_NODE/w: /usr/bin/cmake --build /home/atul/arduinobot_ws/build/arduinobot_messages -- -j12 -l12
[1.871s] INFO:colcon.colcon_core.task.python.build:Building Python package in '/home/atul/arduinobot_ws/src/arduinobot_py_examples'
[1.872s] INFO:colcon.colcon_core.shell:Skip shell extension 'powershell' for command environment: Not usable outside of PowerShell
[1.872s] DEBUG:colcon.colcon_core.shell:Skip shell extension 'dsv' for command environment
[1.882s] DEBUG:colcon.colcon_core.event_handler.log_command:Invoked command in '/home/atul/arduinobot_ws/build/arduinobot_description' returned '0': CMAKE_PREFIX_PATH=${CMAKE_PREFIX_PATH}:/home/atul/arduinobot_ws/install/arduinobot_py_examples:/opt/ros/humble WSLENV=ELECTRON_RUN_AS_NODE/w: /usr/bin/cmake --build /home/atul/arduinobot_ws/build/arduinobot_description -- -j12 -l12
[1.922s] DEBUG:colcon.colcon_core.event_handler.log_command:Invoking command in '/home/atul/arduinobot_ws/build/arduinobot_description': CMAKE_PREFIX_PATH=${CMAKE_PREFIX_PATH}:/home/atul/arduinobot_ws/install/arduinobot_py_examples:/opt/ros/humble WSLENV=ELECTRON_RUN_AS_NODE/w: /usr/bin/cmake --install /home/atul/arduinobot_ws/build/arduinobot_description
[1.949s] Level 1:colcon.colcon_core.environment:create_environment_scripts_only(arduinobot_description)
[1.957s] DEBUG:colcon.colcon_core.event_handler.log_command:Invoked command in '/home/atul/arduinobot_ws/build/arduinobot_description' returned '0': CMAKE_PREFIX_PATH=${CMAKE_PREFIX_PATH}:/home/atul/arduinobot_ws/install/arduinobot_py_examples:/opt/ros/humble WSLENV=ELECTRON_RUN_AS_NODE/w: /usr/bin/cmake --install /home/atul/arduinobot_ws/build/arduinobot_description
[1.968s] Level 1:colcon.colcon_core.environment:checking '/home/atul/arduinobot_ws/install/arduinobot_description' for CMake module files
[1.969s] Level 1:colcon.colcon_core.environment:checking '/home/atul/arduinobot_ws/install/arduinobot_description' for CMake config files
[1.969s] Level 1:colcon.colcon_core.shell:create_environment_hook('arduinobot_description', 'cmake_prefix_path')
[1.970s] INFO:colcon.colcon_core.shell:Creating environment hook '/home/atul/arduinobot_ws/install/arduinobot_description/share/arduinobot_description/hook/cmake_prefix_path.ps1'
[1.970s] INFO:colcon.colcon_core.shell:Creating environment descriptor '/home/atul/arduinobot_ws/install/arduinobot_description/share/arduinobot_description/hook/cmake_prefix_path.dsv'
[1.971s] INFO:colcon.colcon_core.shell:Creating environment hook '/home/atul/arduinobot_ws/install/arduinobot_description/share/arduinobot_description/hook/cmake_prefix_path.sh'
[1.972s] Level 1:colcon.colcon_core.environment:checking '/home/atul/arduinobot_ws/install/arduinobot_description/bin'
[1.972s] Level 1:colcon.colcon_core.environment:checking '/home/atul/arduinobot_ws/install/arduinobot_description/lib/pkgconfig/arduinobot_description.pc'
[1.972s] Level 1:colcon.colcon_core.environment:checking '/home/atul/arduinobot_ws/install/arduinobot_description/lib/python3.10/site-packages'
[1.972s] Level 1:colcon.colcon_core.environment:checking '/home/atul/arduinobot_ws/install/arduinobot_description/bin'
[1.973s] INFO:colcon.colcon_core.shell:Creating package script '/home/atul/arduinobot_ws/install/arduinobot_description/share/arduinobot_description/package.ps1'
[1.974s] INFO:colcon.colcon_core.shell:Creating package descriptor '/home/atul/arduinobot_ws/install/arduinobot_description/share/arduinobot_description/package.dsv'
[1.975s] INFO:colcon.colcon_core.shell:Creating package script '/home/atul/arduinobot_ws/install/arduinobot_description/share/arduinobot_description/package.sh'
[1.978s] INFO:colcon.colcon_core.shell:Creating package script '/home/atul/arduinobot_ws/install/arduinobot_description/share/arduinobot_description/package.bash'
[1.980s] INFO:colcon.colcon_core.shell:Creating package script '/home/atul/arduinobot_ws/install/arduinobot_description/share/arduinobot_description/package.zsh'
[1.981s] Level 1:colcon.colcon_core.environment:create_file_with_runtime_dependencies(/home/atul/arduinobot_ws/install/arduinobot_description/share/colcon-core/packages/arduinobot_description)
[2.011s] Level 1:colcon.colcon_core.environment:create_environment_scripts_only(arduinobot_description)
[2.012s] Level 1:colcon.colcon_core.environment:checking '/home/atul/arduinobot_ws/install/arduinobot_description' for CMake module files
[2.015s] Level 1:colcon.colcon_core.environment:checking '/home/atul/arduinobot_ws/install/arduinobot_description' for CMake config files
[2.016s] Level 1:colcon.colcon_core.shell:create_environment_hook('arduinobot_description', 'cmake_prefix_path')
[2.017s] INFO:colcon.colcon_core.shell:Creating environment hook '/home/atul/arduinobot_ws/install/arduinobot_description/share/arduinobot_description/hook/cmake_prefix_path.ps1'
[2.019s] INFO:colcon.colcon_core.shell:Creating environment descriptor '/home/atul/arduinobot_ws/install/arduinobot_description/share/arduinobot_description/hook/cmake_prefix_path.dsv'
[2.021s] INFO:colcon.colcon_core.shell:Creating environment hook '/home/atul/arduinobot_ws/install/arduinobot_description/share/arduinobot_description/hook/cmake_prefix_path.sh'
[2.022s] Level 1:colcon.colcon_core.environment:checking '/home/atul/arduinobot_ws/install/arduinobot_description/bin'
[2.022s] Level 1:colcon.colcon_core.environment:checking '/home/atul/arduinobot_ws/install/arduinobot_description/lib/pkgconfig/arduinobot_description.pc'
[2.023s] Level 1:colcon.colcon_core.environment:checking '/home/atul/arduinobot_ws/install/arduinobot_description/lib/python3.10/site-packages'
[2.024s] Level 1:colcon.colcon_core.environment:checking '/home/atul/arduinobot_ws/install/arduinobot_description/bin'
[2.025s] INFO:colcon.colcon_core.shell:Creating package script '/home/atul/arduinobot_ws/install/arduinobot_description/share/arduinobot_description/package.ps1'
[2.026s] INFO:colcon.colcon_core.shell:Creating package descriptor '/home/atul/arduinobot_ws/install/arduinobot_description/share/arduinobot_description/package.dsv'
[2.027s] INFO:colcon.colcon_core.shell:Creating package script '/home/atul/arduinobot_ws/install/arduinobot_description/share/arduinobot_description/package.sh'
[2.028s] INFO:colcon.colcon_core.shell:Creating package script '/home/atul/arduinobot_ws/install/arduinobot_description/share/arduinobot_description/package.bash'
[2.029s] INFO:colcon.colcon_core.shell:Creating package script '/home/atul/arduinobot_ws/install/arduinobot_description/share/arduinobot_description/package.zsh'
[2.030s] Level 1:colcon.colcon_core.environment:create_file_with_runtime_dependencies(/home/atul/arduinobot_ws/install/arduinobot_description/share/colcon-core/packages/arduinobot_description)
[2.072s] DEBUG:colcon.colcon_core.event_handler.log_command:Invoked command in '/home/atul/arduinobot_ws/build/arduinobot_controller' returned '0': CMAKE_PREFIX_PATH=${CMAKE_PREFIX_PATH}:/home/atul/arduinobot_ws/install/arduinobot_py_examples:/opt/ros/humble WSLENV=ELECTRON_RUN_AS_NODE/w: /usr/bin/cmake --build /home/atul/arduinobot_ws/build/arduinobot_controller -- -j12 -l12
[2.080s] DEBUG:colcon.colcon_core.event_handler.log_command:Invoked command in '/home/atul/arduinobot_ws/build/arduinobot_messages' returned '0': CMAKE_PREFIX_PATH=${CMAKE_PREFIX_PATH}:/home/atul/arduinobot_ws/install/arduinobot_py_examples:/opt/ros/humble WSLENV=ELECTRON_RUN_AS_NODE/w: /usr/bin/cmake --build /home/atul/arduinobot_ws/build/arduinobot_messages -- -j12 -l12
[2.109s] DEBUG:colcon.colcon_core.event_handler.log_command:Invoking command in '/home/atul/arduinobot_ws/build/arduinobot_controller': CMAKE_PREFIX_PATH=${CMAKE_PREFIX_PATH}:/home/atul/arduinobot_ws/install/arduinobot_py_examples:/opt/ros/humble WSLENV=ELECTRON_RUN_AS_NODE/w: /usr/bin/cmake --install /home/atul/arduinobot_ws/build/arduinobot_controller
[2.161s] DEBUG:colcon.colcon_core.event_handler.log_command:Invoking command in '/home/atul/arduinobot_ws/build/arduinobot_messages': CMAKE_PREFIX_PATH=${CMAKE_PREFIX_PATH}:/home/atul/arduinobot_ws/install/arduinobot_py_examples:/opt/ros/humble WSLENV=ELECTRON_RUN_AS_NODE/w: /usr/bin/cmake --install /home/atul/arduinobot_ws/build/arduinobot_messages
[2.183s] Level 1:colcon.colcon_core.environment:create_environment_scripts_only(arduinobot_controller)
[2.184s] Level 1:colcon.colcon_core.environment:checking '/home/atul/arduinobot_ws/install/arduinobot_controller' for CMake module files
[2.189s] Level 1:colcon.colcon_core.environment:checking '/home/atul/arduinobot_ws/install/arduinobot_controller' for CMake config files
[2.190s] Level 1:colcon.colcon_core.shell:create_environment_hook('arduinobot_controller', 'cmake_prefix_path')
[2.191s] INFO:colcon.colcon_core.shell:Creating environment hook '/home/atul/arduinobot_ws/install/arduinobot_controller/share/arduinobot_controller/hook/cmake_prefix_path.ps1'
[2.198s] INFO:colcon.colcon_core.shell:Creating environment descriptor '/home/atul/arduinobot_ws/install/arduinobot_controller/share/arduinobot_controller/hook/cmake_prefix_path.dsv'
[2.199s] DEBUG:colcon.colcon_core.event_handler.log_command:Invoked command in '/home/atul/arduinobot_ws/build/arduinobot_controller' returned '0': CMAKE_PREFIX_PATH=${CMAKE_PREFIX_PATH}:/home/atul/arduinobot_ws/install/arduinobot_py_examples:/opt/ros/humble WSLENV=ELECTRON_RUN_AS_NODE/w: /usr/bin/cmake --install /home/atul/arduinobot_ws/build/arduinobot_controller
[2.200s] INFO:colcon.colcon_core.shell:Creating environment hook '/home/atul/arduinobot_ws/install/arduinobot_controller/share/arduinobot_controller/hook/cmake_prefix_path.sh'
[2.203s] Level 1:colcon.colcon_core.environment:checking '/home/atul/arduinobot_ws/install/arduinobot_controller/lib'
[2.204s] Level 1:colcon.colcon_core.environment:checking '/home/atul/arduinobot_ws/install/arduinobot_controller/bin'
[2.204s] Level 1:colcon.colcon_core.environment:checking '/home/atul/arduinobot_ws/install/arduinobot_controller/lib/pkgconfig/arduinobot_controller.pc'
[2.206s] Level 1:colcon.colcon_core.environment:checking '/home/atul/arduinobot_ws/install/arduinobot_controller/lib/python3.10/site-packages'
[2.207s] Level 1:colcon.colcon_core.environment:checking '/home/atul/arduinobot_ws/install/arduinobot_controller/bin'
[2.208s] INFO:colcon.colcon_core.shell:Creating package script '/home/atul/arduinobot_ws/install/arduinobot_controller/share/arduinobot_controller/package.ps1'
[2.209s] INFO:colcon.colcon_core.shell:Creating package descriptor '/home/atul/arduinobot_ws/install/arduinobot_controller/share/arduinobot_controller/package.dsv'
[2.211s] INFO:colcon.colcon_core.shell:Creating package script '/home/atul/arduinobot_ws/install/arduinobot_controller/share/arduinobot_controller/package.sh'
[2.214s] INFO:colcon.colcon_core.shell:Creating package script '/home/atul/arduinobot_ws/install/arduinobot_controller/share/arduinobot_controller/package.bash'
[2.217s] INFO:colcon.colcon_core.shell:Creating package script '/home/atul/arduinobot_ws/install/arduinobot_controller/share/arduinobot_controller/package.zsh'
[2.218s] Level 1:colcon.colcon_core.environment:create_file_with_runtime_dependencies(/home/atul/arduinobot_ws/install/arduinobot_controller/share/colcon-core/packages/arduinobot_controller)
[2.261s] Level 1:colcon.colcon_core.environment:create_environment_scripts_only(arduinobot_controller)
[2.262s] Level 1:colcon.colcon_core.environment:checking '/home/atul/arduinobot_ws/install/arduinobot_controller' for CMake module files
[2.265s] Level 1:colcon.colcon_core.environment:checking '/home/atul/arduinobot_ws/install/arduinobot_controller' for CMake config files
[2.279s] Level 1:colcon.colcon_core.shell:create_environment_hook('arduinobot_controller', 'cmake_prefix_path')
[2.280s] INFO:colcon.colcon_core.shell:Creating environment hook '/home/atul/arduinobot_ws/install/arduinobot_controller/share/arduinobot_controller/hook/cmake_prefix_path.ps1'
[2.280s] INFO:colcon.colcon_core.shell:Creating environment descriptor '/home/atul/arduinobot_ws/install/arduinobot_controller/share/arduinobot_controller/hook/cmake_prefix_path.dsv'
[2.281s] INFO:colcon.colcon_core.shell:Creating environment hook '/home/atul/arduinobot_ws/install/arduinobot_controller/share/arduinobot_controller/hook/cmake_prefix_path.sh'
[2.281s] Level 1:colcon.colcon_core.environment:checking '/home/atul/arduinobot_ws/install/arduinobot_controller/lib'
[2.282s] Level 1:colcon.colcon_core.environment:checking '/home/atul/arduinobot_ws/install/arduinobot_controller/bin'
[2.282s] Level 1:colcon.colcon_core.environment:checking '/home/atul/arduinobot_ws/install/arduinobot_controller/lib/pkgconfig/arduinobot_controller.pc'
[2.282s] Level 1:colcon.colcon_core.environment:checking '/home/atul/arduinobot_ws/install/arduinobot_controller/lib/python3.10/site-packages'
[2.282s] Level 1:colcon.colcon_core.environment:checking '/home/atul/arduinobot_ws/install/arduinobot_controller/bin'
[2.283s] INFO:colcon.colcon_core.shell:Creating package script '/home/atul/arduinobot_ws/install/arduinobot_controller/share/arduinobot_controller/package.ps1'
[2.283s] INFO:colcon.colcon_core.shell:Creating package descriptor '/home/atul/arduinobot_ws/install/arduinobot_controller/share/arduinobot_controller/package.dsv'
[2.284s] INFO:colcon.colcon_core.shell:Creating package script '/home/atul/arduinobot_ws/install/arduinobot_controller/share/arduinobot_controller/package.sh'
[2.284s] INFO:colcon.colcon_core.shell:Creating package script '/home/atul/arduinobot_ws/install/arduinobot_controller/share/arduinobot_controller/package.bash'
[2.285s] INFO:colcon.colcon_core.shell:Creating package script '/home/atul/arduinobot_ws/install/arduinobot_controller/share/arduinobot_controller/package.zsh'
[2.285s] Level 1:colcon.colcon_core.environment:create_file_with_runtime_dependencies(/home/atul/arduinobot_ws/install/arduinobot_controller/share/colcon-core/packages/arduinobot_controller)
[2.288s] Level 1:colcon.colcon_core.environment:create_environment_scripts_only(arduinobot_messages)
[2.288s] Level 1:colcon.colcon_core.environment:checking '/home/atul/arduinobot_ws/install/arduinobot_messages' for CMake module files
[2.290s] DEBUG:colcon.colcon_core.event_handler.log_command:Invoked command in '/home/atul/arduinobot_ws/build/arduinobot_messages' returned '0': CMAKE_PREFIX_PATH=${CMAKE_PREFIX_PATH}:/home/atul/arduinobot_ws/install/arduinobot_py_examples:/opt/ros/humble WSLENV=ELECTRON_RUN_AS_NODE/w: /usr/bin/cmake --install /home/atul/arduinobot_ws/build/arduinobot_messages
[2.291s] Level 1:colcon.colcon_core.environment:checking '/home/atul/arduinobot_ws/install/arduinobot_messages' for CMake config files
[2.291s] Level 1:colcon.colcon_core.shell:create_environment_hook('arduinobot_messages', 'cmake_prefix_path')
[2.292s] INFO:colcon.colcon_core.shell:Creating environment hook '/home/atul/arduinobot_ws/install/arduinobot_messages/share/arduinobot_messages/hook/cmake_prefix_path.ps1'
[2.292s] INFO:colcon.colcon_core.shell:Creating environment descriptor '/home/atul/arduinobot_ws/install/arduinobot_messages/share/arduinobot_messages/hook/cmake_prefix_path.dsv'
[2.293s] INFO:colcon.colcon_core.shell:Creating environment hook '/home/atul/arduinobot_ws/install/arduinobot_messages/share/arduinobot_messages/hook/cmake_prefix_path.sh'
[2.293s] Level 1:colcon.colcon_core.environment:checking '/home/atul/arduinobot_ws/install/arduinobot_messages/lib'
[2.294s] Level 1:colcon.colcon_core.shell:create_environment_hook('arduinobot_messages', 'ld_library_path_lib')
[2.294s] INFO:colcon.colcon_core.shell:Creating environment hook '/home/atul/arduinobot_ws/install/arduinobot_messages/share/arduinobot_messages/hook/ld_library_path_lib.ps1'
[2.295s] INFO:colcon.colcon_core.shell:Creating environment descriptor '/home/atul/arduinobot_ws/install/arduinobot_messages/share/arduinobot_messages/hook/ld_library_path_lib.dsv'
[2.295s] INFO:colcon.colcon_core.shell:Creating environment hook '/home/atul/arduinobot_ws/install/arduinobot_messages/share/arduinobot_messages/hook/ld_library_path_lib.sh'
[2.295s] Level 1:colcon.colcon_core.environment:checking '/home/atul/arduinobot_ws/install/arduinobot_messages/bin'
[2.295s] Level 1:colcon.colcon_core.environment:checking '/home/atul/arduinobot_ws/install/arduinobot_messages/lib/pkgconfig/arduinobot_messages.pc'
[2.296s] Level 1:colcon.colcon_core.environment:checking '/home/atul/arduinobot_ws/install/arduinobot_messages/lib/python3.10/site-packages'
[2.296s] Level 1:colcon.colcon_core.environment:checking '/home/atul/arduinobot_ws/install/arduinobot_messages/bin'
[2.296s] INFO:colcon.colcon_core.shell:Creating package script '/home/atul/arduinobot_ws/install/arduinobot_messages/share/arduinobot_messages/package.ps1'
[2.297s] INFO:colcon.colcon_core.shell:Creating package descriptor '/home/atul/arduinobot_ws/install/arduinobot_messages/share/arduinobot_messages/package.dsv'
[2.298s] INFO:colcon.colcon_core.shell:Creating package script '/home/atul/arduinobot_ws/install/arduinobot_messages/share/arduinobot_messages/package.sh'
[2.299s] INFO:colcon.colcon_core.shell:Creating package script '/home/atul/arduinobot_ws/install/arduinobot_messages/share/arduinobot_messages/package.bash'
[2.299s] INFO:colcon.colcon_core.shell:Creating package script '/home/atul/arduinobot_ws/install/arduinobot_messages/share/arduinobot_messages/package.zsh'
[2.300s] Level 1:colcon.colcon_core.environment:create_file_with_runtime_dependencies(/home/atul/arduinobot_ws/install/arduinobot_messages/share/colcon-core/packages/arduinobot_messages)
[2.376s] Level 1:colcon.colcon_core.environment:create_environment_scripts_only(arduinobot_messages)
[2.377s] Level 1:colcon.colcon_core.environment:checking '/home/atul/arduinobot_ws/install/arduinobot_messages' for CMake module files
[2.378s] Level 1:colcon.colcon_core.environment:checking '/home/atul/arduinobot_ws/install/arduinobot_messages' for CMake config files
[2.378s] Level 1:colcon.colcon_core.shell:create_environment_hook('arduinobot_messages', 'cmake_prefix_path')
[2.378s] INFO:colcon.colcon_core.shell:Creating environment hook '/home/atul/arduinobot_ws/install/arduinobot_messages/share/arduinobot_messages/hook/cmake_prefix_path.ps1'
[2.379s] INFO:colcon.colcon_core.shell:Creating environment descriptor '/home/atul/arduinobot_ws/install/arduinobot_messages/share/arduinobot_messages/hook/cmake_prefix_path.dsv'
[2.379s] INFO:colcon.colcon_core.shell:Creating environment hook '/home/atul/arduinobot_ws/install/arduinobot_messages/share/arduinobot_messages/hook/cmake_prefix_path.sh'
[2.380s] Level 1:colcon.colcon_core.environment:checking '/home/atul/arduinobot_ws/install/arduinobot_messages/lib'
[2.380s] Level 1:colcon.colcon_core.shell:create_environment_hook('arduinobot_messages', 'ld_library_path_lib')
[2.380s] INFO:colcon.colcon_core.shell:Creating environment hook '/home/atul/arduinobot_ws/install/arduinobot_messages/share/arduinobot_messages/hook/ld_library_path_lib.ps1'
[2.381s] INFO:colcon.colcon_core.shell:Creating environment descriptor '/home/atul/arduinobot_ws/install/arduinobot_messages/share/arduinobot_messages/hook/ld_library_path_lib.dsv'
[2.382s] INFO:colcon.colcon_core.shell:Creating environment hook '/home/atul/arduinobot_ws/install/arduinobot_messages/share/arduinobot_messages/hook/ld_library_path_lib.sh'
[2.383s] Level 1:colcon.colcon_core.environment:checking '/home/atul/arduinobot_ws/install/arduinobot_messages/bin'
[2.383s] Level 1:colcon.colcon_core.environment:checking '/home/atul/arduinobot_ws/install/arduinobot_messages/lib/pkgconfig/arduinobot_messages.pc'
[2.384s] Level 1:colcon.colcon_core.environment:checking '/home/atul/arduinobot_ws/install/arduinobot_messages/lib/python3.10/site-packages'
[2.384s] Level 1:colcon.colcon_core.environment:checking '/home/atul/arduinobot_ws/install/arduinobot_messages/bin'
[2.385s] INFO:colcon.colcon_core.shell:Creating package script '/home/atul/arduinobot_ws/install/arduinobot_messages/share/arduinobot_messages/package.ps1'
[2.385s] INFO:colcon.colcon_core.shell:Creating package descriptor '/home/atul/arduinobot_ws/install/arduinobot_messages/share/arduinobot_messages/package.dsv'
[2.387s] INFO:colcon.colcon_core.shell:Creating package script '/home/atul/arduinobot_ws/install/arduinobot_messages/share/arduinobot_messages/package.sh'
[2.388s] INFO:colcon.colcon_core.shell:Creating package script '/home/atul/arduinobot_ws/install/arduinobot_messages/share/arduinobot_messages/package.bash'
[2.389s] INFO:colcon.colcon_core.shell:Creating package script '/home/atul/arduinobot_ws/install/arduinobot_messages/share/arduinobot_messages/package.zsh'
[2.390s] Level 1:colcon.colcon_core.environment:create_file_with_runtime_dependencies(/home/atul/arduinobot_ws/install/arduinobot_messages/share/colcon-core/packages/arduinobot_messages)
[2.681s] DEBUG:colcon.colcon_core.event_handler.log_command:Invoking command in '/home/atul/arduinobot_ws/src/arduinobot_py_examples': PYTHONPATH=/home/atul/arduinobot_ws/build/arduinobot_py_examples/prefix_override:/home/atul/arduinobot_ws/install/arduinobot_py_examples/lib/python3.10/site-packages:${PYTHONPATH} WSLENV=ELECTRON_RUN_AS_NODE/w: /usr/bin/python3 -W ignore:setup.py install is deprecated setup.py egg_info --egg-base ../../build/arduinobot_py_examples build --build-base /home/atul/arduinobot_ws/build/arduinobot_py_examples/build install --record /home/atul/arduinobot_ws/build/arduinobot_py_examples/install.log --single-version-externally-managed install_data
[3.079s] Level 1:colcon.colcon_core.environment:checking '/home/atul/arduinobot_ws/install/arduinobot_py_examples' for CMake module files
[3.080s] DEBUG:colcon.colcon_core.event_handler.log_command:Invoked command in '/home/atul/arduinobot_ws/src/arduinobot_py_examples' returned '0': PYTHONPATH=/home/atul/arduinobot_ws/build/arduinobot_py_examples/prefix_override:/home/atul/arduinobot_ws/install/arduinobot_py_examples/lib/python3.10/site-packages:${PYTHONPATH} WSLENV=ELECTRON_RUN_AS_NODE/w: /usr/bin/python3 -W ignore:setup.py install is deprecated setup.py egg_info --egg-base ../../build/arduinobot_py_examples build --build-base /home/atul/arduinobot_ws/build/arduinobot_py_examples/build install --record /home/atul/arduinobot_ws/build/arduinobot_py_examples/install.log --single-version-externally-managed install_data
[3.080s] Level 1:colcon.colcon_core.environment:checking '/home/atul/arduinobot_ws/install/arduinobot_py_examples' for CMake config files
[3.081s] Level 1:colcon.colcon_core.environment:checking '/home/atul/arduinobot_ws/install/arduinobot_py_examples/lib'
[3.081s] Level 1:colcon.colcon_core.environment:checking '/home/atul/arduinobot_ws/install/arduinobot_py_examples/bin'
[3.081s] Level 1:colcon.colcon_core.environment:checking '/home/atul/arduinobot_ws/install/arduinobot_py_examples/lib/pkgconfig/arduinobot_py_examples.pc'
[3.081s] Level 1:colcon.colcon_core.environment:checking '/home/atul/arduinobot_ws/install/arduinobot_py_examples/lib/python3.10/site-packages'
[3.082s] Level 1:colcon.colcon_core.shell:create_environment_hook('arduinobot_py_examples', 'pythonpath')
[3.082s] INFO:colcon.colcon_core.shell:Creating environment hook '/home/atul/arduinobot_ws/install/arduinobot_py_examples/share/arduinobot_py_examples/hook/pythonpath.ps1'
[3.083s] INFO:colcon.colcon_core.shell:Creating environment descriptor '/home/atul/arduinobot_ws/install/arduinobot_py_examples/share/arduinobot_py_examples/hook/pythonpath.dsv'
[3.083s] INFO:colcon.colcon_core.shell:Creating environment hook '/home/atul/arduinobot_ws/install/arduinobot_py_examples/share/arduinobot_py_examples/hook/pythonpath.sh'
[3.084s] Level 1:colcon.colcon_core.environment:checking '/home/atul/arduinobot_ws/install/arduinobot_py_examples/bin'
[3.084s] Level 1:colcon.colcon_core.environment:create_environment_scripts_only(arduinobot_py_examples)
[3.084s] INFO:colcon.colcon_core.shell:Creating package script '/home/atul/arduinobot_ws/install/arduinobot_py_examples/share/arduinobot_py_examples/package.ps1'
[3.085s] INFO:colcon.colcon_core.shell:Creating package descriptor '/home/atul/arduinobot_ws/install/arduinobot_py_examples/share/arduinobot_py_examples/package.dsv'
[3.085s] INFO:colcon.colcon_core.shell:Creating package script '/home/atul/arduinobot_ws/install/arduinobot_py_examples/share/arduinobot_py_examples/package.sh'
[3.086s] INFO:colcon.colcon_core.shell:Creating package script '/home/atul/arduinobot_ws/install/arduinobot_py_examples/share/arduinobot_py_examples/package.bash'
[3.087s] INFO:colcon.colcon_core.shell:Creating package script '/home/atul/arduinobot_ws/install/arduinobot_py_examples/share/arduinobot_py_examples/package.zsh'
[3.087s] Level 1:colcon.colcon_core.environment:create_file_with_runtime_dependencies(/home/atul/arduinobot_ws/install/arduinobot_py_examples/share/colcon-core/packages/arduinobot_py_examples)
[3.087s] DEBUG:colcon.colcon_parallel_executor.executor.parallel:closing loop
[3.088s] DEBUG:colcon.colcon_parallel_executor.executor.parallel:loop closed
[3.090s] DEBUG:colcon.colcon_parallel_executor.executor.parallel:run_until_complete finished with '0'
[3.090s] DEBUG:colcon.colcon_core.event_reactor:joining thread
[3.164s] INFO:colcon.colcon_core.plugin_system:Skipping extension 'colcon_notification.desktop_notification.notify_send': Could not find 'notify-send'
[3.164s] INFO:colcon.colcon_core.plugin_system:Skipping extension 'colcon_notification.desktop_notification.terminal_notifier': Not used on non-Darwin systems
[3.164s] INFO:colcon.colcon_core.plugin_system:Skipping extension 'colcon_notification.desktop_notification.win32': Not used on non-Windows systems
[3.164s] INFO:colcon.colcon_notification.desktop_notification:Sending desktop notification using 'notify2'
[3.165s] DEBUG:colcon.colcon_notification.desktop_notification.notify2:Failed to initialize notify2: org.freedesktop.DBus.Error.FileNotFound: Failed to connect to socket /run/user/1000/bus: No such file or directory
[3.165s] DEBUG:colcon.colcon_core.event_reactor:joined thread
[3.165s] INFO:colcon.colcon_core.shell:Creating prefix script '/home/atul/arduinobot_ws/install/local_setup.ps1'
[3.167s] INFO:colcon.colcon_core.shell:Creating prefix util module '/home/atul/arduinobot_ws/install/_local_setup_util_ps1.py'
[3.169s] INFO:colcon.colcon_core.shell:Creating prefix chain script '/home/atul/arduinobot_ws/install/setup.ps1'
[3.170s] INFO:colcon.colcon_core.shell:Creating prefix script '/home/atul/arduinobot_ws/install/local_setup.sh'
[3.171s] INFO:colcon.colcon_core.shell:Creating prefix util module '/home/atul/arduinobot_ws/install/_local_setup_util_sh.py'
[3.172s] INFO:colcon.colcon_core.shell:Creating prefix chain script '/home/atul/arduinobot_ws/install/setup.sh'
[3.174s] INFO:colcon.colcon_core.shell:Creating prefix script '/home/atul/arduinobot_ws/install/local_setup.bash'
[3.175s] INFO:colcon.colcon_core.shell:Creating prefix chain script '/home/atul/arduinobot_ws/install/setup.bash'
[3.177s] INFO:colcon.colcon_core.shell:Creating prefix script '/home/atul/arduinobot_ws/install/local_setup.zsh'
[3.178s] INFO:colcon.colcon_core.shell:Creating prefix chain script '/home/atul/arduinobot_ws/install/setup.zsh'
