[0.074s] Invoking command in '/home/atul/arduinobot_ws/build/arduinobot_controller': CMAKE_PREFIX_PATH=${CMAKE_PREFIX_PATH}:/home/atul/arduinobot_ws/install/arduinobot_py_examples:/opt/ros/humble /usr/bin/cmake --build /home/atul/arduinobot_ws/build/arduinobot_controller -- -j12 -l12
[0.539s] -- Found ament_cmake: 1.3.9 (/opt/ros/humble/share/ament_cmake/cmake)
[0.540s] -- Found trajectory_msgs: 4.2.3 (/opt/ros/humble/share/trajectory_msgs/cmake)
[0.952s] -- Found rosidl_generator_c: 3.1.5 (/opt/ros/humble/share/rosidl_generator_c/cmake)
[0.973s] -- Found rosidl_adapter: 3.1.5 (/opt/ros/humble/share/rosidl_adapter/cmake)
[1.009s] -- Found rosidl_generator_cpp: 3.1.5 (/opt/ros/humble/share/rosidl_generator_cpp/cmake)
[1.075s] -- Using all available rosidl_typesupport_c: rosidl_typesupport_fastrtps_c;rosidl_typesupport_introspection_c
[1.145s] -- Using all available rosidl_typesupport_cpp: rosidl_typesupport_fastrtps_cpp;rosidl_typesupport_introspection_cpp
[1.630s] -- Found sensor_msgs: 4.2.3 (/opt/ros/humble/share/sensor_msgs/cmake)
[1.805s] -- Found rclcpp: 16.0.9 (/opt/ros/humble/share/rclcpp/cmake)
[2.011s] -- Found rmw_implementation_cmake: 6.1.2 (/opt/ros/humble/share/rmw_implementation_cmake/cmake)
[2.022s] -- Found rmw_fastrtps_cpp: 6.2.6 (/opt/ros/humble/share/rmw_fastrtps_cpp/cmake)
[6.104s] -- Found OpenSSL: /usr/lib/x86_64-linux-gnu/libcrypto.so (found version "3.0.2")  
[10.377s] -- Found FastRTPS: /opt/ros/humble/include  
[18.431s] -- Using RMW implementation 'rmw_fastrtps_cpp' as default
[18.479s] -- Looking for pthread.h
[18.936s] -- Looking for pthread.h - found
[18.938s] -- Performing Test CMAKE_HAVE_LIBC_PTHREAD
[19.289s] -- Performing Test CMAKE_HAVE_LIBC_PTHREAD - Success
[19.292s] -- Found Threads: TRUE  
[19.645s] -- Found rclpy: 3.3.13 (/opt/ros/humble/share/rclpy/cmake)
[19.942s] [31mCMake Error at /opt/ros/humble/share/ament_cmake_python/cmake/ament_python_install_package.cmake:66 (message):
[19.942s]   ament_python_install_package() the Python package folder
[19.942s]   '/home/atul/arduinobot_ws/src/arduinobot_controller/arduinobot_controller'
[19.942s]   doesn't contain an '__init__.py' file
[19.943s] Call Stack (most recent call first):
[19.943s]   /opt/ros/humble/share/ament_cmake_python/cmake/ament_python_install_package.cmake:39 (_ament_cmake_python_install_package)
[19.943s]   CMakeLists.txt:14 (ament_python_install_package)
[19.943s] 
[19.943s] [0m
[19.943s] -- Configuring incomplete, errors occurred!
[19.943s] See also "/home/atul/arduinobot_ws/build/arduinobot_controller/CMakeFiles/CMakeOutput.log".
[19.973s] gmake: *** [Makefile:226: cmake_check_build_system] Error 1
[19.977s] Invoked command in '/home/atul/arduinobot_ws/build/arduinobot_controller' returned '2': CMAKE_PREFIX_PATH=${CMAKE_PREFIX_PATH}:/home/atul/arduinobot_ws/install/arduinobot_py_examples:/opt/ros/humble /usr/bin/cmake --build /home/atul/arduinobot_ws/build/arduinobot_controller -- -j12 -l12
