[0.051s] Invoking command in '/home/atul/arduinobot_ws/build/arduinobot_description': CMAKE_PREFIX_PATH=${CMAKE_PREFIX_PATH}:/home/atul/arduinobot_ws/install/arduinobot_py_examples:/opt/ros/humble /usr/bin/cmake --build /home/atul/arduinobot_ws/build/arduinobot_description -- -j12 -l12
[0.405s] Invoked command in '/home/atul/arduinobot_ws/build/arduinobot_description' returned '0': CMAKE_PREFIX_PATH=${CMAKE_PREFIX_PATH}:/home/atul/arduinobot_ws/install/arduinobot_py_examples:/opt/ros/humble /usr/bin/cmake --build /home/atul/arduinobot_ws/build/arduinobot_description -- -j12 -l12
[0.444s] Invoking command in '/home/atul/arduinobot_ws/build/arduinobot_description': CMAKE_PREFIX_PATH=${CMAKE_PREFIX_PATH}:/home/atul/arduinobot_ws/install/arduinobot_py_examples:/opt/ros/humble /usr/bin/cmake --install /home/atul/arduinobot_ws/build/arduinobot_description
[0.454s] -- Install configuration: ""
[0.454s] -- Up-to-date: /home/atul/arduinobot_ws/install/arduinobot_description/share/arduinobot_description/urdf
[0.455s] -- Up-to-date: /home/atul/arduinobot_ws/install/arduinobot_description/share/arduinobot_description/urdf/arduinobot.urdf.xacro
[0.455s] -- Up-to-date: /home/atul/arduinobot_ws/install/arduinobot_description/share/arduinobot_description/meshes
[0.455s] -- Up-to-date: /home/atul/arduinobot_ws/install/arduinobot_description/share/arduinobot_description/meshes/link.STL
[0.455s] -- Up-to-date: /home/atul/arduinobot_ws/install/arduinobot_description/share/arduinobot_description/meshes/round_plate.STL
[0.455s] -- Up-to-date: /home/atul/arduinobot_ws/install/arduinobot_description/share/arduinobot_description/meshes/basement.STL
[0.455s] -- Up-to-date: /home/atul/arduinobot_ws/install/arduinobot_description/share/arduinobot_description/meshes/plate.STL
[0.455s] -- Up-to-date: /home/atul/arduinobot_ws/install/arduinobot_description/share/arduinobot_description/meshes/forward_drive_arm.STL
[0.455s] -- Up-to-date: /home/atul/arduinobot_ws/install/arduinobot_description/share/arduinobot_description/meshes/triangular_link.STL
[0.456s] -- Up-to-date: /home/atul/arduinobot_ws/install/arduinobot_description/share/arduinobot_description/meshes/claw_support.STL
[0.456s] -- Up-to-date: /home/atul/arduinobot_ws/install/arduinobot_description/share/arduinobot_description/meshes/base_plate.STL
[0.456s] -- Up-to-date: /home/atul/arduinobot_ws/install/arduinobot_description/share/arduinobot_description/meshes/vertical_drive_arm.STL
[0.456s] -- Up-to-date: /home/atul/arduinobot_ws/install/arduinobot_description/share/arduinobot_description/meshes/horizontal_arm.STL
[0.456s] -- Up-to-date: /home/atul/arduinobot_ws/install/arduinobot_description/share/arduinobot_description/meshes/right_finger.STL
[0.456s] -- Up-to-date: /home/atul/arduinobot_ws/install/arduinobot_description/share/arduinobot_description/meshes/left_finger.STL
[0.457s] -- Up-to-date: /home/atul/arduinobot_ws/install/arduinobot_description/share/arduinobot_description/meshes/servo_plate.STL
[0.457s] -- Up-to-date: /home/atul/arduinobot_ws/install/arduinobot_description/share/ament_index/resource_index/package_run_dependencies/arduinobot_description
[0.457s] -- Up-to-date: /home/atul/arduinobot_ws/install/arduinobot_description/share/ament_index/resource_index/parent_prefix_path/arduinobot_description
[0.457s] -- Up-to-date: /home/atul/arduinobot_ws/install/arduinobot_description/share/arduinobot_description/environment/ament_prefix_path.sh
[0.458s] -- Up-to-date: /home/atul/arduinobot_ws/install/arduinobot_description/share/arduinobot_description/environment/ament_prefix_path.dsv
[0.460s] -- Up-to-date: /home/atul/arduinobot_ws/install/arduinobot_description/share/arduinobot_description/environment/path.sh
[0.461s] -- Up-to-date: /home/atul/arduinobot_ws/install/arduinobot_description/share/arduinobot_description/environment/path.dsv
[0.461s] -- Up-to-date: /home/atul/arduinobot_ws/install/arduinobot_description/share/arduinobot_description/local_setup.bash
[0.461s] -- Up-to-date: /home/atul/arduinobot_ws/install/arduinobot_description/share/arduinobot_description/local_setup.sh
[0.462s] -- Up-to-date: /home/atul/arduinobot_ws/install/arduinobot_description/share/arduinobot_description/local_setup.zsh
[0.463s] -- Up-to-date: /home/atul/arduinobot_ws/install/arduinobot_description/share/arduinobot_description/local_setup.dsv
[0.463s] -- Installing: /home/atul/arduinobot_ws/install/arduinobot_description/share/arduinobot_description/package.dsv
[0.463s] -- Up-to-date: /home/atul/arduinobot_ws/install/arduinobot_description/share/ament_index/resource_index/packages/arduinobot_description
[0.463s] -- Up-to-date: /home/atul/arduinobot_ws/install/arduinobot_description/share/arduinobot_description/cmake/arduinobot_descriptionConfig.cmake
[0.464s] -- Up-to-date: /home/atul/arduinobot_ws/install/arduinobot_description/share/arduinobot_description/cmake/arduinobot_descriptionConfig-version.cmake
[0.464s] -- Up-to-date: /home/atul/arduinobot_ws/install/arduinobot_description/share/arduinobot_description/package.xml
[0.464s] Invoked command in '/home/atul/arduinobot_ws/build/arduinobot_description' returned '0': CMAKE_PREFIX_PATH=${CMAKE_PREFIX_PATH}:/home/atul/arduinobot_ws/install/arduinobot_py_examples:/opt/ros/humble /usr/bin/cmake --install /home/atul/arduinobot_ws/build/arduinobot_description
