[0.169s] Invoking command in '/home/atul/arduinobot_ws/build/arduinobot_utils': CMAKE_PREFIX_PATH=/home/atul/arduinobot_ws/install/arduinobot_msgs:/home/atul/arduinobot_ws/install/arduinobot_utils:/home/atul/arduinobot_ws/install/arduinobot_moveit:/home/atul/arduinobot_ws/install/arduinobot_description:/home/atul/arduinobot_ws/install/arduinobot_controller:/home/atul/arduinobot_ws/install/arduinobot_py_examples:/opt/ros/humble WSLENV=ELECTRON_RUN_AS_NODE/w: /usr/bin/cmake --build /home/atul/arduinobot_ws/build/arduinobot_utils -- -j12 -l12
[0.237s] Built target ament_cmake_python_copy_arduinobot_utils
[0.617s] running egg_info
[0.618s] writing arduinobot_utils.egg-info/PKG-INFO
[0.619s] writing dependency_links to arduinobot_utils.egg-info/dependency_links.txt
[0.619s] writing top-level names to arduinobot_utils.egg-info/top_level.txt
[0.621s] reading manifest file 'arduinobot_utils.egg-info/SOURCES.txt'
[0.622s] writing manifest file 'arduinobot_utils.egg-info/SOURCES.txt'
[0.659s] Built target ament_cmake_python_build_arduinobot_utils_egg
[0.676s] Invoked command in '/home/atul/arduinobot_ws/build/arduinobot_utils' returned '0': CMAKE_PREFIX_PATH=/home/atul/arduinobot_ws/install/arduinobot_msgs:/home/atul/arduinobot_ws/install/arduinobot_utils:/home/atul/arduinobot_ws/install/arduinobot_moveit:/home/atul/arduinobot_ws/install/arduinobot_description:/home/atul/arduinobot_ws/install/arduinobot_controller:/home/atul/arduinobot_ws/install/arduinobot_py_examples:/opt/ros/humble WSLENV=ELECTRON_RUN_AS_NODE/w: /usr/bin/cmake --build /home/atul/arduinobot_ws/build/arduinobot_utils -- -j12 -l12
[0.705s] Invoking command in '/home/atul/arduinobot_ws/build/arduinobot_utils': CMAKE_PREFIX_PATH=/home/atul/arduinobot_ws/install/arduinobot_msgs:/home/atul/arduinobot_ws/install/arduinobot_utils:/home/atul/arduinobot_ws/install/arduinobot_moveit:/home/atul/arduinobot_ws/install/arduinobot_description:/home/atul/arduinobot_ws/install/arduinobot_controller:/home/atul/arduinobot_ws/install/arduinobot_py_examples:/opt/ros/humble WSLENV=ELECTRON_RUN_AS_NODE/w: /usr/bin/cmake --install /home/atul/arduinobot_ws/build/arduinobot_utils
[0.713s] -- Install configuration: ""
[0.713s] -- Up-to-date: /home/atul/arduinobot_ws/install/arduinobot_utils/share/arduinobot_utils/environment/pythonpath.sh
[0.714s] -- Up-to-date: /home/atul/arduinobot_ws/install/arduinobot_utils/share/arduinobot_utils/environment/pythonpath.dsv
[0.714s] -- Up-to-date: /home/atul/arduinobot_ws/install/arduinobot_utils/local/lib/python3.10/dist-packages/arduinobot_utils-0.0.0-py3.10.egg-info
[0.714s] -- Installing: /home/atul/arduinobot_ws/install/arduinobot_utils/local/lib/python3.10/dist-packages/arduinobot_utils-0.0.0-py3.10.egg-info/top_level.txt
[0.715s] -- Installing: /home/atul/arduinobot_ws/install/arduinobot_utils/local/lib/python3.10/dist-packages/arduinobot_utils-0.0.0-py3.10.egg-info/SOURCES.txt
[0.715s] -- Installing: /home/atul/arduinobot_ws/install/arduinobot_utils/local/lib/python3.10/dist-packages/arduinobot_utils-0.0.0-py3.10.egg-info/dependency_links.txt
[0.715s] -- Installing: /home/atul/arduinobot_ws/install/arduinobot_utils/local/lib/python3.10/dist-packages/arduinobot_utils-0.0.0-py3.10.egg-info/PKG-INFO
[0.715s] -- Up-to-date: /home/atul/arduinobot_ws/install/arduinobot_utils/local/lib/python3.10/dist-packages/arduinobot_utils
[0.715s] -- Up-to-date: /home/atul/arduinobot_ws/install/arduinobot_utils/local/lib/python3.10/dist-packages/arduinobot_utils/__init__.py
[0.715s] -- Up-to-date: /home/atul/arduinobot_ws/install/arduinobot_utils/local/lib/python3.10/dist-packages/arduinobot_utils/angle_conversion.py
[0.758s] Listing '/home/atul/arduinobot_ws/install/arduinobot_utils/local/lib/python3.10/dist-packages/arduinobot_utils'...
[0.764s] -- Up-to-date: /home/atul/arduinobot_ws/install/arduinobot_utils/lib/arduinobot_utils/angle_conversion.py
[0.764s] -- Up-to-date: /home/atul/arduinobot_ws/install/arduinobot_utils/share/ament_index/resource_index/package_run_dependencies/arduinobot_utils
[0.764s] -- Up-to-date: /home/atul/arduinobot_ws/install/arduinobot_utils/share/ament_index/resource_index/parent_prefix_path/arduinobot_utils
[0.765s] -- Up-to-date: /home/atul/arduinobot_ws/install/arduinobot_utils/share/arduinobot_utils/environment/ament_prefix_path.sh
[0.765s] -- Up-to-date: /home/atul/arduinobot_ws/install/arduinobot_utils/share/arduinobot_utils/environment/ament_prefix_path.dsv
[0.765s] -- Up-to-date: /home/atul/arduinobot_ws/install/arduinobot_utils/share/arduinobot_utils/environment/path.sh
[0.766s] -- Up-to-date: /home/atul/arduinobot_ws/install/arduinobot_utils/share/arduinobot_utils/environment/path.dsv
[0.766s] -- Up-to-date: /home/atul/arduinobot_ws/install/arduinobot_utils/share/arduinobot_utils/local_setup.bash
[0.766s] -- Up-to-date: /home/atul/arduinobot_ws/install/arduinobot_utils/share/arduinobot_utils/local_setup.sh
[0.766s] -- Up-to-date: /home/atul/arduinobot_ws/install/arduinobot_utils/share/arduinobot_utils/local_setup.zsh
[0.766s] -- Up-to-date: /home/atul/arduinobot_ws/install/arduinobot_utils/share/arduinobot_utils/local_setup.dsv
[0.766s] -- Installing: /home/atul/arduinobot_ws/install/arduinobot_utils/share/arduinobot_utils/package.dsv
[0.766s] -- Up-to-date: /home/atul/arduinobot_ws/install/arduinobot_utils/share/ament_index/resource_index/packages/arduinobot_utils
[0.766s] -- Up-to-date: /home/atul/arduinobot_ws/install/arduinobot_utils/share/arduinobot_utils/cmake/arduinobot_utilsConfig.cmake
[0.767s] -- Up-to-date: /home/atul/arduinobot_ws/install/arduinobot_utils/share/arduinobot_utils/cmake/arduinobot_utilsConfig-version.cmake
[0.767s] -- Up-to-date: /home/atul/arduinobot_ws/install/arduinobot_utils/share/arduinobot_utils/package.xml
[0.770s] Invoked command in '/home/atul/arduinobot_ws/build/arduinobot_utils' returned '0': CMAKE_PREFIX_PATH=/home/atul/arduinobot_ws/install/arduinobot_msgs:/home/atul/arduinobot_ws/install/arduinobot_utils:/home/atul/arduinobot_ws/install/arduinobot_moveit:/home/atul/arduinobot_ws/install/arduinobot_description:/home/atul/arduinobot_ws/install/arduinobot_controller:/home/atul/arduinobot_ws/install/arduinobot_py_examples:/opt/ros/humble WSLENV=ELECTRON_RUN_AS_NODE/w: /usr/bin/cmake --install /home/atul/arduinobot_ws/build/arduinobot_utils
