[0.041s] Invoking command in '/home/atul/arduinobot_ws/build/arduinobot_description': CMAKE_PREFIX_PATH=${CMAKE_PREFIX_PATH}:/home/atul/arduinobot_ws/install/arduinobot_py_examples:/opt/ros/humble WSLENV=ELECTRON_RUN_AS_NODE/w: /usr/bin/cmake /home/atul/arduinobot_ws/src/arduinobot_description -DCMAKE_INSTALL_PREFIX=/home/atul/arduinobot_ws/install/arduinobot_description
[0.450s] -- The C compiler identification is GNU 11.4.0
[1.540s] -- The CXX compiler identification is GNU 11.4.0
[2.779s] -- Detecting C compiler ABI info
[3.041s] -- Detecting C compiler ABI info - done
[3.049s] -- Check for working C compiler: /usr/bin/cc - skipped
[3.049s] -- Detecting C compile features
[3.049s] -- Detecting C compile features - done
[3.053s] -- Detecting CXX compiler ABI info
[3.253s] -- Detecting CXX compiler ABI info - done
[3.265s] -- Check for working CXX compiler: /usr/bin/c++ - skipped
[3.266s] -- Detecting CXX compile features
[3.267s] -- Detecting CXX compile features - done
[3.269s] -- Found ament_cmake: 1.3.9 (/opt/ros/humble/share/ament_cmake/cmake)
[3.459s] -- Found Python3: /usr/bin/python3 (found version "3.10.12") found components: Interpreter 
[3.567s] -- Found ament_lint_auto: 0.12.11 (/opt/ros/humble/share/ament_lint_auto/cmake)
[3.669s] -- Added test 'flake8' to check Python code syntax and style conventions
[3.669s] -- Added test 'lint_cmake' to check CMake code style
[3.670s] -- Added test 'pep257' to check Python code against some of the docstring style conventions in PEP 257
[3.672s] -- Added test 'xmllint' to check XML markup files
[3.674s] -- Configuring done
[3.679s] -- Generating done
[3.680s] -- Build files have been written to: /home/atul/arduinobot_ws/build/arduinobot_description
[3.686s] Invoked command in '/home/atul/arduinobot_ws/build/arduinobot_description' returned '0': CMAKE_PREFIX_PATH=${CMAKE_PREFIX_PATH}:/home/atul/arduinobot_ws/install/arduinobot_py_examples:/opt/ros/humble WSLENV=ELECTRON_RUN_AS_NODE/w: /usr/bin/cmake /home/atul/arduinobot_ws/src/arduinobot_description -DCMAKE_INSTALL_PREFIX=/home/atul/arduinobot_ws/install/arduinobot_description
[3.688s] Invoking command in '/home/atul/arduinobot_ws/build/arduinobot_description': CMAKE_PREFIX_PATH=${CMAKE_PREFIX_PATH}:/home/atul/arduinobot_ws/install/arduinobot_py_examples:/opt/ros/humble WSLENV=ELECTRON_RUN_AS_NODE/w: /usr/bin/cmake --build /home/atul/arduinobot_ws/build/arduinobot_description -- -j12 -l12
[3.737s] Invoked command in '/home/atul/arduinobot_ws/build/arduinobot_description' returned '0': CMAKE_PREFIX_PATH=${CMAKE_PREFIX_PATH}:/home/atul/arduinobot_ws/install/arduinobot_py_examples:/opt/ros/humble WSLENV=ELECTRON_RUN_AS_NODE/w: /usr/bin/cmake --build /home/atul/arduinobot_ws/build/arduinobot_description -- -j12 -l12
[3.765s] Invoking command in '/home/atul/arduinobot_ws/build/arduinobot_description': CMAKE_PREFIX_PATH=${CMAKE_PREFIX_PATH}:/home/atul/arduinobot_ws/install/arduinobot_py_examples:/opt/ros/humble WSLENV=ELECTRON_RUN_AS_NODE/w: /usr/bin/cmake --install /home/atul/arduinobot_ws/build/arduinobot_description
[3.773s] -- Install configuration: ""
[3.773s] -- Installing: /home/atul/arduinobot_ws/install/arduinobot_description/share/arduinobot_description/urdf
[3.773s] -- Installing: /home/atul/arduinobot_ws/install/arduinobot_description/share/arduinobot_description/urdf/arduinobot_gazebo.xacro
[3.774s] -- Installing: /home/atul/arduinobot_ws/install/arduinobot_description/share/arduinobot_description/urdf/arduinobot_ros2_control.xacro
[3.774s] -- Installing: /home/atul/arduinobot_ws/install/arduinobot_description/share/arduinobot_description/urdf/arduinobot.urdf.xacro
[3.775s] -- Installing: /home/atul/arduinobot_ws/install/arduinobot_description/share/arduinobot_description/meshes
[3.775s] -- Installing: /home/atul/arduinobot_ws/install/arduinobot_description/share/arduinobot_description/meshes/link.STL
[3.779s] -- Installing: /home/atul/arduinobot_ws/install/arduinobot_description/share/arduinobot_description/meshes/round_plate.STL
[3.781s] -- Installing: /home/atul/arduinobot_ws/install/arduinobot_description/share/arduinobot_description/meshes/basement.STL
[3.786s] -- Installing: /home/atul/arduinobot_ws/install/arduinobot_description/share/arduinobot_description/meshes/plate.STL
[3.793s] -- Installing: /home/atul/arduinobot_ws/install/arduinobot_description/share/arduinobot_description/meshes/forward_drive_arm.STL
[3.800s] -- Installing: /home/atul/arduinobot_ws/install/arduinobot_description/share/arduinobot_description/meshes/pi_camera.STL
[3.801s] -- Installing: /home/atul/arduinobot_ws/install/arduinobot_description/share/arduinobot_description/meshes/triangular_link.STL
[3.805s] -- Installing: /home/atul/arduinobot_ws/install/arduinobot_description/share/arduinobot_description/meshes/claw_support.STL
[3.808s] -- Installing: /home/atul/arduinobot_ws/install/arduinobot_description/share/arduinobot_description/meshes/base_plate.STL
[3.816s] -- Installing: /home/atul/arduinobot_ws/install/arduinobot_description/share/arduinobot_description/meshes/vertical_drive_arm.STL
[3.818s] -- Installing: /home/atul/arduinobot_ws/install/arduinobot_description/share/arduinobot_description/meshes/horizontal_arm.STL
[3.824s] -- Installing: /home/atul/arduinobot_ws/install/arduinobot_description/share/arduinobot_description/meshes/right_finger.STL
[3.826s] -- Installing: /home/atul/arduinobot_ws/install/arduinobot_description/share/arduinobot_description/meshes/left_finger.STL
[3.827s] -- Installing: /home/atul/arduinobot_ws/install/arduinobot_description/share/arduinobot_description/meshes/servo_plate.STL
[3.828s] -- Installing: /home/atul/arduinobot_ws/install/arduinobot_description/share/arduinobot_description/launch
[3.829s] -- Installing: /home/atul/arduinobot_ws/install/arduinobot_description/share/arduinobot_description/launch/gazebo.launch.py
[3.829s] -- Installing: /home/atul/arduinobot_ws/install/arduinobot_description/share/arduinobot_description/launch/display.launch.py
[3.830s] -- Installing: /home/atul/arduinobot_ws/install/arduinobot_description/share/arduinobot_description/rviz
[3.830s] -- Installing: /home/atul/arduinobot_ws/install/arduinobot_description/share/arduinobot_description/rviz/display.rviz
[3.831s] -- Installing: /home/atul/arduinobot_ws/install/arduinobot_description/share/arduinobot_description/models
[3.831s] -- Installing: /home/atul/arduinobot_ws/install/arduinobot_description/share/arduinobot_description/models/models
[3.831s] -- Installing: /home/atul/arduinobot_ws/install/arduinobot_description/share/arduinobot_description/models/models/ground_plane
[3.832s] -- Installing: /home/atul/arduinobot_ws/install/arduinobot_description/share/arduinobot_description/models/models/ground_plane/model.sdf
[3.833s] -- Installing: /home/atul/arduinobot_ws/install/arduinobot_description/share/arduinobot_description/models/models/ground_plane/model-1_2.sdf
[3.833s] -- Installing: /home/atul/arduinobot_ws/install/arduinobot_description/share/arduinobot_description/models/models/ground_plane/model.config
[3.833s] -- Installing: /home/atul/arduinobot_ws/install/arduinobot_description/share/arduinobot_description/models/models/ground_plane/model-1_3.sdf
[3.834s] -- Installing: /home/atul/arduinobot_ws/install/arduinobot_description/share/arduinobot_description/models/models/ground_plane/model-1_4.sdf
[3.835s] -- Installing: /home/atul/arduinobot_ws/install/arduinobot_description/share/arduinobot_description/models/models/sun
[3.836s] -- Installing: /home/atul/arduinobot_ws/install/arduinobot_description/share/arduinobot_description/models/models/sun/model.sdf
[3.836s] -- Installing: /home/atul/arduinobot_ws/install/arduinobot_description/share/arduinobot_description/models/models/sun/model-1_2.sdf
[3.836s] -- Installing: /home/atul/arduinobot_ws/install/arduinobot_description/share/arduinobot_description/models/models/sun/model.config
[3.837s] -- Installing: /home/atul/arduinobot_ws/install/arduinobot_description/share/arduinobot_description/models/models/sun/model-1_3.sdf
[3.838s] -- Installing: /home/atul/arduinobot_ws/install/arduinobot_description/share/arduinobot_description/models/models/sun/model-1_4.sdf
[3.839s] -- Installing: /home/atul/arduinobot_ws/install/arduinobot_description/share/ament_index/resource_index/package_run_dependencies/arduinobot_description
[3.840s] -- Installing: /home/atul/arduinobot_ws/install/arduinobot_description/share/ament_index/resource_index/parent_prefix_path/arduinobot_description
[3.841s] -- Installing: /home/atul/arduinobot_ws/install/arduinobot_description/share/arduinobot_description/environment/ament_prefix_path.sh
[3.842s] -- Installing: /home/atul/arduinobot_ws/install/arduinobot_description/share/arduinobot_description/environment/ament_prefix_path.dsv
[3.842s] -- Installing: /home/atul/arduinobot_ws/install/arduinobot_description/share/arduinobot_description/environment/path.sh
[3.842s] -- Installing: /home/atul/arduinobot_ws/install/arduinobot_description/share/arduinobot_description/environment/path.dsv
[3.843s] -- Installing: /home/atul/arduinobot_ws/install/arduinobot_description/share/arduinobot_description/local_setup.bash
[3.843s] -- Installing: /home/atul/arduinobot_ws/install/arduinobot_description/share/arduinobot_description/local_setup.sh
[3.843s] -- Installing: /home/atul/arduinobot_ws/install/arduinobot_description/share/arduinobot_description/local_setup.zsh
[3.844s] -- Installing: /home/atul/arduinobot_ws/install/arduinobot_description/share/arduinobot_description/local_setup.dsv
[3.844s] -- Installing: /home/atul/arduinobot_ws/install/arduinobot_description/share/arduinobot_description/package.dsv
[3.844s] -- Installing: /home/atul/arduinobot_ws/install/arduinobot_description/share/ament_index/resource_index/packages/arduinobot_description
[3.844s] -- Installing: /home/atul/arduinobot_ws/install/arduinobot_description/share/arduinobot_description/cmake/arduinobot_descriptionConfig.cmake
[3.845s] -- Installing: /home/atul/arduinobot_ws/install/arduinobot_description/share/arduinobot_description/cmake/arduinobot_descriptionConfig-version.cmake
[3.845s] -- Installing: /home/atul/arduinobot_ws/install/arduinobot_description/share/arduinobot_description/package.xml
[3.849s] Invoked command in '/home/atul/arduinobot_ws/build/arduinobot_description' returned '0': CMAKE_PREFIX_PATH=${CMAKE_PREFIX_PATH}:/home/atul/arduinobot_ws/install/arduinobot_py_examples:/opt/ros/humble WSLENV=ELECTRON_RUN_AS_NODE/w: /usr/bin/cmake --install /home/atul/arduinobot_ws/build/arduinobot_description
