[0.609s] DEBUG:colcon:Command line arguments: ['/usr/bin/colcon', 'build']
[0.609s] DEBUG:colcon:Parsed command line arguments: Namespace(log_base=None, log_level=None, verb_name='build', build_base='build', install_base='install', merge_install=False, symlink_install=False, test_result_base=None, continue_on_error=False, executor='parallel', parallel_workers=12, event_handlers=None, ignore_user_meta=False, metas=['./colcon.meta'], base_paths=['.'], packages_ignore=None, packages_ignore_regex=None, paths=None, packages_up_to=None, packages_up_to_regex=None, packages_above=None, packages_above_and_dependencies=None, packages_above_depth=None, packages_select_by_dep=None, packages_skip_by_dep=None, packages_skip_up_to=None, packages_select_build_failed=False, packages_skip_build_finished=False, packages_select_test_failures=False, packages_skip_test_passed=False, packages_select=None, packages_skip=None, packages_select_regex=None, packages_skip_regex=None, packages_start=None, packages_end=None, allow_overriding=[], cmake_args=None, cmake_target=None, cmake_target_skip_unavailable=False, cmake_clean_cache=False, cmake_clean_first=False, cmake_force_configure=False, ament_cmake_args=None, catkin_cmake_args=None, catkin_skip_building_tests=False, mixin_files=None, mixin=None, verb_parser=<colcon_mixin.mixin.mixin_argument.MixinArgumentDecorator object at 0x7fdc0367dff0>, verb_extension=<colcon_core.verb.build.BuildVerb object at 0x7fdc0367d960>, main=<bound method BuildVerb.main of <colcon_core.verb.build.BuildVerb object at 0x7fdc0367d960>>, mixin_verb=('build',))
[1.123s] Level 1:colcon.colcon_core.package_discovery:discover_packages(colcon_meta) check parameters
[1.124s] Level 1:colcon.colcon_core.package_discovery:discover_packages(recursive) check parameters
[1.124s] Level 1:colcon.colcon_core.package_discovery:discover_packages(ignore) check parameters
[1.124s] Level 1:colcon.colcon_core.package_discovery:discover_packages(path) check parameters
[1.124s] Level 1:colcon.colcon_core.package_discovery:discover_packages(colcon_meta) discover
[1.124s] Level 1:colcon.colcon_core.package_discovery:discover_packages(recursive) discover
[1.124s] INFO:colcon.colcon_core.package_discovery:Crawling recursively for packages in '/home/atul/arduinobot_ws'
[1.124s] Level 1:colcon.colcon_core.package_identification:_identify(.) by extensions ['ignore', 'ignore_ament_install']
[1.125s] Level 1:colcon.colcon_core.package_identification:_identify(.) by extension 'ignore'
[1.125s] Level 1:colcon.colcon_core.package_identification:_identify(.) by extension 'ignore_ament_install'
[1.125s] Level 1:colcon.colcon_core.package_identification:_identify(.) by extensions ['colcon_pkg']
[1.125s] Level 1:colcon.colcon_core.package_identification:_identify(.) by extension 'colcon_pkg'
[1.125s] Level 1:colcon.colcon_core.package_identification:_identify(.) by extensions ['colcon_meta']
[1.125s] Level 1:colcon.colcon_core.package_identification:_identify(.) by extension 'colcon_meta'
[1.125s] Level 1:colcon.colcon_core.package_identification:_identify(.) by extensions ['ros']
[1.125s] Level 1:colcon.colcon_core.package_identification:_identify(.) by extension 'ros'
[1.152s] Level 1:colcon.colcon_core.package_identification:_identify(.) by extensions ['cmake', 'python']
[1.152s] Level 1:colcon.colcon_core.package_identification:_identify(.) by extension 'cmake'
[1.152s] Level 1:colcon.colcon_core.package_identification:_identify(.) by extension 'python'
[1.152s] Level 1:colcon.colcon_core.package_identification:_identify(.) by extensions ['python_setup_py']
[1.152s] Level 1:colcon.colcon_core.package_identification:_identify(.) by extension 'python_setup_py'
[1.152s] Level 1:colcon.colcon_core.package_identification:_identify(build) by extensions ['ignore', 'ignore_ament_install']
[1.152s] Level 1:colcon.colcon_core.package_identification:_identify(build) by extension 'ignore'
[1.152s] Level 1:colcon.colcon_core.package_identification:_identify(build) ignored
[1.153s] Level 1:colcon.colcon_core.package_identification:_identify(install) by extensions ['ignore', 'ignore_ament_install']
[1.153s] Level 1:colcon.colcon_core.package_identification:_identify(install) by extension 'ignore'
[1.153s] Level 1:colcon.colcon_core.package_identification:_identify(install) ignored
[1.153s] Level 1:colcon.colcon_core.package_identification:_identify(log) by extensions ['ignore', 'ignore_ament_install']
[1.154s] Level 1:colcon.colcon_core.package_identification:_identify(log) by extension 'ignore'
[1.154s] Level 1:colcon.colcon_core.package_identification:_identify(log) ignored
[1.154s] Level 1:colcon.colcon_core.package_identification:_identify(src) by extensions ['ignore', 'ignore_ament_install']
[1.154s] Level 1:colcon.colcon_core.package_identification:_identify(src) by extension 'ignore'
[1.154s] Level 1:colcon.colcon_core.package_identification:_identify(src) by extension 'ignore_ament_install'
[1.154s] Level 1:colcon.colcon_core.package_identification:_identify(src) by extensions ['colcon_pkg']
[1.154s] Level 1:colcon.colcon_core.package_identification:_identify(src) by extension 'colcon_pkg'
[1.155s] Level 1:colcon.colcon_core.package_identification:_identify(src) by extensions ['colcon_meta']
[1.155s] Level 1:colcon.colcon_core.package_identification:_identify(src) by extension 'colcon_meta'
[1.155s] Level 1:colcon.colcon_core.package_identification:_identify(src) by extensions ['ros']
[1.155s] Level 1:colcon.colcon_core.package_identification:_identify(src) by extension 'ros'
[1.160s] DEBUG:colcon.colcon_core.package_identification:Package 'src' with type 'ros.ament_python' and name 'arduinobot_py_examples'
[1.161s] Level 1:colcon.colcon_core.package_discovery:discover_packages(recursive) using defaults
[1.161s] Level 1:colcon.colcon_core.package_discovery:discover_packages(ignore) discover
[1.161s] Level 1:colcon.colcon_core.package_discovery:discover_packages(ignore) using defaults
[1.161s] Level 1:colcon.colcon_core.package_discovery:discover_packages(path) discover
[1.161s] Level 1:colcon.colcon_core.package_discovery:discover_packages(path) using defaults
[1.219s] Level 1:colcon.colcon_core.package_discovery:discover_packages(prefix_path) check parameters
[1.219s] Level 1:colcon.colcon_core.package_discovery:discover_packages(prefix_path) discover
[1.227s] DEBUG:colcon.colcon_installed_package_information.package_discovery:Found 1 installed packages in /home/atul/arduinobot_ws/install
[1.231s] DEBUG:colcon.colcon_installed_package_information.package_discovery:Found 352 installed packages in /opt/ros/humble
[1.247s] Level 1:colcon.colcon_core.package_discovery:discover_packages(prefix_path) using defaults
[1.391s] Level 5:colcon.colcon_core.verb:set package 'arduinobot_py_examples' build argument 'cmake_args' from command line to 'None'
[1.391s] Level 5:colcon.colcon_core.verb:set package 'arduinobot_py_examples' build argument 'cmake_target' from command line to 'None'
[1.391s] Level 5:colcon.colcon_core.verb:set package 'arduinobot_py_examples' build argument 'cmake_target_skip_unavailable' from command line to 'False'
[1.391s] Level 5:colcon.colcon_core.verb:set package 'arduinobot_py_examples' build argument 'cmake_clean_cache' from command line to 'False'
[1.391s] Level 5:colcon.colcon_core.verb:set package 'arduinobot_py_examples' build argument 'cmake_clean_first' from command line to 'False'
[1.391s] Level 5:colcon.colcon_core.verb:set package 'arduinobot_py_examples' build argument 'cmake_force_configure' from command line to 'False'
[1.391s] Level 5:colcon.colcon_core.verb:set package 'arduinobot_py_examples' build argument 'ament_cmake_args' from command line to 'None'
[1.391s] Level 5:colcon.colcon_core.verb:set package 'arduinobot_py_examples' build argument 'catkin_cmake_args' from command line to 'None'
[1.391s] Level 5:colcon.colcon_core.verb:set package 'arduinobot_py_examples' build argument 'catkin_skip_building_tests' from command line to 'False'
[1.391s] DEBUG:colcon.colcon_core.verb:Building package 'arduinobot_py_examples' with the following arguments: {'ament_cmake_args': None, 'build_base': '/home/atul/arduinobot_ws/build/arduinobot_py_examples', 'catkin_cmake_args': None, 'catkin_skip_building_tests': False, 'cmake_args': None, 'cmake_clean_cache': False, 'cmake_clean_first': False, 'cmake_force_configure': False, 'cmake_target': None, 'cmake_target_skip_unavailable': False, 'install_base': '/home/atul/arduinobot_ws/install/arduinobot_py_examples', 'merge_install': False, 'path': '/home/atul/arduinobot_ws/src', 'symlink_install': False, 'test_result_base': None}
[1.391s] INFO:colcon.colcon_core.executor:Executing jobs using 'parallel' executor
[1.393s] DEBUG:colcon.colcon_parallel_executor.executor.parallel:run_until_complete
[1.393s] INFO:colcon.colcon_ros.task.ament_python.build:Building ROS package in '/home/atul/arduinobot_ws/src' with build type 'ament_python'
[1.394s] Level 1:colcon.colcon_core.shell:create_environment_hook('arduinobot_py_examples', 'ament_prefix_path')
[1.405s] INFO:colcon.colcon_core.plugin_system:Skipping extension 'colcon_core.shell.bat': Not used on non-Windows systems
[1.405s] INFO:colcon.colcon_core.shell:Creating environment hook '/home/atul/arduinobot_ws/install/arduinobot_py_examples/share/arduinobot_py_examples/hook/ament_prefix_path.ps1'
[1.406s] INFO:colcon.colcon_core.shell:Creating environment descriptor '/home/atul/arduinobot_ws/install/arduinobot_py_examples/share/arduinobot_py_examples/hook/ament_prefix_path.dsv'
[1.408s] INFO:colcon.colcon_core.shell:Creating environment hook '/home/atul/arduinobot_ws/install/arduinobot_py_examples/share/arduinobot_py_examples/hook/ament_prefix_path.sh'
[1.409s] INFO:colcon.colcon_core.shell:Skip shell extension 'powershell' for command environment: Not usable outside of PowerShell
[1.409s] DEBUG:colcon.colcon_core.shell:Skip shell extension 'dsv' for command environment
[1.742s] INFO:colcon.colcon_core.task.python.build:Building Python package in '/home/atul/arduinobot_ws/src'
[1.743s] INFO:colcon.colcon_core.shell:Skip shell extension 'powershell' for command environment: Not usable outside of PowerShell
[1.743s] DEBUG:colcon.colcon_core.shell:Skip shell extension 'dsv' for command environment
[2.485s] DEBUG:colcon.colcon_core.event_handler.log_command:Invoking command in '/home/atul/arduinobot_ws/src': PYTHONPATH=/home/atul/arduinobot_ws/build/arduinobot_py_examples/prefix_override:/home/atul/arduinobot_ws/install/arduinobot_py_examples/lib/python3.10/site-packages:${PYTHONPATH} WSLENV=ELECTRON_RUN_AS_NODE/w: /usr/bin/python3 -W ignore:setup.py install is deprecated setup.py egg_info --egg-base ../build/arduinobot_py_examples build --build-base /home/atul/arduinobot_ws/build/arduinobot_py_examples/build install --record /home/atul/arduinobot_ws/build/arduinobot_py_examples/install.log --single-version-externally-managed install_data
[2.880s] DEBUG:colcon.colcon_core.event_handler.log_command:Invoked command in '/home/atul/arduinobot_ws/src' returned '0': PYTHONPATH=/home/atul/arduinobot_ws/build/arduinobot_py_examples/prefix_override:/home/atul/arduinobot_ws/install/arduinobot_py_examples/lib/python3.10/site-packages:${PYTHONPATH} WSLENV=ELECTRON_RUN_AS_NODE/w: /usr/bin/python3 -W ignore:setup.py install is deprecated setup.py egg_info --egg-base ../build/arduinobot_py_examples build --build-base /home/atul/arduinobot_ws/build/arduinobot_py_examples/build install --record /home/atul/arduinobot_ws/build/arduinobot_py_examples/install.log --single-version-externally-managed install_data
[2.891s] Level 1:colcon.colcon_core.environment:checking '/home/atul/arduinobot_ws/install/arduinobot_py_examples' for CMake module files
[2.892s] Level 1:colcon.colcon_core.environment:checking '/home/atul/arduinobot_ws/install/arduinobot_py_examples' for CMake config files
[2.893s] Level 1:colcon.colcon_core.environment:checking '/home/atul/arduinobot_ws/install/arduinobot_py_examples/lib'
[2.893s] Level 1:colcon.colcon_core.environment:checking '/home/atul/arduinobot_ws/install/arduinobot_py_examples/bin'
[2.893s] Level 1:colcon.colcon_core.environment:checking '/home/atul/arduinobot_ws/install/arduinobot_py_examples/lib/pkgconfig/arduinobot_py_examples.pc'
[2.893s] Level 1:colcon.colcon_core.environment:checking '/home/atul/arduinobot_ws/install/arduinobot_py_examples/lib/python3.10/site-packages'
[2.894s] Level 1:colcon.colcon_core.shell:create_environment_hook('arduinobot_py_examples', 'pythonpath')
[2.894s] INFO:colcon.colcon_core.shell:Creating environment hook '/home/atul/arduinobot_ws/install/arduinobot_py_examples/share/arduinobot_py_examples/hook/pythonpath.ps1'
[2.894s] INFO:colcon.colcon_core.shell:Creating environment descriptor '/home/atul/arduinobot_ws/install/arduinobot_py_examples/share/arduinobot_py_examples/hook/pythonpath.dsv'
[2.895s] INFO:colcon.colcon_core.shell:Creating environment hook '/home/atul/arduinobot_ws/install/arduinobot_py_examples/share/arduinobot_py_examples/hook/pythonpath.sh'
[2.895s] Level 1:colcon.colcon_core.environment:checking '/home/atul/arduinobot_ws/install/arduinobot_py_examples/bin'
[2.896s] Level 1:colcon.colcon_core.environment:create_environment_scripts_only(arduinobot_py_examples)
[2.896s] INFO:colcon.colcon_core.shell:Creating package script '/home/atul/arduinobot_ws/install/arduinobot_py_examples/share/arduinobot_py_examples/package.ps1'
[2.898s] INFO:colcon.colcon_core.shell:Creating package descriptor '/home/atul/arduinobot_ws/install/arduinobot_py_examples/share/arduinobot_py_examples/package.dsv'
[2.899s] INFO:colcon.colcon_core.shell:Creating package script '/home/atul/arduinobot_ws/install/arduinobot_py_examples/share/arduinobot_py_examples/package.sh'
[2.901s] INFO:colcon.colcon_core.shell:Creating package script '/home/atul/arduinobot_ws/install/arduinobot_py_examples/share/arduinobot_py_examples/package.bash'
[2.902s] INFO:colcon.colcon_core.shell:Creating package script '/home/atul/arduinobot_ws/install/arduinobot_py_examples/share/arduinobot_py_examples/package.zsh'
[2.903s] Level 1:colcon.colcon_core.environment:create_file_with_runtime_dependencies(/home/atul/arduinobot_ws/install/arduinobot_py_examples/share/colcon-core/packages/arduinobot_py_examples)
[2.904s] DEBUG:colcon.colcon_parallel_executor.executor.parallel:closing loop
[2.905s] DEBUG:colcon.colcon_parallel_executor.executor.parallel:loop closed
[2.905s] DEBUG:colcon.colcon_parallel_executor.executor.parallel:run_until_complete finished with '0'
[2.906s] DEBUG:colcon.colcon_core.event_reactor:joining thread
[2.986s] INFO:colcon.colcon_core.plugin_system:Skipping extension 'colcon_notification.desktop_notification.notify_send': Could not find 'notify-send'
[2.986s] INFO:colcon.colcon_core.plugin_system:Skipping extension 'colcon_notification.desktop_notification.terminal_notifier': Not used on non-Darwin systems
[2.986s] INFO:colcon.colcon_core.plugin_system:Skipping extension 'colcon_notification.desktop_notification.win32': Not used on non-Windows systems
[2.986s] INFO:colcon.colcon_notification.desktop_notification:Sending desktop notification using 'notify2'
[2.987s] DEBUG:colcon.colcon_notification.desktop_notification.notify2:Failed to initialize notify2: org.freedesktop.DBus.Error.FileNotFound: Failed to connect to socket /run/user/1000/bus: No such file or directory
[2.987s] DEBUG:colcon.colcon_core.event_reactor:joined thread
[2.987s] INFO:colcon.colcon_core.shell:Creating prefix script '/home/atul/arduinobot_ws/install/local_setup.ps1'
[2.989s] INFO:colcon.colcon_core.shell:Creating prefix util module '/home/atul/arduinobot_ws/install/_local_setup_util_ps1.py'
[2.991s] INFO:colcon.colcon_core.shell:Creating prefix chain script '/home/atul/arduinobot_ws/install/setup.ps1'
[2.993s] INFO:colcon.colcon_core.shell:Creating prefix script '/home/atul/arduinobot_ws/install/local_setup.sh'
[2.994s] INFO:colcon.colcon_core.shell:Creating prefix util module '/home/atul/arduinobot_ws/install/_local_setup_util_sh.py'
[2.994s] INFO:colcon.colcon_core.shell:Creating prefix chain script '/home/atul/arduinobot_ws/install/setup.sh'
[2.996s] INFO:colcon.colcon_core.shell:Creating prefix script '/home/atul/arduinobot_ws/install/local_setup.bash'
[2.997s] INFO:colcon.colcon_core.shell:Creating prefix chain script '/home/atul/arduinobot_ws/install/setup.bash'
[2.999s] INFO:colcon.colcon_core.shell:Creating prefix script '/home/atul/arduinobot_ws/install/local_setup.zsh'
[3.000s] INFO:colcon.colcon_core.shell:Creating prefix chain script '/home/atul/arduinobot_ws/install/setup.zsh'
