-- The C compiler identification is GNU 11.4.0
-- The CXX compiler identification is GNU 11.4.0
-- Detecting C compiler ABI info
-- Detecting C compiler ABI info - done
-- Check for working C compiler: /usr/bin/cc - skipped
-- Detecting C compile features
-- Detecting C compile features - done
-- Detecting CXX compiler ABI info
-- Detecting CXX compiler ABI info - done
-- Check for working CXX compiler: /usr/bin/c++ - skipped
-- Detecting CXX compile features
-- Detecting CXX compile features - done
-- Found ament_cmake: 1.3.9 (/opt/ros/humble/share/ament_cmake/cmake)
-- Found Python3: /usr/bin/python3 (found version "3.10.12") found components: Interpreter 
-- Found rclpy: 3.3.13 (/opt/ros/humble/share/rclpy/cmake)
-- Found arduinobot_msgs: 0.0.0 (/home/atul/arduinobot_ws/install/arduinobot_msgs/share/arduinobot_msgs/cmake)
-- Found rosidl_generator_c: 3.1.5 (/opt/ros/humble/share/rosidl_generator_c/cmake)
-- Found rosidl_adapter: 3.1.5 (/opt/ros/humble/share/rosidl_adapter/cmake)
-- Found rosidl_generator_cpp: 3.1.5 (/opt/ros/humble/share/rosidl_generator_cpp/cmake)
-- Using all available rosidl_typesupport_c: rosidl_typesupport_fastrtps_c;rosidl_typesupport_introspection_c
-- Using all available rosidl_typesupport_cpp: rosidl_typesupport_fastrtps_cpp;rosidl_typesupport_introspection_cpp
-- Found ament_lint_auto: 0.12.11 (/opt/ros/humble/share/ament_lint_auto/cmake)
-- Added test 'flake8' to check Python code syntax and style conventions
-- Added test 'lint_cmake' to check CMake code style
-- Added test 'pep257' to check Python code against some of the docstring style conventions in PEP 257
-- Added test 'xmllint' to check XML markup files
-- Configuring done
-- Generating done
-- Build files have been written to: /home/atul/arduinobot_ws/build/arduinobot_utils
Built target ament_cmake_python_copy_arduinobot_utils
running egg_info
creating arduinobot_utils.egg-info
writing arduinobot_utils.egg-info/PKG-INFO
writing dependency_links to arduinobot_utils.egg-info/dependency_links.txt
writing top-level names to arduinobot_utils.egg-info/top_level.txt
writing manifest file 'arduinobot_utils.egg-info/SOURCES.txt'
reading manifest file 'arduinobot_utils.egg-info/SOURCES.txt'
writing manifest file 'arduinobot_utils.egg-info/SOURCES.txt'
Built target ament_cmake_python_build_arduinobot_utils_egg
-- Install configuration: ""
-- Installing: /home/atul/arduinobot_ws/install/arduinobot_utils/share/arduinobot_utils/environment/pythonpath.sh
-- Installing: /home/atul/arduinobot_ws/install/arduinobot_utils/share/arduinobot_utils/environment/pythonpath.dsv
-- Installing: /home/atul/arduinobot_ws/install/arduinobot_utils/local/lib/python3.10/dist-packages/arduinobot_utils-0.0.0-py3.10.egg-info
-- Installing: /home/atul/arduinobot_ws/install/arduinobot_utils/local/lib/python3.10/dist-packages/arduinobot_utils-0.0.0-py3.10.egg-info/top_level.txt
-- Installing: /home/atul/arduinobot_ws/install/arduinobot_utils/local/lib/python3.10/dist-packages/arduinobot_utils-0.0.0-py3.10.egg-info/SOURCES.txt
-- Installing: /home/atul/arduinobot_ws/install/arduinobot_utils/local/lib/python3.10/dist-packages/arduinobot_utils-0.0.0-py3.10.egg-info/dependency_links.txt
-- Installing: /home/atul/arduinobot_ws/install/arduinobot_utils/local/lib/python3.10/dist-packages/arduinobot_utils-0.0.0-py3.10.egg-info/PKG-INFO
-- Installing: /home/atul/arduinobot_ws/install/arduinobot_utils/local/lib/python3.10/dist-packages/arduinobot_utils
-- Installing: /home/atul/arduinobot_ws/install/arduinobot_utils/local/lib/python3.10/dist-packages/arduinobot_utils/__init__.py
-- Installing: /home/atul/arduinobot_ws/install/arduinobot_utils/local/lib/python3.10/dist-packages/arduinobot_utils/angle_conversion.py
Listing '/home/atul/arduinobot_ws/install/arduinobot_utils/local/lib/python3.10/dist-packages/arduinobot_utils'...
Compiling '/home/atul/arduinobot_ws/install/arduinobot_utils/local/lib/python3.10/dist-packages/arduinobot_utils/__init__.py'...
Compiling '/home/atul/arduinobot_ws/install/arduinobot_utils/local/lib/python3.10/dist-packages/arduinobot_utils/angle_conversion.py'...
-- Installing: /home/atul/arduinobot_ws/install/arduinobot_utils/lib/arduinobot_utils/angle_conversion.py
-- Installing: /home/atul/arduinobot_ws/install/arduinobot_utils/share/ament_index/resource_index/package_run_dependencies/arduinobot_utils
-- Installing: /home/atul/arduinobot_ws/install/arduinobot_utils/share/ament_index/resource_index/parent_prefix_path/arduinobot_utils
-- Installing: /home/atul/arduinobot_ws/install/arduinobot_utils/share/arduinobot_utils/environment/ament_prefix_path.sh
-- Installing: /home/atul/arduinobot_ws/install/arduinobot_utils/share/arduinobot_utils/environment/ament_prefix_path.dsv
-- Installing: /home/atul/arduinobot_ws/install/arduinobot_utils/share/arduinobot_utils/environment/path.sh
-- Installing: /home/atul/arduinobot_ws/install/arduinobot_utils/share/arduinobot_utils/environment/path.dsv
-- Installing: /home/atul/arduinobot_ws/install/arduinobot_utils/share/arduinobot_utils/local_setup.bash
-- Installing: /home/atul/arduinobot_ws/install/arduinobot_utils/share/arduinobot_utils/local_setup.sh
-- Installing: /home/atul/arduinobot_ws/install/arduinobot_utils/share/arduinobot_utils/local_setup.zsh
-- Installing: /home/atul/arduinobot_ws/install/arduinobot_utils/share/arduinobot_utils/local_setup.dsv
-- Installing: /home/atul/arduinobot_ws/install/arduinobot_utils/share/arduinobot_utils/package.dsv
-- Installing: /home/atul/arduinobot_ws/install/arduinobot_utils/share/ament_index/resource_index/packages/arduinobot_utils
-- Installing: /home/atul/arduinobot_ws/install/arduinobot_utils/share/arduinobot_utils/cmake/arduinobot_utilsConfig.cmake
-- Installing: /home/atul/arduinobot_ws/install/arduinobot_utils/share/arduinobot_utils/cmake/arduinobot_utilsConfig-version.cmake
-- Installing: /home/atul/arduinobot_ws/install/arduinobot_utils/share/arduinobot_utils/package.xml
