[1.170s] Invoking command in '/home/atul/arduinobot_ws/src/arduinobot_py_examples': PYTHONPATH=/home/atul/arduinobot_ws/build/arduinobot_py_examples/prefix_override:/home/atul/arduinobot_ws/install/arduinobot_py_examples/lib/python3.10/site-packages:${PYTHONPATH} /usr/bin/python3 -W ignore:setup.py install is deprecated setup.py egg_info --egg-base ../../build/arduinobot_py_examples build --build-base /home/atul/arduinobot_ws/build/arduinobot_py_examples/build install --record /home/atul/arduinobot_ws/build/arduinobot_py_examples/install.log --single-version-externally-managed install_data
[1.552s] running egg_info
[1.554s] writing ../../build/arduinobot_py_examples/arduinobot_py_examples.egg-info/PKG-INFO
[1.555s] writing dependency_links to ../../build/arduinobot_py_examples/arduinobot_py_examples.egg-info/dependency_links.txt
[1.557s] writing entry points to ../../build/arduinobot_py_examples/arduinobot_py_examples.egg-info/entry_points.txt
[1.557s] writing requirements to ../../build/arduinobot_py_examples/arduinobot_py_examples.egg-info/requires.txt
[1.557s] writing top-level names to ../../build/arduinobot_py_examples/arduinobot_py_examples.egg-info/top_level.txt
[1.559s] reading manifest file '../../build/arduinobot_py_examples/arduinobot_py_examples.egg-info/SOURCES.txt'
[1.560s] writing manifest file '../../build/arduinobot_py_examples/arduinobot_py_examples.egg-info/SOURCES.txt'
[1.560s] running build
[1.561s] running build_py
[1.561s] running install
[1.562s] running install_lib
[1.564s] running install_data
[1.564s] running install_egg_info
[1.566s] removing '/home/atul/arduinobot_ws/install/arduinobot_py_examples/lib/python3.10/site-packages/arduinobot_py_examples-0.0.0-py3.10.egg-info' (and everything under it)
[1.567s] Copying ../../build/arduinobot_py_examples/arduinobot_py_examples.egg-info to /home/atul/arduinobot_ws/install/arduinobot_py_examples/lib/python3.10/site-packages/arduinobot_py_examples-0.0.0-py3.10.egg-info
[1.567s] running install_scripts
[1.602s] Installing simple_parameter script to /home/atul/arduinobot_ws/install/arduinobot_py_examples/lib/arduinobot_py_examples
[1.603s] Installing simple_publisher script to /home/atul/arduinobot_ws/install/arduinobot_py_examples/lib/arduinobot_py_examples
[1.604s] Installing simple_subscriber script to /home/atul/arduinobot_ws/install/arduinobot_py_examples/lib/arduinobot_py_examples
[1.605s] writing list of installed files to '/home/atul/arduinobot_ws/build/arduinobot_py_examples/install.log'
[1.654s] Invoked command in '/home/atul/arduinobot_ws/src/arduinobot_py_examples' returned '0': PYTHONPATH=/home/atul/arduinobot_ws/build/arduinobot_py_examples/prefix_override:/home/atul/arduinobot_ws/install/arduinobot_py_examples/lib/python3.10/site-packages:${PYTHONPATH} /usr/bin/python3 -W ignore:setup.py install is deprecated setup.py egg_info --egg-base ../../build/arduinobot_py_examples build --build-base /home/atul/arduinobot_ws/build/arduinobot_py_examples/build install --record /home/atul/arduinobot_ws/build/arduinobot_py_examples/install.log --single-version-externally-managed install_data
