[0.055s] Invoking command in '/home/atul/arduinobot_ws/build/arduinobot_utils': CMAKE_PREFIX_PATH=${CMAKE_PREFIX_PATH}:/home/atul/arduinobot_ws/install/arduinobot_py_examples:/opt/ros/humble WSLENV=ELECTRON_RUN_AS_NODE/w: /usr/bin/cmake --build /home/atul/arduinobot_ws/build/arduinobot_utils -- -j12 -l12
[0.169s] Built target ament_cmake_python_copy_arduinobot_utils
[0.739s] running egg_info
[0.740s] writing arduinobot_utils.egg-info/PKG-INFO
[0.740s] writing dependency_links to arduinobot_utils.egg-info/dependency_links.txt
[0.741s] writing top-level names to arduinobot_utils.egg-info/top_level.txt
[0.745s] reading manifest file 'arduinobot_utils.egg-info/SOURCES.txt'
[0.746s] writing manifest file 'arduinobot_utils.egg-info/SOURCES.txt'
[0.799s] Built target ament_cmake_python_build_arduinobot_utils_egg
[0.817s] Invoked command in '/home/atul/arduinobot_ws/build/arduinobot_utils' returned '0': CMAKE_PREFIX_PATH=${CMAKE_PREFIX_PATH}:/home/atul/arduinobot_ws/install/arduinobot_py_examples:/opt/ros/humble WSLENV=ELECTRON_RUN_AS_NODE/w: /usr/bin/cmake --build /home/atul/arduinobot_ws/build/arduinobot_utils -- -j12 -l12
[0.852s] Invoking command in '/home/atul/arduinobot_ws/build/arduinobot_utils': CMAKE_PREFIX_PATH=${CMAKE_PREFIX_PATH}:/home/atul/arduinobot_ws/install/arduinobot_py_examples:/opt/ros/humble WSLENV=ELECTRON_RUN_AS_NODE/w: /usr/bin/cmake --install /home/atul/arduinobot_ws/build/arduinobot_utils
[0.862s] -- Install configuration: ""
[0.864s] -- Up-to-date: /home/atul/arduinobot_ws/install/arduinobot_utils/share/arduinobot_utils/environment/pythonpath.sh
[0.866s] -- Up-to-date: /home/atul/arduinobot_ws/install/arduinobot_utils/share/arduinobot_utils/environment/pythonpath.dsv
[0.866s] -- Up-to-date: /home/atul/arduinobot_ws/install/arduinobot_utils/local/lib/python3.10/dist-packages/arduinobot_utils-0.0.0-py3.10.egg-info
[0.867s] -- Installing: /home/atul/arduinobot_ws/install/arduinobot_utils/local/lib/python3.10/dist-packages/arduinobot_utils-0.0.0-py3.10.egg-info/top_level.txt
[0.867s] -- Installing: /home/atul/arduinobot_ws/install/arduinobot_utils/local/lib/python3.10/dist-packages/arduinobot_utils-0.0.0-py3.10.egg-info/SOURCES.txt
[0.867s] -- Installing: /home/atul/arduinobot_ws/install/arduinobot_utils/local/lib/python3.10/dist-packages/arduinobot_utils-0.0.0-py3.10.egg-info/dependency_links.txt
[0.867s] -- Installing: /home/atul/arduinobot_ws/install/arduinobot_utils/local/lib/python3.10/dist-packages/arduinobot_utils-0.0.0-py3.10.egg-info/PKG-INFO
[0.868s] -- Up-to-date: /home/atul/arduinobot_ws/install/arduinobot_utils/local/lib/python3.10/dist-packages/arduinobot_utils
[0.868s] -- Up-to-date: /home/atul/arduinobot_ws/install/arduinobot_utils/local/lib/python3.10/dist-packages/arduinobot_utils/__init__.py
[0.868s] -- Installing: /home/atul/arduinobot_ws/install/arduinobot_utils/local/lib/python3.10/dist-packages/arduinobot_utils/angle_conversion.py
[0.965s] Listing '/home/atul/arduinobot_ws/install/arduinobot_utils/local/lib/python3.10/dist-packages/arduinobot_utils'...
[0.966s] Compiling '/home/atul/arduinobot_ws/install/arduinobot_utils/local/lib/python3.10/dist-packages/arduinobot_utils/angle_conversion.py'...
[0.978s] -- Installing: /home/atul/arduinobot_ws/install/arduinobot_utils/lib/arduinobot_utils/angle_conversion.py
[0.979s] -- Up-to-date: /home/atul/arduinobot_ws/install/arduinobot_utils/share/ament_index/resource_index/package_run_dependencies/arduinobot_utils
[0.979s] -- Up-to-date: /home/atul/arduinobot_ws/install/arduinobot_utils/share/ament_index/resource_index/parent_prefix_path/arduinobot_utils
[0.980s] -- Up-to-date: /home/atul/arduinobot_ws/install/arduinobot_utils/share/arduinobot_utils/environment/ament_prefix_path.sh
[0.980s] -- Up-to-date: /home/atul/arduinobot_ws/install/arduinobot_utils/share/arduinobot_utils/environment/ament_prefix_path.dsv
[0.980s] -- Up-to-date: /home/atul/arduinobot_ws/install/arduinobot_utils/share/arduinobot_utils/environment/path.sh
[0.980s] -- Up-to-date: /home/atul/arduinobot_ws/install/arduinobot_utils/share/arduinobot_utils/environment/path.dsv
[0.981s] -- Up-to-date: /home/atul/arduinobot_ws/install/arduinobot_utils/share/arduinobot_utils/local_setup.bash
[0.981s] -- Up-to-date: /home/atul/arduinobot_ws/install/arduinobot_utils/share/arduinobot_utils/local_setup.sh
[0.982s] -- Up-to-date: /home/atul/arduinobot_ws/install/arduinobot_utils/share/arduinobot_utils/local_setup.zsh
[0.983s] -- Up-to-date: /home/atul/arduinobot_ws/install/arduinobot_utils/share/arduinobot_utils/local_setup.dsv
[0.984s] -- Up-to-date: /home/atul/arduinobot_ws/install/arduinobot_utils/share/arduinobot_utils/package.dsv
[0.985s] -- Up-to-date: /home/atul/arduinobot_ws/install/arduinobot_utils/share/ament_index/resource_index/packages/arduinobot_utils
[0.986s] -- Up-to-date: /home/atul/arduinobot_ws/install/arduinobot_utils/share/arduinobot_utils/cmake/arduinobot_utilsConfig.cmake
[0.986s] -- Up-to-date: /home/atul/arduinobot_ws/install/arduinobot_utils/share/arduinobot_utils/cmake/arduinobot_utilsConfig-version.cmake
[0.986s] -- Up-to-date: /home/atul/arduinobot_ws/install/arduinobot_utils/share/arduinobot_utils/package.xml
[0.989s] Invoked command in '/home/atul/arduinobot_ws/build/arduinobot_utils' returned '0': CMAKE_PREFIX_PATH=${CMAKE_PREFIX_PATH}:/home/atul/arduinobot_ws/install/arduinobot_py_examples:/opt/ros/humble WSLENV=ELECTRON_RUN_AS_NODE/w: /usr/bin/cmake --install /home/atul/arduinobot_ws/build/arduinobot_utils
