[0.045s] Invoking command in '/home/atul/arduinobot_ws/build/arduinobot_controller': CMAKE_PREFIX_PATH=${CMAKE_PREFIX_PATH}:/home/atul/arduinobot_ws/install/arduinobot_py_examples:/opt/ros/humble WSLENV=ELECTRON_RUN_AS_NODE/w: /usr/bin/cmake --build /home/atul/arduinobot_ws/build/arduinobot_controller -- -j12 -l12
[0.124s] [100%] Built target slider_control
[0.126s] [100%] Built target ament_cmake_python_copy_arduinobot_controller
[0.526s] running egg_info
[0.527s] writing arduinobot_controller.egg-info/PKG-INFO
[0.528s] writing dependency_links to arduinobot_controller.egg-info/dependency_links.txt
[0.528s] writing top-level names to arduinobot_controller.egg-info/top_level.txt
[0.531s] reading manifest file 'arduinobot_controller.egg-info/SOURCES.txt'
[0.531s] writing manifest file 'arduinobot_controller.egg-info/SOURCES.txt'
[0.572s] [100%] Built target ament_cmake_python_build_arduinobot_controller_egg
[0.586s] Invoked command in '/home/atul/arduinobot_ws/build/arduinobot_controller' returned '0': CMAKE_PREFIX_PATH=${CMAKE_PREFIX_PATH}:/home/atul/arduinobot_ws/install/arduinobot_py_examples:/opt/ros/humble WSLENV=ELECTRON_RUN_AS_NODE/w: /usr/bin/cmake --build /home/atul/arduinobot_ws/build/arduinobot_controller -- -j12 -l12
[0.626s] Invoking command in '/home/atul/arduinobot_ws/build/arduinobot_controller': CMAKE_PREFIX_PATH=${CMAKE_PREFIX_PATH}:/home/atul/arduinobot_ws/install/arduinobot_py_examples:/opt/ros/humble WSLENV=ELECTRON_RUN_AS_NODE/w: /usr/bin/cmake --install /home/atul/arduinobot_ws/build/arduinobot_controller
[0.633s] -- Install configuration: ""
[0.633s] -- Up-to-date: /home/atul/arduinobot_ws/install/arduinobot_controller/share/arduinobot_controller/environment/pythonpath.sh
[0.634s] -- Up-to-date: /home/atul/arduinobot_ws/install/arduinobot_controller/share/arduinobot_controller/environment/pythonpath.dsv
[0.634s] -- Up-to-date: /home/atul/arduinobot_ws/install/arduinobot_controller/local/lib/python3.10/dist-packages/arduinobot_controller-0.0.0-py3.10.egg-info
[0.634s] -- Installing: /home/atul/arduinobot_ws/install/arduinobot_controller/local/lib/python3.10/dist-packages/arduinobot_controller-0.0.0-py3.10.egg-info/top_level.txt
[0.635s] -- Installing: /home/atul/arduinobot_ws/install/arduinobot_controller/local/lib/python3.10/dist-packages/arduinobot_controller-0.0.0-py3.10.egg-info/SOURCES.txt
[0.636s] -- Installing: /home/atul/arduinobot_ws/install/arduinobot_controller/local/lib/python3.10/dist-packages/arduinobot_controller-0.0.0-py3.10.egg-info/dependency_links.txt
[0.636s] -- Installing: /home/atul/arduinobot_ws/install/arduinobot_controller/local/lib/python3.10/dist-packages/arduinobot_controller-0.0.0-py3.10.egg-info/PKG-INFO
[0.636s] -- Up-to-date: /home/atul/arduinobot_ws/install/arduinobot_controller/local/lib/python3.10/dist-packages/arduinobot_controller
[0.636s] -- Up-to-date: /home/atul/arduinobot_ws/install/arduinobot_controller/local/lib/python3.10/dist-packages/arduinobot_controller/slider_control.py
[0.636s] -- Up-to-date: /home/atul/arduinobot_ws/install/arduinobot_controller/local/lib/python3.10/dist-packages/arduinobot_controller/__init__.py
[0.679s] Listing '/home/atul/arduinobot_ws/install/arduinobot_controller/local/lib/python3.10/dist-packages/arduinobot_controller'...
[0.688s] -- Up-to-date: /home/atul/arduinobot_ws/install/arduinobot_controller/lib/arduinobot_controller/slider_control
[0.689s] -- Up-to-date: /home/atul/arduinobot_ws/install/arduinobot_controller/share/arduinobot_controller/launch
[0.689s] -- Up-to-date: /home/atul/arduinobot_ws/install/arduinobot_controller/share/arduinobot_controller/launch/controller.launch.py
[0.690s] -- Up-to-date: /home/atul/arduinobot_ws/install/arduinobot_controller/share/arduinobot_controller/launch/slider_controller.launch.py
[0.690s] -- Up-to-date: /home/atul/arduinobot_ws/install/arduinobot_controller/share/arduinobot_controller/config
[0.693s] -- Up-to-date: /home/atul/arduinobot_ws/install/arduinobot_controller/share/arduinobot_controller/config/arduinobot_controllers.yaml
[0.694s] -- Up-to-date: /home/atul/arduinobot_ws/install/arduinobot_controller/lib/arduinobot_controller/slider_control.py
[0.694s] -- Up-to-date: /home/atul/arduinobot_ws/install/arduinobot_controller/share/ament_index/resource_index/package_run_dependencies/arduinobot_controller
[0.695s] -- Up-to-date: /home/atul/arduinobot_ws/install/arduinobot_controller/share/ament_index/resource_index/parent_prefix_path/arduinobot_controller
[0.695s] -- Up-to-date: /home/atul/arduinobot_ws/install/arduinobot_controller/share/arduinobot_controller/environment/ament_prefix_path.sh
[0.695s] -- Up-to-date: /home/atul/arduinobot_ws/install/arduinobot_controller/share/arduinobot_controller/environment/ament_prefix_path.dsv
[0.695s] -- Up-to-date: /home/atul/arduinobot_ws/install/arduinobot_controller/share/arduinobot_controller/environment/path.sh
[0.695s] -- Up-to-date: /home/atul/arduinobot_ws/install/arduinobot_controller/share/arduinobot_controller/environment/path.dsv
[0.696s] -- Up-to-date: /home/atul/arduinobot_ws/install/arduinobot_controller/share/arduinobot_controller/local_setup.bash
[0.696s] -- Up-to-date: /home/atul/arduinobot_ws/install/arduinobot_controller/share/arduinobot_controller/local_setup.sh
[0.696s] -- Up-to-date: /home/atul/arduinobot_ws/install/arduinobot_controller/share/arduinobot_controller/local_setup.zsh
[0.696s] -- Up-to-date: /home/atul/arduinobot_ws/install/arduinobot_controller/share/arduinobot_controller/local_setup.dsv
[0.697s] -- Installing: /home/atul/arduinobot_ws/install/arduinobot_controller/share/arduinobot_controller/package.dsv
[0.697s] -- Up-to-date: /home/atul/arduinobot_ws/install/arduinobot_controller/share/ament_index/resource_index/packages/arduinobot_controller
[0.700s] -- Up-to-date: /home/atul/arduinobot_ws/install/arduinobot_controller/share/arduinobot_controller/cmake/arduinobot_controllerConfig.cmake
[0.700s] -- Up-to-date: /home/atul/arduinobot_ws/install/arduinobot_controller/share/arduinobot_controller/cmake/arduinobot_controllerConfig-version.cmake
[0.700s] -- Up-to-date: /home/atul/arduinobot_ws/install/arduinobot_controller/share/arduinobot_controller/package.xml
[0.701s] Invoked command in '/home/atul/arduinobot_ws/build/arduinobot_controller' returned '0': CMAKE_PREFIX_PATH=${CMAKE_PREFIX_PATH}:/home/atul/arduinobot_ws/install/arduinobot_py_examples:/opt/ros/humble WSLENV=ELECTRON_RUN_AS_NODE/w: /usr/bin/cmake --install /home/atul/arduinobot_ws/build/arduinobot_controller
