[1.826s] Invoking command in '/home/atul/arduinobot_ws/src/arduinobot_py_examples': CMAKE_PREFIX_PATH=/home/atul/arduinobot_ws/install/arduinobot_msgs:/home/atul/arduinobot_ws/install/arduinobot_utils:/home/atul/arduinobot_ws/install/arduinobot_moveit:/home/atul/arduinobot_ws/install/arduinobot_description:/home/atul/arduinobot_ws/install/arduinobot_controller PYTHONPATH=/home/atul/arduinobot_ws/build/arduinobot_py_examples/prefix_override:/home/atul/arduinobot_ws/install/arduinobot_py_examples/lib/python3.10/site-packages:${PYTHONPATH} WSLENV=ELECTRON_RUN_AS_NODE/w: /usr/bin/python3 -W ignore:setup.py install is deprecated setup.py egg_info --egg-base ../../build/arduinobot_py_examples build --build-base /home/atul/arduinobot_ws/build/arduinobot_py_examples/build install --record /home/atul/arduinobot_ws/build/arduinobot_py_examples/install.log --single-version-externally-managed install_data
[2.135s] running egg_info
[2.137s] writing ../../build/arduinobot_py_examples/arduinobot_py_examples.egg-info/PKG-INFO
[2.137s] writing dependency_links to ../../build/arduinobot_py_examples/arduinobot_py_examples.egg-info/dependency_links.txt
[2.138s] writing entry points to ../../build/arduinobot_py_examples/arduinobot_py_examples.egg-info/entry_points.txt
[2.138s] writing requirements to ../../build/arduinobot_py_examples/arduinobot_py_examples.egg-info/requires.txt
[2.138s] writing top-level names to ../../build/arduinobot_py_examples/arduinobot_py_examples.egg-info/top_level.txt
[2.140s] reading manifest file '../../build/arduinobot_py_examples/arduinobot_py_examples.egg-info/SOURCES.txt'
[2.143s] writing manifest file '../../build/arduinobot_py_examples/arduinobot_py_examples.egg-info/SOURCES.txt'
[2.143s] running build
[2.143s] running build_py
[2.143s] running install
[2.144s] running install_lib
[2.147s] running install_data
[2.147s] running install_egg_info
[2.151s] removing '/home/atul/arduinobot_ws/install/arduinobot_py_examples/lib/python3.10/site-packages/arduinobot_py_examples-0.0.0-py3.10.egg-info' (and everything under it)
[2.152s] Copying ../../build/arduinobot_py_examples/arduinobot_py_examples.egg-info to /home/atul/arduinobot_ws/install/arduinobot_py_examples/lib/python3.10/site-packages/arduinobot_py_examples-0.0.0-py3.10.egg-info
[2.154s] running install_scripts
[2.188s] Installing simple_parameter script to /home/atul/arduinobot_ws/install/arduinobot_py_examples/lib/arduinobot_py_examples
[2.189s] Installing simple_publisher script to /home/atul/arduinobot_ws/install/arduinobot_py_examples/lib/arduinobot_py_examples
[2.189s] Installing simple_service_client script to /home/atul/arduinobot_ws/install/arduinobot_py_examples/lib/arduinobot_py_examples
[2.191s] Installing simple_service_server script to /home/atul/arduinobot_ws/install/arduinobot_py_examples/lib/arduinobot_py_examples
[2.191s] Installing simple_subscriber script to /home/atul/arduinobot_ws/install/arduinobot_py_examples/lib/arduinobot_py_examples
[2.192s] writing list of installed files to '/home/atul/arduinobot_ws/build/arduinobot_py_examples/install.log'
[2.232s] Invoked command in '/home/atul/arduinobot_ws/src/arduinobot_py_examples' returned '0': CMAKE_PREFIX_PATH=/home/atul/arduinobot_ws/install/arduinobot_msgs:/home/atul/arduinobot_ws/install/arduinobot_utils:/home/atul/arduinobot_ws/install/arduinobot_moveit:/home/atul/arduinobot_ws/install/arduinobot_description:/home/atul/arduinobot_ws/install/arduinobot_controller PYTHONPATH=/home/atul/arduinobot_ws/build/arduinobot_py_examples/prefix_override:/home/atul/arduinobot_ws/install/arduinobot_py_examples/lib/python3.10/site-packages:${PYTHONPATH} WSLENV=ELECTRON_RUN_AS_NODE/w: /usr/bin/python3 -W ignore:setup.py install is deprecated setup.py egg_info --egg-base ../../build/arduinobot_py_examples build --build-base /home/atul/arduinobot_ws/build/arduinobot_py_examples/build install --record /home/atul/arduinobot_ws/build/arduinobot_py_examples/install.log --single-version-externally-managed install_data
