[0.044s] Invoking command in '/home/atul/arduinobot_ws/build/arduinobot_msgs': CMAKE_PREFIX_PATH=${CMAKE_PREFIX_PATH}:/home/atul/arduinobot_ws/install/arduinobot_py_examples:/opt/ros/humble WSLENV=ELECTRON_RUN_AS_NODE/w: /usr/bin/cmake /home/atul/arduinobot_ws/src/arduinobot_messages -DCMAKE_INSTALL_PREFIX=/home/atul/arduinobot_ws/install/arduinobot_msgs
[0.436s] -- The C compiler identification is GNU 11.4.0
[1.270s] -- The CXX compiler identification is GNU 11.4.0
[2.308s] -- Detecting C compiler ABI info
[2.704s] -- Detecting C compiler ABI info - done
[2.716s] -- Check for working C compiler: /usr/bin/cc - skipped
[2.718s] -- Detecting C compile features
[2.719s] -- Detecting C compile features - done
[2.728s] -- Detecting CXX compiler ABI info
[3.131s] -- Detecting CXX compiler ABI info - done
[3.141s] -- Check for working CXX compiler: /usr/bin/c++ - skipped
[3.142s] -- Detecting CXX compile features
[3.143s] -- Detecting CXX compile features - done
[3.191s] -- Found ament_cmake: 1.3.9 (/opt/ros/humble/share/ament_cmake/cmake)
[3.440s] -- Found Python3: /usr/bin/python3 (found version "3.10.12") found components: Interpreter 
[3.617s] -- Found std_msgs: 4.2.3 (/opt/ros/humble/share/std_msgs/cmake)
[4.495s] -- Found rosidl_generator_c: 3.1.5 (/opt/ros/humble/share/rosidl_generator_c/cmake)
[4.510s] -- Found rosidl_adapter: 3.1.5 (/opt/ros/humble/share/rosidl_adapter/cmake)
[4.541s] -- Found rosidl_generator_cpp: 3.1.5 (/opt/ros/humble/share/rosidl_generator_cpp/cmake)
[4.583s] -- Using all available rosidl_typesupport_c: rosidl_typesupport_fastrtps_c;rosidl_typesupport_introspection_c
[4.630s] -- Using all available rosidl_typesupport_cpp: rosidl_typesupport_fastrtps_cpp;rosidl_typesupport_introspection_cpp
[4.739s] -- Found rosidl_default_generators: 1.2.0 (/opt/ros/humble/share/rosidl_default_generators/cmake)
[4.759s] [31mCMake Error at /opt/ros/humble/share/rosidl_cmake/cmake/rosidl_generate_interfaces.cmake:93 (message):
[4.759s]   rosidl_generate_interfaces() the passed file 'srv/EulerToQuaternion.srv'
[4.759s]   doesn't exist relative to the CMAKE_CURRENT_SOURCE_DIR
[4.760s]   '/home/atul/arduinobot_ws/src/arduinobot_messages'
[4.760s] Call Stack (most recent call first):
[4.760s]   CMakeLists.txt:12 (rosidl_generate_interfaces)
[4.760s] 
[4.760s] [0m
[4.760s] -- Configuring incomplete, errors occurred!
[4.760s] See also "/home/atul/arduinobot_ws/build/arduinobot_msgs/CMakeFiles/CMakeOutput.log".
[4.769s] Invoked command in '/home/atul/arduinobot_ws/build/arduinobot_msgs' returned '1': CMAKE_PREFIX_PATH=${CMAKE_PREFIX_PATH}:/home/atul/arduinobot_ws/install/arduinobot_py_examples:/opt/ros/humble WSLENV=ELECTRON_RUN_AS_NODE/w: /usr/bin/cmake /home/atul/arduinobot_ws/src/arduinobot_messages -DCMAKE_INSTALL_PREFIX=/home/atul/arduinobot_ws/install/arduinobot_msgs
