-- The C compiler identification is GNU 11.4.0
-- The CXX compiler identification is GNU 11.4.0
-- Detecting C compiler ABI info
-- Detecting C compiler ABI info - done
-- Check for working C compiler: /usr/bin/cc - skipped
-- Detecting C compile features
-- Detecting C compile features - done
-- Detecting CXX compiler ABI info
-- Detecting CXX compiler ABI info - done
-- Check for working CXX compiler: /usr/bin/c++ - skipped
-- Detecting CXX compile features
-- Detecting CXX compile features - done
-- Setting build type to 'RelWithDebInfo' as none was specified.
-- Looking for getopt.h
-- Looking for getopt.h - found
-- Building with OpenSSL support
-- Looking for stdint.h
-- Looking for stdint.h - found
-- Looking for inttypes.h
-- Looking for inttypes.h - found
-- Looking for sys/types.h
-- Looking for sys/types.h - found
-- Looking for stdint.h
-- Looking for stdint.h - found
-- Looking for stddef.h
-- Looking for stddef.h - found
-- Check size of intmax_t
-- Check size of intmax_t - done
-- Looking for stpcpy
-- Looking for stpcpy - found
-- Looking for strlcpy
-- Looking for strlcpy - not found
-- Looking for strlcat
-- Looking for strlcat - not found
-- Performing Test COMPILER_HAS_HIDDEN_VISIBILITY
-- Performing Test COMPILER_HAS_HIDDEN_VISIBILITY - Success
-- Performing Test COMPILER_HAS_HIDDEN_INLINE_VISIBILITY
-- Performing Test COMPILER_HAS_HIDDEN_INLINE_VISIBILITY - Success
-- Performing Test COMPILER_HAS_DEPRECATED_ATTR
-- Performing Test COMPILER_HAS_DEPRECATED_ATTR - Success
-- Building internal IDLC backend
-- Looking for gethostname
-- Looking for gethostname - found
-- Looking for inet_ntop
-- Looking for inet_ntop - found
-- Looking for inet_pton
-- Looking for inet_pton - found
-- Looking for getaddrinfo
-- Looking for getaddrinfo - found
-- Looking for gethostbyname_r
-- Looking for gethostbyname_r - found
-- Check size of struct sockaddr_in6
-- Check size of struct sockaddr_in6 - done
-- Building with IPv6 support
-- Looking for IP_ADD_SOURCE_MEMBERSHIP
-- Looking for IP_ADD_SOURCE_MEMBERSHIP - found
-- Looking for MCAST_JOIN_SOURCE_GROUP
-- Looking for MCAST_JOIN_SOURCE_GROUP - found
-- Building with source-specific multicast support
-- Looking for pthread.h
-- Looking for pthread.h - found
-- Performing Test CMAKE_HAVE_LIBC_PTHREAD
-- Performing Test CMAKE_HAVE_LIBC_PTHREAD - Success
-- Found Threads: TRUE  
-- Looking for clock_gettime in c
-- Looking for clock_gettime in c - found
-- Building Iceoryx PSMX plugin
-- Configuring done
-- Generating done
-- Build files have been written to: /home/atul/arduinobot_ws/build/cyclonedds
[  1%] [32mBuilding C object src/tools/idlpp/CMakeFiles/idlpp.dir/src/directive.c.o[0m
[  2%] [32mBuilding C object src/tools/idlpp/CMakeFiles/idlpp.dir/src/support.c.o[0m
[  2%] [32mBuilding C object src/tools/idlpp/CMakeFiles/idlpp.dir/src/main.c.o[0m
[  2%] [32mBuilding C object src/tools/idlpp/CMakeFiles/idlpp.dir/src/eval.c.o[0m
[  2%] [32mBuilding C object src/tools/idlpp/CMakeFiles/idlpp.dir/src/mbchar.c.o[0m
[  2%] [32mBuilding C object src/tools/idlpp/CMakeFiles/idlpp.dir/src/expand.c.o[0m
[  2%] Built target _confgen
[  3%] [32mBuilding C object src/ddsrt/CMakeFiles/ddsrt-internal.dir/src/atomics.c.o[0m
[  4%] [32mBuilding C object src/tools/idlpp/CMakeFiles/idlpp.dir/src/system.c.o[0m
[  4%] [32mBuilding C object src/ddsrt/CMakeFiles/ddsrt-internal.dir/src/dynlib.c.o[0m
[  4%] [32mBuilding C object src/ddsrt/CMakeFiles/ddsrt-internal.dir/src/bswap.c.o[0m
[  4%] [32mBuilding C object src/ddsrt/CMakeFiles/ddsrt-internal.dir/src/avl.c.o[0m
[  5%] [32mBuilding C object src/ddsrt/CMakeFiles/ddsrt-internal.dir/src/bits.c.o[0m
[  5%] [32mBuilding C object src/ddsrt/CMakeFiles/ddsrt-internal.dir/src/io.c.o[0m
[  6%] [32mBuilding C object src/ddsrt/CMakeFiles/ddsrt-internal.dir/src/log.c.o[0m
[  6%] [32mBuilding C object src/ddsrt/CMakeFiles/ddsrt-internal.dir/src/retcode.c.o[0m
[  6%] [32mBuilding C object src/ddsrt/CMakeFiles/ddsrt-internal.dir/src/strtod.c.o[0m
[  7%] [32mBuilding C object src/ddsrt/CMakeFiles/ddsrt-internal.dir/src/strtol.c.o[0m
[  7%] [32mBuilding C object src/ddsrt/CMakeFiles/ddsrt-internal.dir/src/mh3.c.o[0m
[  7%] [32mBuilding C object src/ddsrt/CMakeFiles/ddsrt-internal.dir/src/environ.c.o[0m
[  8%] [32mBuilding C object src/ddsrt/CMakeFiles/ddsrt-internal.dir/src/expand_vars.c.o[0m
[  8%] [32mBuilding C object src/ddsrt/CMakeFiles/ddsrt-internal.dir/src/fibheap.c.o[0m
[  8%] [32mBuilding C object src/ddsrt/CMakeFiles/ddsrt-internal.dir/src/hopscotch.c.o[0m
[  9%] [32mBuilding C object src/ddsrt/CMakeFiles/ddsrt-internal.dir/src/circlist.c.o[0m
[  9%] [32mBuilding C object src/core/CMakeFiles/ddsc.dir/cdr/src/dds_cdrstream.c.o[0m
[ 10%] [32mBuilding C object src/core/CMakeFiles/ddsc.dir/ddsi/src/ddsi_eth.c.o[0m
[ 10%] [32mBuilding C object src/ddsrt/CMakeFiles/ddsrt-internal.dir/src/threads.c.o[0m
[ 10%] [32mBuilding C object src/core/CMakeFiles/ddsc.dir/ddsi/src/ddsi_ssl.c.o[0m
[ 10%] [32mBuilding C object src/ddsrt/CMakeFiles/ddsrt-internal.dir/src/string.c.o[0m
[ 11%] [32mBuilding C object src/ddsrt/CMakeFiles/ddsrt-internal.dir/src/sockets.c.o[0m
[ 11%] [32mBuilding C object src/ddsrt/CMakeFiles/ddsrt-internal.dir/src/md5.c.o[0m
[ 11%] [32mBuilding C object src/ddsrt/CMakeFiles/ddsrt-internal.dir/src/ifaddrs.c.o[0m
[ 11%] [32mBuilding C object src/ddsrt/CMakeFiles/ddsrt-internal.dir/src/cdtors.c.o[0m
[ 12%] [32mBuilding C object src/ddsrt/CMakeFiles/ddsrt-internal.dir/src/xmlparser.c.o[0m
[ 13%] [32mBuilding C object src/core/CMakeFiles/ddsc.dir/ddsi/src/ddsi_tcp.c.o[0m
[ 13%] [32mBuilding C object src/ddsrt/CMakeFiles/ddsrt-internal.dir/src/time.c.o[0m
[ 14%] [32mBuilding C object src/ddsrt/CMakeFiles/ddsrt-internal.dir/src/random.c.o[0m
[ 14%] [32mBuilding C object src/ddsrt/CMakeFiles/ddsrt-internal.dir/src/sockets/posix/socket.c.o[0m
[ 14%] [32mBuilding C object src/core/CMakeFiles/ddsc.dir/ddsi/src/ddsi_tran.c.o[0m
[ 15%] [32mBuilding C object src/ddsrt/CMakeFiles/ddsrt-internal.dir/src/sockets/posix/gethostname.c.o[0m
[ 15%] [32mBuilding C object src/ddsrt/CMakeFiles/ddsrt-internal.dir/src/ifaddrs/posix/ifaddrs.c.o[0m
[ 15%] [32mBuilding C object src/ddsrt/CMakeFiles/ddsrt-internal.dir/src/heap/posix/heap.c.o[0m
[ 16%] [32mBuilding C object src/ddsrt/CMakeFiles/ddsrt-internal.dir/src/dynlib/posix/dynlib.c.o[0m
[ 16%] [32mBuilding C object src/ddsrt/CMakeFiles/ddsrt-internal.dir/src/environ/posix/environ.c.o[0m
[ 16%] [32mBuilding C object src/ddsrt/CMakeFiles/ddsrt-internal.dir/src/filesystem/posix/filesystem.c.o[0m
[ 17%] [32mBuilding C object src/ddsrt/CMakeFiles/ddsrt-internal.dir/src/process/posix/process.c.o[0m
[ 17%] [32mBuilding C object src/ddsrt/CMakeFiles/ddsrt-internal.dir/src/random/posix/random.c.o[0m
[ 17%] [32mBuilding C object src/ddsrt/CMakeFiles/ddsrt-internal.dir/src/sync/posix/sync.c.o[0m
[ 18%] [32mBuilding C object src/ddsrt/CMakeFiles/ddsrt-internal.dir/src/threads/posix/threads.c.o[0m
[ 18%] [32mBuilding C object src/core/CMakeFiles/ddsc.dir/ddsi/src/ddsi_udp.c.o[0m
[ 18%] [32mBuilding C object src/ddsrt/CMakeFiles/ddsrt-internal.dir/src/netstat/linux/netstat.c.o[0m
[ 19%] [32mBuilding C object src/core/CMakeFiles/ddsc.dir/ddsi/src/ddsi_raweth.c.o[0m
[ 19%] [32mBuilding C object src/ddsrt/CMakeFiles/ddsrt-internal.dir/src/time/posix/time.c.o[0m
[ 20%] [32mBuilding C object src/ddsrt/CMakeFiles/ddsrt-internal.dir/src/rusage/posix/rusage.c.o[0m
[ 20%] [32mBuilding C object src/core/CMakeFiles/ddsc.dir/ddsi/src/ddsi_vnet.c.o[0m
[ 20%] [32mBuilding C object src/core/CMakeFiles/ddsc.dir/ddsi/src/ddsi_ipaddr.c.o[0m
[ 21%] [32mBuilding C object src/core/CMakeFiles/ddsc.dir/ddsi/src/ddsi_mcgroup.c.o[0m
[ 21%] [32mBuilding C object src/core/CMakeFiles/ddsc.dir/ddsi/src/ddsi_security_util.c.o[0m
[ 21%] [32mBuilding C object src/core/CMakeFiles/ddsc.dir/ddsi/src/ddsi_nwpart.c.o[0m
[ 22%] [32mBuilding C object src/core/CMakeFiles/ddsc.dir/ddsi/src/ddsi_security_omg.c.o[0m
[ 22%] [32m[1mLinking C static library ../../../lib/libidlpp.a[0m
[ 22%] [32mBuilding C object src/core/CMakeFiles/ddsc.dir/ddsi/src/ddsi_portmapping.c.o[0m
[ 22%] [32m[1mLinking C static library ../../lib/libddsrt-internal.a[0m
[ 22%] [32mBuilding C object src/core/CMakeFiles/ddsc.dir/ddsi/src/ddsi_handshake.c.o[0m
[ 23%] [32mBuilding C object src/core/CMakeFiles/ddsc.dir/ddsi/src/ddsi_serdata.c.o[0m
[ 23%] Built target idlpp
[ 23%] [32mBuilding C object src/core/CMakeFiles/ddsc.dir/ddsi/src/ddsi_serdata_cdr.c.o[0m
[ 23%] Built target ddsrt-internal
[ 23%] [32mBuilding C object src/core/CMakeFiles/ddsc.dir/ddsi/src/ddsi_serdata_pserop.c.o[0m
[ 23%] [32mBuilding C object src/core/CMakeFiles/ddsc.dir/ddsi/src/ddsi_sertype.c.o[0m
[ 24%] [32mBuilding C object src/core/CMakeFiles/ddsc.dir/ddsi/src/ddsi_serdata_plist.c.o[0m
[ 24%] [32mBuilding C object src/core/CMakeFiles/ddsc.dir/ddsi/src/ddsi_sertype_cdr.c.o[0m
[ 25%] [32mBuilding C object src/core/CMakeFiles/ddsc.dir/ddsi/src/ddsi_sertype_pserop.c.o[0m
[ 25%] [32mBuilding C object src/core/CMakeFiles/ddsc.dir/ddsi/src/ddsi_sertype_plist.c.o[0m
[ 25%] [32mBuilding C object src/core/CMakeFiles/ddsc.dir/ddsi/src/ddsi_statistics.c.o[0m
[ 25%] [32mBuilding C object src/core/CMakeFiles/ddsc.dir/ddsi/src/ddsi_tkmap.c.o[0m
[ 26%] [32mBuilding C object src/core/CMakeFiles/ddsc.dir/ddsi/src/ddsi_vendor.c.o[0m
[ 27%] [32mBuilding C object src/core/CMakeFiles/ddsc.dir/ddsi/src/ddsi_iid.c.o[0m
[ 27%] [32mBuilding C object src/core/CMakeFiles/ddsc.dir/ddsi/src/ddsi_threadmon.c.o[0m
[ 27%] [32mBuilding C object src/core/CMakeFiles/ddsc.dir/ddsi/src/ddsi_rhc.c.o[0m
[ 28%] [32mBuilding C object src/core/CMakeFiles/ddsc.dir/ddsi/src/ddsi_pmd.c.o[0m
[ 28%] [32mBuilding C object src/core/CMakeFiles/ddsc.dir/ddsi/src/ddsi_entity_index.c.o[0m
[ 28%] [32mBuilding C object src/core/CMakeFiles/ddsc.dir/ddsi/src/ddsi_deadline.c.o[0m
[ 29%] [32mBuilding C object src/core/CMakeFiles/ddsc.dir/ddsi/src/ddsi_deliver_locally.c.o[0m
[ 29%] [32mBuilding C object src/core/CMakeFiles/ddsc.dir/ddsi/src/ddsi_plist.c.o[0m
[ 29%] [32mBuilding C object src/core/CMakeFiles/ddsc.dir/ddsi/src/ddsi_config.c.o[0m
[ 30%] [32mBuilding C object src/core/CMakeFiles/ddsc.dir/ddsi/src/ddsi_time.c.o[0m
[ 30%] [32mBuilding C object src/core/CMakeFiles/ddsc.dir/ddsi/src/ddsi_nwinterfaces.c.o[0m
[ 30%] [32mBuilding C object src/core/CMakeFiles/ddsc.dir/ddsi/src/ddsi_acknack.c.o[0m
[ 31%] [32mBuilding C object src/core/CMakeFiles/ddsc.dir/ddsi/src/ddsi_list_genptr.c.o[0m
[ 31%] [32mBuilding C object src/core/CMakeFiles/ddsc.dir/ddsi/src/ddsi_wraddrset.c.o[0m
[ 31%] [32mBuilding C object src/core/CMakeFiles/ddsc.dir/ddsi/src/ddsi_entity.c.o[0m
[ 32%] [32mBuilding C object src/core/CMakeFiles/ddsc.dir/ddsi/src/ddsi_endpoint_match.c.o[0m
[ 32%] [32mBuilding C object src/core/CMakeFiles/ddsc.dir/ddsi/src/ddsi_participant.c.o[0m
[ 32%] [32mBuilding C object src/core/CMakeFiles/ddsc.dir/ddsi/src/ddsi_proxy_participant.c.o[0m
[ 33%] [32mBuilding C object src/core/CMakeFiles/ddsc.dir/ddsi/src/ddsi_topic.c.o[0m
[ 33%] [32mBuilding C object src/core/CMakeFiles/ddsc.dir/ddsi/src/ddsi_endpoint.c.o[0m
[ 33%] [32mBuilding C object src/core/CMakeFiles/ddsc.dir/ddsi/src/ddsi_proxy_endpoint.c.o[0m
[ 34%] [32mBuilding C object src/core/CMakeFiles/ddsc.dir/ddsi/src/ddsi_gc.c.o[0m
[ 34%] [32mBuilding C object src/core/CMakeFiles/ddsc.dir/ddsi/src/ddsi_addrset.c.o[0m
[ 35%] [32mBuilding C object src/core/CMakeFiles/ddsc.dir/ddsi/src/ddsi_bitset.c.o[0m
[ 35%] [32mBuilding C object src/core/CMakeFiles/ddsc.dir/ddsi/src/ddsi_guid.c.o[0m
[ 35%] [32mBuilding C object src/core/CMakeFiles/ddsc.dir/ddsi/src/ddsi_bswap.c.o[0m
[ 36%] [32mBuilding C object src/core/CMakeFiles/ddsc.dir/ddsi/src/ddsi_discovery.c.o[0m
[ 36%] [32mBuilding C object src/core/CMakeFiles/ddsc.dir/ddsi/src/ddsi_discovery_addrset.c.o[0m
[ 37%] [32mBuilding C object src/core/CMakeFiles/ddsc.dir/ddsi/src/ddsi_discovery_endpoint.c.o[0m
[ 37%] [32mBuilding C object src/core/CMakeFiles/ddsc.dir/ddsi/src/ddsi_discovery_spdp.c.o[0m
[ 37%] [32mBuilding C object src/core/CMakeFiles/ddsc.dir/ddsi/src/ddsi_debmon.c.o[0m
[ 37%] [32mBuilding C object src/core/CMakeFiles/ddsc.dir/ddsi/src/ddsi_init.c.o[0m
[ 38%] [32mBuilding C object src/core/CMakeFiles/ddsc.dir/ddsi/src/ddsi_lat_estim.c.o[0m
[ 38%] [32mBuilding C object src/core/CMakeFiles/ddsc.dir/ddsi/src/ddsi_lease.c.o[0m
[ 38%] [32mBuilding C object src/core/CMakeFiles/ddsc.dir/ddsi/src/ddsi_misc.c.o[0m
[ 39%] [32mBuilding C object src/core/CMakeFiles/ddsc.dir/ddsi/src/ddsi_pcap.c.o[0m
[ 39%] [32mBuilding C object src/core/CMakeFiles/ddsc.dir/ddsi/src/ddsi_qosmatch.c.o[0m
[ 39%] [32mBuilding C object src/core/CMakeFiles/ddsc.dir/ddsi/src/ddsi_radmin.c.o[0m
[ 40%] [32mBuilding C object src/core/CMakeFiles/ddsc.dir/ddsi/src/ddsi_receive.c.o[0m
[ 40%] [32mBuilding C object src/core/CMakeFiles/ddsc.dir/ddsi/src/ddsi_sockwaitset.c.o[0m
[ 40%] [32mBuilding C object src/core/CMakeFiles/ddsc.dir/ddsi/src/ddsi_sysdeps.c.o[0m
[ 41%] [32mBuilding C object src/core/CMakeFiles/ddsc.dir/ddsi/src/ddsi_thread.c.o[0m
[ 41%] [32mBuilding C object src/core/CMakeFiles/ddsc.dir/ddsi/src/ddsi_transmit.c.o[0m
[ 42%] [32mBuilding C object src/core/CMakeFiles/ddsc.dir/ddsi/src/ddsi_inverse_uint32_set.c.o[0m
[ 42%] [32mBuilding C object src/core/CMakeFiles/ddsc.dir/ddsi/src/ddsi_whc.c.o[0m
[ 42%] [32mBuilding C object src/core/CMakeFiles/ddsc.dir/ddsi/src/ddsi_xevent.c.o[0m
[ 43%] [32mBuilding C object src/core/CMakeFiles/ddsc.dir/ddsi/src/ddsi_xmsg.c.o[0m
[ 43%] [32mBuilding C object src/core/CMakeFiles/ddsc.dir/ddsi/src/ddsi_freelist.c.o[0m
[ 43%] [32mBuilding C object src/core/CMakeFiles/ddsc.dir/ddsi/src/ddsi_hbcontrol.c.o[0m
[ 44%] [32mBuilding C object src/core/CMakeFiles/ddsc.dir/ddsi/src/ddsi_lifespan.c.o[0m
[ 44%] [32mBuilding C object src/core/CMakeFiles/ddsc.dir/ddsi/src/ddsi_discovery_topic.c.o[0m
[ 44%] [32mBuilding C object src/core/CMakeFiles/ddsc.dir/ddsi/src/ddsi_xt_typeinfo.c.o[0m
[ 45%] [32mBuilding C object src/core/CMakeFiles/ddsc.dir/ddsi/src/ddsi_xt_typemap.c.o[0m
[ 45%] [32mBuilding C object src/core/CMakeFiles/ddsc.dir/ddsi/src/ddsi_typelib.c.o[0m
[ 45%] [32mBuilding C object src/core/CMakeFiles/ddsc.dir/ddsi/src/ddsi_typewrap.c.o[0m
[ 46%] [32mBuilding C object src/core/CMakeFiles/ddsc.dir/ddsi/src/ddsi_typebuilder.c.o[0m
[ 46%] [32mBuilding C object src/core/CMakeFiles/ddsc.dir/ddsi/src/ddsi_dynamic_type.c.o[0m
[ 46%] [32mBuilding C object src/core/CMakeFiles/ddsc.dir/ddsi/src/ddsi_xt_typelookup.c.o[0m
[ 46%] [32mBuilding C object src/core/CMakeFiles/ddsc.dir/ddsi/src/ddsi_security_msg.c.o[0m
[ 47%] [32mBuilding C object src/core/CMakeFiles/ddsc.dir/ddsi/src/ddsi_typelookup.c.o[0m
[ 47%] [32mBuilding C object src/core/CMakeFiles/ddsc.dir/ddsi/src/ddsi_security_exchange.c.o[0m
[ 48%] [32mBuilding C object src/core/CMakeFiles/ddsc.dir/ddsi/defconfig.c.o[0m
[ 49%] [32mBuilding C object src/core/CMakeFiles/ddsc.dir/ddsc/src/dds_coherent.c.o[0m
[ 49%] [32mBuilding C object src/core/CMakeFiles/ddsc.dir/ddsc/src/dds_builtin.c.o[0m
[ 49%] [32mBuilding C object src/core/CMakeFiles/ddsc.dir/ddsc/src/dds_alloc.c.o[0m
[ 49%] [32mBuilding C object src/core/CMakeFiles/ddsc.dir/ddsc/src/dds_participant.c.o[0m
[ 50%] [32mBuilding C object src/core/CMakeFiles/ddsc.dir/ddsc/src/dds_reader.c.o[0m
[ 50%] [32mBuilding C object src/core/CMakeFiles/ddsc.dir/ddsc/src/dds_writer.c.o[0m
[ 50%] [32mBuilding C object src/core/CMakeFiles/ddsc.dir/ddsc/src/dds_init.c.o[0m
[ 51%] [32mBuilding C object src/core/CMakeFiles/ddsc.dir/ddsc/src/dds_publisher.c.o[0m
[ 51%] [32mBuilding C object src/core/CMakeFiles/ddsc.dir/ddsc/src/dds_rhc.c.o[0m
[ 51%] [32mBuilding C object src/core/CMakeFiles/ddsc.dir/ddsc/src/dds_rhc_default.c.o[0m
[ 52%] [32mBuilding C object src/core/CMakeFiles/ddsc.dir/ddsc/src/dds_domain.c.o[0m
[ 52%] [32mBuilding C object src/core/CMakeFiles/ddsc.dir/ddsc/src/dds_instance.c.o[0m
[ 52%] [32mBuilding C object src/core/CMakeFiles/ddsc.dir/ddsc/src/dds_qos.c.o[0m
[ 53%] [32mBuilding C object src/core/CMakeFiles/ddsc.dir/ddsc/src/dds_handles.c.o[0m
[ 53%] [32mBuilding C object src/core/CMakeFiles/ddsc.dir/ddsc/src/dds_entity.c.o[0m
[ 53%] [32mBuilding C object src/core/CMakeFiles/ddsc.dir/ddsc/src/dds_matched.c.o[0m
[ 54%] [32mBuilding C object src/core/CMakeFiles/ddsc.dir/ddsc/src/dds_querycond.c.o[0m
[ 54%] [32mBuilding C object src/core/CMakeFiles/ddsc.dir/ddsc/src/dds_topic.c.o[0m
[ 54%] [32mBuilding C object src/core/CMakeFiles/ddsc.dir/ddsc/src/dds_listener.c.o[0m
[ 55%] [32mBuilding C object src/core/CMakeFiles/ddsc.dir/ddsc/src/dds_read.c.o[0m
[ 55%] [32mBuilding C object src/core/CMakeFiles/ddsc.dir/ddsc/src/dds_waitset.c.o[0m
[ 55%] [32mBuilding C object src/core/CMakeFiles/ddsc.dir/ddsc/src/dds_readcond.c.o[0m
[ 56%] [32mBuilding C object src/core/CMakeFiles/ddsc.dir/ddsc/src/dds_guardcond.c.o[0m
[ 56%] [32mBuilding C object src/core/CMakeFiles/ddsc.dir/ddsc/src/dds_statistics.c.o[0m
[ 56%] [32mBuilding C object src/core/CMakeFiles/ddsc.dir/ddsc/src/dds_subscriber.c.o[0m
[ 57%] [32mBuilding C object src/core/CMakeFiles/ddsc.dir/ddsc/src/dds_write.c.o[0m
[ 58%] [32mBuilding C object src/core/CMakeFiles/ddsc.dir/ddsc/src/dds_whc_builtintopic.c.o[0m
[ 58%] [32mBuilding C object src/core/CMakeFiles/ddsc.dir/ddsc/src/dds_whc.c.o[0m
[ 58%] [32mBuilding C object src/core/CMakeFiles/ddsc.dir/ddsc/src/dds_serdata_builtintopic.c.o[0m
[ 58%] [32mBuilding C object src/core/CMakeFiles/ddsc.dir/ddsc/src/dds_sertype_builtintopic.c.o[0m
[ 59%] [32mBuilding C object src/core/CMakeFiles/ddsc.dir/ddsc/src/dds_serdata_default.c.o[0m
[ 59%] [32mBuilding C object src/core/CMakeFiles/ddsc.dir/ddsc/src/dds_sertype_default.c.o[0m
[ 59%] [32mBuilding C object src/core/CMakeFiles/ddsc.dir/ddsc/src/dds_loaned_sample.c.o[0m
[ 60%] [32mBuilding C object src/core/CMakeFiles/ddsc.dir/ddsc/src/dds_heap_loan.c.o[0m
[ 60%] [32mBuilding C object src/core/CMakeFiles/ddsc.dir/ddsc/src/dds_psmx.c.o[0m
[ 60%] [32mBuilding C object src/core/CMakeFiles/ddsc.dir/ddsc/src/dds_dynamic_type.c.o[0m
[ 61%] [32mBuilding C object src/core/CMakeFiles/ddsc.dir/ddsc/src/dds_sysdef_parser.c.o[0m
[ 61%] [32mBuilding C object src/core/CMakeFiles/ddsc.dir/ddsc/src/dds_sysdef_validation.c.o[0m
[ 61%] [32mBuilding C object src/core/CMakeFiles/ddsc.dir/ddsc/src/dds_qos_provider.c.o[0m
[ 62%] [32mBuilding C object src/core/CMakeFiles/ddsc.dir/__/security/core/src/dds_security_serialize.c.o[0m
[ 62%] [32mBuilding C object src/core/CMakeFiles/ddsc.dir/__/security/core/src/dds_security_utils.c.o[0m
[ 62%] [32mBuilding C object src/core/CMakeFiles/ddsc.dir/__/security/core/src/dds_security_plugins.c.o[0m
[ 63%] [32mBuilding C object src/core/CMakeFiles/ddsc.dir/__/security/core/src/dds_security_shared_secret.c.o[0m
[ 63%] [32mBuilding C object src/core/CMakeFiles/ddsc.dir/__/security/core/src/dds_security_fsm.c.o[0m
[ 63%] [32mBuilding C object src/core/CMakeFiles/ddsc.dir/__/security/core/src/dds_security_timed_cb.c.o[0m
[ 64%] [32mBuilding C object src/core/CMakeFiles/ddsc.dir/__/ddsrt/src/atomics.c.o[0m
[ 64%] [32mBuilding C object src/core/CMakeFiles/ddsc.dir/__/ddsrt/src/avl.c.o[0m
[ 65%] [32mBuilding C object src/core/CMakeFiles/ddsc.dir/__/ddsrt/src/dynlib.c.o[0m
[ 65%] [32mBuilding C object src/core/CMakeFiles/ddsc.dir/__/ddsrt/src/bswap.c.o[0m
[ 65%] [32mBuilding C object src/core/CMakeFiles/ddsc.dir/__/ddsrt/src/bits.c.o[0m
[ 66%] [32mBuilding C object src/core/CMakeFiles/ddsc.dir/__/ddsrt/src/io.c.o[0m
[ 66%] [32mBuilding C object src/core/CMakeFiles/ddsc.dir/__/ddsrt/src/log.c.o[0m
[ 66%] [32mBuilding C object src/core/CMakeFiles/ddsc.dir/__/ddsrt/src/retcode.c.o[0m
[ 67%] [32mBuilding C object src/core/CMakeFiles/ddsc.dir/__/ddsrt/src/strtod.c.o[0m
[ 67%] [32mBuilding C object src/core/CMakeFiles/ddsc.dir/__/ddsrt/src/strtol.c.o[0m
[ 67%] [32mBuilding C object src/core/CMakeFiles/ddsc.dir/__/ddsrt/src/mh3.c.o[0m
[ 68%] [32mBuilding C object src/core/CMakeFiles/ddsc.dir/__/ddsrt/src/environ.c.o[0m
[ 68%] [32mBuilding C object src/core/CMakeFiles/ddsc.dir/__/ddsrt/src/expand_vars.c.o[0m
[ 68%] [32mBuilding C object src/core/CMakeFiles/ddsc.dir/__/ddsrt/src/fibheap.c.o[0m
[ 69%] [32mBuilding C object src/core/CMakeFiles/ddsc.dir/__/ddsrt/src/hopscotch.c.o[0m
[ 69%] [32mBuilding C object src/core/CMakeFiles/ddsc.dir/__/ddsrt/src/circlist.c.o[0m
[ 69%] [32mBuilding C object src/core/CMakeFiles/ddsc.dir/__/ddsrt/src/threads.c.o[0m
[ 70%] [32mBuilding C object src/core/CMakeFiles/ddsc.dir/__/ddsrt/src/sockets.c.o[0m
[ 70%] [32mBuilding C object src/core/CMakeFiles/ddsc.dir/__/ddsrt/src/string.c.o[0m
[ 70%] [32mBuilding C object src/core/CMakeFiles/ddsc.dir/__/ddsrt/src/md5.c.o[0m
[ 71%] [32mBuilding C object src/core/CMakeFiles/ddsc.dir/__/ddsrt/src/xmlparser.c.o[0m
[ 71%] [32mBuilding C object src/core/CMakeFiles/ddsc.dir/__/ddsrt/src/ifaddrs.c.o[0m
[ 71%] [32mBuilding C object src/core/CMakeFiles/ddsc.dir/__/ddsrt/src/cdtors.c.o[0m
[ 72%] [32mBuilding C object src/core/CMakeFiles/ddsc.dir/__/ddsrt/src/random.c.o[0m
[ 72%] [32mBuilding C object src/core/CMakeFiles/ddsc.dir/__/ddsrt/src/time.c.o[0m
[ 73%] [32mBuilding C object src/core/CMakeFiles/ddsc.dir/__/ddsrt/src/sockets/posix/socket.c.o[0m
[ 73%] [32mBuilding C object src/core/CMakeFiles/ddsc.dir/__/ddsrt/src/sockets/posix/gethostname.c.o[0m
[ 74%] [32mBuilding C object src/core/CMakeFiles/ddsc.dir/__/ddsrt/src/heap/posix/heap.c.o[0m
[ 74%] [32mBuilding C object src/core/CMakeFiles/ddsc.dir/__/ddsrt/src/ifaddrs/posix/ifaddrs.c.o[0m
[ 74%] [32mBuilding C object src/core/CMakeFiles/ddsc.dir/__/ddsrt/src/dynlib/posix/dynlib.c.o[0m
[ 74%] [32mBuilding C object src/core/CMakeFiles/ddsc.dir/__/ddsrt/src/environ/posix/environ.c.o[0m
[ 76%] [32mBuilding C object src/core/CMakeFiles/ddsc.dir/__/ddsrt/src/sync/posix/sync.c.o[0m
[ 76%] [32mBuilding C object src/core/CMakeFiles/ddsc.dir/__/ddsrt/src/process/posix/process.c.o[0m
[ 76%] [32mBuilding C object src/core/CMakeFiles/ddsc.dir/__/ddsrt/src/filesystem/posix/filesystem.c.o[0m
[ 76%] [32mBuilding C object src/core/CMakeFiles/ddsc.dir/__/ddsrt/src/random/posix/random.c.o[0m
[ 76%] [32mBuilding C object src/core/CMakeFiles/ddsc.dir/__/ddsrt/src/netstat/linux/netstat.c.o[0m
[ 76%] [32mBuilding C object src/core/CMakeFiles/ddsc.dir/__/ddsrt/src/threads/posix/threads.c.o[0m
[ 77%] [32mBuilding C object src/core/CMakeFiles/ddsc.dir/__/ddsrt/src/time/posix/time.c.o[0m
[ 77%] [32mBuilding C object src/core/CMakeFiles/ddsc.dir/__/ddsrt/src/rusage/posix/rusage.c.o[0m
[ 77%] [32m[1mLinking C shared library ../../lib/libddsc.so[0m
[ 77%] Built target ddsc
[ 77%] [34m[1mGenerating src/md5.c[0m
[ 77%] [34m[1mGenerating include/idl/endian.h[0m
[ 78%] [34m[1mGenerating include/idl/attributes.h[0m
[ 78%] [34m[1mGenerating include/idl/misc.h[0m
[ 79%] [34m[1mGenerating include/idl/md5.h[0m
[ 79%] [32mBuilding C object src/security/builtin_plugins/cryptographic/CMakeFiles/dds_security_crypto.dir/src/crypto_cipher.c.o[0m
[ 80%] [32mBuilding CXX object src/psmx_iox/CMakeFiles/psmx_iox.dir/src/psmx_iox_impl.cpp.o[0m
[ 80%] [32mBuilding C object src/security/builtin_plugins/access_control/CMakeFiles/dds_security_ac.dir/src/access_control_objects.c.o[0m
[ 80%] [32mBuilding CXX object src/psmx_iox/CMakeFiles/psmx_iox.dir/src/machineid.cpp.o[0m
[ 81%] [32mBuilding C object src/security/builtin_plugins/cryptographic/CMakeFiles/dds_security_crypto.dir/src/crypto_key_exchange.c.o[0m
[ 81%] [32mBuilding C object src/security/builtin_plugins/access_control/CMakeFiles/dds_security_ac.dir/src/access_control_parser.c.o[0m
[ 81%] [32mBuilding C object src/security/builtin_plugins/cryptographic/CMakeFiles/dds_security_crypto.dir/src/crypto_key_factory.c.o[0m
[ 82%] [32mBuilding C object src/security/builtin_plugins/access_control/CMakeFiles/dds_security_ac.dir/src/access_control_utils.c.o[0m
[ 82%] [32mBuilding C object src/security/builtin_plugins/authentication/CMakeFiles/dds_security_auth.dir/src/authentication.c.o[0m
[ 82%] [32mBuilding C object src/core/xtests/symbol_export/CMakeFiles/symbol_export_test.dir/symbol_export.c.o[0m
[ 82%] [32mBuilding C object src/security/builtin_plugins/cryptographic/CMakeFiles/dds_security_crypto.dir/src/crypto_objects.c.o[0m
[ 82%] [32mBuilding C object src/idl/CMakeFiles/idl.dir/src/symbol.c.o[0m
[ 82%] [32mBuilding C object src/security/builtin_plugins/access_control/CMakeFiles/dds_security_ac.dir/src/access_control.c.o[0m
[ 83%] [32mBuilding C object src/idl/CMakeFiles/idl.dir/src/directive.c.o[0m
[ 83%] [32mBuilding C object src/security/builtin_plugins/access_control/CMakeFiles/dds_security_ac.dir/__/__/openssl/src/openssl_support.c.o[0m
[ 84%] [32mBuilding C object src/security/builtin_plugins/cryptographic/CMakeFiles/dds_security_crypto.dir/src/crypto_transform.c.o[0m
[ 84%] [32mBuilding CXX object src/psmx_iox/CMakeFiles/psmx_iox.dir/src/scheduling.cpp.o[0m
[ 84%] [32mBuilding C object src/security/builtin_plugins/cryptographic/CMakeFiles/dds_security_crypto.dir/src/crypto_utils.c.o[0m
[ 84%] [32mBuilding C object src/security/builtin_plugins/cryptographic/CMakeFiles/dds_security_crypto.dir/src/cryptography.c.o[0m
[ 85%] [32mBuilding C object src/security/builtin_plugins/cryptographic/CMakeFiles/dds_security_crypto.dir/__/__/openssl/src/openssl_support.c.o[0m
[ 86%] [32m[1mLinking C executable ../../../../bin/symbol_export_test[0m
[ 86%] [32mBuilding C object src/idl/CMakeFiles/idl.dir/src/expression.c.o[0m
[ 86%] [32mBuilding C object src/idl/CMakeFiles/idl.dir/src/file.c.o[0m
[ 87%] [32mBuilding C object src/idl/CMakeFiles/idl.dir/src/processor.c.o[0m
[ 87%] [32mBuilding C object src/security/builtin_plugins/authentication/CMakeFiles/dds_security_auth.dir/src/auth_utils.c.o[0m
[ 88%] [32mBuilding C object src/security/builtin_plugins/authentication/CMakeFiles/dds_security_auth.dir/__/__/openssl/src/openssl_support.c.o[0m
[ 88%] [32mBuilding C object src/idl/CMakeFiles/idl.dir/src/scanner.c.o[0m
[ 88%] Built target symbol_export_test
[ 89%] [32mBuilding C object src/idl/CMakeFiles/idl.dir/src/annotation.c.o[0m
[ 89%] [32mBuilding C object src/idl/CMakeFiles/idl.dir/src/string.c.o[0m
[ 89%] [32mBuilding C object src/idl/CMakeFiles/idl.dir/src/scope.c.o[0m
[ 89%] [32mBuilding C object src/idl/CMakeFiles/idl.dir/src/tree.c.o[0m
[ 90%] [32mBuilding C object src/idl/CMakeFiles/idl.dir/src/vector.c.o[0m
[ 90%] [32mBuilding C object src/idl/CMakeFiles/idl.dir/src/visit.c.o[0m
[ 90%] [32mBuilding C object src/idl/CMakeFiles/idl.dir/src/print.c.o[0m
[ 91%] [32m[1mLinking C shared library ../../../../lib/libdds_security_ac.so[0m
[ 91%] [32m[1mLinking C shared library ../../../../lib/libdds_security_crypto.so[0m
[ 92%] [32mBuilding C object src/idl/CMakeFiles/idl.dir/src/keylist.c.o[0m
[ 92%] [32mBuilding C object src/idl/CMakeFiles/idl.dir/src/hashid.c.o[0m
[ 92%] [32mBuilding C object src/idl/CMakeFiles/idl.dir/src/parser.c.o[0m
[ 93%] [32mBuilding C object src/idl/CMakeFiles/idl.dir/src/heap.c.o[0m
[ 93%] [32m[1mLinking C shared library ../../../../lib/libdds_security_auth.so[0m
[ 93%] [32mBuilding C object src/idl/CMakeFiles/idl.dir/src/descriptor_type_meta.c.o[0m
[ 93%] [32mBuilding C object src/idl/CMakeFiles/idl.dir/src/md5.c.o[0m
[ 93%] Built target dds_security_ac
[ 93%] Built target dds_security_crypto
[ 93%] Built target dds_security_auth
[ 94%] [32m[1mLinking C shared library ../../lib/libcycloneddsidl.so[0m
[ 94%] Built target idl
[ 94%] [32mBuilding C object src/tools/idlc/CMakeFiles/idlc.dir/src/idlc/idlc.c.o[0m
[ 95%] [32mBuilding C object src/tools/idlc/CMakeFiles/idlc.dir/src/idlc/generator.c.o[0m
[ 96%] [32mBuilding C object src/tools/idlc/CMakeFiles/libidlc.dir/src/libidlc/libidlc__generator.c.o[0m
[ 96%] [32mBuilding C object src/tools/idlc/CMakeFiles/idlc.dir/src/idlc/options.c.o[0m
[ 96%] [32mBuilding C object src/tools/idlc/CMakeFiles/libidlc.dir/src/libidlc/libidlc__types.c.o[0m
[ 96%] [32mBuilding C object src/tools/idlc/CMakeFiles/libidlc.dir/src/libidlc/libidlc__descriptor.c.o[0m
[ 96%] [32m[1mLinking C executable ../../../bin/idlc[0m
[ 96%] Built target idlc
[ 97%] [32m[1mLinking CXX shared library ../../lib/libpsmx_iox.so[0m
[ 97%] Built target psmx_iox
[ 97%] [32m[1mLinking C shared library ../../../lib/libcycloneddsidlc.so[0m
[ 97%] Built target libidlc
[ 97%] [34m[1mGenerating ddsperf_types.c, ddsperf_types.h[0m
../../../bin/idlc: symbol lookup error: ../../../bin/idlc: undefined symbol: generate_type_meta_ser
gmake[2]: *** [src/tools/ddsperf/CMakeFiles/ddsperf_types_generate.dir/build.make:76: src/tools/ddsperf/ddsperf_types.c] Error 127
gmake[1]: *** [CMakeFiles/Makefile2:553: src/tools/ddsperf/CMakeFiles/ddsperf_types_generate.dir/all] Error 2
gmake: *** [Makefile:156: all] Error 2
