[0.017s] Invoking command in '/home/atul/arduinobot_ws/build/arduinobot_msgs': /usr/bin/cmake --build /home/atul/arduinobot_ws/build/arduinobot_msgs -- -j20 -l20
[0.076s] [35m[1mConsolidate compiler generated dependencies of target arduinobot_msgs__rosidl_generator_c[0m
[0.082s] [  3%] Built target arduinobot_msgs__cpp
[0.084s] [ 12%] Built target arduinobot_msgs__rosidl_generator_c
[0.089s] [ 12%] Built target ament_cmake_python_symlink_arduinobot_msgs
[0.094s] [35m[1mConsolidate compiler generated dependencies of target arduinobot_msgs__rosidl_typesupport_fastrtps_cpp[0m
[0.095s] [35m[1mConsolidate compiler generated dependencies of target arduinobot_msgs__rosidl_typesupport_cpp[0m
[0.096s] [35m[1mConsolidate compiler generated dependencies of target arduinobot_msgs__rosidl_typesupport_c[0m
[0.100s] [35m[1mConsolidate compiler generated dependencies of target arduinobot_msgs__rosidl_typesupport_introspection_c[0m
[0.100s] [35m[1mConsolidate compiler generated dependencies of target arduinobot_msgs__rosidl_typesupport_fastrtps_c[0m
[0.104s] [ 22%] Built target arduinobot_msgs__rosidl_typesupport_introspection_cpp
[0.105s] [ 32%] Built target arduinobot_msgs__rosidl_typesupport_c
[0.106s] [ 41%] Built target arduinobot_msgs__rosidl_typesupport_cpp
[0.106s] [ 51%] Built target arduinobot_msgs__rosidl_typesupport_fastrtps_cpp
[0.108s] [ 61%] Built target arduinobot_msgs__rosidl_typesupport_introspection_c
[0.109s] [ 70%] Built target arduinobot_msgs__rosidl_typesupport_fastrtps_c
[0.124s] [ 70%] Built target arduinobot_msgs
[0.138s] [ 74%] Built target arduinobot_msgs__py
[0.150s] [35m[1mConsolidate compiler generated dependencies of target arduinobot_msgs__rosidl_generator_py[0m
[0.156s] [ 80%] Built target arduinobot_msgs__rosidl_generator_py
[0.166s] [35m[1mConsolidate compiler generated dependencies of target arduinobot_msgs__rosidl_typesupport_c__pyext[0m
[0.166s] [35m[1mConsolidate compiler generated dependencies of target arduinobot_msgs__rosidl_typesupport_fastrtps_c__pyext[0m
[0.167s] [35m[1mConsolidate compiler generated dependencies of target arduinobot_msgs__rosidl_typesupport_introspection_c__pyext[0m
[0.176s] [100%] Built target arduinobot_msgs__rosidl_typesupport_c__pyext
[0.176s] [100%] Built target arduinobot_msgs__rosidl_typesupport_introspection_c__pyext
[0.176s] [100%] Built target arduinobot_msgs__rosidl_typesupport_fastrtps_c__pyext
[0.245s] running egg_info
[0.245s] writing arduinobot_msgs.egg-info/PKG-INFO
[0.245s] writing dependency_links to arduinobot_msgs.egg-info/dependency_links.txt
[0.245s] writing top-level names to arduinobot_msgs.egg-info/top_level.txt
[0.247s] reading manifest file 'arduinobot_msgs.egg-info/SOURCES.txt'
[0.249s] writing manifest file 'arduinobot_msgs.egg-info/SOURCES.txt'
[0.267s] [100%] Built target ament_cmake_python_build_arduinobot_msgs_egg
[0.275s] Invoked command in '/home/atul/arduinobot_ws/build/arduinobot_msgs' returned '0': /usr/bin/cmake --build /home/atul/arduinobot_ws/build/arduinobot_msgs -- -j20 -l20
[0.315s] Invoking command in '/home/atul/arduinobot_ws/build/arduinobot_msgs': /usr/bin/cmake --install /home/atul/arduinobot_ws/build/arduinobot_msgs
[0.319s] -- Install configuration: ""
[0.320s] -- Execute custom install script
[0.320s] -- Up-to-date symlink: /home/atul/arduinobot_ws/install/arduinobot_msgs/share/ament_index/resource_index/rosidl_interfaces/arduinobot_msgs
[0.322s] -- Up-to-date symlink: /home/atul/arduinobot_ws/install/arduinobot_msgs/include/arduinobot_msgs/arduinobot_msgs/msg/rosidl_generator_c__visibility_control.h
[0.322s] -- Up-to-date symlink: /home/atul/arduinobot_ws/install/arduinobot_msgs/include/arduinobot_msgs/arduinobot_msgs/srv/add_two_ints.h
[0.322s] -- Up-to-date symlink: /home/atul/arduinobot_ws/install/arduinobot_msgs/include/arduinobot_msgs/arduinobot_msgs/srv/detail/add_two_ints__functions.h
[0.323s] -- Up-to-date symlink: /home/atul/arduinobot_ws/install/arduinobot_msgs/include/arduinobot_msgs/arduinobot_msgs/srv/detail/add_two_ints__struct.h
[0.323s] -- Up-to-date symlink: /home/atul/arduinobot_ws/install/arduinobot_msgs/include/arduinobot_msgs/arduinobot_msgs/srv/detail/add_two_ints__type_support.h
[0.323s] -- Up-to-date symlink: /home/atul/arduinobot_ws/install/arduinobot_msgs/share/arduinobot_msgs/environment/library_path.sh
[0.324s] -- Up-to-date symlink: /home/atul/arduinobot_ws/install/arduinobot_msgs/share/arduinobot_msgs/environment/library_path.dsv
[0.324s] -- Up-to-date symlink: /home/atul/arduinobot_ws/install/arduinobot_msgs/include/arduinobot_msgs/arduinobot_msgs/msg/rosidl_typesupport_fastrtps_c__visibility_control.h
[0.324s] -- Up-to-date symlink: /home/atul/arduinobot_ws/install/arduinobot_msgs/include/arduinobot_msgs/arduinobot_msgs/srv/detail/add_two_ints__rosidl_typesupport_fastrtps_c.h
[0.325s] -- Up-to-date symlink: /home/atul/arduinobot_ws/install/arduinobot_msgs/include/arduinobot_msgs/arduinobot_msgs/srv/add_two_ints.hpp
[0.325s] -- Up-to-date symlink: /home/atul/arduinobot_ws/install/arduinobot_msgs/include/arduinobot_msgs/arduinobot_msgs/srv/detail/add_two_ints__builder.hpp
[0.326s] -- Up-to-date symlink: /home/atul/arduinobot_ws/install/arduinobot_msgs/include/arduinobot_msgs/arduinobot_msgs/srv/detail/add_two_ints__struct.hpp
[0.326s] -- Up-to-date symlink: /home/atul/arduinobot_ws/install/arduinobot_msgs/include/arduinobot_msgs/arduinobot_msgs/srv/detail/add_two_ints__traits.hpp
[0.327s] -- Up-to-date symlink: /home/atul/arduinobot_ws/install/arduinobot_msgs/include/arduinobot_msgs/arduinobot_msgs/msg/rosidl_typesupport_fastrtps_cpp__visibility_control.h
[0.327s] -- Up-to-date symlink: /home/atul/arduinobot_ws/install/arduinobot_msgs/include/arduinobot_msgs/arduinobot_msgs/srv/detail/add_two_ints__rosidl_typesupport_fastrtps_cpp.hpp
[0.327s] -- Up-to-date symlink: /home/atul/arduinobot_ws/install/arduinobot_msgs/include/arduinobot_msgs/arduinobot_msgs/msg/rosidl_typesupport_introspection_c__visibility_control.h
[0.327s] -- Up-to-date symlink: /home/atul/arduinobot_ws/install/arduinobot_msgs/include/arduinobot_msgs/arduinobot_msgs/srv/detail/add_two_ints__rosidl_typesupport_introspection_c.h
[0.328s] -- Up-to-date symlink: /home/atul/arduinobot_ws/install/arduinobot_msgs/include/arduinobot_msgs/arduinobot_msgs/srv/detail/add_two_ints__rosidl_typesupport_introspection_cpp.hpp
[0.328s] -- Up-to-date symlink: /home/atul/arduinobot_ws/install/arduinobot_msgs/share/arduinobot_msgs/environment/pythonpath.sh
[0.329s] -- Up-to-date symlink: /home/atul/arduinobot_ws/install/arduinobot_msgs/share/arduinobot_msgs/environment/pythonpath.dsv
[0.330s] -- Up-to-date symlink: /home/atul/arduinobot_ws/install/arduinobot_msgs/local/lib/python3.10/dist-packages/arduinobot_msgs-0.0.0-py3.10.egg-info/PKG-INFO
[0.330s] -- Up-to-date symlink: /home/atul/arduinobot_ws/install/arduinobot_msgs/local/lib/python3.10/dist-packages/arduinobot_msgs-0.0.0-py3.10.egg-info/SOURCES.txt
[0.330s] -- Up-to-date symlink: /home/atul/arduinobot_ws/install/arduinobot_msgs/local/lib/python3.10/dist-packages/arduinobot_msgs-0.0.0-py3.10.egg-info/dependency_links.txt
[0.330s] -- Up-to-date symlink: /home/atul/arduinobot_ws/install/arduinobot_msgs/local/lib/python3.10/dist-packages/arduinobot_msgs-0.0.0-py3.10.egg-info/top_level.txt
[0.331s] -- Up-to-date symlink: /home/atul/arduinobot_ws/install/arduinobot_msgs/local/lib/python3.10/dist-packages/arduinobot_msgs/__init__.py
[0.331s] -- Up-to-date symlink: /home/atul/arduinobot_ws/install/arduinobot_msgs/local/lib/python3.10/dist-packages/arduinobot_msgs/_arduinobot_msgs_s.ep.rosidl_typesupport_c.c
[0.332s] -- Up-to-date symlink: /home/atul/arduinobot_ws/install/arduinobot_msgs/local/lib/python3.10/dist-packages/arduinobot_msgs/_arduinobot_msgs_s.ep.rosidl_typesupport_fastrtps_c.c
[0.332s] -- Up-to-date symlink: /home/atul/arduinobot_ws/install/arduinobot_msgs/local/lib/python3.10/dist-packages/arduinobot_msgs/_arduinobot_msgs_s.ep.rosidl_typesupport_introspection_c.c
[0.332s] -- Up-to-date symlink: /home/atul/arduinobot_ws/install/arduinobot_msgs/local/lib/python3.10/dist-packages/arduinobot_msgs/arduinobot_msgs_s__rosidl_typesupport_c.cpython-310-x86_64-linux-gnu.so
[0.332s] -- Up-to-date symlink: /home/atul/arduinobot_ws/install/arduinobot_msgs/local/lib/python3.10/dist-packages/arduinobot_msgs/arduinobot_msgs_s__rosidl_typesupport_fastrtps_c.cpython-310-x86_64-linux-gnu.so
[0.333s] -- Up-to-date symlink: /home/atul/arduinobot_ws/install/arduinobot_msgs/local/lib/python3.10/dist-packages/arduinobot_msgs/arduinobot_msgs_s__rosidl_typesupport_introspection_c.cpython-310-x86_64-linux-gnu.so
[0.333s] -- Up-to-date symlink: /home/atul/arduinobot_ws/install/arduinobot_msgs/local/lib/python3.10/dist-packages/arduinobot_msgs/libarduinobot_msgs__rosidl_generator_py.so
[0.334s] -- Up-to-date symlink: /home/atul/arduinobot_ws/install/arduinobot_msgs/local/lib/python3.10/dist-packages/arduinobot_msgs/srv/__init__.py
[0.334s] -- Up-to-date symlink: /home/atul/arduinobot_ws/install/arduinobot_msgs/local/lib/python3.10/dist-packages/arduinobot_msgs/srv/_add_two_ints.py
[0.334s] -- Up-to-date symlink: /home/atul/arduinobot_ws/install/arduinobot_msgs/local/lib/python3.10/dist-packages/arduinobot_msgs/srv/_add_two_ints_s.c
[0.335s] -- Up-to-date symlink: /home/atul/arduinobot_ws/install/arduinobot_msgs/local/lib/python3.10/dist-packages/arduinobot_msgs/arduinobot_msgs_s__rosidl_typesupport_fastrtps_c.cpython-310-x86_64-linux-gnu.so
[0.335s] -- Up-to-date symlink: /home/atul/arduinobot_ws/install/arduinobot_msgs/local/lib/python3.10/dist-packages/arduinobot_msgs/arduinobot_msgs_s__rosidl_typesupport_introspection_c.cpython-310-x86_64-linux-gnu.so
[0.335s] -- Up-to-date symlink: /home/atul/arduinobot_ws/install/arduinobot_msgs/local/lib/python3.10/dist-packages/arduinobot_msgs/arduinobot_msgs_s__rosidl_typesupport_c.cpython-310-x86_64-linux-gnu.so
[0.336s] -- Up-to-date symlink: /home/atul/arduinobot_ws/install/arduinobot_msgs/share/arduinobot_msgs/srv/AddTwoInts.idl
[0.336s] -- Up-to-date symlink: /home/atul/arduinobot_ws/install/arduinobot_msgs/share/arduinobot_msgs/srv/AddTwoInts.srv
[0.336s] -- Up-to-date symlink: /home/atul/arduinobot_ws/install/arduinobot_msgs/share/arduinobot_msgs/srv/AddTwoInts_Request.msg
[0.337s] -- Up-to-date symlink: /home/atul/arduinobot_ws/install/arduinobot_msgs/share/arduinobot_msgs/srv/AddTwoInts_Response.msg
[0.337s] -- Up-to-date symlink: /home/atul/arduinobot_ws/install/arduinobot_msgs/share/ament_index/resource_index/package_run_dependencies/arduinobot_msgs
[0.337s] -- Up-to-date symlink: /home/atul/arduinobot_ws/install/arduinobot_msgs/share/ament_index/resource_index/parent_prefix_path/arduinobot_msgs
[0.338s] -- Up-to-date symlink: /home/atul/arduinobot_ws/install/arduinobot_msgs/share/arduinobot_msgs/environment/ament_prefix_path.sh
[0.338s] -- Up-to-date symlink: /home/atul/arduinobot_ws/install/arduinobot_msgs/share/arduinobot_msgs/environment/ament_prefix_path.dsv
[0.338s] -- Up-to-date symlink: /home/atul/arduinobot_ws/install/arduinobot_msgs/share/arduinobot_msgs/environment/path.sh
[0.339s] -- Up-to-date symlink: /home/atul/arduinobot_ws/install/arduinobot_msgs/share/arduinobot_msgs/environment/path.dsv
[0.339s] -- Up-to-date symlink: /home/atul/arduinobot_ws/install/arduinobot_msgs/share/arduinobot_msgs/local_setup.bash
[0.340s] -- Up-to-date symlink: /home/atul/arduinobot_ws/install/arduinobot_msgs/share/arduinobot_msgs/local_setup.sh
[0.340s] -- Up-to-date symlink: /home/atul/arduinobot_ws/install/arduinobot_msgs/share/arduinobot_msgs/local_setup.zsh
[0.340s] -- Up-to-date symlink: /home/atul/arduinobot_ws/install/arduinobot_msgs/share/arduinobot_msgs/local_setup.dsv
[0.341s] -- Symlinking: /home/atul/arduinobot_ws/install/arduinobot_msgs/share/arduinobot_msgs/package.dsv
[0.347s] -- Up-to-date symlink: /home/atul/arduinobot_ws/install/arduinobot_msgs/share/ament_index/resource_index/packages/arduinobot_msgs
[0.347s] -- Up-to-date symlink: /home/atul/arduinobot_ws/install/arduinobot_msgs/share/arduinobot_msgs/cmake/rosidl_cmake-extras.cmake
[0.348s] -- Up-to-date symlink: /home/atul/arduinobot_ws/install/arduinobot_msgs/share/arduinobot_msgs/cmake/ament_cmake_export_include_directories-extras.cmake
[0.348s] -- Up-to-date symlink: /home/atul/arduinobot_ws/install/arduinobot_msgs/share/arduinobot_msgs/cmake/ament_cmake_export_libraries-extras.cmake
[0.349s] -- Up-to-date symlink: /home/atul/arduinobot_ws/install/arduinobot_msgs/share/arduinobot_msgs/cmake/ament_cmake_export_targets-extras.cmake
[0.349s] -- Up-to-date symlink: /home/atul/arduinobot_ws/install/arduinobot_msgs/share/arduinobot_msgs/cmake/rosidl_cmake_export_typesupport_targets-extras.cmake
[0.350s] -- Up-to-date symlink: /home/atul/arduinobot_ws/install/arduinobot_msgs/share/arduinobot_msgs/cmake/ament_cmake_export_dependencies-extras.cmake
[0.350s] -- Up-to-date symlink: /home/atul/arduinobot_ws/install/arduinobot_msgs/share/arduinobot_msgs/cmake/rosidl_cmake_export_typesupport_libraries-extras.cmake
[0.350s] -- Up-to-date symlink: /home/atul/arduinobot_ws/install/arduinobot_msgs/share/arduinobot_msgs/cmake/arduinobot_msgsConfig.cmake
[0.350s] -- Up-to-date symlink: /home/atul/arduinobot_ws/install/arduinobot_msgs/share/arduinobot_msgs/cmake/arduinobot_msgsConfig-version.cmake
[0.351s] -- Up-to-date symlink: /home/atul/arduinobot_ws/install/arduinobot_msgs/share/arduinobot_msgs/package.xml
[0.351s] -- Up-to-date: /home/atul/arduinobot_ws/install/arduinobot_msgs/lib/libarduinobot_msgs__rosidl_generator_c.so
[0.352s] -- Up-to-date: /home/atul/arduinobot_ws/install/arduinobot_msgs/lib/libarduinobot_msgs__rosidl_typesupport_fastrtps_c.so
[0.353s] -- Up-to-date: /home/atul/arduinobot_ws/install/arduinobot_msgs/lib/libarduinobot_msgs__rosidl_typesupport_fastrtps_cpp.so
[0.353s] -- Up-to-date: /home/atul/arduinobot_ws/install/arduinobot_msgs/lib/libarduinobot_msgs__rosidl_typesupport_introspection_c.so
[0.354s] -- Up-to-date: /home/atul/arduinobot_ws/install/arduinobot_msgs/lib/libarduinobot_msgs__rosidl_typesupport_c.so
[0.355s] -- Up-to-date: /home/atul/arduinobot_ws/install/arduinobot_msgs/lib/libarduinobot_msgs__rosidl_typesupport_introspection_cpp.so
[0.355s] -- Up-to-date: /home/atul/arduinobot_ws/install/arduinobot_msgs/lib/libarduinobot_msgs__rosidl_typesupport_cpp.so
[0.378s] Listing '/home/atul/arduinobot_ws/install/arduinobot_msgs/local/lib/python3.10/dist-packages/arduinobot_msgs'...
[0.378s] Listing '/home/atul/arduinobot_ws/install/arduinobot_msgs/local/lib/python3.10/dist-packages/arduinobot_msgs/srv'...
[0.382s] -- Up-to-date: /home/atul/arduinobot_ws/install/arduinobot_msgs/lib/libarduinobot_msgs__rosidl_generator_py.so
[0.382s] -- Up-to-date: /home/atul/arduinobot_ws/install/arduinobot_msgs/share/arduinobot_msgs/cmake/export_arduinobot_msgs__rosidl_generator_cExport.cmake
[0.383s] -- Up-to-date: /home/atul/arduinobot_ws/install/arduinobot_msgs/share/arduinobot_msgs/cmake/export_arduinobot_msgs__rosidl_generator_cExport-noconfig.cmake
[0.383s] -- Up-to-date: /home/atul/arduinobot_ws/install/arduinobot_msgs/share/arduinobot_msgs/cmake/export_arduinobot_msgs__rosidl_typesupport_fastrtps_cExport.cmake
[0.383s] -- Up-to-date: /home/atul/arduinobot_ws/install/arduinobot_msgs/share/arduinobot_msgs/cmake/export_arduinobot_msgs__rosidl_typesupport_fastrtps_cExport-noconfig.cmake
[0.384s] -- Up-to-date: /home/atul/arduinobot_ws/install/arduinobot_msgs/share/arduinobot_msgs/cmake/export_arduinobot_msgs__rosidl_generator_cppExport.cmake
[0.384s] -- Up-to-date: /home/atul/arduinobot_ws/install/arduinobot_msgs/share/arduinobot_msgs/cmake/export_arduinobot_msgs__rosidl_typesupport_fastrtps_cppExport.cmake
[0.384s] -- Up-to-date: /home/atul/arduinobot_ws/install/arduinobot_msgs/share/arduinobot_msgs/cmake/export_arduinobot_msgs__rosidl_typesupport_fastrtps_cppExport-noconfig.cmake
[0.385s] -- Up-to-date: /home/atul/arduinobot_ws/install/arduinobot_msgs/share/arduinobot_msgs/cmake/arduinobot_msgs__rosidl_typesupport_introspection_cExport.cmake
[0.385s] -- Up-to-date: /home/atul/arduinobot_ws/install/arduinobot_msgs/share/arduinobot_msgs/cmake/arduinobot_msgs__rosidl_typesupport_introspection_cExport-noconfig.cmake
[0.386s] -- Up-to-date: /home/atul/arduinobot_ws/install/arduinobot_msgs/share/arduinobot_msgs/cmake/arduinobot_msgs__rosidl_typesupport_cExport.cmake
[0.386s] -- Up-to-date: /home/atul/arduinobot_ws/install/arduinobot_msgs/share/arduinobot_msgs/cmake/arduinobot_msgs__rosidl_typesupport_cExport-noconfig.cmake
[0.386s] -- Up-to-date: /home/atul/arduinobot_ws/install/arduinobot_msgs/share/arduinobot_msgs/cmake/arduinobot_msgs__rosidl_typesupport_introspection_cppExport.cmake
[0.387s] -- Up-to-date: /home/atul/arduinobot_ws/install/arduinobot_msgs/share/arduinobot_msgs/cmake/arduinobot_msgs__rosidl_typesupport_introspection_cppExport-noconfig.cmake
[0.387s] -- Up-to-date: /home/atul/arduinobot_ws/install/arduinobot_msgs/share/arduinobot_msgs/cmake/arduinobot_msgs__rosidl_typesupport_cppExport.cmake
[0.387s] -- Up-to-date: /home/atul/arduinobot_ws/install/arduinobot_msgs/share/arduinobot_msgs/cmake/arduinobot_msgs__rosidl_typesupport_cppExport-noconfig.cmake
[0.389s] -- Up-to-date: /home/atul/arduinobot_ws/install/arduinobot_msgs/share/arduinobot_msgs/cmake/export_arduinobot_msgs__rosidl_generator_pyExport.cmake
[0.389s] -- Up-to-date: /home/atul/arduinobot_ws/install/arduinobot_msgs/share/arduinobot_msgs/cmake/export_arduinobot_msgs__rosidl_generator_pyExport-noconfig.cmake
[0.392s] Invoked command in '/home/atul/arduinobot_ws/build/arduinobot_msgs' returned '0': /usr/bin/cmake --install /home/atul/arduinobot_ws/build/arduinobot_msgs
