running egg_info
writing ../build/arduinobot_py_examples/arduinobot_py_examples.egg-info/PKG-INFO
writing dependency_links to ../build/arduinobot_py_examples/arduinobot_py_examples.egg-info/dependency_links.txt
writing entry points to ../build/arduinobot_py_examples/arduinobot_py_examples.egg-info/entry_points.txt
writing requirements to ../build/arduinobot_py_examples/arduinobot_py_examples.egg-info/requires.txt
writing top-level names to ../build/arduinobot_py_examples/arduinobot_py_examples.egg-info/top_level.txt
reading manifest file '../build/arduinobot_py_examples/arduinobot_py_examples.egg-info/SOURCES.txt'
writing manifest file '../build/arduinobot_py_examples/arduinobot_py_examples.egg-info/SOURCES.txt'
running build
running build_py
copying arduinobot_py_examples/simple_subscriber.py -> /home/atul/arduinobot_ws/build/arduinobot_py_examples/build/lib/arduinobot_py_examples
running install
running install_lib
copying /home/atul/arduinobot_ws/build/arduinobot_py_examples/build/lib/arduinobot_py_examples/simple_subscriber.py -> /home/atul/arduinobot_ws/install/arduinobot_py_examples/lib/python3.10/site-packages/arduinobot_py_examples
byte-compiling /home/atul/arduinobot_ws/install/arduinobot_py_examples/lib/python3.10/site-packages/arduinobot_py_examples/simple_subscriber.py to simple_subscriber.cpython-310.pyc
running install_data
running install_egg_info
removing '/home/atul/arduinobot_ws/install/arduinobot_py_examples/lib/python3.10/site-packages/arduinobot_py_examples-0.0.0-py3.10.egg-info' (and everything under it)
Copying ../build/arduinobot_py_examples/arduinobot_py_examples.egg-info to /home/atul/arduinobot_ws/install/arduinobot_py_examples/lib/python3.10/site-packages/arduinobot_py_examples-0.0.0-py3.10.egg-info
running install_scripts
Installing simple_publisher script to /home/atul/arduinobot_ws/install/arduinobot_py_examples/lib/arduinobot_py_examples
Installing simple_subscriber script to /home/atul/arduinobot_ws/install/arduinobot_py_examples/lib/arduinobot_py_examples
writing list of installed files to '/home/atul/arduinobot_ws/build/arduinobot_py_examples/install.log'
