[1.431s] Invoking command in '/home/atul/arduinobot_ws/build/arduinobot_py_examples': PYTHONPATH=/home/atul/arduinobot_ws/build/arduinobot_py_examples/prefix_override:/home/atul/arduinobot_ws/install/arduinobot_py_examples/lib/python3.10/site-packages:${PYTHONPATH} WSLENV=ELECTRON_RUN_AS_NODE/w: /usr/bin/python3 -W ignore:setup.py install is deprecated setup.py develop --editable --build-directory /home/atul/arduinobot_ws/build/arduinobot_py_examples/build --no-deps symlink_data
[1.778s] running develop
[1.778s] /usr/lib/python3/dist-packages/setuptools/command/easy_install.py:158: EasyInstallDeprecationWarning: easy_install command is deprecated. Use build and pip and other standards-based tools.
[1.778s]   warnings.warn(
[1.964s] running egg_info
[1.964s] writing arduinobot_py_examples.egg-info/PKG-INFO
[1.964s] writing dependency_links to arduinobot_py_examples.egg-info/dependency_links.txt
[1.964s] writing entry points to arduinobot_py_examples.egg-info/entry_points.txt
[1.965s] writing requirements to arduinobot_py_examples.egg-info/requires.txt
[1.965s] writing top-level names to arduinobot_py_examples.egg-info/top_level.txt
[1.971s] reading manifest file 'arduinobot_py_examples.egg-info/SOURCES.txt'
[1.972s] writing manifest file 'arduinobot_py_examples.egg-info/SOURCES.txt'
[1.974s] running build_ext
[1.974s] Creating /home/atul/arduinobot_ws/install/arduinobot_py_examples/lib/python3.10/site-packages/arduinobot-py-examples.egg-link (link to .)
[1.976s] Installing simple_parameter script to /home/atul/arduinobot_ws/install/arduinobot_py_examples/lib/arduinobot_py_examples
[1.977s] Installing simple_publisher script to /home/atul/arduinobot_ws/install/arduinobot_py_examples/lib/arduinobot_py_examples
[1.977s] Installing simple_service_client script to /home/atul/arduinobot_ws/install/arduinobot_py_examples/lib/arduinobot_py_examples
[1.977s] Installing simple_service_server script to /home/atul/arduinobot_ws/install/arduinobot_py_examples/lib/arduinobot_py_examples
[1.978s] Installing simple_subscriber script to /home/atul/arduinobot_ws/install/arduinobot_py_examples/lib/arduinobot_py_examples
[1.978s] 
[1.978s] Installed /home/atul/arduinobot_ws/build/arduinobot_py_examples
[1.978s] running symlink_data
[2.025s] Invoked command in '/home/atul/arduinobot_ws/build/arduinobot_py_examples' returned '0': PYTHONPATH=/home/atul/arduinobot_ws/build/arduinobot_py_examples/prefix_override:/home/atul/arduinobot_ws/install/arduinobot_py_examples/lib/python3.10/site-packages:${PYTHONPATH} WSLENV=ELECTRON_RUN_AS_NODE/w: /usr/bin/python3 -W ignore:setup.py install is deprecated setup.py develop --editable --build-directory /home/atul/arduinobot_ws/build/arduinobot_py_examples/build --no-deps symlink_data
