[0.042s] Invoking command in '/home/atul/arduinobot_ws/build/arduinobot_description': CMAKE_PREFIX_PATH=/opt/ros/humble WSLENV=ELECTRON_RUN_AS_NODE/w: /usr/bin/cmake /home/atul/arduinobot_ws/src/arduinobot_description -DCMAKE_INSTALL_PREFIX=/home/atul/arduinobot_ws/install/arduinobot_description
[0.463s] -- The C compiler identification is GNU 11.4.0
[1.736s] -- The CXX compiler identification is GNU 11.4.0
[2.578s] -- Detecting C compiler ABI info
[2.848s] -- Detecting C compiler ABI info - done
[2.861s] -- Check for working C compiler: /usr/bin/cc - skipped
[2.862s] -- Detecting C compile features
[2.863s] -- Detecting C compile features - done
[2.870s] -- Detecting CXX compiler ABI info
[3.102s] -- Detecting CXX compiler ABI info - done
[3.116s] -- Check for working CXX compiler: /usr/bin/c++ - skipped
[3.117s] -- Detecting CXX compile features
[3.117s] -- Detecting CXX compile features - done
[3.120s] -- Found ament_cmake: 1.3.9 (/opt/ros/humble/share/ament_cmake/cmake)
[3.398s] -- Found Python3: /usr/bin/python3 (found version "3.10.12") found components: Interpreter 
[3.555s] -- Found ament_lint_auto: 0.12.11 (/opt/ros/humble/share/ament_lint_auto/cmake)
[3.673s] -- Added test 'flake8' to check Python code syntax and style conventions
[3.675s] -- Added test 'lint_cmake' to check CMake code style
[3.677s] -- Added test 'pep257' to check Python code against some of the docstring style conventions in PEP 257
[3.680s] -- Added test 'xmllint' to check XML markup files
[3.685s] -- Configuring done
[3.690s] -- Generating done
[3.691s] -- Build files have been written to: /home/atul/arduinobot_ws/build/arduinobot_description
[3.697s] Invoked command in '/home/atul/arduinobot_ws/build/arduinobot_description' returned '0': CMAKE_PREFIX_PATH=/opt/ros/humble WSLENV=ELECTRON_RUN_AS_NODE/w: /usr/bin/cmake /home/atul/arduinobot_ws/src/arduinobot_description -DCMAKE_INSTALL_PREFIX=/home/atul/arduinobot_ws/install/arduinobot_description
[3.700s] Invoking command in '/home/atul/arduinobot_ws/build/arduinobot_description': CMAKE_PREFIX_PATH=/opt/ros/humble WSLENV=ELECTRON_RUN_AS_NODE/w: /usr/bin/cmake --build /home/atul/arduinobot_ws/build/arduinobot_description -- -j12 -l12
[3.749s] Invoked command in '/home/atul/arduinobot_ws/build/arduinobot_description' returned '0': CMAKE_PREFIX_PATH=/opt/ros/humble WSLENV=ELECTRON_RUN_AS_NODE/w: /usr/bin/cmake --build /home/atul/arduinobot_ws/build/arduinobot_description -- -j12 -l12
[3.780s] Invoking command in '/home/atul/arduinobot_ws/build/arduinobot_description': CMAKE_PREFIX_PATH=/opt/ros/humble WSLENV=ELECTRON_RUN_AS_NODE/w: /usr/bin/cmake --install /home/atul/arduinobot_ws/build/arduinobot_description
[3.789s] -- Install configuration: ""
[3.790s] -- Installing: /home/atul/arduinobot_ws/install/arduinobot_description/share/arduinobot_description/urdf
[3.790s] -- Installing: /home/atul/arduinobot_ws/install/arduinobot_description/share/arduinobot_description/urdf/arduinobot_gazebo.xacro
[3.792s] -- Installing: /home/atul/arduinobot_ws/install/arduinobot_description/share/arduinobot_description/urdf/arduinobot_ros2_control.xacro
[3.792s] -- Installing: /home/atul/arduinobot_ws/install/arduinobot_description/share/arduinobot_description/urdf/arduinobot.urdf.xacro
[3.794s] -- Installing: /home/atul/arduinobot_ws/install/arduinobot_description/share/arduinobot_description/meshes
[3.795s] -- Installing: /home/atul/arduinobot_ws/install/arduinobot_description/share/arduinobot_description/meshes/link.STL
[3.799s] -- Installing: /home/atul/arduinobot_ws/install/arduinobot_description/share/arduinobot_description/meshes/round_plate.STL
[3.801s] -- Installing: /home/atul/arduinobot_ws/install/arduinobot_description/share/arduinobot_description/meshes/basement.STL
[3.807s] -- Installing: /home/atul/arduinobot_ws/install/arduinobot_description/share/arduinobot_description/meshes/plate.STL
[3.816s] -- Installing: /home/atul/arduinobot_ws/install/arduinobot_description/share/arduinobot_description/meshes/forward_drive_arm.STL
[3.826s] -- Installing: /home/atul/arduinobot_ws/install/arduinobot_description/share/arduinobot_description/meshes/pi_camera.STL
[3.827s] -- Installing: /home/atul/arduinobot_ws/install/arduinobot_description/share/arduinobot_description/meshes/triangular_link.STL
[3.831s] -- Installing: /home/atul/arduinobot_ws/install/arduinobot_description/share/arduinobot_description/meshes/claw_support.STL
[3.833s] -- Installing: /home/atul/arduinobot_ws/install/arduinobot_description/share/arduinobot_description/meshes/base_plate.STL
[3.844s] -- Installing: /home/atul/arduinobot_ws/install/arduinobot_description/share/arduinobot_description/meshes/vertical_drive_arm.STL
[3.850s] -- Installing: /home/atul/arduinobot_ws/install/arduinobot_description/share/arduinobot_description/meshes/horizontal_arm.STL
[3.857s] -- Installing: /home/atul/arduinobot_ws/install/arduinobot_description/share/arduinobot_description/meshes/right_finger.STL
[3.859s] -- Installing: /home/atul/arduinobot_ws/install/arduinobot_description/share/arduinobot_description/meshes/left_finger.STL
[3.860s] -- Installing: /home/atul/arduinobot_ws/install/arduinobot_description/share/arduinobot_description/meshes/servo_plate.STL
[3.862s] -- Installing: /home/atul/arduinobot_ws/install/arduinobot_description/share/arduinobot_description/launch
[3.863s] -- Installing: /home/atul/arduinobot_ws/install/arduinobot_description/share/arduinobot_description/launch/gazebo.launch.py
[3.863s] -- Installing: /home/atul/arduinobot_ws/install/arduinobot_description/share/arduinobot_description/launch/display.launch.py
[3.863s] -- Installing: /home/atul/arduinobot_ws/install/arduinobot_description/share/arduinobot_description/rviz
[3.864s] -- Installing: /home/atul/arduinobot_ws/install/arduinobot_description/share/arduinobot_description/rviz/display.rviz
[3.864s] -- Installing: /home/atul/arduinobot_ws/install/arduinobot_description/share/arduinobot_description/models
[3.865s] -- Installing: /home/atul/arduinobot_ws/install/arduinobot_description/share/arduinobot_description/models/models
[3.865s] -- Installing: /home/atul/arduinobot_ws/install/arduinobot_description/share/arduinobot_description/models/models/ground_plane
[3.865s] -- Installing: /home/atul/arduinobot_ws/install/arduinobot_description/share/arduinobot_description/models/models/ground_plane/model.sdf
[3.866s] -- Installing: /home/atul/arduinobot_ws/install/arduinobot_description/share/arduinobot_description/models/models/ground_plane/model-1_2.sdf
[3.866s] -- Installing: /home/atul/arduinobot_ws/install/arduinobot_description/share/arduinobot_description/models/models/ground_plane/model.config
[3.867s] -- Installing: /home/atul/arduinobot_ws/install/arduinobot_description/share/arduinobot_description/models/models/ground_plane/model-1_3.sdf
[3.868s] -- Installing: /home/atul/arduinobot_ws/install/arduinobot_description/share/arduinobot_description/models/models/ground_plane/model-1_4.sdf
[3.868s] -- Installing: /home/atul/arduinobot_ws/install/arduinobot_description/share/arduinobot_description/models/models/sun
[3.869s] -- Installing: /home/atul/arduinobot_ws/install/arduinobot_description/share/arduinobot_description/models/models/sun/model.sdf
[3.871s] -- Installing: /home/atul/arduinobot_ws/install/arduinobot_description/share/arduinobot_description/models/models/sun/model-1_2.sdf
[3.872s] -- Installing: /home/atul/arduinobot_ws/install/arduinobot_description/share/arduinobot_description/models/models/sun/model.config
[3.873s] -- Installing: /home/atul/arduinobot_ws/install/arduinobot_description/share/arduinobot_description/models/models/sun/model-1_3.sdf
[3.873s] -- Installing: /home/atul/arduinobot_ws/install/arduinobot_description/share/arduinobot_description/models/models/sun/model-1_4.sdf
[3.875s] -- Installing: /home/atul/arduinobot_ws/install/arduinobot_description/share/ament_index/resource_index/package_run_dependencies/arduinobot_description
[3.876s] -- Installing: /home/atul/arduinobot_ws/install/arduinobot_description/share/ament_index/resource_index/parent_prefix_path/arduinobot_description
[3.876s] -- Installing: /home/atul/arduinobot_ws/install/arduinobot_description/share/arduinobot_description/environment/ament_prefix_path.sh
[3.877s] -- Installing: /home/atul/arduinobot_ws/install/arduinobot_description/share/arduinobot_description/environment/ament_prefix_path.dsv
[3.878s] -- Installing: /home/atul/arduinobot_ws/install/arduinobot_description/share/arduinobot_description/environment/path.sh
[3.878s] -- Installing: /home/atul/arduinobot_ws/install/arduinobot_description/share/arduinobot_description/environment/path.dsv
[3.878s] -- Installing: /home/atul/arduinobot_ws/install/arduinobot_description/share/arduinobot_description/local_setup.bash
[3.878s] -- Installing: /home/atul/arduinobot_ws/install/arduinobot_description/share/arduinobot_description/local_setup.sh
[3.879s] -- Installing: /home/atul/arduinobot_ws/install/arduinobot_description/share/arduinobot_description/local_setup.zsh
[3.880s] -- Installing: /home/atul/arduinobot_ws/install/arduinobot_description/share/arduinobot_description/local_setup.dsv
[3.880s] -- Installing: /home/atul/arduinobot_ws/install/arduinobot_description/share/arduinobot_description/package.dsv
[3.880s] -- Installing: /home/atul/arduinobot_ws/install/arduinobot_description/share/ament_index/resource_index/packages/arduinobot_description
[3.880s] -- Installing: /home/atul/arduinobot_ws/install/arduinobot_description/share/arduinobot_description/cmake/arduinobot_descriptionConfig.cmake
[3.880s] -- Installing: /home/atul/arduinobot_ws/install/arduinobot_description/share/arduinobot_description/cmake/arduinobot_descriptionConfig-version.cmake
[3.880s] -- Installing: /home/atul/arduinobot_ws/install/arduinobot_description/share/arduinobot_description/package.xml
[3.884s] Invoked command in '/home/atul/arduinobot_ws/build/arduinobot_description' returned '0': CMAKE_PREFIX_PATH=/opt/ros/humble WSLENV=ELECTRON_RUN_AS_NODE/w: /usr/bin/cmake --install /home/atul/arduinobot_ws/build/arduinobot_description
