[0.962s] Invoking command in '/home/atul/arduinobot_ws/src/arduinobot_py_examples': PYTHONPATH=/home/atul/arduinobot_ws/build/arduinobot_py_examples/prefix_override:/home/atul/arduinobot_ws/install/arduinobot_py_examples/lib/python3.10/site-packages:${PYTHONPATH} /usr/bin/python3 -W ignore:setup.py install is deprecated setup.py egg_info --egg-base ../../build/arduinobot_py_examples build --build-base /home/atul/arduinobot_ws/build/arduinobot_py_examples/build install --record /home/atul/arduinobot_ws/build/arduinobot_py_examples/install.log --single-version-externally-managed install_data
[1.273s] running egg_info
[1.274s] writing ../../build/arduinobot_py_examples/arduinobot_py_examples.egg-info/PKG-INFO
[1.275s] writing dependency_links to ../../build/arduinobot_py_examples/arduinobot_py_examples.egg-info/dependency_links.txt
[1.275s] writing entry points to ../../build/arduinobot_py_examples/arduinobot_py_examples.egg-info/entry_points.txt
[1.276s] writing requirements to ../../build/arduinobot_py_examples/arduinobot_py_examples.egg-info/requires.txt
[1.276s] writing top-level names to ../../build/arduinobot_py_examples/arduinobot_py_examples.egg-info/top_level.txt
[1.278s] reading manifest file '../../build/arduinobot_py_examples/arduinobot_py_examples.egg-info/SOURCES.txt'
[1.279s] writing manifest file '../../build/arduinobot_py_examples/arduinobot_py_examples.egg-info/SOURCES.txt'
[1.279s] running build
[1.279s] running build_py
[1.279s] running install
[1.280s] running install_lib
[1.282s] running install_data
[1.282s] running install_egg_info
[1.284s] removing '/home/atul/arduinobot_ws/install/arduinobot_py_examples/lib/python3.10/site-packages/arduinobot_py_examples-0.0.0-py3.10.egg-info' (and everything under it)
[1.285s] Copying ../../build/arduinobot_py_examples/arduinobot_py_examples.egg-info to /home/atul/arduinobot_ws/install/arduinobot_py_examples/lib/python3.10/site-packages/arduinobot_py_examples-0.0.0-py3.10.egg-info
[1.286s] running install_scripts
[1.324s] Installing simple_parameter script to /home/atul/arduinobot_ws/install/arduinobot_py_examples/lib/arduinobot_py_examples
[1.324s] Installing simple_publisher script to /home/atul/arduinobot_ws/install/arduinobot_py_examples/lib/arduinobot_py_examples
[1.324s] Installing simple_subscriber script to /home/atul/arduinobot_ws/install/arduinobot_py_examples/lib/arduinobot_py_examples
[1.325s] writing list of installed files to '/home/atul/arduinobot_ws/build/arduinobot_py_examples/install.log'
[1.360s] Invoked command in '/home/atul/arduinobot_ws/src/arduinobot_py_examples' returned '0': PYTHONPATH=/home/atul/arduinobot_ws/build/arduinobot_py_examples/prefix_override:/home/atul/arduinobot_ws/install/arduinobot_py_examples/lib/python3.10/site-packages:${PYTHONPATH} /usr/bin/python3 -W ignore:setup.py install is deprecated setup.py egg_info --egg-base ../../build/arduinobot_py_examples build --build-base /home/atul/arduinobot_ws/build/arduinobot_py_examples/build install --record /home/atul/arduinobot_ws/build/arduinobot_py_examples/install.log --single-version-externally-managed install_data
