[0.067s] Invoking command in '/home/atul/arduinobot_ws/build/arduinobot_controller': CMAKE_PREFIX_PATH=${CMAKE_PREFIX_PATH}:/home/atul/arduinobot_ws/install/arduinobot_py_examples:/opt/ros/humble WSLENV=ELECTRON_RUN_AS_NODE/w: /usr/bin/cmake --build /home/atul/arduinobot_ws/build/arduinobot_controller -- -j12 -l12
[0.529s] [100%] Built target slider_control
[0.530s] [100%] Built target ament_cmake_python_copy_arduinobot_controller
[0.658s] running egg_info
[0.659s] writing arduinobot_controller.egg-info/PKG-INFO
[0.659s] writing dependency_links to arduinobot_controller.egg-info/dependency_links.txt
[0.661s] writing top-level names to arduinobot_controller.egg-info/top_level.txt
[0.671s] reading manifest file 'arduinobot_controller.egg-info/SOURCES.txt'
[0.674s] writing manifest file 'arduinobot_controller.egg-info/SOURCES.txt'
[0.744s] [100%] Built target ament_cmake_python_build_arduinobot_controller_egg
[0.768s] Invoked command in '/home/atul/arduinobot_ws/build/arduinobot_controller' returned '0': CMAKE_PREFIX_PATH=${CMAKE_PREFIX_PATH}:/home/atul/arduinobot_ws/install/arduinobot_py_examples:/opt/ros/humble WSLENV=ELECTRON_RUN_AS_NODE/w: /usr/bin/cmake --build /home/atul/arduinobot_ws/build/arduinobot_controller -- -j12 -l12
[0.819s] Invoking command in '/home/atul/arduinobot_ws/build/arduinobot_controller': CMAKE_PREFIX_PATH=${CMAKE_PREFIX_PATH}:/home/atul/arduinobot_ws/install/arduinobot_py_examples:/opt/ros/humble WSLENV=ELECTRON_RUN_AS_NODE/w: /usr/bin/cmake --install /home/atul/arduinobot_ws/build/arduinobot_controller
[0.832s] -- Install configuration: ""
[0.832s] -- Up-to-date: /home/atul/arduinobot_ws/install/arduinobot_controller/share/arduinobot_controller/environment/pythonpath.sh
[0.833s] -- Up-to-date: /home/atul/arduinobot_ws/install/arduinobot_controller/share/arduinobot_controller/environment/pythonpath.dsv
[0.834s] -- Up-to-date: /home/atul/arduinobot_ws/install/arduinobot_controller/local/lib/python3.10/dist-packages/arduinobot_controller-0.0.0-py3.10.egg-info
[0.834s] -- Installing: /home/atul/arduinobot_ws/install/arduinobot_controller/local/lib/python3.10/dist-packages/arduinobot_controller-0.0.0-py3.10.egg-info/top_level.txt
[0.834s] -- Installing: /home/atul/arduinobot_ws/install/arduinobot_controller/local/lib/python3.10/dist-packages/arduinobot_controller-0.0.0-py3.10.egg-info/SOURCES.txt
[0.835s] -- Installing: /home/atul/arduinobot_ws/install/arduinobot_controller/local/lib/python3.10/dist-packages/arduinobot_controller-0.0.0-py3.10.egg-info/dependency_links.txt
[0.835s] -- Installing: /home/atul/arduinobot_ws/install/arduinobot_controller/local/lib/python3.10/dist-packages/arduinobot_controller-0.0.0-py3.10.egg-info/PKG-INFO
[0.835s] -- Up-to-date: /home/atul/arduinobot_ws/install/arduinobot_controller/local/lib/python3.10/dist-packages/arduinobot_controller
[0.835s] -- Up-to-date: /home/atul/arduinobot_ws/install/arduinobot_controller/local/lib/python3.10/dist-packages/arduinobot_controller/slider_control.py
[0.835s] -- Up-to-date: /home/atul/arduinobot_ws/install/arduinobot_controller/local/lib/python3.10/dist-packages/arduinobot_controller/__init__.py
[0.890s] Listing '/home/atul/arduinobot_ws/install/arduinobot_controller/local/lib/python3.10/dist-packages/arduinobot_controller'...
[0.898s] -- Up-to-date: /home/atul/arduinobot_ws/install/arduinobot_controller/lib/arduinobot_controller/slider_control
[0.898s] -- Up-to-date: /home/atul/arduinobot_ws/install/arduinobot_controller/share/arduinobot_controller/launch
[0.899s] -- Up-to-date: /home/atul/arduinobot_ws/install/arduinobot_controller/share/arduinobot_controller/launch/controller.launch.py
[0.899s] -- Up-to-date: /home/atul/arduinobot_ws/install/arduinobot_controller/share/arduinobot_controller/launch/slider_controller.launch.py
[0.900s] -- Up-to-date: /home/atul/arduinobot_ws/install/arduinobot_controller/share/arduinobot_controller/config
[0.900s] -- Up-to-date: /home/atul/arduinobot_ws/install/arduinobot_controller/share/arduinobot_controller/config/arduinobot_controllers.yaml
[0.900s] -- Up-to-date: /home/atul/arduinobot_ws/install/arduinobot_controller/lib/arduinobot_controller/slider_control.py
[0.900s] -- Up-to-date: /home/atul/arduinobot_ws/install/arduinobot_controller/share/ament_index/resource_index/package_run_dependencies/arduinobot_controller
[0.900s] -- Up-to-date: /home/atul/arduinobot_ws/install/arduinobot_controller/share/ament_index/resource_index/parent_prefix_path/arduinobot_controller
[0.900s] -- Up-to-date: /home/atul/arduinobot_ws/install/arduinobot_controller/share/arduinobot_controller/environment/ament_prefix_path.sh
[0.900s] -- Up-to-date: /home/atul/arduinobot_ws/install/arduinobot_controller/share/arduinobot_controller/environment/ament_prefix_path.dsv
[0.900s] -- Up-to-date: /home/atul/arduinobot_ws/install/arduinobot_controller/share/arduinobot_controller/environment/path.sh
[0.901s] -- Up-to-date: /home/atul/arduinobot_ws/install/arduinobot_controller/share/arduinobot_controller/environment/path.dsv
[0.901s] -- Up-to-date: /home/atul/arduinobot_ws/install/arduinobot_controller/share/arduinobot_controller/local_setup.bash
[0.901s] -- Up-to-date: /home/atul/arduinobot_ws/install/arduinobot_controller/share/arduinobot_controller/local_setup.sh
[0.901s] -- Up-to-date: /home/atul/arduinobot_ws/install/arduinobot_controller/share/arduinobot_controller/local_setup.zsh
[0.902s] -- Up-to-date: /home/atul/arduinobot_ws/install/arduinobot_controller/share/arduinobot_controller/local_setup.dsv
[0.902s] -- Installing: /home/atul/arduinobot_ws/install/arduinobot_controller/share/arduinobot_controller/package.dsv
[0.902s] -- Up-to-date: /home/atul/arduinobot_ws/install/arduinobot_controller/share/ament_index/resource_index/packages/arduinobot_controller
[0.902s] -- Up-to-date: /home/atul/arduinobot_ws/install/arduinobot_controller/share/arduinobot_controller/cmake/arduinobot_controllerConfig.cmake
[0.902s] -- Up-to-date: /home/atul/arduinobot_ws/install/arduinobot_controller/share/arduinobot_controller/cmake/arduinobot_controllerConfig-version.cmake
[0.902s] -- Up-to-date: /home/atul/arduinobot_ws/install/arduinobot_controller/share/arduinobot_controller/package.xml
[0.906s] Invoked command in '/home/atul/arduinobot_ws/build/arduinobot_controller' returned '0': CMAKE_PREFIX_PATH=${CMAKE_PREFIX_PATH}:/home/atul/arduinobot_ws/install/arduinobot_py_examples:/opt/ros/humble WSLENV=ELECTRON_RUN_AS_NODE/w: /usr/bin/cmake --install /home/atul/arduinobot_ws/build/arduinobot_controller
