[  3%] Built target arduinobot_messages__cpp
[ 12%] Built target arduinobot_messages__rosidl_generator_c
[ 12%] Built target ament_cmake_python_copy_arduinobot_messages
[ 22%] Built target arduinobot_messages__rosidl_typesupport_fastrtps_c
[ 32%] Built target arduinobot_messages__rosidl_typesupport_introspection_cpp
[ 45%] Built target arduinobot_messages__rosidl_typesupport_fastrtps_cpp
[ 51%] Built target arduinobot_messages__rosidl_typesupport_introspection_c
[ 70%] Built target arduinobot_messages__rosidl_typesupport_cpp
[ 61%] Built target arduinobot_messages__rosidl_typesupport_c
[ 70%] Built target arduinobot_messages
[ 74%] Built target arduinobot_messages__py
[ 80%] Built target arduinobot_messages__rosidl_generator_py
[ 87%] Built target arduinobot_messages__rosidl_typesupport_fastrtps_c__pyext
[ 93%] Built target arduinobot_messages__rosidl_typesupport_introspection_c__pyext
[100%] Built target arduinobot_messages__rosidl_typesupport_c__pyext
running egg_info
writing arduinobot_messages.egg-info/PKG-INFO
writing dependency_links to arduinobot_messages.egg-info/dependency_links.txt
writing top-level names to arduinobot_messages.egg-info/top_level.txt
reading manifest file 'arduinobot_messages.egg-info/SOURCES.txt'
writing manifest file 'arduinobot_messages.egg-info/SOURCES.txt'
[100%] Built target ament_cmake_python_build_arduinobot_messages_egg
-- Install configuration: ""
-- Up-to-date: /home/atul/arduinobot_ws/install/arduinobot_messages/share/ament_index/resource_index/rosidl_interfaces/arduinobot_messages
-- Up-to-date: /home/atul/arduinobot_ws/install/arduinobot_messages/include/arduinobot_messages/arduinobot_messages
-- Up-to-date: /home/atul/arduinobot_ws/install/arduinobot_messages/include/arduinobot_messages/arduinobot_messages/msg
-- Up-to-date: /home/atul/arduinobot_ws/install/arduinobot_messages/include/arduinobot_messages/arduinobot_messages/msg/rosidl_generator_c__visibility_control.h
-- Up-to-date: /home/atul/arduinobot_ws/install/arduinobot_messages/include/arduinobot_messages/arduinobot_messages/srv
-- Up-to-date: /home/atul/arduinobot_ws/install/arduinobot_messages/include/arduinobot_messages/arduinobot_messages/srv/detail
-- Up-to-date: /home/atul/arduinobot_ws/install/arduinobot_messages/include/arduinobot_messages/arduinobot_messages/srv/detail/add_two_ints__struct.h
-- Up-to-date: /home/atul/arduinobot_ws/install/arduinobot_messages/include/arduinobot_messages/arduinobot_messages/srv/detail/add_two_ints__functions.h
-- Up-to-date: /home/atul/arduinobot_ws/install/arduinobot_messages/include/arduinobot_messages/arduinobot_messages/srv/detail/add_two_ints__functions.c
-- Up-to-date: /home/atul/arduinobot_ws/install/arduinobot_messages/include/arduinobot_messages/arduinobot_messages/srv/detail/add_two_ints__type_support.h
-- Up-to-date: /home/atul/arduinobot_ws/install/arduinobot_messages/include/arduinobot_messages/arduinobot_messages/srv/add_two_ints.h
-- Up-to-date: /home/atul/arduinobot_ws/install/arduinobot_messages/share/arduinobot_messages/environment/library_path.sh
-- Up-to-date: /home/atul/arduinobot_ws/install/arduinobot_messages/share/arduinobot_messages/environment/library_path.dsv
-- Up-to-date: /home/atul/arduinobot_ws/install/arduinobot_messages/lib/libarduinobot_messages__rosidl_generator_c.so
-- Up-to-date: /home/atul/arduinobot_ws/install/arduinobot_messages/include/arduinobot_messages/arduinobot_messages
-- Up-to-date: /home/atul/arduinobot_ws/install/arduinobot_messages/include/arduinobot_messages/arduinobot_messages/msg
-- Up-to-date: /home/atul/arduinobot_ws/install/arduinobot_messages/include/arduinobot_messages/arduinobot_messages/msg/rosidl_typesupport_fastrtps_c__visibility_control.h
-- Up-to-date: /home/atul/arduinobot_ws/install/arduinobot_messages/include/arduinobot_messages/arduinobot_messages/srv
-- Up-to-date: /home/atul/arduinobot_ws/install/arduinobot_messages/include/arduinobot_messages/arduinobot_messages/srv/detail
-- Up-to-date: /home/atul/arduinobot_ws/install/arduinobot_messages/include/arduinobot_messages/arduinobot_messages/srv/detail/add_two_ints__rosidl_typesupport_fastrtps_c.h
-- Up-to-date: /home/atul/arduinobot_ws/install/arduinobot_messages/lib/libarduinobot_messages__rosidl_typesupport_fastrtps_c.so
-- Up-to-date: /home/atul/arduinobot_ws/install/arduinobot_messages/include/arduinobot_messages/arduinobot_messages
-- Up-to-date: /home/atul/arduinobot_ws/install/arduinobot_messages/include/arduinobot_messages/arduinobot_messages/srv
-- Up-to-date: /home/atul/arduinobot_ws/install/arduinobot_messages/include/arduinobot_messages/arduinobot_messages/srv/detail
-- Up-to-date: /home/atul/arduinobot_ws/install/arduinobot_messages/include/arduinobot_messages/arduinobot_messages/srv/detail/add_two_ints__traits.hpp
-- Up-to-date: /home/atul/arduinobot_ws/install/arduinobot_messages/include/arduinobot_messages/arduinobot_messages/srv/detail/add_two_ints__builder.hpp
-- Up-to-date: /home/atul/arduinobot_ws/install/arduinobot_messages/include/arduinobot_messages/arduinobot_messages/srv/detail/add_two_ints__struct.hpp
-- Up-to-date: /home/atul/arduinobot_ws/install/arduinobot_messages/include/arduinobot_messages/arduinobot_messages/srv/add_two_ints.hpp
-- Up-to-date: /home/atul/arduinobot_ws/install/arduinobot_messages/include/arduinobot_messages/arduinobot_messages
-- Up-to-date: /home/atul/arduinobot_ws/install/arduinobot_messages/include/arduinobot_messages/arduinobot_messages/msg
-- Up-to-date: /home/atul/arduinobot_ws/install/arduinobot_messages/include/arduinobot_messages/arduinobot_messages/msg/rosidl_typesupport_fastrtps_cpp__visibility_control.h
-- Up-to-date: /home/atul/arduinobot_ws/install/arduinobot_messages/include/arduinobot_messages/arduinobot_messages/srv
-- Up-to-date: /home/atul/arduinobot_ws/install/arduinobot_messages/include/arduinobot_messages/arduinobot_messages/srv/detail
-- Up-to-date: /home/atul/arduinobot_ws/install/arduinobot_messages/include/arduinobot_messages/arduinobot_messages/srv/detail/add_two_ints__rosidl_typesupport_fastrtps_cpp.hpp
-- Up-to-date: /home/atul/arduinobot_ws/install/arduinobot_messages/include/arduinobot_messages/arduinobot_messages/srv/detail/dds_fastrtps
-- Up-to-date: /home/atul/arduinobot_ws/install/arduinobot_messages/lib/libarduinobot_messages__rosidl_typesupport_fastrtps_cpp.so
-- Up-to-date: /home/atul/arduinobot_ws/install/arduinobot_messages/include/arduinobot_messages/arduinobot_messages
-- Up-to-date: /home/atul/arduinobot_ws/install/arduinobot_messages/include/arduinobot_messages/arduinobot_messages/msg
-- Up-to-date: /home/atul/arduinobot_ws/install/arduinobot_messages/include/arduinobot_messages/arduinobot_messages/msg/rosidl_typesupport_introspection_c__visibility_control.h
-- Up-to-date: /home/atul/arduinobot_ws/install/arduinobot_messages/include/arduinobot_messages/arduinobot_messages/srv
-- Up-to-date: /home/atul/arduinobot_ws/install/arduinobot_messages/include/arduinobot_messages/arduinobot_messages/srv/detail
-- Up-to-date: /home/atul/arduinobot_ws/install/arduinobot_messages/include/arduinobot_messages/arduinobot_messages/srv/detail/add_two_ints__rosidl_typesupport_introspection_c.h
-- Up-to-date: /home/atul/arduinobot_ws/install/arduinobot_messages/include/arduinobot_messages/arduinobot_messages/srv/detail/add_two_ints__type_support.c
-- Up-to-date: /home/atul/arduinobot_ws/install/arduinobot_messages/lib/libarduinobot_messages__rosidl_typesupport_introspection_c.so
-- Up-to-date: /home/atul/arduinobot_ws/install/arduinobot_messages/lib/libarduinobot_messages__rosidl_typesupport_c.so
-- Up-to-date: /home/atul/arduinobot_ws/install/arduinobot_messages/include/arduinobot_messages/arduinobot_messages
-- Up-to-date: /home/atul/arduinobot_ws/install/arduinobot_messages/include/arduinobot_messages/arduinobot_messages/srv
-- Up-to-date: /home/atul/arduinobot_ws/install/arduinobot_messages/include/arduinobot_messages/arduinobot_messages/srv/detail
-- Up-to-date: /home/atul/arduinobot_ws/install/arduinobot_messages/include/arduinobot_messages/arduinobot_messages/srv/detail/add_two_ints__type_support.cpp
-- Up-to-date: /home/atul/arduinobot_ws/install/arduinobot_messages/include/arduinobot_messages/arduinobot_messages/srv/detail/add_two_ints__rosidl_typesupport_introspection_cpp.hpp
-- Up-to-date: /home/atul/arduinobot_ws/install/arduinobot_messages/lib/libarduinobot_messages__rosidl_typesupport_introspection_cpp.so
-- Up-to-date: /home/atul/arduinobot_ws/install/arduinobot_messages/lib/libarduinobot_messages__rosidl_typesupport_cpp.so
-- Up-to-date: /home/atul/arduinobot_ws/install/arduinobot_messages/share/arduinobot_messages/environment/pythonpath.sh
-- Up-to-date: /home/atul/arduinobot_ws/install/arduinobot_messages/share/arduinobot_messages/environment/pythonpath.dsv
-- Up-to-date: /home/atul/arduinobot_ws/install/arduinobot_messages/local/lib/python3.10/dist-packages/arduinobot_messages-0.0.0-py3.10.egg-info
-- Installing: /home/atul/arduinobot_ws/install/arduinobot_messages/local/lib/python3.10/dist-packages/arduinobot_messages-0.0.0-py3.10.egg-info/top_level.txt
-- Installing: /home/atul/arduinobot_ws/install/arduinobot_messages/local/lib/python3.10/dist-packages/arduinobot_messages-0.0.0-py3.10.egg-info/SOURCES.txt
-- Installing: /home/atul/arduinobot_ws/install/arduinobot_messages/local/lib/python3.10/dist-packages/arduinobot_messages-0.0.0-py3.10.egg-info/dependency_links.txt
-- Installing: /home/atul/arduinobot_ws/install/arduinobot_messages/local/lib/python3.10/dist-packages/arduinobot_messages-0.0.0-py3.10.egg-info/PKG-INFO
-- Up-to-date: /home/atul/arduinobot_ws/install/arduinobot_messages/local/lib/python3.10/dist-packages/arduinobot_messages
-- Up-to-date: /home/atul/arduinobot_ws/install/arduinobot_messages/local/lib/python3.10/dist-packages/arduinobot_messages/arduinobot_messages_s__rosidl_typesupport_fastrtps_c.cpython-310-x86_64-linux-gnu.so
-- Up-to-date: /home/atul/arduinobot_ws/install/arduinobot_messages/local/lib/python3.10/dist-packages/arduinobot_messages/arduinobot_messages_s__rosidl_typesupport_c.cpython-310-x86_64-linux-gnu.so
-- Up-to-date: /home/atul/arduinobot_ws/install/arduinobot_messages/local/lib/python3.10/dist-packages/arduinobot_messages/libarduinobot_messages__rosidl_generator_py.so
-- Up-to-date: /home/atul/arduinobot_ws/install/arduinobot_messages/local/lib/python3.10/dist-packages/arduinobot_messages/_arduinobot_messages_s.ep.rosidl_typesupport_introspection_c.c
-- Up-to-date: /home/atul/arduinobot_ws/install/arduinobot_messages/local/lib/python3.10/dist-packages/arduinobot_messages/arduinobot_messages_s__rosidl_typesupport_introspection_c.cpython-310-x86_64-linux-gnu.so
-- Up-to-date: /home/atul/arduinobot_ws/install/arduinobot_messages/local/lib/python3.10/dist-packages/arduinobot_messages/__init__.py
-- Up-to-date: /home/atul/arduinobot_ws/install/arduinobot_messages/local/lib/python3.10/dist-packages/arduinobot_messages/srv
-- Up-to-date: /home/atul/arduinobot_ws/install/arduinobot_messages/local/lib/python3.10/dist-packages/arduinobot_messages/srv/__init__.py
-- Up-to-date: /home/atul/arduinobot_ws/install/arduinobot_messages/local/lib/python3.10/dist-packages/arduinobot_messages/srv/_add_two_ints.py
-- Up-to-date: /home/atul/arduinobot_ws/install/arduinobot_messages/local/lib/python3.10/dist-packages/arduinobot_messages/srv/_add_two_ints_s.c
-- Up-to-date: /home/atul/arduinobot_ws/install/arduinobot_messages/local/lib/python3.10/dist-packages/arduinobot_messages/_arduinobot_messages_s.ep.rosidl_typesupport_c.c
-- Up-to-date: /home/atul/arduinobot_ws/install/arduinobot_messages/local/lib/python3.10/dist-packages/arduinobot_messages/_arduinobot_messages_s.ep.rosidl_typesupport_fastrtps_c.c
Listing '/home/atul/arduinobot_ws/install/arduinobot_messages/local/lib/python3.10/dist-packages/arduinobot_messages'...
Listing '/home/atul/arduinobot_ws/install/arduinobot_messages/local/lib/python3.10/dist-packages/arduinobot_messages/srv'...
-- Up-to-date: /home/atul/arduinobot_ws/install/arduinobot_messages/local/lib/python3.10/dist-packages/arduinobot_messages/arduinobot_messages_s__rosidl_typesupport_fastrtps_c.cpython-310-x86_64-linux-gnu.so
-- Up-to-date: /home/atul/arduinobot_ws/install/arduinobot_messages/local/lib/python3.10/dist-packages/arduinobot_messages/arduinobot_messages_s__rosidl_typesupport_introspection_c.cpython-310-x86_64-linux-gnu.so
-- Up-to-date: /home/atul/arduinobot_ws/install/arduinobot_messages/local/lib/python3.10/dist-packages/arduinobot_messages/arduinobot_messages_s__rosidl_typesupport_c.cpython-310-x86_64-linux-gnu.so
-- Up-to-date: /home/atul/arduinobot_ws/install/arduinobot_messages/lib/libarduinobot_messages__rosidl_generator_py.so
-- Up-to-date: /home/atul/arduinobot_ws/install/arduinobot_messages/share/arduinobot_messages/srv/AddTwoInts.idl
-- Up-to-date: /home/atul/arduinobot_ws/install/arduinobot_messages/share/arduinobot_messages/srv/AddTwoInts.srv
-- Up-to-date: /home/atul/arduinobot_ws/install/arduinobot_messages/share/arduinobot_messages/srv/AddTwoInts_Request.msg
-- Up-to-date: /home/atul/arduinobot_ws/install/arduinobot_messages/share/arduinobot_messages/srv/AddTwoInts_Response.msg
-- Up-to-date: /home/atul/arduinobot_ws/install/arduinobot_messages/share/ament_index/resource_index/package_run_dependencies/arduinobot_messages
-- Up-to-date: /home/atul/arduinobot_ws/install/arduinobot_messages/share/ament_index/resource_index/parent_prefix_path/arduinobot_messages
-- Up-to-date: /home/atul/arduinobot_ws/install/arduinobot_messages/share/arduinobot_messages/environment/ament_prefix_path.sh
-- Up-to-date: /home/atul/arduinobot_ws/install/arduinobot_messages/share/arduinobot_messages/environment/ament_prefix_path.dsv
-- Up-to-date: /home/atul/arduinobot_ws/install/arduinobot_messages/share/arduinobot_messages/environment/path.sh
-- Up-to-date: /home/atul/arduinobot_ws/install/arduinobot_messages/share/arduinobot_messages/environment/path.dsv
-- Up-to-date: /home/atul/arduinobot_ws/install/arduinobot_messages/share/arduinobot_messages/local_setup.bash
-- Up-to-date: /home/atul/arduinobot_ws/install/arduinobot_messages/share/arduinobot_messages/local_setup.sh
-- Up-to-date: /home/atul/arduinobot_ws/install/arduinobot_messages/share/arduinobot_messages/local_setup.zsh
-- Up-to-date: /home/atul/arduinobot_ws/install/arduinobot_messages/share/arduinobot_messages/local_setup.dsv
-- Installing: /home/atul/arduinobot_ws/install/arduinobot_messages/share/arduinobot_messages/package.dsv
-- Up-to-date: /home/atul/arduinobot_ws/install/arduinobot_messages/share/ament_index/resource_index/packages/arduinobot_messages
-- Up-to-date: /home/atul/arduinobot_ws/install/arduinobot_messages/share/arduinobot_messages/cmake/export_arduinobot_messages__rosidl_generator_cExport.cmake
-- Up-to-date: /home/atul/arduinobot_ws/install/arduinobot_messages/share/arduinobot_messages/cmake/export_arduinobot_messages__rosidl_generator_cExport-noconfig.cmake
-- Up-to-date: /home/atul/arduinobot_ws/install/arduinobot_messages/share/arduinobot_messages/cmake/export_arduinobot_messages__rosidl_typesupport_fastrtps_cExport.cmake
-- Up-to-date: /home/atul/arduinobot_ws/install/arduinobot_messages/share/arduinobot_messages/cmake/export_arduinobot_messages__rosidl_typesupport_fastrtps_cExport-noconfig.cmake
-- Up-to-date: /home/atul/arduinobot_ws/install/arduinobot_messages/share/arduinobot_messages/cmake/export_arduinobot_messages__rosidl_generator_cppExport.cmake
-- Up-to-date: /home/atul/arduinobot_ws/install/arduinobot_messages/share/arduinobot_messages/cmake/export_arduinobot_messages__rosidl_typesupport_fastrtps_cppExport.cmake
-- Up-to-date: /home/atul/arduinobot_ws/install/arduinobot_messages/share/arduinobot_messages/cmake/export_arduinobot_messages__rosidl_typesupport_fastrtps_cppExport-noconfig.cmake
-- Up-to-date: /home/atul/arduinobot_ws/install/arduinobot_messages/share/arduinobot_messages/cmake/arduinobot_messages__rosidl_typesupport_introspection_cExport.cmake
-- Up-to-date: /home/atul/arduinobot_ws/install/arduinobot_messages/share/arduinobot_messages/cmake/arduinobot_messages__rosidl_typesupport_introspection_cExport-noconfig.cmake
-- Up-to-date: /home/atul/arduinobot_ws/install/arduinobot_messages/share/arduinobot_messages/cmake/arduinobot_messages__rosidl_typesupport_cExport.cmake
-- Up-to-date: /home/atul/arduinobot_ws/install/arduinobot_messages/share/arduinobot_messages/cmake/arduinobot_messages__rosidl_typesupport_cExport-noconfig.cmake
-- Up-to-date: /home/atul/arduinobot_ws/install/arduinobot_messages/share/arduinobot_messages/cmake/arduinobot_messages__rosidl_typesupport_introspection_cppExport.cmake
-- Up-to-date: /home/atul/arduinobot_ws/install/arduinobot_messages/share/arduinobot_messages/cmake/arduinobot_messages__rosidl_typesupport_introspection_cppExport-noconfig.cmake
-- Up-to-date: /home/atul/arduinobot_ws/install/arduinobot_messages/share/arduinobot_messages/cmake/arduinobot_messages__rosidl_typesupport_cppExport.cmake
-- Up-to-date: /home/atul/arduinobot_ws/install/arduinobot_messages/share/arduinobot_messages/cmake/arduinobot_messages__rosidl_typesupport_cppExport-noconfig.cmake
-- Up-to-date: /home/atul/arduinobot_ws/install/arduinobot_messages/share/arduinobot_messages/cmake/export_arduinobot_messages__rosidl_generator_pyExport.cmake
-- Up-to-date: /home/atul/arduinobot_ws/install/arduinobot_messages/share/arduinobot_messages/cmake/export_arduinobot_messages__rosidl_generator_pyExport-noconfig.cmake
-- Up-to-date: /home/atul/arduinobot_ws/install/arduinobot_messages/share/arduinobot_messages/cmake/rosidl_cmake-extras.cmake
-- Up-to-date: /home/atul/arduinobot_ws/install/arduinobot_messages/share/arduinobot_messages/cmake/ament_cmake_export_include_directories-extras.cmake
-- Up-to-date: /home/atul/arduinobot_ws/install/arduinobot_messages/share/arduinobot_messages/cmake/ament_cmake_export_libraries-extras.cmake
-- Up-to-date: /home/atul/arduinobot_ws/install/arduinobot_messages/share/arduinobot_messages/cmake/ament_cmake_export_targets-extras.cmake
-- Up-to-date: /home/atul/arduinobot_ws/install/arduinobot_messages/share/arduinobot_messages/cmake/rosidl_cmake_export_typesupport_targets-extras.cmake
-- Up-to-date: /home/atul/arduinobot_ws/install/arduinobot_messages/share/arduinobot_messages/cmake/ament_cmake_export_dependencies-extras.cmake
-- Up-to-date: /home/atul/arduinobot_ws/install/arduinobot_messages/share/arduinobot_messages/cmake/rosidl_cmake_export_typesupport_libraries-extras.cmake
-- Up-to-date: /home/atul/arduinobot_ws/install/arduinobot_messages/share/arduinobot_messages/cmake/arduinobot_messagesConfig.cmake
-- Up-to-date: /home/atul/arduinobot_ws/install/arduinobot_messages/share/arduinobot_messages/cmake/arduinobot_messagesConfig-version.cmake
-- Up-to-date: /home/atul/arduinobot_ws/install/arduinobot_messages/share/arduinobot_messages/package.xml
