[0.101s] Invoking command in '/home/atul/arduinobot_ws/build/arduinobot_messages': CMAKE_PREFIX_PATH=${CMAKE_PREFIX_PATH}:/home/atul/arduinobot_ws/install/arduinobot_py_examples:/opt/ros/humble WSLENV=ELECTRON_RUN_AS_NODE/w: /usr/bin/cmake --build /home/atul/arduinobot_ws/build/arduinobot_messages -- -j12 -l12
[0.208s] [  3%] Built target arduinobot_messages__cpp
[0.212s] [ 12%] Built target arduinobot_messages__rosidl_generator_c
[0.247s] [ 12%] Built target ament_cmake_python_copy_arduinobot_messages
[0.260s] [ 22%] Built target arduinobot_messages__rosidl_typesupport_fastrtps_c
[0.263s] [ 32%] Built target arduinobot_messages__rosidl_typesupport_introspection_cpp
[0.266s] [ 45%] Built target arduinobot_messages__rosidl_typesupport_fastrtps_cpp
[0.267s] [ 51%] Built target arduinobot_messages__rosidl_typesupport_introspection_c
[0.268s] [ 70%] Built target arduinobot_messages__rosidl_typesupport_cpp
[0.269s] [ 61%] Built target arduinobot_messages__rosidl_typesupport_c
[0.293s] [ 70%] Built target arduinobot_messages
[0.320s] [ 74%] Built target arduinobot_messages__py
[0.350s] [ 80%] Built target arduinobot_messages__rosidl_generator_py
[0.380s] [ 87%] Built target arduinobot_messages__rosidl_typesupport_fastrtps_c__pyext
[0.380s] [ 93%] Built target arduinobot_messages__rosidl_typesupport_introspection_c__pyext
[0.386s] [100%] Built target arduinobot_messages__rosidl_typesupport_c__pyext
[0.615s] running egg_info
[0.615s] writing arduinobot_messages.egg-info/PKG-INFO
[0.615s] writing dependency_links to arduinobot_messages.egg-info/dependency_links.txt
[0.616s] writing top-level names to arduinobot_messages.egg-info/top_level.txt
[0.619s] reading manifest file 'arduinobot_messages.egg-info/SOURCES.txt'
[0.621s] writing manifest file 'arduinobot_messages.egg-info/SOURCES.txt'
[0.666s] [100%] Built target ament_cmake_python_build_arduinobot_messages_egg
[0.681s] Invoked command in '/home/atul/arduinobot_ws/build/arduinobot_messages' returned '0': CMAKE_PREFIX_PATH=${CMAKE_PREFIX_PATH}:/home/atul/arduinobot_ws/install/arduinobot_py_examples:/opt/ros/humble WSLENV=ELECTRON_RUN_AS_NODE/w: /usr/bin/cmake --build /home/atul/arduinobot_ws/build/arduinobot_messages -- -j12 -l12
[0.761s] Invoking command in '/home/atul/arduinobot_ws/build/arduinobot_messages': CMAKE_PREFIX_PATH=${CMAKE_PREFIX_PATH}:/home/atul/arduinobot_ws/install/arduinobot_py_examples:/opt/ros/humble WSLENV=ELECTRON_RUN_AS_NODE/w: /usr/bin/cmake --install /home/atul/arduinobot_ws/build/arduinobot_messages
[0.771s] -- Install configuration: ""
[0.772s] -- Up-to-date: /home/atul/arduinobot_ws/install/arduinobot_messages/share/ament_index/resource_index/rosidl_interfaces/arduinobot_messages
[0.772s] -- Up-to-date: /home/atul/arduinobot_ws/install/arduinobot_messages/include/arduinobot_messages/arduinobot_messages
[0.772s] -- Up-to-date: /home/atul/arduinobot_ws/install/arduinobot_messages/include/arduinobot_messages/arduinobot_messages/msg
[0.772s] -- Up-to-date: /home/atul/arduinobot_ws/install/arduinobot_messages/include/arduinobot_messages/arduinobot_messages/msg/rosidl_generator_c__visibility_control.h
[0.772s] -- Up-to-date: /home/atul/arduinobot_ws/install/arduinobot_messages/include/arduinobot_messages/arduinobot_messages/srv
[0.773s] -- Up-to-date: /home/atul/arduinobot_ws/install/arduinobot_messages/include/arduinobot_messages/arduinobot_messages/srv/detail
[0.773s] -- Up-to-date: /home/atul/arduinobot_ws/install/arduinobot_messages/include/arduinobot_messages/arduinobot_messages/srv/detail/add_two_ints__struct.h
[0.773s] -- Up-to-date: /home/atul/arduinobot_ws/install/arduinobot_messages/include/arduinobot_messages/arduinobot_messages/srv/detail/add_two_ints__functions.h
[0.773s] -- Up-to-date: /home/atul/arduinobot_ws/install/arduinobot_messages/include/arduinobot_messages/arduinobot_messages/srv/detail/add_two_ints__functions.c
[0.773s] -- Up-to-date: /home/atul/arduinobot_ws/install/arduinobot_messages/include/arduinobot_messages/arduinobot_messages/srv/detail/add_two_ints__type_support.h
[0.773s] -- Up-to-date: /home/atul/arduinobot_ws/install/arduinobot_messages/include/arduinobot_messages/arduinobot_messages/srv/add_two_ints.h
[0.773s] -- Up-to-date: /home/atul/arduinobot_ws/install/arduinobot_messages/share/arduinobot_messages/environment/library_path.sh
[0.773s] -- Up-to-date: /home/atul/arduinobot_ws/install/arduinobot_messages/share/arduinobot_messages/environment/library_path.dsv
[0.774s] -- Up-to-date: /home/atul/arduinobot_ws/install/arduinobot_messages/lib/libarduinobot_messages__rosidl_generator_c.so
[0.779s] -- Up-to-date: /home/atul/arduinobot_ws/install/arduinobot_messages/include/arduinobot_messages/arduinobot_messages
[0.779s] -- Up-to-date: /home/atul/arduinobot_ws/install/arduinobot_messages/include/arduinobot_messages/arduinobot_messages/msg
[0.779s] -- Up-to-date: /home/atul/arduinobot_ws/install/arduinobot_messages/include/arduinobot_messages/arduinobot_messages/msg/rosidl_typesupport_fastrtps_c__visibility_control.h
[0.779s] -- Up-to-date: /home/atul/arduinobot_ws/install/arduinobot_messages/include/arduinobot_messages/arduinobot_messages/srv
[0.786s] -- Up-to-date: /home/atul/arduinobot_ws/install/arduinobot_messages/include/arduinobot_messages/arduinobot_messages/srv/detail
[0.787s] -- Up-to-date: /home/atul/arduinobot_ws/install/arduinobot_messages/include/arduinobot_messages/arduinobot_messages/srv/detail/add_two_ints__rosidl_typesupport_fastrtps_c.h
[0.789s] -- Up-to-date: /home/atul/arduinobot_ws/install/arduinobot_messages/lib/libarduinobot_messages__rosidl_typesupport_fastrtps_c.so
[0.790s] -- Up-to-date: /home/atul/arduinobot_ws/install/arduinobot_messages/include/arduinobot_messages/arduinobot_messages
[0.791s] -- Up-to-date: /home/atul/arduinobot_ws/install/arduinobot_messages/include/arduinobot_messages/arduinobot_messages/srv
[0.793s] -- Up-to-date: /home/atul/arduinobot_ws/install/arduinobot_messages/include/arduinobot_messages/arduinobot_messages/srv/detail
[0.794s] -- Up-to-date: /home/atul/arduinobot_ws/install/arduinobot_messages/include/arduinobot_messages/arduinobot_messages/srv/detail/add_two_ints__traits.hpp
[0.794s] -- Up-to-date: /home/atul/arduinobot_ws/install/arduinobot_messages/include/arduinobot_messages/arduinobot_messages/srv/detail/add_two_ints__builder.hpp
[0.794s] -- Up-to-date: /home/atul/arduinobot_ws/install/arduinobot_messages/include/arduinobot_messages/arduinobot_messages/srv/detail/add_two_ints__struct.hpp
[0.794s] -- Up-to-date: /home/atul/arduinobot_ws/install/arduinobot_messages/include/arduinobot_messages/arduinobot_messages/srv/add_two_ints.hpp
[0.795s] -- Up-to-date: /home/atul/arduinobot_ws/install/arduinobot_messages/include/arduinobot_messages/arduinobot_messages
[0.795s] -- Up-to-date: /home/atul/arduinobot_ws/install/arduinobot_messages/include/arduinobot_messages/arduinobot_messages/msg
[0.795s] -- Up-to-date: /home/atul/arduinobot_ws/install/arduinobot_messages/include/arduinobot_messages/arduinobot_messages/msg/rosidl_typesupport_fastrtps_cpp__visibility_control.h
[0.795s] -- Up-to-date: /home/atul/arduinobot_ws/install/arduinobot_messages/include/arduinobot_messages/arduinobot_messages/srv
[0.795s] -- Up-to-date: /home/atul/arduinobot_ws/install/arduinobot_messages/include/arduinobot_messages/arduinobot_messages/srv/detail
[0.796s] -- Up-to-date: /home/atul/arduinobot_ws/install/arduinobot_messages/include/arduinobot_messages/arduinobot_messages/srv/detail/add_two_ints__rosidl_typesupport_fastrtps_cpp.hpp
[0.796s] -- Up-to-date: /home/atul/arduinobot_ws/install/arduinobot_messages/include/arduinobot_messages/arduinobot_messages/srv/detail/dds_fastrtps
[0.797s] -- Up-to-date: /home/atul/arduinobot_ws/install/arduinobot_messages/lib/libarduinobot_messages__rosidl_typesupport_fastrtps_cpp.so
[0.797s] -- Up-to-date: /home/atul/arduinobot_ws/install/arduinobot_messages/include/arduinobot_messages/arduinobot_messages
[0.797s] -- Up-to-date: /home/atul/arduinobot_ws/install/arduinobot_messages/include/arduinobot_messages/arduinobot_messages/msg
[0.797s] -- Up-to-date: /home/atul/arduinobot_ws/install/arduinobot_messages/include/arduinobot_messages/arduinobot_messages/msg/rosidl_typesupport_introspection_c__visibility_control.h
[0.798s] -- Up-to-date: /home/atul/arduinobot_ws/install/arduinobot_messages/include/arduinobot_messages/arduinobot_messages/srv
[0.798s] -- Up-to-date: /home/atul/arduinobot_ws/install/arduinobot_messages/include/arduinobot_messages/arduinobot_messages/srv/detail
[0.798s] -- Up-to-date: /home/atul/arduinobot_ws/install/arduinobot_messages/include/arduinobot_messages/arduinobot_messages/srv/detail/add_two_ints__rosidl_typesupport_introspection_c.h
[0.798s] -- Up-to-date: /home/atul/arduinobot_ws/install/arduinobot_messages/include/arduinobot_messages/arduinobot_messages/srv/detail/add_two_ints__type_support.c
[0.800s] -- Up-to-date: /home/atul/arduinobot_ws/install/arduinobot_messages/lib/libarduinobot_messages__rosidl_typesupport_introspection_c.so
[0.800s] -- Up-to-date: /home/atul/arduinobot_ws/install/arduinobot_messages/lib/libarduinobot_messages__rosidl_typesupport_c.so
[0.800s] -- Up-to-date: /home/atul/arduinobot_ws/install/arduinobot_messages/include/arduinobot_messages/arduinobot_messages
[0.800s] -- Up-to-date: /home/atul/arduinobot_ws/install/arduinobot_messages/include/arduinobot_messages/arduinobot_messages/srv
[0.800s] -- Up-to-date: /home/atul/arduinobot_ws/install/arduinobot_messages/include/arduinobot_messages/arduinobot_messages/srv/detail
[0.800s] -- Up-to-date: /home/atul/arduinobot_ws/install/arduinobot_messages/include/arduinobot_messages/arduinobot_messages/srv/detail/add_two_ints__type_support.cpp
[0.800s] -- Up-to-date: /home/atul/arduinobot_ws/install/arduinobot_messages/include/arduinobot_messages/arduinobot_messages/srv/detail/add_two_ints__rosidl_typesupport_introspection_cpp.hpp
[0.801s] -- Up-to-date: /home/atul/arduinobot_ws/install/arduinobot_messages/lib/libarduinobot_messages__rosidl_typesupport_introspection_cpp.so
[0.802s] -- Up-to-date: /home/atul/arduinobot_ws/install/arduinobot_messages/lib/libarduinobot_messages__rosidl_typesupport_cpp.so
[0.803s] -- Up-to-date: /home/atul/arduinobot_ws/install/arduinobot_messages/share/arduinobot_messages/environment/pythonpath.sh
[0.803s] -- Up-to-date: /home/atul/arduinobot_ws/install/arduinobot_messages/share/arduinobot_messages/environment/pythonpath.dsv
[0.803s] -- Up-to-date: /home/atul/arduinobot_ws/install/arduinobot_messages/local/lib/python3.10/dist-packages/arduinobot_messages-0.0.0-py3.10.egg-info
[0.803s] -- Installing: /home/atul/arduinobot_ws/install/arduinobot_messages/local/lib/python3.10/dist-packages/arduinobot_messages-0.0.0-py3.10.egg-info/top_level.txt
[0.803s] -- Installing: /home/atul/arduinobot_ws/install/arduinobot_messages/local/lib/python3.10/dist-packages/arduinobot_messages-0.0.0-py3.10.egg-info/SOURCES.txt
[0.804s] -- Installing: /home/atul/arduinobot_ws/install/arduinobot_messages/local/lib/python3.10/dist-packages/arduinobot_messages-0.0.0-py3.10.egg-info/dependency_links.txt
[0.806s] -- Installing: /home/atul/arduinobot_ws/install/arduinobot_messages/local/lib/python3.10/dist-packages/arduinobot_messages-0.0.0-py3.10.egg-info/PKG-INFO
[0.806s] -- Up-to-date: /home/atul/arduinobot_ws/install/arduinobot_messages/local/lib/python3.10/dist-packages/arduinobot_messages
[0.807s] -- Up-to-date: /home/atul/arduinobot_ws/install/arduinobot_messages/local/lib/python3.10/dist-packages/arduinobot_messages/arduinobot_messages_s__rosidl_typesupport_fastrtps_c.cpython-310-x86_64-linux-gnu.so
[0.808s] -- Up-to-date: /home/atul/arduinobot_ws/install/arduinobot_messages/local/lib/python3.10/dist-packages/arduinobot_messages/arduinobot_messages_s__rosidl_typesupport_c.cpython-310-x86_64-linux-gnu.so
[0.812s] -- Up-to-date: /home/atul/arduinobot_ws/install/arduinobot_messages/local/lib/python3.10/dist-packages/arduinobot_messages/libarduinobot_messages__rosidl_generator_py.so
[0.813s] -- Up-to-date: /home/atul/arduinobot_ws/install/arduinobot_messages/local/lib/python3.10/dist-packages/arduinobot_messages/_arduinobot_messages_s.ep.rosidl_typesupport_introspection_c.c
[0.813s] -- Up-to-date: /home/atul/arduinobot_ws/install/arduinobot_messages/local/lib/python3.10/dist-packages/arduinobot_messages/arduinobot_messages_s__rosidl_typesupport_introspection_c.cpython-310-x86_64-linux-gnu.so
[0.814s] -- Up-to-date: /home/atul/arduinobot_ws/install/arduinobot_messages/local/lib/python3.10/dist-packages/arduinobot_messages/__init__.py
[0.814s] -- Up-to-date: /home/atul/arduinobot_ws/install/arduinobot_messages/local/lib/python3.10/dist-packages/arduinobot_messages/srv
[0.815s] -- Up-to-date: /home/atul/arduinobot_ws/install/arduinobot_messages/local/lib/python3.10/dist-packages/arduinobot_messages/srv/__init__.py
[0.815s] -- Up-to-date: /home/atul/arduinobot_ws/install/arduinobot_messages/local/lib/python3.10/dist-packages/arduinobot_messages/srv/_add_two_ints.py
[0.815s] -- Up-to-date: /home/atul/arduinobot_ws/install/arduinobot_messages/local/lib/python3.10/dist-packages/arduinobot_messages/srv/_add_two_ints_s.c
[0.815s] -- Up-to-date: /home/atul/arduinobot_ws/install/arduinobot_messages/local/lib/python3.10/dist-packages/arduinobot_messages/_arduinobot_messages_s.ep.rosidl_typesupport_c.c
[0.817s] -- Up-to-date: /home/atul/arduinobot_ws/install/arduinobot_messages/local/lib/python3.10/dist-packages/arduinobot_messages/_arduinobot_messages_s.ep.rosidl_typesupport_fastrtps_c.c
[0.847s] Listing '/home/atul/arduinobot_ws/install/arduinobot_messages/local/lib/python3.10/dist-packages/arduinobot_messages'...
[0.848s] Listing '/home/atul/arduinobot_ws/install/arduinobot_messages/local/lib/python3.10/dist-packages/arduinobot_messages/srv'...
[0.857s] -- Up-to-date: /home/atul/arduinobot_ws/install/arduinobot_messages/local/lib/python3.10/dist-packages/arduinobot_messages/arduinobot_messages_s__rosidl_typesupport_fastrtps_c.cpython-310-x86_64-linux-gnu.so
[0.858s] -- Up-to-date: /home/atul/arduinobot_ws/install/arduinobot_messages/local/lib/python3.10/dist-packages/arduinobot_messages/arduinobot_messages_s__rosidl_typesupport_introspection_c.cpython-310-x86_64-linux-gnu.so
[0.860s] -- Up-to-date: /home/atul/arduinobot_ws/install/arduinobot_messages/local/lib/python3.10/dist-packages/arduinobot_messages/arduinobot_messages_s__rosidl_typesupport_c.cpython-310-x86_64-linux-gnu.so
[0.865s] -- Up-to-date: /home/atul/arduinobot_ws/install/arduinobot_messages/lib/libarduinobot_messages__rosidl_generator_py.so
[0.867s] -- Up-to-date: /home/atul/arduinobot_ws/install/arduinobot_messages/share/arduinobot_messages/srv/AddTwoInts.idl
[0.868s] -- Up-to-date: /home/atul/arduinobot_ws/install/arduinobot_messages/share/arduinobot_messages/srv/AddTwoInts.srv
[0.868s] -- Up-to-date: /home/atul/arduinobot_ws/install/arduinobot_messages/share/arduinobot_messages/srv/AddTwoInts_Request.msg
[0.868s] -- Up-to-date: /home/atul/arduinobot_ws/install/arduinobot_messages/share/arduinobot_messages/srv/AddTwoInts_Response.msg
[0.869s] -- Up-to-date: /home/atul/arduinobot_ws/install/arduinobot_messages/share/ament_index/resource_index/package_run_dependencies/arduinobot_messages
[0.869s] -- Up-to-date: /home/atul/arduinobot_ws/install/arduinobot_messages/share/ament_index/resource_index/parent_prefix_path/arduinobot_messages
[0.869s] -- Up-to-date: /home/atul/arduinobot_ws/install/arduinobot_messages/share/arduinobot_messages/environment/ament_prefix_path.sh
[0.870s] -- Up-to-date: /home/atul/arduinobot_ws/install/arduinobot_messages/share/arduinobot_messages/environment/ament_prefix_path.dsv
[0.870s] -- Up-to-date: /home/atul/arduinobot_ws/install/arduinobot_messages/share/arduinobot_messages/environment/path.sh
[0.871s] -- Up-to-date: /home/atul/arduinobot_ws/install/arduinobot_messages/share/arduinobot_messages/environment/path.dsv
[0.871s] -- Up-to-date: /home/atul/arduinobot_ws/install/arduinobot_messages/share/arduinobot_messages/local_setup.bash
[0.872s] -- Up-to-date: /home/atul/arduinobot_ws/install/arduinobot_messages/share/arduinobot_messages/local_setup.sh
[0.872s] -- Up-to-date: /home/atul/arduinobot_ws/install/arduinobot_messages/share/arduinobot_messages/local_setup.zsh
[0.873s] -- Up-to-date: /home/atul/arduinobot_ws/install/arduinobot_messages/share/arduinobot_messages/local_setup.dsv
[0.874s] -- Installing: /home/atul/arduinobot_ws/install/arduinobot_messages/share/arduinobot_messages/package.dsv
[0.874s] -- Up-to-date: /home/atul/arduinobot_ws/install/arduinobot_messages/share/ament_index/resource_index/packages/arduinobot_messages
[0.874s] -- Up-to-date: /home/atul/arduinobot_ws/install/arduinobot_messages/share/arduinobot_messages/cmake/export_arduinobot_messages__rosidl_generator_cExport.cmake
[0.874s] -- Up-to-date: /home/atul/arduinobot_ws/install/arduinobot_messages/share/arduinobot_messages/cmake/export_arduinobot_messages__rosidl_generator_cExport-noconfig.cmake
[0.874s] -- Up-to-date: /home/atul/arduinobot_ws/install/arduinobot_messages/share/arduinobot_messages/cmake/export_arduinobot_messages__rosidl_typesupport_fastrtps_cExport.cmake
[0.875s] -- Up-to-date: /home/atul/arduinobot_ws/install/arduinobot_messages/share/arduinobot_messages/cmake/export_arduinobot_messages__rosidl_typesupport_fastrtps_cExport-noconfig.cmake
[0.875s] -- Up-to-date: /home/atul/arduinobot_ws/install/arduinobot_messages/share/arduinobot_messages/cmake/export_arduinobot_messages__rosidl_generator_cppExport.cmake
[0.875s] -- Up-to-date: /home/atul/arduinobot_ws/install/arduinobot_messages/share/arduinobot_messages/cmake/export_arduinobot_messages__rosidl_typesupport_fastrtps_cppExport.cmake
[0.875s] -- Up-to-date: /home/atul/arduinobot_ws/install/arduinobot_messages/share/arduinobot_messages/cmake/export_arduinobot_messages__rosidl_typesupport_fastrtps_cppExport-noconfig.cmake
[0.875s] -- Up-to-date: /home/atul/arduinobot_ws/install/arduinobot_messages/share/arduinobot_messages/cmake/arduinobot_messages__rosidl_typesupport_introspection_cExport.cmake
[0.875s] -- Up-to-date: /home/atul/arduinobot_ws/install/arduinobot_messages/share/arduinobot_messages/cmake/arduinobot_messages__rosidl_typesupport_introspection_cExport-noconfig.cmake
[0.876s] -- Up-to-date: /home/atul/arduinobot_ws/install/arduinobot_messages/share/arduinobot_messages/cmake/arduinobot_messages__rosidl_typesupport_cExport.cmake
[0.877s] -- Up-to-date: /home/atul/arduinobot_ws/install/arduinobot_messages/share/arduinobot_messages/cmake/arduinobot_messages__rosidl_typesupport_cExport-noconfig.cmake
[0.877s] -- Up-to-date: /home/atul/arduinobot_ws/install/arduinobot_messages/share/arduinobot_messages/cmake/arduinobot_messages__rosidl_typesupport_introspection_cppExport.cmake
[0.877s] -- Up-to-date: /home/atul/arduinobot_ws/install/arduinobot_messages/share/arduinobot_messages/cmake/arduinobot_messages__rosidl_typesupport_introspection_cppExport-noconfig.cmake
[0.877s] -- Up-to-date: /home/atul/arduinobot_ws/install/arduinobot_messages/share/arduinobot_messages/cmake/arduinobot_messages__rosidl_typesupport_cppExport.cmake
[0.877s] -- Up-to-date: /home/atul/arduinobot_ws/install/arduinobot_messages/share/arduinobot_messages/cmake/arduinobot_messages__rosidl_typesupport_cppExport-noconfig.cmake
[0.878s] -- Up-to-date: /home/atul/arduinobot_ws/install/arduinobot_messages/share/arduinobot_messages/cmake/export_arduinobot_messages__rosidl_generator_pyExport.cmake
[0.878s] -- Up-to-date: /home/atul/arduinobot_ws/install/arduinobot_messages/share/arduinobot_messages/cmake/export_arduinobot_messages__rosidl_generator_pyExport-noconfig.cmake
[0.878s] -- Up-to-date: /home/atul/arduinobot_ws/install/arduinobot_messages/share/arduinobot_messages/cmake/rosidl_cmake-extras.cmake
[0.878s] -- Up-to-date: /home/atul/arduinobot_ws/install/arduinobot_messages/share/arduinobot_messages/cmake/ament_cmake_export_include_directories-extras.cmake
[0.879s] -- Up-to-date: /home/atul/arduinobot_ws/install/arduinobot_messages/share/arduinobot_messages/cmake/ament_cmake_export_libraries-extras.cmake
[0.879s] -- Up-to-date: /home/atul/arduinobot_ws/install/arduinobot_messages/share/arduinobot_messages/cmake/ament_cmake_export_targets-extras.cmake
[0.879s] -- Up-to-date: /home/atul/arduinobot_ws/install/arduinobot_messages/share/arduinobot_messages/cmake/rosidl_cmake_export_typesupport_targets-extras.cmake
[0.879s] -- Up-to-date: /home/atul/arduinobot_ws/install/arduinobot_messages/share/arduinobot_messages/cmake/ament_cmake_export_dependencies-extras.cmake
[0.879s] -- Up-to-date: /home/atul/arduinobot_ws/install/arduinobot_messages/share/arduinobot_messages/cmake/rosidl_cmake_export_typesupport_libraries-extras.cmake
[0.879s] -- Up-to-date: /home/atul/arduinobot_ws/install/arduinobot_messages/share/arduinobot_messages/cmake/arduinobot_messagesConfig.cmake
[0.880s] -- Up-to-date: /home/atul/arduinobot_ws/install/arduinobot_messages/share/arduinobot_messages/cmake/arduinobot_messagesConfig-version.cmake
[0.880s] -- Up-to-date: /home/atul/arduinobot_ws/install/arduinobot_messages/share/arduinobot_messages/package.xml
[0.891s] Invoked command in '/home/atul/arduinobot_ws/build/arduinobot_messages' returned '0': CMAKE_PREFIX_PATH=${CMAKE_PREFIX_PATH}:/home/atul/arduinobot_ws/install/arduinobot_py_examples:/opt/ros/humble WSLENV=ELECTRON_RUN_AS_NODE/w: /usr/bin/cmake --install /home/atul/arduinobot_ws/build/arduinobot_messages
